2025-08-25 17:13:14,179 - INFO - ================================================================================
2025-08-25 17:13:14,191 - INFO - Google Play Store 리뷰 섹션 선택자 분석 시작
2025-08-25 17:13:14,210 - INFO - ================================================================================
2025-08-25 17:13:20,345 - INFO - ================================================================================
2025-08-25 17:13:20,359 - INFO - Google Play Store 리뷰 섹션 선택자 분석 시작
2025-08-25 17:13:20,361 - INFO - ================================================================================
2025-08-25 17:13:32,634 - INFO - Firefox WebDriver 초기화 성공
2025-08-25 17:13:32,690 - INFO - 페이지 로딩: https://play.google.com/store/apps/details?id=com.neowiz.games.newmatgo&hl=ko
2025-08-25 17:13:50,956 - INFO - 한국어 설정 적용
2025-08-25 17:13:50,970 - INFO - ================================================================================
2025-08-25 17:13:50,970 - INFO - 리뷰 섹션 선택자 분석 시작
2025-08-25 17:13:50,970 - INFO - ================================================================================
2025-08-25 17:13:50,971 - INFO - 
1. '전화' 탭 요소 분석:
2025-08-25 17:13:50,980 - INFO -   XPath 선택자 1: //span[contains(text(), '전화')]
2025-08-25 17:13:50,985 - INFO -     - 태그: span
2025-08-25 17:13:51,002 - INFO -     - 클래스: ypTNYd
2025-08-25 17:13:51,013 - INFO -     - jsname: ODzDMd
2025-08-25 17:13:51,029 - INFO -     - 텍스트: 전화
2025-08-25 17:13:51,042 - INFO -     - 위치: x=344, y=1964
2025-08-25 17:13:51,056 - INFO -     - 크기: w=28.5, h=18.0
2025-08-25 17:13:51,372 - INFO -     - 고유 XPath: /html/body/c-wiz[2]/div/div/div[1]/div/div[2]/div/div[1]/div[1]/c-wiz[5]/section/div/div[1]/div/div/div/div[1]/div/div[2]/span[2]
2025-08-25 17:13:51,378 - INFO - 
2025-08-25 17:13:51,379 - INFO - 
2. '평점 및 리뷰' 제목 요소 분석:
2025-08-25 17:13:51,381 - INFO -   XPath 선택자 1: //h2[contains(text(), '평점 및 리뷰')]
2025-08-25 17:13:51,393 - INFO -     - 태그: h2
2025-08-25 17:13:51,403 - INFO -     - 클래스: XfZNbf
2025-08-25 17:13:51,427 - INFO -     - 텍스트: 평점 및 리뷰
2025-08-25 17:13:51,457 - INFO -     - 위치: x=304, y=1900
2025-08-25 17:13:51,473 - INFO -     - 크기: w=120.26666259765624, h=28.0
2025-08-25 17:13:51,656 - INFO -     - 고유 XPath: /html/body/c-wiz[2]/div/div/div[1]/div/div[2]/div/div[1]/div[1]/c-wiz[5]/section/header/div/div[1]/h2
2025-08-25 17:13:51,676 - INFO - 
2025-08-25 17:13:51,676 - INFO - 
3. 리뷰 컨테이너 요소 분석:
2025-08-25 17:13:51,680 - INFO -   XPath 선택자 1: //div[contains(@class, 'Jwxk6d')]
2025-08-25 17:13:51,684 - INFO -     - 태그: div
2025-08-25 17:13:51,709 - INFO -     - 클래스: Jwxk6d
2025-08-25 17:13:51,724 - INFO -     - 위치: x=304, y=2007
2025-08-25 17:13:51,728 - INFO -     - 크기: w=860.0, h=1421.5
2025-08-25 17:13:51,878 - INFO -     - 고유 XPath: /html/body/c-wiz[2]/div/div/div[1]/div/div[2]/div/div[1]/div[1]/c-wiz[5]/section/div/div[2]
2025-08-25 17:13:51,892 - INFO - 
2025-08-25 17:13:51,899 - INFO - 
4. '리뷰 모두 보기' 버튼 요소 분석:
2025-08-25 17:13:51,910 - INFO -   XPath 선택자 1: //span[contains(text(), '리뷰 모두 보기')]
2025-08-25 17:13:51,933 - INFO -     - 태그: span
2025-08-25 17:13:51,946 - INFO -     - 클래스: VfPpkd-vQzf8d
2025-08-25 17:13:51,957 - INFO -     - 텍스트: 리뷰 모두 보기
2025-08-25 17:13:51,966 - INFO -     - 위치: x=312, y=3392
2025-08-25 17:13:51,976 - INFO -     - 크기: w=91.73333740234376, h=20.0
2025-08-25 17:13:52,181 - INFO -     - 고유 XPath: /html/body/c-wiz[2]/div/div/div[1]/div/div[2]/div/div[1]/div[1]/c-wiz[5]/section/div/div[2]/div[5]/div/div/button/span
2025-08-25 17:13:52,182 - INFO - 
2025-08-25 17:13:52,189 - INFO - 
5. 개별 리뷰 요소 분석:
2025-08-25 17:13:52,194 - INFO -   data-review-id 속성을 가진 리뷰 요소 6개 발견
2025-08-25 17:13:52,198 - INFO -     리뷰 1:
2025-08-25 17:13:52,207 - INFO -       - data-review-id: ab64484f-d125-4d93-a908-fb890bab8b9b
2025-08-25 17:13:52,218 - INFO -       - 클래스: c1bOId
2025-08-25 17:13:52,228 - INFO -       - 위치: x=304, y=2188
2025-08-25 17:13:52,232 - INFO -       - 크기: w=860.0, h=84.0
2025-08-25 17:13:52,408 - INFO -       - 고유 XPath: /html/body/c-wiz[2]/div/div/div[1]/div/div[2]/div/div[1]/div[1]/c-wiz[5]/section/div/div[2]/div[2]/header
2025-08-25 17:13:52,414 - INFO - 
2025-08-25 17:13:52,426 - INFO -     리뷰 2:
2025-08-25 17:13:52,435 - INFO -       - data-review-id: ab64484f-d125-4d93-a908-fb890bab8b9b
2025-08-25 17:13:52,462 - INFO -       - 클래스: 
2025-08-25 17:13:52,478 - INFO -       - 위치: x=304, y=2376
2025-08-25 17:13:52,492 - INFO -       - 크기: w=860.0, h=52.0
2025-08-25 17:13:52,714 - INFO -       - 고유 XPath: /html/body/c-wiz[2]/div/div/div[1]/div/div[2]/div/div[1]/div[1]/c-wiz[5]/section/div/div[2]/div[2]/div[2]
2025-08-25 17:13:52,716 - INFO - 
2025-08-25 17:13:52,719 - INFO -     리뷰 3:
2025-08-25 17:13:52,727 - INFO -       - data-review-id: b9e4cee7-e3e5-4a0e-9b80-55dd5e58d3d9
2025-08-25 17:13:52,735 - INFO -       - 클래스: c1bOId
2025-08-25 17:13:52,744 - INFO -       - 위치: x=304, y=2476
2025-08-25 17:13:52,750 - INFO -       - 크기: w=860.0, h=84.0
2025-08-25 17:13:52,940 - INFO -       - 고유 XPath: /html/body/c-wiz[2]/div/div/div[1]/div/div[2]/div/div[1]/div[1]/c-wiz[5]/section/div/div[2]/div[3]/header
2025-08-25 17:13:52,942 - INFO - 
2025-08-25 17:13:52,943 - INFO - 
6. 페이지 구조 분석:
2025-08-25 17:13:53,042 - INFO -   리뷰 관련 클래스들: []
2025-08-25 17:13:53,043 - INFO - ================================================================================
2025-08-25 17:13:53,044 - INFO - 선택자 분석 완료
2025-08-25 17:13:53,045 - INFO - ================================================================================
2025-08-25 17:13:53,047 - INFO - 선택자 분석 성공!
2025-08-25 17:14:44,841 - INFO - ================================================================================
2025-08-25 17:14:44,854 - INFO - Google Play Store 리뷰 섹션 선택자 분석 시작
2025-08-25 17:14:44,858 - INFO - ================================================================================
2025-08-25 17:14:56,217 - INFO - Firefox WebDriver 초기화 성공
2025-08-25 17:14:56,226 - INFO - 페이지 로딩: https://play.google.com/store/apps/details?id=com.neowiz.games.newmatgo&hl=ko
2025-08-25 17:15:11,365 - INFO - 한국어 설정 적용
2025-08-25 17:15:11,412 - INFO - ================================================================================
2025-08-25 17:15:11,420 - INFO - 리뷰 섹션 선택자 분석 시작
2025-08-25 17:15:11,423 - INFO - ================================================================================
2025-08-25 17:15:11,424 - INFO - 
1. '전화' 탭 요소 분석:
2025-08-25 17:15:11,452 - INFO -   XPath 선택자 1: //span[contains(text(), '전화')]
2025-08-25 17:15:11,522 - INFO -     - 태그: span
2025-08-25 17:15:11,620 - INFO -     - 클래스: ypTNYd
2025-08-25 17:15:11,719 - INFO -     - jsname: ODzDMd
2025-08-25 17:15:11,733 - INFO -     - 텍스트: 전화
2025-08-25 17:15:11,743 - INFO -     - 위치: x=344, y=1964
2025-08-25 17:15:11,752 - INFO -     - 크기: w=28.5, h=18.0
2025-08-25 17:15:12,008 - INFO -     - 고유 XPath: /html/body/c-wiz[2]/div/div/div[1]/div/div[2]/div/div[1]/div[1]/c-wiz[5]/section/div/div[1]/div/div/div/div[1]/div/div[2]/span[2]
2025-08-25 17:15:12,013 - INFO - 
2025-08-25 17:15:12,014 - INFO - 
2. '평점 및 리뷰' 제목 요소 분석:
2025-08-25 17:15:12,017 - INFO -   XPath 선택자 1: //h2[contains(text(), '평점 및 리뷰')]
2025-08-25 17:15:12,027 - INFO -     - 태그: h2
2025-08-25 17:15:12,042 - INFO -     - 클래스: XfZNbf
2025-08-25 17:15:12,052 - INFO -     - 텍스트: 평점 및 리뷰
2025-08-25 17:15:12,057 - INFO -     - 위치: x=304, y=1900
2025-08-25 17:15:12,065 - INFO -     - 크기: w=120.26666259765624, h=28.0
2025-08-25 17:15:12,305 - INFO -     - 고유 XPath: /html/body/c-wiz[2]/div/div/div[1]/div/div[2]/div/div[1]/div[1]/c-wiz[5]/section/header/div/div[1]/h2
2025-08-25 17:15:12,309 - INFO - 
2025-08-25 17:15:12,309 - INFO - 
3. 리뷰 컨테이너 요소 분석:
2025-08-25 17:15:12,314 - INFO -   XPath 선택자 1: //div[contains(@class, 'Jwxk6d')]
2025-08-25 17:15:12,319 - INFO -     - 태그: div
2025-08-25 17:15:12,332 - INFO -     - 클래스: Jwxk6d
2025-08-25 17:15:12,343 - INFO -     - 위치: x=304, y=2007
2025-08-25 17:15:12,353 - INFO -     - 크기: w=860.0, h=1421.5
2025-08-25 17:15:12,516 - INFO -     - 고유 XPath: /html/body/c-wiz[2]/div/div/div[1]/div/div[2]/div/div[1]/div[1]/c-wiz[5]/section/div/div[2]
2025-08-25 17:15:12,518 - INFO - 
2025-08-25 17:15:12,518 - INFO - 
4. '리뷰 모두 보기' 버튼 요소 분석:
2025-08-25 17:15:12,521 - INFO -   XPath 선택자 1: //span[contains(text(), '리뷰 모두 보기')]
2025-08-25 17:15:12,529 - INFO -     - 태그: span
2025-08-25 17:15:12,541 - INFO -     - 클래스: VfPpkd-vQzf8d
2025-08-25 17:15:12,551 - INFO -     - 텍스트: 리뷰 모두 보기
2025-08-25 17:15:12,557 - INFO -     - 위치: x=312, y=3392
2025-08-25 17:15:12,563 - INFO -     - 크기: w=91.73333740234376, h=20.0
2025-08-25 17:15:12,762 - INFO -     - 고유 XPath: /html/body/c-wiz[2]/div/div/div[1]/div/div[2]/div/div[1]/div[1]/c-wiz[5]/section/div/div[2]/div[5]/div/div/button/span
2025-08-25 17:15:12,762 - INFO - 
2025-08-25 17:15:12,763 - INFO - 
5. 개별 리뷰 요소 분석:
2025-08-25 17:15:12,766 - INFO -   data-review-id 속성을 가진 리뷰 요소 6개 발견
2025-08-25 17:15:12,768 - INFO -     리뷰 1:
2025-08-25 17:15:12,778 - INFO -       - data-review-id: ab64484f-d125-4d93-a908-fb890bab8b9b
2025-08-25 17:15:12,793 - INFO -       - 클래스: c1bOId
2025-08-25 17:15:12,803 - INFO -       - 위치: x=304, y=2188
2025-08-25 17:15:12,811 - INFO -       - 크기: w=860.0, h=84.0
2025-08-25 17:15:12,984 - INFO -       - 고유 XPath: /html/body/c-wiz[2]/div/div/div[1]/div/div[2]/div/div[1]/div[1]/c-wiz[5]/section/div/div[2]/div[2]/header
2025-08-25 17:15:12,992 - INFO - 
2025-08-25 17:15:12,993 - INFO -     리뷰 2:
2025-08-25 17:15:13,005 - INFO -       - data-review-id: ab64484f-d125-4d93-a908-fb890bab8b9b
2025-08-25 17:15:13,015 - INFO -       - 클래스: 
2025-08-25 17:15:13,021 - INFO -       - 위치: x=304, y=2376
2025-08-25 17:15:13,025 - INFO -       - 크기: w=860.0, h=52.0
2025-08-25 17:15:13,215 - INFO -       - 고유 XPath: /html/body/c-wiz[2]/div/div/div[1]/div/div[2]/div/div[1]/div[1]/c-wiz[5]/section/div/div[2]/div[2]/div[2]
2025-08-25 17:15:13,215 - INFO - 
2025-08-25 17:15:13,215 - INFO -     리뷰 3:
2025-08-25 17:15:13,223 - INFO -       - data-review-id: b9e4cee7-e3e5-4a0e-9b80-55dd5e58d3d9
2025-08-25 17:15:13,232 - INFO -       - 클래스: c1bOId
2025-08-25 17:15:13,238 - INFO -       - 위치: x=304, y=2476
2025-08-25 17:15:13,243 - INFO -       - 크기: w=860.0, h=84.0
2025-08-25 17:15:13,397 - INFO -       - 고유 XPath: /html/body/c-wiz[2]/div/div/div[1]/div/div[2]/div/div[1]/div[1]/c-wiz[5]/section/div/div[2]/div[3]/header
2025-08-25 17:15:13,398 - INFO - 
2025-08-25 17:15:13,398 - INFO - 
6. 페이지 구조 분석:
2025-08-25 17:15:13,490 - INFO -   리뷰 관련 클래스들: []
2025-08-25 17:15:13,490 - INFO - ================================================================================
2025-08-25 17:15:13,490 - INFO - 선택자 분석 완료
2025-08-25 17:15:13,490 - INFO - ================================================================================
2025-08-25 17:15:13,491 - INFO - 선택자 분석 성공!
2025-08-25 17:15:17,111 - INFO - Firefox WebDriver 종료
