2025-08-24 12:38:36,036 - INFO - 구글 플레이 스토어 뉴맞고 페이지 분석 시작
2025-08-24 12:38:45,563 - INFO - Firefox WebDriver 초기화 완료
2025-08-24 12:38:45,575 - INFO - 뉴맞고 페이지 분석 시작: https://play.google.com/store/apps/details?id=com.neowiz.games.newmatgo
2025-08-24 12:38:57,927 - INFO - 한국어 URL로 리다이렉트: https://play.google.com/store/apps/details?id=com.neowiz.games.newmatgo&hl=ko
2025-08-24 12:39:02,439 - INFO - === 페이지 기본 정보 ===
2025-08-24 12:39:02,442 - INFO - 현재 URL: https://play.google.com/store/apps/details?id=com.neowiz.games.newmatgo&hl=ko
2025-08-24 12:39:02,444 - INFO - 페이지 제목: 피망 뉴맞고: 고스톱 대표 맞고 게임 - Google Play 앱
2025-08-24 12:39:02,456 - INFO - 전체 페이지 높이: 4062px
2025-08-24 12:39:02,457 - INFO - 
=== 평점 및 리뷰 섹션 분석 ===
2025-08-24 12:39:02,467 - INFO - 평점 및 리뷰 섹션 찾기 성공 (선택자 1: //h2[text()='평점 및 리뷰'])
2025-08-24 12:39:02,481 - INFO - 평점 및 리뷰 섹션 위치: x=304, y=1900
2025-08-24 12:39:02,481 - INFO - 평점 및 리뷰 섹션 크기: width=120.26666259765624, height=28.0
2025-08-24 12:39:02,491 - INFO - 평점 및 리뷰 섹션 텍스트: 평점 및 리뷰
2025-08-24 12:39:02,492 - INFO - 
=== 평점 정보 분석 ===
2025-08-24 12:39:02,507 - INFO - 평점 관련 요소 4 발견: //div[contains(text(), '점')]
2025-08-24 12:39:02,517 - INFO -   - 요소 1: 단언컨대 설정이 있는게 확실합니다 서로 생각하는 관점이 달라서 그런듯.. 설정들이 없는데 이렇게 매 판마다 눈에 띌정도로 이상한일들이 있을수가 없음.. 유저들 기만하나? 그리고 뻑...
2025-08-24 12:39:02,527 - INFO -   - 요소 2: 경험상 분명 한쪽이 유리하게 세팅되어 있음 근데 문제는 그 빈도수가 상대방이 훨씬 많음 내가 유리할때는 한없이 유리함, 보너스패도 나한테 잘 들어오고 뒷패도 잘 붙음, 배당 높은 ...
2025-08-24 12:39:02,529 - INFO - 
=== 리뷰 개수 정보 분석 ===
2025-08-24 12:39:02,533 - INFO - 리뷰 개수 관련 요소 1 발견: //div[contains(text(), '리뷰')]
2025-08-24 12:39:02,542 - INFO -   - 요소 1: '리뷰 37.4만개'
2025-08-24 12:39:02,553 - INFO -   - 요소 2: '리뷰 36.3만개'
2025-08-24 12:39:02,561 - INFO -   - 요소 3: '이 리뷰가 유용했나요?'
2025-08-24 12:39:02,569 - INFO -   - 요소 4: '이 리뷰가 유용했나요?'
2025-08-24 12:39:02,577 - INFO -   - 요소 5: '이 리뷰가 유용했나요?'
2025-08-24 12:39:02,581 - INFO - 리뷰 개수 관련 요소 2 발견: //span[contains(text(), '리뷰')]
2025-08-24 12:39:02,601 - INFO -   - 요소 2: '검증된 평점과 리뷰입니다.'
2025-08-24 12:39:02,622 - INFO - 리뷰 개수 관련 요소 3 발견: //div[contains(text(), '만개')]
2025-08-24 12:39:02,631 - INFO -   - 요소 1: '리뷰 37.4만개'
2025-08-24 12:39:02,634 - INFO - 
=== 개별 리뷰 분석 ===
2025-08-24 12:39:02,637 - INFO - 리뷰 요소 1 발견: //div[@data-review-id] - 3개
2025-08-24 12:39:02,643 - INFO -   - 리뷰 1: 위치(x=304, y=2376), 크기(860.0x52.0)
2025-08-24 12:39:02,647 - INFO -   - 리뷰 2: 위치(x=304, y=2644), 크기(860.0x52.0)
2025-08-24 12:39:02,655 - INFO -   - 리뷰 3: 위치(x=304, y=3116), 크기(860.0x52.0)
2025-08-24 12:39:02,665 - INFO - 
=== 리뷰 모두 보기 버튼 분석 ===
2025-08-24 12:39:02,670 - INFO - 리뷰 모두 보기 버튼 2 발견: //span[text()='리뷰 모두 보기']
2025-08-24 12:39:02,675 - INFO -   - 버튼 1: 위치(x=312, y=3392), 크기(91.73333740234376x20.0)
2025-08-24 12:39:02,684 - INFO -   - 버튼 텍스트: '리뷰 모두 보기'
2025-08-24 12:39:02,695 - INFO - 
=== 새로운 기능 섹션 분석 ===
2025-08-24 12:39:02,700 - INFO - 새로운 기능 섹션 2 발견: //h2[contains(text(), '새로운 기능')]
2025-08-24 12:39:02,703 - INFO -   - 섹션 1: 위치(x=304, y=3472)
2025-08-24 12:39:02,710 - INFO -   - 섹션 텍스트: '새로운 기능...'
2025-08-24 12:39:02,718 - INFO - 
=== 부적절한 앱 신고 버튼 분석 ===
2025-08-24 12:39:02,735 - INFO - 신고 버튼 4 발견: //a[contains(text(), '신고')]
2025-08-24 12:39:02,739 - INFO -   - 버튼 1: 위치(x=304, y=3664)
2025-08-24 12:39:02,751 - INFO -   - 버튼 텍스트: 'flag
부적절한 앱으로 신고'
2025-08-24 12:39:02,760 - INFO -   - 버튼 2: 위치(x=0, y=0)
2025-08-24 12:39:02,767 - INFO -   - 버튼 텍스트: ''
2025-08-24 12:39:02,768 - INFO - 
=== 페이지 분석 완료 ===
2025-08-24 12:39:02,769 - INFO - 뉴맞고 페이지 분석 성공!
2025-08-24 12:39:06,921 - INFO - WebDriver 종료
2025-08-24 15:50:18,258 - INFO - 구글 플레이 스토어 뉴맞고 페이지 분석 시작
