2025-08-25 10:02:35,767 - INFO - ==================================================
2025-08-25 10:02:35,768 - INFO - 페이지 구조 분석 시작
2025-08-25 10:02:35,768 - INFO - 분석 대상: com.neowiz.games.newmatgo
2025-08-25 10:02:35,768 - INFO - ==================================================
2025-08-25 10:02:44,716 - INFO - Firefox WebDriver 초기화 성공
2025-08-25 10:02:44,760 - INFO - 페이지 분석 시작: https://play.google.com/store/apps/details?id=com.neowiz.games.newmatgo
2025-08-25 10:03:00,791 - INFO - 한국어 설정 적용
2025-08-25 10:03:00,804 - INFO - 전체 페이지 높이: 4060
2025-08-25 10:03:00,805 - INFO - ==================================================
2025-08-25 10:03:00,805 - INFO - 리뷰 관련 요소 분석
2025-08-25 10:03:00,805 - INFO - ==================================================
2025-08-25 10:03:10,844 - INFO - 평점 요소 2-1: //span[contains(text(), '평점')]
2025-08-25 10:03:10,845 - INFO -   위치: x=0, y=0
2025-08-25 10:03:10,845 - INFO -   크기: width=0.0, height=0.0
2025-08-25 10:03:10,846 - INFO -   텍스트: 텍스트 없음
2025-08-25 10:03:10,883 - INFO - 평점 요소 2-2: //span[contains(text(), '평점')]
2025-08-25 10:03:10,884 - INFO -   위치: x=965, y=1899
2025-08-25 10:03:10,885 - INFO -   크기: width=165.93333435058594, height=28.0
2025-08-25 10:03:10,885 - INFO -   텍스트: 검증된 평점과 리뷰입니다.
2025-08-25 10:03:30,925 - INFO - 리뷰 수 요소 1-1: //div[contains(text(), '리뷰') and contains(text(), '만개')]
2025-08-25 10:03:30,980 - INFO -   위치: x=367, y=582
2025-08-25 10:03:30,984 - INFO -   크기: width=80.0, height=20.0
2025-08-25 10:03:30,985 - INFO -   텍스트: 리뷰 37.4만개
2025-08-25 10:03:41,237 - INFO - 리뷰 수 요소 3-1: //div[contains(text(), '리뷰')]
2025-08-25 10:03:41,241 - INFO -   위치: x=367, y=582
2025-08-25 10:03:41,242 - INFO -   크기: width=80.0, height=20.0
2025-08-25 10:03:41,243 - INFO -   텍스트: 리뷰 37.4만개
2025-08-25 10:03:41,444 - INFO - 리뷰 수 요소 3-2: //div[contains(text(), '리뷰')]
2025-08-25 10:03:41,458 - INFO -   위치: x=303, y=2123
2025-08-25 10:03:41,458 - INFO -   크기: width=80.0, height=16.0
2025-08-25 10:03:41,459 - INFO -   텍스트: 리뷰 36.2만개
2025-08-25 10:03:41,724 - INFO - 리뷰 수 요소 3-3: //div[contains(text(), '리뷰')]
2025-08-25 10:03:41,740 - INFO -   위치: x=303, y=2407
2025-08-25 10:03:41,741 - INFO -   크기: width=123.20001220703124, height=16.0
2025-08-25 10:03:41,741 - INFO -   텍스트: 이 리뷰가 유용했나요?
2025-08-25 10:03:41,767 - INFO - 리뷰 수 요소 3-4: //div[contains(text(), '리뷰')]
2025-08-25 10:03:41,779 - INFO -   위치: x=303, y=2675
2025-08-25 10:03:41,781 - INFO -   크기: width=123.20001220703124, height=16.0
2025-08-25 10:03:41,782 - INFO -   텍스트: 이 리뷰가 유용했나요?
2025-08-25 10:03:41,801 - INFO - 리뷰 수 요소 3-5: //div[contains(text(), '리뷰')]
2025-08-25 10:03:41,806 - INFO -   위치: x=303, y=3147
2025-08-25 10:03:41,806 - INFO -   크기: width=123.20001220703124, height=16.0
2025-08-25 10:03:41,807 - INFO -   텍스트: 이 리뷰가 유용했나요?
2025-08-25 10:03:41,825 - INFO - 리뷰 수 요소 4-1: //span[contains(text(), '리뷰')]
2025-08-25 10:03:41,825 - INFO -   위치: x=0, y=0
2025-08-25 10:03:41,826 - INFO -   크기: width=0.0, height=0.0
2025-08-25 10:03:41,827 - INFO -   텍스트: 텍스트 없음
2025-08-25 10:03:41,850 - INFO - 리뷰 수 요소 4-2: //span[contains(text(), '리뷰')]
2025-08-25 10:03:41,851 - INFO -   위치: x=965, y=1899
2025-08-25 10:03:41,851 - INFO -   크기: width=165.93333435058594, height=28.0
2025-08-25 10:03:41,851 - INFO -   텍스트: 검증된 평점과 리뷰입니다.
2025-08-25 10:03:41,867 - INFO - 리뷰 수 요소 4-3: //span[contains(text(), '리뷰')]
2025-08-25 10:03:41,868 - INFO -   위치: x=0, y=0
2025-08-25 10:03:41,872 - INFO -   크기: width=0.0, height=0.0
2025-08-25 10:03:41,872 - INFO -   텍스트: 텍스트 없음
2025-08-25 10:03:41,885 - INFO - 리뷰 수 요소 4-4: //span[contains(text(), '리뷰')]
2025-08-25 10:03:41,888 - INFO -   위치: x=0, y=0
2025-08-25 10:03:41,889 - INFO -   크기: width=0.0, height=0.0
2025-08-25 10:03:41,889 - INFO -   텍스트: 텍스트 없음
2025-08-25 10:03:41,902 - INFO - 리뷰 수 요소 4-5: //span[contains(text(), '리뷰')]
2025-08-25 10:03:41,918 - INFO -   위치: x=0, y=0
2025-08-25 10:03:41,918 - INFO -   크기: width=0.0, height=0.0
2025-08-25 10:03:41,919 - INFO -   텍스트: 텍스트 없음
2025-08-25 10:03:41,933 - INFO - 리뷰 수 요소 4-6: //span[contains(text(), '리뷰')]
2025-08-25 10:03:41,934 - INFO -   위치: x=0, y=0
2025-08-25 10:03:41,942 - INFO -   크기: width=0.0, height=0.0
2025-08-25 10:03:41,947 - INFO -   텍스트: 텍스트 없음
2025-08-25 10:03:41,973 - INFO - 리뷰 수 요소 4-7: //span[contains(text(), '리뷰')]
2025-08-25 10:03:41,990 - INFO -   위치: x=311, y=3391
2025-08-25 10:03:41,991 - INFO -   크기: width=91.73333740234376, height=20.0
2025-08-25 10:03:41,991 - INFO -   텍스트: 리뷰 모두 보기
2025-08-25 10:04:32,059 - INFO - 리뷰 요소 1: //div[contains(@class, 'review')] - 0개 발견
2025-08-25 10:04:42,072 - INFO - 리뷰 요소 2: //div[contains(@class, 'comment')] - 0개 발견
2025-08-25 10:04:42,101 - INFO - 리뷰 요소 3: //div[@data-review-id] - 3개 발견
2025-08-25 10:04:42,123 - INFO -   리뷰 1: x=303, y=2375, w=860.0, h=52.0
2025-08-25 10:04:42,139 - INFO -   리뷰 2: x=303, y=2643, w=860.0, h=52.0
2025-08-25 10:04:42,176 - INFO -   리뷰 3: x=303, y=3115, w=860.0, h=52.0
2025-08-25 10:04:42,184 - INFO - 리뷰 요소 4: //div[contains(@class, 'g1rdde')] - 3개 발견
2025-08-25 10:04:42,199 - INFO -   리뷰 1: x=367, y=582, w=80.0, h=20.0
2025-08-25 10:04:42,240 - INFO -   리뷰 2: x=487, y=582, w=60.80000305175781, h=20.0
2025-08-25 10:04:42,253 - INFO -   리뷰 3: x=596, y=582, w=102.10000610351562, h=20.0
2025-08-25 10:04:52,293 - INFO - 버튼 요소 2-1: //span[text()='리뷰 모두 보기']
2025-08-25 10:04:52,294 - INFO -   위치: x=311, y=3391
2025-08-25 10:04:52,294 - INFO -   크기: width=91.73333740234376, height=20.0
2025-08-25 10:04:52,294 - INFO -   텍스트: 리뷰 모두 보기
2025-08-25 10:05:12,319 - INFO - ==================================================
2025-08-25 10:05:12,319 - INFO - 전체 리뷰 섹션 경계 분석
2025-08-25 10:05:12,319 - INFO - ==================================================
2025-08-25 10:05:40,857 - INFO - 리뷰 관련 div 요소 27개 발견:
2025-08-25 10:05:40,857 - INFO -   1: y=544, x=303, w=560.0, h=64.0, text='3.6
star
리뷰 37.4만개
1,000만+
다운로'
2025-08-25 10:05:40,858 - INFO -   2: y=556, x=303, w=560.0, h=48.0, text='3.6
star
리뷰 37.4만개
1,000만+
다운로'
2025-08-25 10:05:40,859 - INFO -   3: y=558, x=367, w=354.9000244140625, h=44.0, text='3.6
star
리뷰 37.4만개
1,000만+
다운로'
2025-08-25 10:05:40,860 - INFO -   4: y=558, x=367, w=96.0, h=44.0, text='3.6
star
리뷰 37.4만개'
2025-08-25 10:05:40,860 - INFO -   5: y=582, x=367, w=80.0, h=20.0, text='리뷰 37.4만개'
2025-08-25 10:05:40,861 - INFO -   6: y=1898, x=957, w=205.9333343505859, h=27.333328247070312, text='검증된 평점과 리뷰입니다.
info_outline'
2025-08-25 10:05:40,861 - INFO -   7: y=1899, x=303, w=860.0, h=38.0, text='평점 및 리뷰
arrow_forward
검증된 평점과 '
2025-08-25 10:05:40,863 - INFO -   8: y=1899, x=303, w=120.26667785644533, h=38.0, text='평점 및 리뷰'
2025-08-25 10:05:40,864 - INFO -   9: y=1899, x=957, w=205.9333343505859, h=38.0, text='검증된 평점과 리뷰입니다.
info_outline'
2025-08-25 10:05:40,865 - INFO -   10: y=2006, x=303, w=860.0, h=1421.0, text='3.6
리뷰 36.2만개
5
4
3
2
1
박상엽
mo'
2025-08-25 10:05:40,869 - INFO - 페이지 분석 완료!
2025-08-25 10:05:40,870 - INFO - 페이지가 열렸습니다. 브라우저에서 페이지 구조를 확인하세요.
2025-08-25 10:05:40,870 - INFO - 분석이 완료되면 Enter를 눌러주세요...
2025-08-25 10:19:55,898 - INFO - Firefox WebDriver 종료
2025-08-25 10:30:53,845 - INFO - ==================================================
2025-08-25 10:30:53,888 - INFO - 페이지 구조 분석 시작
2025-08-25 10:30:53,952 - INFO - 분석 대상: com.neowiz.games.newmatgo
2025-08-25 10:30:54,007 - INFO - ==================================================
2025-08-25 10:31:13,698 - INFO - Firefox WebDriver 초기화 성공
2025-08-25 10:31:13,731 - INFO - 페이지 분석 시작: https://play.google.com/store/apps/details?id=com.neowiz.games.newmatgo
2025-08-25 10:31:45,868 - INFO - 한국어 설정 적용
2025-08-25 10:31:46,022 - INFO - 전체 페이지 높이: 4060
2025-08-25 10:31:46,120 - INFO - ==================================================
2025-08-25 10:31:46,203 - INFO - 리뷰 관련 요소 분석
2025-08-25 10:31:46,275 - INFO - ==================================================
2025-08-25 10:31:56,540 - INFO - 평점 요소 2-1: //span[contains(text(), '평점')]
2025-08-25 10:31:56,566 - INFO -   위치: x=0, y=0
2025-08-25 10:31:56,568 - INFO -   크기: width=0.0, height=0.0
2025-08-25 10:31:56,575 - INFO -   텍스트: 텍스트 없음
2025-08-25 10:31:56,609 - INFO - 평점 요소 2-2: //span[contains(text(), '평점')]
2025-08-25 10:31:56,639 - INFO -   위치: x=965, y=1899
2025-08-25 10:31:56,713 - INFO -   크기: width=165.93333435058594, height=28.0
2025-08-25 10:31:56,789 - INFO -   텍스트: 검증된 평점과 리뷰입니다.
2025-08-25 10:32:16,936 - INFO - 리뷰 수 요소 1-1: //div[contains(text(), '리뷰') and contains(text(), '만개')]
2025-08-25 10:32:16,947 - INFO -   위치: x=367, y=582
2025-08-25 10:32:16,947 - INFO -   크기: width=80.0, height=20.0
2025-08-25 10:32:16,948 - INFO -   텍스트: 리뷰 37.4만개
2025-08-25 10:32:26,996 - INFO - 리뷰 수 요소 3-1: //div[contains(text(), '리뷰')]
2025-08-25 10:32:27,004 - INFO -   위치: x=367, y=582
2025-08-25 10:32:27,004 - INFO -   크기: width=80.0, height=20.0
2025-08-25 10:32:27,005 - INFO -   텍스트: 리뷰 37.4만개
2025-08-25 10:32:27,040 - INFO - 리뷰 수 요소 3-2: //div[contains(text(), '리뷰')]
2025-08-25 10:32:27,059 - INFO -   위치: x=303, y=2123
2025-08-25 10:32:27,060 - INFO -   크기: width=80.0, height=16.0
2025-08-25 10:32:27,060 - INFO -   텍스트: 리뷰 36.2만개
2025-08-25 10:32:27,127 - INFO - 리뷰 수 요소 3-3: //div[contains(text(), '리뷰')]
2025-08-25 10:32:27,140 - INFO -   위치: x=303, y=2407
2025-08-25 10:32:27,140 - INFO -   크기: width=123.20001220703124, height=16.0
2025-08-25 10:32:27,143 - INFO -   텍스트: 이 리뷰가 유용했나요?
2025-08-25 10:32:27,170 - INFO - 리뷰 수 요소 3-4: //div[contains(text(), '리뷰')]
2025-08-25 10:32:27,174 - INFO -   위치: x=303, y=2675
2025-08-25 10:32:27,174 - INFO -   크기: width=123.20001220703124, height=16.0
2025-08-25 10:32:27,175 - INFO -   텍스트: 이 리뷰가 유용했나요?
2025-08-25 10:32:27,224 - INFO - 리뷰 수 요소 3-5: //div[contains(text(), '리뷰')]
2025-08-25 10:32:27,228 - INFO -   위치: x=303, y=3147
2025-08-25 10:32:27,229 - INFO -   크기: width=123.20001220703124, height=16.0
2025-08-25 10:32:27,239 - INFO -   텍스트: 이 리뷰가 유용했나요?
2025-08-25 10:32:27,259 - INFO - 리뷰 수 요소 4-1: //span[contains(text(), '리뷰')]
2025-08-25 10:32:27,263 - INFO -   위치: x=0, y=0
2025-08-25 10:32:27,264 - INFO -   크기: width=0.0, height=0.0
2025-08-25 10:32:27,271 - INFO -   텍스트: 텍스트 없음
2025-08-25 10:32:27,294 - INFO - 리뷰 수 요소 4-2: //span[contains(text(), '리뷰')]
2025-08-25 10:32:27,306 - INFO -   위치: x=965, y=1899
2025-08-25 10:32:27,307 - INFO -   크기: width=165.93333435058594, height=28.0
2025-08-25 10:32:27,307 - INFO -   텍스트: 검증된 평점과 리뷰입니다.
2025-08-25 10:32:27,324 - INFO - 리뷰 수 요소 4-3: //span[contains(text(), '리뷰')]
2025-08-25 10:32:27,328 - INFO -   위치: x=0, y=0
2025-08-25 10:32:27,331 - INFO -   크기: width=0.0, height=0.0
2025-08-25 10:32:27,347 - INFO -   텍스트: 텍스트 없음
2025-08-25 10:32:27,379 - INFO - 리뷰 수 요소 4-4: //span[contains(text(), '리뷰')]
2025-08-25 10:32:27,391 - INFO -   위치: x=0, y=0
2025-08-25 10:32:27,392 - INFO -   크기: width=0.0, height=0.0
2025-08-25 10:32:27,405 - INFO -   텍스트: 텍스트 없음
2025-08-25 10:32:27,421 - INFO - 리뷰 수 요소 4-5: //span[contains(text(), '리뷰')]
2025-08-25 10:32:27,424 - INFO -   위치: x=0, y=0
2025-08-25 10:32:27,424 - INFO -   크기: width=0.0, height=0.0
2025-08-25 10:32:27,425 - INFO -   텍스트: 텍스트 없음
2025-08-25 10:32:27,445 - INFO - 리뷰 수 요소 4-6: //span[contains(text(), '리뷰')]
2025-08-25 10:32:27,462 - INFO -   위치: x=0, y=0
2025-08-25 10:32:27,473 - INFO -   크기: width=0.0, height=0.0
2025-08-25 10:32:27,476 - INFO -   텍스트: 텍스트 없음
2025-08-25 10:32:27,503 - INFO - 리뷰 수 요소 4-7: //span[contains(text(), '리뷰')]
2025-08-25 10:32:27,508 - INFO -   위치: x=311, y=3391
2025-08-25 10:32:27,508 - INFO -   크기: width=91.73333740234376, height=20.0
2025-08-25 10:32:27,508 - INFO -   텍스트: 리뷰 모두 보기
2025-08-25 10:33:19,062 - INFO - 리뷰 요소 1: //div[contains(@class, 'review')] - 0개 발견
2025-08-25 10:33:29,193 - INFO - 리뷰 요소 2: //div[contains(@class, 'comment')] - 0개 발견
2025-08-25 10:33:29,231 - INFO - 리뷰 요소 3: //div[@data-review-id] - 3개 발견
2025-08-25 10:33:29,290 - INFO -   리뷰 1: x=303, y=2375, w=860.0, h=52.0
2025-08-25 10:33:29,354 - INFO -   리뷰 2: x=303, y=2643, w=860.0, h=52.0
2025-08-25 10:33:29,426 - INFO -   리뷰 3: x=303, y=3115, w=860.0, h=52.0
2025-08-25 10:33:29,519 - INFO - 리뷰 요소 4: //div[contains(@class, 'g1rdde')] - 3개 발견
2025-08-25 10:33:29,524 - INFO -   리뷰 1: x=367, y=582, w=80.0, h=20.0
2025-08-25 10:33:29,606 - INFO -   리뷰 2: x=487, y=582, w=60.80000305175781, h=20.0
2025-08-25 10:33:29,705 - INFO -   리뷰 3: x=596, y=582, w=102.10000610351562, h=20.0
2025-08-25 10:33:39,949 - INFO - 버튼 요소 2-1: //span[text()='리뷰 모두 보기']
2025-08-25 10:33:39,977 - INFO -   위치: x=311, y=3391
2025-08-25 10:33:40,022 - INFO -   크기: width=91.73333740234376, height=20.0
2025-08-25 10:33:40,110 - INFO -   텍스트: 리뷰 모두 보기
2025-08-25 10:34:00,166 - INFO - ==================================================
2025-08-25 10:34:00,167 - INFO - 전체 리뷰 섹션 경계 분석
2025-08-25 10:34:00,167 - INFO - ==================================================
2025-08-25 10:34:30,894 - INFO - 리뷰 관련 div 요소 27개 발견:
2025-08-25 10:34:30,894 - INFO -   1: y=544, x=303, w=560.0, h=64.0, text='3.6
star
리뷰 37.4만개
1,000만+
다운로'
2025-08-25 10:34:30,896 - INFO -   2: y=556, x=303, w=560.0, h=48.0, text='3.6
star
리뷰 37.4만개
1,000만+
다운로'
2025-08-25 10:34:30,897 - INFO -   3: y=558, x=367, w=354.9000244140625, h=44.0, text='3.6
star
리뷰 37.4만개
1,000만+
다운로'
2025-08-25 10:34:30,898 - INFO -   4: y=558, x=367, w=96.0, h=44.0, text='3.6
star
리뷰 37.4만개'
2025-08-25 10:34:30,903 - INFO -   5: y=582, x=367, w=80.0, h=20.0, text='리뷰 37.4만개'
2025-08-25 10:34:30,905 - INFO -   6: y=1898, x=957, w=205.9333343505859, h=27.333328247070312, text='검증된 평점과 리뷰입니다.
info_outline'
2025-08-25 10:34:30,908 - INFO -   7: y=1899, x=303, w=860.0, h=38.0, text='평점 및 리뷰
arrow_forward
검증된 평점과 '
2025-08-25 10:34:30,910 - INFO -   8: y=1899, x=303, w=120.26667785644533, h=38.0, text='평점 및 리뷰'
2025-08-25 10:34:30,911 - INFO -   9: y=1899, x=957, w=205.9333343505859, h=38.0, text='검증된 평점과 리뷰입니다.
info_outline'
2025-08-25 10:34:30,911 - INFO -   10: y=2006, x=303, w=860.0, h=1421.0, text='3.6
리뷰 36.2만개
5
4
3
2
1
박상엽
mo'
2025-08-25 10:34:30,914 - INFO - 페이지 분석 완료!
2025-08-25 10:34:30,914 - INFO - 페이지가 열렸습니다. 브라우저에서 페이지 구조를 확인하세요.
2025-08-25 10:34:30,920 - INFO - 분석이 완료되면 Enter를 눌러주세요...
2025-08-25 10:35:07,073 - WARNING - Retrying (Retry(total=2, connect=None, read=None, redirect=None, status=None)) after connection broken by 'ConnectionResetError(10054, '현재 연결은 원격 호스트에 의해 강제로 끊겼습니다', None, 10054, None)': /session/55cd8cf2-88d3-4d5b-baac-f767a80f7e79
2025-08-25 10:35:11,677 - WARNING - Retrying (Retry(total=1, connect=None, read=None, redirect=None, status=None)) after connection broken by 'NewConnectionError('<urllib3.connection.HTTPConnection object at 0x00000172764EAFD0>: Failed to establish a new connection: [WinError 10061] 대상 컴퓨터에서 연결을 거부했으므로 연결하지 못했습니다')': /session/55cd8cf2-88d3-4d5b-baac-f767a80f7e79
2025-08-25 10:35:16,769 - WARNING - Retrying (Retry(total=0, connect=None, read=None, redirect=None, status=None)) after connection broken by 'NewConnectionError('<urllib3.connection.HTTPConnection object at 0x00000172764EAC10>: Failed to establish a new connection: [WinError 10061] 대상 컴퓨터에서 연결을 거부했으므로 연결하지 못했습니다')': /session/55cd8cf2-88d3-4d5b-baac-f767a80f7e79
2025-08-25 10:35:26,674 - INFO - Firefox WebDriver 종료
