2025-10-08 10:06:01,083 - INFO - ==================================================
2025-10-08 10:06:01,084 - INFO - 자동 Google Play 리뷰 캡처 및 HTML 업데이트 시작
2025-10-08 10:06:01,084 - INFO - 실행 날짜: 20251008
2025-10-08 10:06:01,084 - INFO - 저장 폴더: D:\aos_review\20251008
2025-10-08 10:06:01,084 - INFO - 캡처할 게임 수: 9개
2025-10-08 10:06:01,084 - INFO - ==================================================
2025-10-08 10:06:01,085 - INFO - 저장 폴더 생성: D:\aos_review\20251008
2025-10-08 10:06:11,068 - INFO - Firefox WebDriver 초기화 성공
2025-10-08 10:06:11,069 - INFO - 게임 캡처 시작: NewMatgo (com.neowiz.games.newmatgo)
2025-10-08 10:06:11,070 - INFO - 캡처 시작: NewMatgo (https://play.google.com/store/apps/details?id=com.neowiz.games.newmatgo)
2025-10-08 10:06:21,951 - INFO - 한국어 설정 적용
2025-10-08 10:06:21,969 - INFO - 한국어 URL로 리다이렉트: https://play.google.com/store/apps/details?id=com.neowiz.games.newmatgo&hl=ko
2025-10-08 10:06:26,599 - INFO - 화면 크기 최적화 시작
2025-10-08 10:06:26,601 - INFO - 현재 창 크기: 1920 x 1200
2025-10-08 10:06:28,610 - INFO - 화면 크기 최적화 완료
2025-10-08 10:06:28,610 - INFO - 기본 리뷰 섹션 캡처 시작: NewMatgo (버튼 클릭 없음)
2025-10-08 10:06:28,619 - INFO - 시작 요소 찾기 성공: '평점 및 리뷰' (선택자 1: //h2[text()='평점 및 리뷰'])
2025-10-08 10:06:28,626 - INFO - 끝 요소 찾기 성공: (선택자 2: //span[text()='리뷰 모두 보기'])
2025-10-08 10:06:28,632 - INFO - 시작 요소로 스크롤: NewMatgo
2025-10-08 10:06:31,638 - INFO - 전체 페이지 높이 설정
2025-10-08 10:06:31,641 - INFO - 전체 페이지 높이: 4191px
2025-10-08 10:06:37,660 - INFO - 전체 페이지 스크린샷 촬영: NewMatgo
2025-10-08 10:06:38,039 - INFO - 전체 스크린샷 크기: 1920 x 4101
2025-10-08 10:06:38,060 - INFO - 시작 요소 위치: x=312, y=2188
2025-10-08 10:06:38,060 - INFO - 시작 요소 크기: width=120.26666259765624, height=28.0
2025-10-08 10:06:38,060 - INFO - 끝 요소 위치: x=320, y=3602
2025-10-08 10:06:38,060 - INFO - 끝 요소 크기: width=91.73333740234376, height=20.0
2025-10-08 10:06:38,062 - INFO - 최종 크롭 영역: left=212, top=2088, right=1212, bottom=3888
2025-10-08 10:06:38,201 - INFO - 캡처 완료: NewMatgo_20251008.png (크기: 1000 x 1800)
2025-10-08 10:06:38,208 - INFO - NewMatgo 캡처 성공!
2025-10-08 10:06:38,208 - INFO - ==================================================
2025-10-08 10:06:38,208 - INFO - 게임 캡처 시작: NewMatgoKakao (com.neowiz.games.newmatgoKakao)
2025-10-08 10:06:38,208 - INFO - 캡처 시작: NewMatgoKakao (https://play.google.com/store/apps/details?id=com.neowiz.games.newmatgoKakao)
2025-10-08 10:06:47,934 - INFO - 한국어 설정 적용
2025-10-08 10:06:47,942 - INFO - 한국어 URL로 리다이렉트: https://play.google.com/store/apps/details?id=com.neowiz.games.newmatgoKakao&hl=ko
2025-10-08 10:06:52,811 - INFO - 화면 크기 최적화 시작
2025-10-08 10:06:52,813 - INFO - 현재 창 크기: 1920 x 4191
2025-10-08 10:06:54,826 - INFO - 화면 크기 최적화 완료
2025-10-08 10:06:54,826 - INFO - 기본 리뷰 섹션 캡처 시작: NewMatgoKakao (버튼 클릭 없음)
2025-10-08 10:06:54,839 - INFO - 시작 요소 찾기 성공: '평점 및 리뷰' (선택자 1: //h2[text()='평점 및 리뷰'])
2025-10-08 10:06:54,845 - INFO - 끝 요소 찾기 성공: (선택자 2: //span[text()='리뷰 모두 보기'])
2025-10-08 10:06:54,850 - INFO - 시작 요소로 스크롤: NewMatgoKakao
2025-10-08 10:06:57,856 - INFO - 전체 페이지 높이 설정
2025-10-08 10:06:57,864 - INFO - 전체 페이지 높이: 4106px
2025-10-08 10:07:03,888 - INFO - 전체 페이지 스크린샷 촬영: NewMatgoKakao
2025-10-08 10:07:04,202 - INFO - 전체 스크린샷 크기: 1920 x 4016
2025-10-08 10:07:04,215 - INFO - 시작 요소 위치: x=312, y=1900
2025-10-08 10:07:04,215 - INFO - 시작 요소 크기: width=120.26666259765624, height=28.0
2025-10-08 10:07:04,215 - INFO - 끝 요소 위치: x=320, y=3516
2025-10-08 10:07:04,215 - INFO - 끝 요소 크기: width=91.73333740234376, height=20.0
2025-10-08 10:07:04,216 - INFO - 최종 크롭 영역: left=212, top=1800, right=1212, bottom=3600
2025-10-08 10:07:04,309 - INFO - 캡처 완료: NewMatgoKakao_20251008.png (크기: 1000 x 1800)
2025-10-08 10:07:04,311 - INFO - NewMatgoKakao 캡처 성공!
2025-10-08 10:07:04,311 - INFO - ==================================================
2025-10-08 10:07:04,312 - INFO - 게임 캡처 시작: Original (com.neowiz.games.gostop2018)
2025-10-08 10:07:04,312 - INFO - 캡처 시작: Original (https://play.google.com/store/apps/details?id=com.neowiz.games.gostop2018)
2025-10-08 10:07:14,793 - INFO - 한국어 설정 적용
2025-10-08 10:07:14,799 - INFO - 한국어 URL로 리다이렉트: https://play.google.com/store/apps/details?id=com.neowiz.games.gostop2018&hl=ko
2025-10-08 10:07:19,202 - INFO - 화면 크기 최적화 시작
2025-10-08 10:07:19,204 - INFO - 현재 창 크기: 1920 x 4106
2025-10-08 10:07:21,217 - INFO - 화면 크기 최적화 완료
2025-10-08 10:07:21,217 - INFO - 기본 리뷰 섹션 캡처 시작: Original (버튼 클릭 없음)
2025-10-08 10:07:21,220 - INFO - 시작 요소 찾기 성공: '평점 및 리뷰' (선택자 1: //h2[text()='평점 및 리뷰'])
2025-10-08 10:07:21,226 - INFO - 끝 요소 찾기 성공: (선택자 2: //span[text()='리뷰 모두 보기'])
2025-10-08 10:07:21,231 - INFO - 시작 요소로 스크롤: Original
2025-10-08 10:07:24,239 - INFO - 전체 페이지 높이 설정
2025-10-08 10:07:24,258 - INFO - 전체 페이지 높이: 4038px
2025-10-08 10:07:30,813 - INFO - 전체 페이지 스크린샷 촬영: Original
2025-10-08 10:07:31,107 - INFO - 전체 스크린샷 크기: 1920 x 3948
2025-10-08 10:07:31,167 - INFO - 시작 요소 위치: x=312, y=1852
2025-10-08 10:07:31,209 - INFO - 시작 요소 크기: width=120.26666259765624, height=28.0
2025-10-08 10:07:31,218 - INFO - 끝 요소 위치: x=320, y=3448
2025-10-08 10:07:31,244 - INFO - 끝 요소 크기: width=91.73333740234376, height=20.0
2025-10-08 10:07:31,248 - INFO - 최종 크롭 영역: left=212, top=1752, right=1212, bottom=3552
2025-10-08 10:07:31,434 - INFO - 캡처 완료: Original_20251008.png (크기: 1000 x 1800)
2025-10-08 10:07:31,437 - INFO - Original 캡처 성공!
2025-10-08 10:07:31,438 - INFO - ==================================================
2025-10-08 10:07:31,438 - INFO - 게임 캡처 시작: Poker (com.neowiz.games.poker)
2025-10-08 10:07:31,438 - INFO - 캡처 시작: Poker (https://play.google.com/store/apps/details?id=com.neowiz.games.poker)
2025-10-08 10:07:41,325 - INFO - 한국어 설정 적용
2025-10-08 10:07:41,331 - INFO - 한국어 URL로 리다이렉트: https://play.google.com/store/apps/details?id=com.neowiz.games.poker&hl=ko
2025-10-08 10:07:45,619 - INFO - 화면 크기 최적화 시작
2025-10-08 10:07:45,625 - INFO - 현재 창 크기: 1920 x 4038
2025-10-08 10:07:47,646 - INFO - 화면 크기 최적화 완료
2025-10-08 10:07:47,646 - INFO - 기본 리뷰 섹션 캡처 시작: Poker (버튼 클릭 없음)
2025-10-08 10:07:47,650 - INFO - 시작 요소 찾기 성공: '평점 및 리뷰' (선택자 1: //h2[text()='평점 및 리뷰'])
2025-10-08 10:07:47,656 - INFO - 끝 요소 찾기 성공: (선택자 2: //span[text()='리뷰 모두 보기'])
2025-10-08 10:07:47,662 - INFO - 시작 요소로 스크롤: Poker
2025-10-08 10:07:50,668 - INFO - 전체 페이지 높이 설정
2025-10-08 10:07:50,671 - INFO - 전체 페이지 높이: 3882px
2025-10-08 10:07:56,722 - INFO - 전체 페이지 스크린샷 촬영: Poker
2025-10-08 10:07:56,976 - INFO - 전체 스크린샷 크기: 1920 x 3792
2025-10-08 10:07:56,985 - INFO - 시작 요소 위치: x=312, y=1900
2025-10-08 10:07:56,985 - INFO - 시작 요소 크기: width=120.26666259765624, height=28.0
2025-10-08 10:07:56,985 - INFO - 끝 요소 위치: x=320, y=3292
2025-10-08 10:07:56,985 - INFO - 끝 요소 크기: width=91.73333740234376, height=20.0
2025-10-08 10:07:56,985 - INFO - 최종 크롭 영역: left=212, top=1800, right=1212, bottom=3600
2025-10-08 10:07:57,132 - INFO - 캡처 완료: Poker_20251008.png (크기: 1000 x 1800)
2025-10-08 10:07:57,134 - INFO - Poker 캡처 성공!
2025-10-08 10:07:57,135 - INFO - ==================================================
2025-10-08 10:07:57,135 - INFO - 게임 캡처 시작: PokerKakao (com.neowiz.games.pokerKakao)
2025-10-08 10:07:57,135 - INFO - 캡처 시작: PokerKakao (https://play.google.com/store/apps/details?id=com.neowiz.games.pokerKakao)
2025-10-08 10:08:06,651 - INFO - 한국어 설정 적용
2025-10-08 10:08:06,656 - INFO - 한국어 URL로 리다이렉트: https://play.google.com/store/apps/details?id=com.neowiz.games.pokerKakao&hl=ko
2025-10-08 10:08:11,099 - INFO - 화면 크기 최적화 시작
2025-10-08 10:08:11,101 - INFO - 현재 창 크기: 1920 x 3882
2025-10-08 10:08:13,112 - INFO - 화면 크기 최적화 완료
2025-10-08 10:08:13,113 - INFO - 기본 리뷰 섹션 캡처 시작: PokerKakao (버튼 클릭 없음)
2025-10-08 10:08:13,121 - INFO - 시작 요소 찾기 성공: '평점 및 리뷰' (선택자 1: //h2[text()='평점 및 리뷰'])
2025-10-08 10:08:13,129 - INFO - 끝 요소 찾기 성공: (선택자 2: //span[text()='리뷰 모두 보기'])
2025-10-08 10:08:13,134 - INFO - 시작 요소로 스크롤: PokerKakao
2025-10-08 10:08:16,140 - INFO - 전체 페이지 높이 설정
2025-10-08 10:08:16,144 - INFO - 전체 페이지 높이: 4178px
2025-10-08 10:08:22,180 - INFO - 전체 페이지 스크린샷 촬영: PokerKakao
2025-10-08 10:08:22,469 - INFO - 전체 스크린샷 크기: 1920 x 4088
2025-10-08 10:08:22,480 - INFO - 시작 요소 위치: x=312, y=1852
2025-10-08 10:08:22,480 - INFO - 시작 요소 크기: width=120.26666259765624, height=28.0
2025-10-08 10:08:22,480 - INFO - 끝 요소 위치: x=320, y=3588
2025-10-08 10:08:22,480 - INFO - 끝 요소 크기: width=91.73333740234376, height=20.0
2025-10-08 10:08:22,480 - INFO - 최종 크롭 영역: left=212, top=1752, right=1212, bottom=3552
2025-10-08 10:08:22,576 - INFO - 캡처 완료: PokerKakao_20251008.png (크기: 1000 x 1800)
2025-10-08 10:08:22,578 - INFO - PokerKakao 캡처 성공!
2025-10-08 10:08:22,578 - INFO - ==================================================
2025-10-08 10:08:22,578 - INFO - 게임 캡처 시작: Sudda (com.neowiz.games.sudda)
2025-10-08 10:08:22,578 - INFO - 캡처 시작: Sudda (https://play.google.com/store/apps/details?id=com.neowiz.games.sudda)
2025-10-08 10:08:31,821 - INFO - 한국어 설정 적용
2025-10-08 10:08:31,848 - INFO - 한국어 URL로 리다이렉트: https://play.google.com/store/apps/details?id=com.neowiz.games.sudda&hl=ko
2025-10-08 10:08:36,238 - INFO - 화면 크기 최적화 시작
2025-10-08 10:08:36,241 - INFO - 현재 창 크기: 1920 x 4178
2025-10-08 10:08:38,308 - INFO - 화면 크기 최적화 완료
2025-10-08 10:08:38,319 - INFO - 기본 리뷰 섹션 캡처 시작: Sudda (버튼 클릭 없음)
2025-10-08 10:08:38,323 - INFO - 시작 요소 찾기 성공: '평점 및 리뷰' (선택자 1: //h2[text()='평점 및 리뷰'])
2025-10-08 10:08:38,329 - INFO - 끝 요소 찾기 성공: (선택자 2: //span[text()='리뷰 모두 보기'])
2025-10-08 10:08:38,337 - INFO - 시작 요소로 스크롤: Sudda
2025-10-08 10:08:41,345 - INFO - 전체 페이지 높이 설정
2025-10-08 10:08:41,349 - INFO - 전체 페이지 높이: 3958px
2025-10-08 10:08:47,388 - INFO - 전체 페이지 스크린샷 촬영: Sudda
2025-10-08 10:08:47,696 - INFO - 전체 스크린샷 크기: 1920 x 3868
2025-10-08 10:08:47,705 - INFO - 시작 요소 위치: x=312, y=1852
2025-10-08 10:08:47,705 - INFO - 시작 요소 크기: width=120.26666259765624, height=28.0
2025-10-08 10:08:47,706 - INFO - 끝 요소 위치: x=320, y=3368
2025-10-08 10:08:47,706 - INFO - 끝 요소 크기: width=91.73333740234376, height=20.0
2025-10-08 10:08:47,706 - INFO - 최종 크롭 영역: left=212, top=1752, right=1212, bottom=3552
2025-10-08 10:08:47,804 - INFO - 캡처 완료: Sudda_20251008.png (크기: 1000 x 1800)
2025-10-08 10:08:47,806 - INFO - Sudda 캡처 성공!
2025-10-08 10:08:47,807 - INFO - ==================================================
2025-10-08 10:08:47,807 - INFO - 게임 캡처 시작: SuddaKakao (com.neowiz.games.suddaKakao)
2025-10-08 10:08:47,807 - INFO - 캡처 시작: SuddaKakao (https://play.google.com/store/apps/details?id=com.neowiz.games.suddaKakao)
2025-10-08 10:08:57,237 - INFO - 한국어 설정 적용
2025-10-08 10:08:57,257 - INFO - 한국어 URL로 리다이렉트: https://play.google.com/store/apps/details?id=com.neowiz.games.suddaKakao&hl=ko
2025-10-08 10:09:01,685 - INFO - 화면 크기 최적화 시작
2025-10-08 10:09:01,687 - INFO - 현재 창 크기: 1920 x 3958
2025-10-08 10:09:03,697 - INFO - 화면 크기 최적화 완료
2025-10-08 10:09:03,697 - INFO - 기본 리뷰 섹션 캡처 시작: SuddaKakao (버튼 클릭 없음)
2025-10-08 10:09:03,700 - INFO - 시작 요소 찾기 성공: '평점 및 리뷰' (선택자 1: //h2[text()='평점 및 리뷰'])
2025-10-08 10:09:03,705 - INFO - 끝 요소 찾기 성공: (선택자 2: //span[text()='리뷰 모두 보기'])
2025-10-08 10:09:03,710 - INFO - 시작 요소로 스크롤: SuddaKakao
2025-10-08 10:09:06,716 - INFO - 전체 페이지 높이 설정
2025-10-08 10:09:06,728 - INFO - 전체 페이지 높이: 4118px
2025-10-08 10:09:12,776 - INFO - 전체 페이지 스크린샷 촬영: SuddaKakao
2025-10-08 10:09:13,054 - INFO - 전체 스크린샷 크기: 1920 x 4028
2025-10-08 10:09:13,063 - INFO - 시작 요소 위치: x=312, y=1852
2025-10-08 10:09:13,063 - INFO - 시작 요소 크기: width=120.26666259765624, height=28.0
2025-10-08 10:09:13,064 - INFO - 끝 요소 위치: x=320, y=3528
2025-10-08 10:09:13,064 - INFO - 끝 요소 크기: width=91.73333740234376, height=20.0
2025-10-08 10:09:13,064 - INFO - 최종 크롭 영역: left=212, top=1752, right=1212, bottom=3552
2025-10-08 10:09:13,163 - INFO - 캡처 완료: SuddaKakao_20251008.png (크기: 1000 x 1800)
2025-10-08 10:09:13,165 - INFO - SuddaKakao 캡처 성공!
2025-10-08 10:09:13,166 - INFO - ==================================================
2025-10-08 10:09:13,166 - INFO - 게임 캡처 시작: ShowdownHoldem (com.neowiz.games.pmang.holdem.poker)
2025-10-08 10:09:13,166 - INFO - 캡처 시작: ShowdownHoldem (https://play.google.com/store/apps/details?id=com.neowiz.games.pmang.holdem.poker)
2025-10-08 10:09:22,602 - INFO - 한국어 설정 적용
2025-10-08 10:09:22,612 - INFO - 한국어 URL로 리다이렉트: https://play.google.com/store/apps/details?id=com.neowiz.games.pmang.holdem.poker&hl=ko
2025-10-08 10:09:27,220 - INFO - 화면 크기 최적화 시작
2025-10-08 10:09:27,222 - INFO - 현재 창 크기: 1920 x 4118
2025-10-08 10:09:29,231 - INFO - 화면 크기 최적화 완료
2025-10-08 10:09:29,232 - INFO - 기본 리뷰 섹션 캡처 시작: ShowdownHoldem (버튼 클릭 없음)
2025-10-08 10:09:29,235 - INFO - 시작 요소 찾기 성공: '평점 및 리뷰' (선택자 1: //h2[text()='평점 및 리뷰'])
2025-10-08 10:09:29,241 - INFO - 끝 요소 찾기 성공: (선택자 2: //span[text()='리뷰 모두 보기'])
2025-10-08 10:09:29,253 - INFO - 시작 요소로 스크롤: ShowdownHoldem
2025-10-08 10:09:32,261 - INFO - 전체 페이지 높이 설정
2025-10-08 10:09:32,264 - INFO - 전체 페이지 높이: 3998px
2025-10-08 10:09:38,294 - INFO - 전체 페이지 스크린샷 촬영: ShowdownHoldem
2025-10-08 10:09:38,808 - INFO - 전체 스크린샷 크기: 1920 x 3908
2025-10-08 10:09:38,816 - INFO - 시작 요소 위치: x=312, y=1852
2025-10-08 10:09:38,817 - INFO - 시작 요소 크기: width=120.26666259765624, height=28.0
2025-10-08 10:09:38,817 - INFO - 끝 요소 위치: x=320, y=3408
2025-10-08 10:09:38,817 - INFO - 끝 요소 크기: width=91.73333740234376, height=20.0
2025-10-08 10:09:38,817 - INFO - 최종 크롭 영역: left=212, top=1752, right=1212, bottom=3552
2025-10-08 10:09:38,913 - INFO - 캡처 완료: ShowdownHoldem_20251008.png (크기: 1000 x 1800)
2025-10-08 10:09:38,916 - INFO - ShowdownHoldem 캡처 성공!
2025-10-08 10:09:38,916 - INFO - ==================================================
2025-10-08 10:09:38,916 - INFO - 게임 캡처 시작: NewVegas (com.neowiz.playstudio.slot.casino)
2025-10-08 10:09:38,916 - INFO - 캡처 시작: NewVegas (https://play.google.com/store/apps/details?id=com.neowiz.playstudio.slot.casino)
2025-10-08 10:09:48,400 - INFO - 한국어 설정 적용
2025-10-08 10:09:48,408 - INFO - 한국어 URL로 리다이렉트: https://play.google.com/store/apps/details?id=com.neowiz.playstudio.slot.casino&hl=ko
2025-10-08 10:09:52,781 - INFO - 화면 크기 최적화 시작
2025-10-08 10:09:52,783 - INFO - 현재 창 크기: 1920 x 3998
2025-10-08 10:09:54,793 - INFO - 화면 크기 최적화 완료
2025-10-08 10:09:54,793 - INFO - 기본 리뷰 섹션 캡처 시작: NewVegas (버튼 클릭 없음)
2025-10-08 10:09:54,796 - INFO - 시작 요소 찾기 성공: '평점 및 리뷰' (선택자 1: //h2[text()='평점 및 리뷰'])
2025-10-08 10:09:54,802 - INFO - 끝 요소 찾기 성공: (선택자 2: //span[text()='리뷰 모두 보기'])
2025-10-08 10:09:54,808 - INFO - 시작 요소로 스크롤: NewVegas
2025-10-08 10:09:57,814 - INFO - 전체 페이지 높이 설정
2025-10-08 10:09:57,818 - INFO - 전체 페이지 높이: 3834px
2025-10-08 10:10:03,895 - INFO - 전체 페이지 스크린샷 촬영: NewVegas
2025-10-08 10:10:04,195 - INFO - 전체 스크린샷 크기: 1920 x 3744
2025-10-08 10:10:04,207 - INFO - 시작 요소 위치: x=312, y=1852
2025-10-08 10:10:04,207 - INFO - 시작 요소 크기: width=120.26666259765624, height=28.0
2025-10-08 10:10:04,207 - INFO - 끝 요소 위치: x=320, y=3224
2025-10-08 10:10:04,207 - INFO - 끝 요소 크기: width=91.73333740234376, height=20.0
2025-10-08 10:10:04,207 - INFO - 최종 크롭 영역: left=212, top=1752, right=1212, bottom=3552
2025-10-08 10:10:04,292 - INFO - 캡처 완료: NewVegas_20251008.png (크기: 1000 x 1800)
2025-10-08 10:10:04,297 - INFO - NewVegas 캡처 성공!
2025-10-08 10:10:04,298 - INFO - ==================================================
2025-10-08 10:10:04,298 - INFO - HTML 파일 업데이트 시작
2025-10-08 10:10:04,336 - INFO - HTML 파일을 읽었습니다: aos_review.html
2025-10-08 10:10:04,361 - INFO - 기본 날짜 업데이트: 20251001 -> 20251008
2025-10-08 10:10:04,361 - INFO - availableDates 배열 업데이트: 20251008 추가됨
2025-10-08 10:10:04,361 - INFO - 날짜 선택 드롭다운 업데이트: 20251008 옵션 추가됨
2025-10-08 10:10:04,363 - INFO - 총 3개의 이미지 경로가 업데이트되었습니다.
2025-10-08 10:10:04,363 - INFO - 파일이 저장되었습니다: aos_review.html
2025-10-08 10:10:04,363 - INFO - HTML 파일 업데이트 성공!
2025-10-08 10:10:04,363 - INFO - ==================================================
2025-10-08 10:10:04,363 - INFO - 모든 게임 캡처 및 HTML 업데이트 성공!
2025-10-08 10:10:04,364 - INFO - ==================================================
2025-10-08 10:10:07,313 - INFO - Firefox WebDriver 종료
