2025-12-03 10:06:05,425 - INFO - ==================================================
2025-12-03 10:06:05,425 - INFO - 자동 Google Play 리뷰 캡처 및 HTML 업데이트 시작
2025-12-03 10:06:05,426 - INFO - 실행 날짜: 20251203
2025-12-03 10:06:05,426 - INFO - 저장 폴더: D:\aos_review\20251203
2025-12-03 10:06:05,426 - INFO - 캡처할 게임 수: 9개
2025-12-03 10:06:05,426 - INFO - ==================================================
2025-12-03 10:06:05,427 - INFO - 저장 폴더 생성: D:\aos_review\20251203
2025-12-03 10:06:14,514 - INFO - Firefox WebDriver 초기화 성공
2025-12-03 10:06:14,914 - INFO - 게임 캡처 시작: NewMatgo (com.neowiz.games.newmatgo)
2025-12-03 10:06:15,023 - INFO - 캡처 시작: NewMatgo (https://play.google.com/store/apps/details?id=com.neowiz.games.newmatgo)
2025-12-03 10:06:26,030 - INFO - 한국어 설정 적용
2025-12-03 10:06:26,044 - INFO - 한국어 URL로 리다이렉트: https://play.google.com/store/apps/details?id=com.neowiz.games.newmatgo&hl=ko
2025-12-03 10:06:32,140 - INFO - 화면 크기 최적화 시작
2025-12-03 10:06:32,142 - INFO - 현재 창 크기: 1920 x 1200
2025-12-03 10:06:34,211 - INFO - 화면 크기 최적화 완료
2025-12-03 10:06:34,211 - INFO - 기본 리뷰 섹션 캡처 시작: NewMatgo (버튼 클릭 없음)
2025-12-03 10:06:34,220 - INFO - 시작 요소 찾기 성공: '평점 및 리뷰' (선택자 1: //h2[text()='평점 및 리뷰'])
2025-12-03 10:06:34,228 - INFO - 끝 요소 찾기 성공: (선택자 2: //span[text()='리뷰 모두 보기'])
2025-12-03 10:06:34,233 - INFO - 시작 요소로 스크롤: NewMatgo
2025-12-03 10:06:37,240 - INFO - 전체 페이지 높이 설정
2025-12-03 10:06:37,244 - INFO - 전체 페이지 높이: 4349px
2025-12-03 10:06:47,677 - INFO - 전체 페이지 스크린샷 촬영: NewMatgo
2025-12-03 10:06:51,182 - INFO - 전체 스크린샷 크기: 1920 x 4259
2025-12-03 10:06:51,195 - INFO - 시작 요소 위치: x=312, y=2188
2025-12-03 10:06:51,196 - INFO - 시작 요소 크기: width=120.26666259765624, height=28.0
2025-12-03 10:06:51,196 - INFO - 끝 요소 위치: x=320, y=3720
2025-12-03 10:06:51,196 - INFO - 끝 요소 크기: width=91.73333740234376, height=20.0
2025-12-03 10:06:51,196 - INFO - 최종 크롭 영역: left=212, top=2088, right=1212, bottom=3888
2025-12-03 10:06:51,404 - INFO - 캡처 완료: NewMatgo_20251203.png (크기: 1000 x 1800)
2025-12-03 10:06:51,407 - INFO - NewMatgo 캡처 성공!
2025-12-03 10:06:51,407 - INFO - ==================================================
2025-12-03 10:06:51,407 - INFO - 게임 캡처 시작: NewMatgoKakao (com.neowiz.games.newmatgoKakao)
2025-12-03 10:06:51,408 - INFO - 캡처 시작: NewMatgoKakao (https://play.google.com/store/apps/details?id=com.neowiz.games.newmatgoKakao)
2025-12-03 10:07:02,850 - INFO - 한국어 설정 적용
2025-12-03 10:07:03,173 - INFO - 한국어 URL로 리다이렉트: https://play.google.com/store/apps/details?id=com.neowiz.games.newmatgoKakao&hl=ko
2025-12-03 10:07:08,282 - INFO - 화면 크기 최적화 시작
2025-12-03 10:07:08,284 - INFO - 현재 창 크기: 1920 x 4349
2025-12-03 10:07:10,311 - INFO - 화면 크기 최적화 완료
2025-12-03 10:07:10,312 - INFO - 기본 리뷰 섹션 캡처 시작: NewMatgoKakao (버튼 클릭 없음)
2025-12-03 10:07:10,317 - INFO - 시작 요소 찾기 성공: '평점 및 리뷰' (선택자 1: //h2[text()='평점 및 리뷰'])
2025-12-03 10:07:10,329 - INFO - 끝 요소 찾기 성공: (선택자 2: //span[text()='리뷰 모두 보기'])
2025-12-03 10:07:10,368 - INFO - 시작 요소로 스크롤: NewMatgoKakao
2025-12-03 10:07:14,247 - INFO - 전체 페이지 높이 설정
2025-12-03 10:07:14,796 - INFO - 전체 페이지 높이: 4160px
2025-12-03 10:07:21,013 - INFO - 전체 페이지 스크린샷 촬영: NewMatgoKakao
2025-12-03 10:07:21,305 - INFO - 전체 스크린샷 크기: 1920 x 4070
2025-12-03 10:07:21,318 - INFO - 시작 요소 위치: x=312, y=1900
2025-12-03 10:07:21,319 - INFO - 시작 요소 크기: width=120.26666259765624, height=28.0
2025-12-03 10:07:21,319 - INFO - 끝 요소 위치: x=320, y=3531
2025-12-03 10:07:21,319 - INFO - 끝 요소 크기: width=91.73333740234376, height=20.0
2025-12-03 10:07:21,319 - INFO - 최종 크롭 영역: left=212, top=1800, right=1212, bottom=3600
2025-12-03 10:07:21,439 - INFO - 캡처 완료: NewMatgoKakao_20251203.png (크기: 1000 x 1800)
2025-12-03 10:07:21,449 - INFO - NewMatgoKakao 캡처 성공!
2025-12-03 10:07:21,449 - INFO - ==================================================
2025-12-03 10:07:21,449 - INFO - 게임 캡처 시작: Original (com.neowiz.games.gostop2018)
2025-12-03 10:07:21,449 - INFO - 캡처 시작: Original (https://play.google.com/store/apps/details?id=com.neowiz.games.gostop2018)
2025-12-03 10:07:31,408 - INFO - 한국어 설정 적용
2025-12-03 10:07:31,415 - INFO - 한국어 URL로 리다이렉트: https://play.google.com/store/apps/details?id=com.neowiz.games.gostop2018&hl=ko
2025-12-03 10:07:36,338 - INFO - 화면 크기 최적화 시작
2025-12-03 10:07:36,341 - INFO - 현재 창 크기: 1920 x 4160
2025-12-03 10:07:38,567 - INFO - 화면 크기 최적화 완료
2025-12-03 10:07:38,567 - INFO - 기본 리뷰 섹션 캡처 시작: Original (버튼 클릭 없음)
2025-12-03 10:07:38,574 - INFO - 시작 요소 찾기 성공: '평점 및 리뷰' (선택자 1: //h2[text()='평점 및 리뷰'])
2025-12-03 10:07:38,670 - INFO - 끝 요소 찾기 성공: (선택자 2: //span[text()='리뷰 모두 보기'])
2025-12-03 10:07:38,681 - INFO - 시작 요소로 스크롤: Original
2025-12-03 10:07:41,863 - INFO - 전체 페이지 높이 설정
2025-12-03 10:07:42,067 - INFO - 전체 페이지 높이: 4032px
2025-12-03 10:07:48,105 - INFO - 전체 페이지 스크린샷 촬영: Original
2025-12-03 10:07:48,441 - INFO - 전체 스크린샷 크기: 1920 x 3942
2025-12-03 10:07:48,454 - INFO - 시작 요소 위치: x=312, y=1852
2025-12-03 10:07:48,454 - INFO - 시작 요소 크기: width=120.26666259765624, height=28.0
2025-12-03 10:07:48,454 - INFO - 끝 요소 위치: x=320, y=3443
2025-12-03 10:07:48,454 - INFO - 끝 요소 크기: width=91.73333740234376, height=20.0
2025-12-03 10:07:48,455 - INFO - 최종 크롭 영역: left=212, top=1752, right=1212, bottom=3552
2025-12-03 10:07:48,560 - INFO - 캡처 완료: Original_20251203.png (크기: 1000 x 1800)
2025-12-03 10:07:48,562 - INFO - Original 캡처 성공!
2025-12-03 10:07:48,562 - INFO - ==================================================
2025-12-03 10:07:48,562 - INFO - 게임 캡처 시작: Poker (com.neowiz.games.poker)
2025-12-03 10:07:48,562 - INFO - 캡처 시작: Poker (https://play.google.com/store/apps/details?id=com.neowiz.games.poker)
2025-12-03 10:07:58,513 - INFO - 한국어 설정 적용
2025-12-03 10:07:58,520 - INFO - 한국어 URL로 리다이렉트: https://play.google.com/store/apps/details?id=com.neowiz.games.poker&hl=ko
2025-12-03 10:08:03,462 - INFO - 화면 크기 최적화 시작
2025-12-03 10:08:03,471 - INFO - 현재 창 크기: 1920 x 4032
2025-12-03 10:08:05,594 - INFO - 화면 크기 최적화 완료
2025-12-03 10:08:05,595 - INFO - 기본 리뷰 섹션 캡처 시작: Poker (버튼 클릭 없음)
2025-12-03 10:08:05,598 - INFO - 시작 요소 찾기 성공: '평점 및 리뷰' (선택자 1: //h2[text()='평점 및 리뷰'])
2025-12-03 10:08:05,604 - INFO - 끝 요소 찾기 성공: (선택자 2: //span[text()='리뷰 모두 보기'])
2025-12-03 10:08:05,609 - INFO - 시작 요소로 스크롤: Poker
2025-12-03 10:08:08,615 - INFO - 전체 페이지 높이 설정
2025-12-03 10:08:08,619 - INFO - 전체 페이지 높이: 4020px
2025-12-03 10:08:14,649 - INFO - 전체 페이지 스크린샷 촬영: Poker
2025-12-03 10:08:15,005 - INFO - 전체 스크린샷 크기: 1920 x 3930
2025-12-03 10:08:15,013 - INFO - 시작 요소 위치: x=312, y=1900
2025-12-03 10:08:15,014 - INFO - 시작 요소 크기: width=120.26666259765624, height=28.0
2025-12-03 10:08:15,014 - INFO - 끝 요소 위치: x=320, y=3431
2025-12-03 10:08:15,014 - INFO - 끝 요소 크기: width=91.73333740234376, height=20.0
2025-12-03 10:08:15,014 - INFO - 최종 크롭 영역: left=212, top=1800, right=1212, bottom=3600
2025-12-03 10:08:15,112 - INFO - 캡처 완료: Poker_20251203.png (크기: 1000 x 1800)
2025-12-03 10:08:15,115 - INFO - Poker 캡처 성공!
2025-12-03 10:08:15,115 - INFO - ==================================================
2025-12-03 10:08:15,116 - INFO - 게임 캡처 시작: PokerKakao (com.neowiz.games.pokerKakao)
2025-12-03 10:08:15,116 - INFO - 캡처 시작: PokerKakao (https://play.google.com/store/apps/details?id=com.neowiz.games.pokerKakao)
2025-12-03 10:08:24,995 - INFO - 한국어 설정 적용
2025-12-03 10:08:25,008 - INFO - 한국어 URL로 리다이렉트: https://play.google.com/store/apps/details?id=com.neowiz.games.pokerKakao&hl=ko
2025-12-03 10:08:30,047 - INFO - 화면 크기 최적화 시작
2025-12-03 10:08:30,049 - INFO - 현재 창 크기: 1920 x 4020
2025-12-03 10:08:32,074 - INFO - 화면 크기 최적화 완료
2025-12-03 10:08:32,075 - INFO - 기본 리뷰 섹션 캡처 시작: PokerKakao (버튼 클릭 없음)
2025-12-03 10:08:32,078 - INFO - 시작 요소 찾기 성공: '평점 및 리뷰' (선택자 1: //h2[text()='평점 및 리뷰'])
2025-12-03 10:08:32,093 - INFO - 끝 요소 찾기 성공: (선택자 2: //span[text()='리뷰 모두 보기'])
2025-12-03 10:08:32,109 - INFO - 시작 요소로 스크롤: PokerKakao
2025-12-03 10:08:35,118 - INFO - 전체 페이지 높이 설정
2025-12-03 10:08:35,122 - INFO - 전체 페이지 높이: 4172px
2025-12-03 10:08:41,161 - INFO - 전체 페이지 스크린샷 촬영: PokerKakao
2025-12-03 10:08:41,458 - INFO - 전체 스크린샷 크기: 1920 x 4082
2025-12-03 10:08:41,467 - INFO - 시작 요소 위치: x=312, y=1852
2025-12-03 10:08:41,467 - INFO - 시작 요소 크기: width=120.26666259765624, height=28.0
2025-12-03 10:08:41,468 - INFO - 끝 요소 위치: x=320, y=3583
2025-12-03 10:08:41,468 - INFO - 끝 요소 크기: width=91.73333740234376, height=20.0
2025-12-03 10:08:41,468 - INFO - 최종 크롭 영역: left=212, top=1752, right=1212, bottom=3552
2025-12-03 10:08:41,694 - INFO - 캡처 완료: PokerKakao_20251203.png (크기: 1000 x 1800)
2025-12-03 10:08:41,697 - INFO - PokerKakao 캡처 성공!
2025-12-03 10:08:41,697 - INFO - ==================================================
2025-12-03 10:08:41,697 - INFO - 게임 캡처 시작: Sudda (com.neowiz.games.sudda)
2025-12-03 10:08:41,697 - INFO - 캡처 시작: Sudda (https://play.google.com/store/apps/details?id=com.neowiz.games.sudda)
2025-12-03 10:08:51,980 - INFO - 한국어 설정 적용
2025-12-03 10:08:51,989 - INFO - 한국어 URL로 리다이렉트: https://play.google.com/store/apps/details?id=com.neowiz.games.sudda&hl=ko
2025-12-03 10:08:57,121 - INFO - 화면 크기 최적화 시작
2025-12-03 10:08:57,125 - INFO - 현재 창 크기: 1920 x 4172
2025-12-03 10:08:59,138 - INFO - 화면 크기 최적화 완료
2025-12-03 10:08:59,138 - INFO - 기본 리뷰 섹션 캡처 시작: Sudda (버튼 클릭 없음)
2025-12-03 10:08:59,142 - INFO - 시작 요소 찾기 성공: '평점 및 리뷰' (선택자 1: //h2[text()='평점 및 리뷰'])
2025-12-03 10:08:59,148 - INFO - 끝 요소 찾기 성공: (선택자 2: //span[text()='리뷰 모두 보기'])
2025-12-03 10:08:59,161 - INFO - 시작 요소로 스크롤: Sudda
2025-12-03 10:09:02,178 - INFO - 전체 페이지 높이 설정
2025-12-03 10:09:02,181 - INFO - 전체 페이지 높이: 4241px
2025-12-03 10:09:08,230 - INFO - 전체 페이지 스크린샷 촬영: Sudda
2025-12-03 10:09:08,587 - INFO - 전체 스크린샷 크기: 1920 x 4151
2025-12-03 10:09:08,607 - INFO - 시작 요소 위치: x=312, y=2140
2025-12-03 10:09:08,607 - INFO - 시작 요소 크기: width=120.26666259765624, height=28.0
2025-12-03 10:09:08,607 - INFO - 끝 요소 위치: x=320, y=3652
2025-12-03 10:09:08,607 - INFO - 끝 요소 크기: width=91.73333740234376, height=20.0
2025-12-03 10:09:08,608 - INFO - 최종 크롭 영역: left=212, top=2040, right=1212, bottom=3840
2025-12-03 10:09:08,726 - INFO - 캡처 완료: Sudda_20251203.png (크기: 1000 x 1800)
2025-12-03 10:09:08,730 - INFO - Sudda 캡처 성공!
2025-12-03 10:09:08,731 - INFO - ==================================================
2025-12-03 10:09:08,731 - INFO - 게임 캡처 시작: SuddaKakao (com.neowiz.games.suddaKakao)
2025-12-03 10:09:08,731 - INFO - 캡처 시작: SuddaKakao (https://play.google.com/store/apps/details?id=com.neowiz.games.suddaKakao)
2025-12-03 10:09:18,552 - INFO - 한국어 설정 적용
2025-12-03 10:09:18,559 - INFO - 한국어 URL로 리다이렉트: https://play.google.com/store/apps/details?id=com.neowiz.games.suddaKakao&hl=ko
2025-12-03 10:09:23,436 - INFO - 화면 크기 최적화 시작
2025-12-03 10:09:23,439 - INFO - 현재 창 크기: 1920 x 4241
2025-12-03 10:09:25,453 - INFO - 화면 크기 최적화 완료
2025-12-03 10:09:25,453 - INFO - 기본 리뷰 섹션 캡처 시작: SuddaKakao (버튼 클릭 없음)
2025-12-03 10:09:25,456 - INFO - 시작 요소 찾기 성공: '평점 및 리뷰' (선택자 1: //h2[text()='평점 및 리뷰'])
2025-12-03 10:09:25,467 - INFO - 끝 요소 찾기 성공: (선택자 2: //span[text()='리뷰 모두 보기'])
2025-12-03 10:09:25,479 - INFO - 시작 요소로 스크롤: SuddaKakao
2025-12-03 10:09:28,592 - INFO - 전체 페이지 높이 설정
2025-12-03 10:09:28,662 - INFO - 전체 페이지 높이: 4072px
2025-12-03 10:09:35,328 - INFO - 전체 페이지 스크린샷 촬영: SuddaKakao
2025-12-03 10:09:35,625 - INFO - 전체 스크린샷 크기: 1920 x 3982
2025-12-03 10:09:35,632 - INFO - 시작 요소 위치: x=312, y=1852
2025-12-03 10:09:35,633 - INFO - 시작 요소 크기: width=120.26666259765624, height=28.0
2025-12-03 10:09:35,633 - INFO - 끝 요소 위치: x=320, y=3483
2025-12-03 10:09:35,634 - INFO - 끝 요소 크기: width=91.73333740234376, height=20.0
2025-12-03 10:09:35,634 - INFO - 최종 크롭 영역: left=212, top=1752, right=1212, bottom=3552
2025-12-03 10:09:35,739 - INFO - 캡처 완료: SuddaKakao_20251203.png (크기: 1000 x 1800)
2025-12-03 10:09:35,742 - INFO - SuddaKakao 캡처 성공!
2025-12-03 10:09:35,742 - INFO - ==================================================
2025-12-03 10:09:35,742 - INFO - 게임 캡처 시작: ShowdownHoldem (com.neowiz.games.pmang.holdem.poker)
2025-12-03 10:09:35,742 - INFO - 캡처 시작: ShowdownHoldem (https://play.google.com/store/apps/details?id=com.neowiz.games.pmang.holdem.poker)
2025-12-03 10:09:45,512 - INFO - 한국어 설정 적용
2025-12-03 10:09:45,519 - INFO - 한국어 URL로 리다이렉트: https://play.google.com/store/apps/details?id=com.neowiz.games.pmang.holdem.poker&hl=ko
2025-12-03 10:09:50,329 - INFO - 화면 크기 최적화 시작
2025-12-03 10:09:50,332 - INFO - 현재 창 크기: 1920 x 4072
2025-12-03 10:09:52,345 - INFO - 화면 크기 최적화 완료
2025-12-03 10:09:52,346 - INFO - 기본 리뷰 섹션 캡처 시작: ShowdownHoldem (버튼 클릭 없음)
2025-12-03 10:09:52,350 - INFO - 시작 요소 찾기 성공: '평점 및 리뷰' (선택자 1: //h2[text()='평점 및 리뷰'])
2025-12-03 10:09:52,358 - INFO - 끝 요소 찾기 성공: (선택자 2: //span[text()='리뷰 모두 보기'])
2025-12-03 10:09:52,364 - INFO - 시작 요소로 스크롤: ShowdownHoldem
2025-12-03 10:09:55,394 - INFO - 전체 페이지 높이 설정
2025-12-03 10:09:55,398 - INFO - 전체 페이지 높이: 4112px
2025-12-03 10:10:01,480 - INFO - 전체 페이지 스크린샷 촬영: ShowdownHoldem
2025-12-03 10:10:01,956 - INFO - 전체 스크린샷 크기: 1920 x 4022
2025-12-03 10:10:01,969 - INFO - 시작 요소 위치: x=312, y=1852
2025-12-03 10:10:01,970 - INFO - 시작 요소 크기: width=120.26666259765624, height=28.0
2025-12-03 10:10:01,970 - INFO - 끝 요소 위치: x=320, y=3483
2025-12-03 10:10:01,970 - INFO - 끝 요소 크기: width=91.73333740234376, height=20.0
2025-12-03 10:10:01,970 - INFO - 최종 크롭 영역: left=212, top=1752, right=1212, bottom=3552
2025-12-03 10:10:02,085 - INFO - 캡처 완료: ShowdownHoldem_20251203.png (크기: 1000 x 1800)
2025-12-03 10:10:02,087 - INFO - ShowdownHoldem 캡처 성공!
2025-12-03 10:10:02,087 - INFO - ==================================================
2025-12-03 10:10:02,087 - INFO - 게임 캡처 시작: NewVegas (com.neowiz.playstudio.slot.casino)
2025-12-03 10:10:02,088 - INFO - 캡처 시작: NewVegas (https://play.google.com/store/apps/details?id=com.neowiz.playstudio.slot.casino)
2025-12-03 10:10:12,053 - INFO - 한국어 설정 적용
2025-12-03 10:10:12,061 - INFO - 한국어 URL로 리다이렉트: https://play.google.com/store/apps/details?id=com.neowiz.playstudio.slot.casino&hl=ko
2025-12-03 10:10:16,765 - INFO - 화면 크기 최적화 시작
2025-12-03 10:10:16,820 - INFO - 현재 창 크기: 1920 x 4112
2025-12-03 10:10:19,271 - INFO - 화면 크기 최적화 완료
2025-12-03 10:10:19,272 - INFO - 기본 리뷰 섹션 캡처 시작: NewVegas (버튼 클릭 없음)
2025-12-03 10:10:19,278 - INFO - 시작 요소 찾기 성공: '평점 및 리뷰' (선택자 1: //h2[text()='평점 및 리뷰'])
2025-12-03 10:10:19,290 - INFO - 끝 요소 찾기 성공: (선택자 2: //span[text()='리뷰 모두 보기'])
2025-12-03 10:10:19,306 - INFO - 시작 요소로 스크롤: NewVegas
2025-12-03 10:10:22,315 - INFO - 전체 페이지 높이 설정
2025-12-03 10:10:22,319 - INFO - 전체 페이지 높이: 3972px
2025-12-03 10:10:28,378 - INFO - 전체 페이지 스크린샷 촬영: NewVegas
2025-12-03 10:10:28,688 - INFO - 전체 스크린샷 크기: 1920 x 3882
2025-12-03 10:10:28,786 - INFO - 시작 요소 위치: x=312, y=1852
2025-12-03 10:10:28,793 - INFO - 시작 요소 크기: width=120.26666259765624, height=28.0
2025-12-03 10:10:28,793 - INFO - 끝 요소 위치: x=320, y=3363
2025-12-03 10:10:28,793 - INFO - 끝 요소 크기: width=91.73333740234376, height=20.0
2025-12-03 10:10:28,794 - INFO - 최종 크롭 영역: left=212, top=1752, right=1212, bottom=3552
2025-12-03 10:10:30,476 - INFO - 캡처 완료: NewVegas_20251203.png (크기: 1000 x 1800)
2025-12-03 10:10:30,480 - INFO - NewVegas 캡처 성공!
2025-12-03 10:10:30,480 - INFO - ==================================================
2025-12-03 10:10:30,480 - INFO - HTML 파일 업데이트 시작
2025-12-03 10:10:30,483 - INFO - HTML 파일을 읽었습니다: aos_review.html
2025-12-03 10:10:30,494 - INFO - 날짜 선택 드롭다운에 새 날짜 추가: 20251203 (2025-12-03)
2025-12-03 10:10:30,494 - INFO - 기본 선택 날짜를 20251203로 설정
2025-12-03 10:10:30,495 - INFO - availableDates 배열 업데이트: 20251203 추가됨 (총 22개 날짜)
2025-12-03 10:10:30,496 - INFO - 기본 날짜 업데이트: 20251126 -> 20251203
2025-12-03 10:10:30,501 - INFO - 총 4개의 변경사항이 HTML 파일에 반영되었습니다.
2025-12-03 10:10:30,501 - INFO - 파일이 저장되었습니다: aos_review.html
2025-12-03 10:10:30,501 - INFO - HTML 파일 업데이트 성공!
2025-12-03 10:10:30,501 - INFO - ==================================================
2025-12-03 10:10:30,502 - INFO - ==================================================
2025-12-03 10:10:30,502 - INFO - Git 작업 시작
2025-12-03 10:10:30,502 - INFO - Git 작업 디렉토리: D:\aos_review
2025-12-03 10:10:33,562 - INFO - 변경된 파일:
2025-12-03 10:10:33,563 - INFO -  M aos_review.html
?? 20251203/
?? debug_test_1.html
?? debug_test_2.html
?? logs/auto_capture_20251203.log

2025-12-03 10:10:33,563 - INFO - git add . 실행 중...
2025-12-03 10:10:34,662 - INFO - git add 완료
2025-12-03 10:10:34,663 - INFO - git commit 실행 중... (메시지: Update and add new log files and scripts)
2025-12-03 10:10:35,786 - INFO - git commit 완료
2025-12-03 10:10:35,786 - INFO - [master 33092b6] Update and add new log files and scripts
 13 files changed, 788 insertions(+), 81 deletions(-)
 create mode 100644 20251203/NewMatgoKakao_20251203.png
 create mode 100644 20251203/NewMatgo_20251203.png
 create mode 100644 20251203/NewVegas_20251203.png
 create mode 100644 20251203/Original_20251203.png
 create mode 100644 20251203/PokerKakao_20251203.png
 create mode 100644 20251203/Poker_20251203.png
 create mode 100644 20251203/ShowdownHoldem_20251203.png
 create mode 100644 20251203/SuddaKakao_20251203.png
 create mode 100644 20251203/Sudda_20251203.png
 create mode 100644 debug_test_1.html
 create mode 100644 debug_test_2.html
 create mode 100644 logs/auto_capture_20251203.log

2025-12-03 10:10:35,786 - INFO - git push origin master 실행 중...
2025-12-03 10:10:40,338 - INFO - git push 완료
2025-12-03 10:10:40,338 - INFO - Git 작업 성공!
2025-12-03 10:10:40,338 - INFO - ==================================================
2025-12-03 10:10:40,339 - INFO - 모든 게임 캡처 및 HTML 업데이트 성공!
2025-12-03 10:10:40,339 - INFO - Git 작업도 성공적으로 완료되었습니다!
2025-12-03 10:10:40,339 - INFO - ==================================================
2025-12-03 10:10:43,479 - INFO - Firefox WebDriver 종료
