2025-09-03 15:06:06,039 - INFO - ==================================================
2025-09-03 15:06:06,039 - INFO - 자동 Google Play 리뷰 캡처 및 HTML 업데이트 시작
2025-09-03 15:06:06,040 - INFO - 실행 날짜: 20250903
2025-09-03 15:06:06,040 - INFO - 저장 폴더: D:\aos_review\20250903
2025-09-03 15:06:06,041 - INFO - 캡처할 게임 수: 9개
2025-09-03 15:06:06,041 - INFO - ==================================================
2025-09-03 15:06:06,041 - INFO - 저장 폴더 생성: D:\aos_review\20250903
2025-09-03 15:06:12,958 - INFO - Firefox WebDriver 초기화 성공
2025-09-03 15:06:12,958 - INFO - 게임 캡처 시작: NewMatgo (com.neowiz.games.newmatgo)
2025-09-03 15:06:12,959 - INFO - 캡처 시작: NewMatgo (https://play.google.com/store/apps/details?id=com.neowiz.games.newmatgo)
2025-09-03 15:06:24,650 - INFO - 한국어 설정 적용
2025-09-03 15:06:24,676 - INFO - 한국어 URL로 리다이렉트: https://play.google.com/store/apps/details?id=com.neowiz.games.newmatgo&hl=ko
2025-09-03 15:06:29,705 - INFO - 화면 크기 최적화 시작
2025-09-03 15:06:29,707 - INFO - 현재 창 크기: 1920 x 1200
2025-09-03 15:06:31,714 - INFO - 화면 크기 최적화 완료
2025-09-03 15:06:31,714 - INFO - 기본 리뷰 섹션 캡처 시작: NewMatgo (버튼 클릭 없음)
2025-09-03 15:06:31,722 - INFO - 시작 요소 찾기 성공: '평점 및 리뷰' (선택자 1: //h2[text()='평점 및 리뷰'])
2025-09-03 15:06:31,730 - INFO - 끝 요소 찾기 성공: (선택자 2: //span[text()='리뷰 모두 보기'])
2025-09-03 15:06:31,739 - INFO - 시작 요소로 스크롤: NewMatgo
2025-09-03 15:06:34,746 - INFO - 전체 페이지 높이 설정
2025-09-03 15:06:34,751 - INFO - 전체 페이지 높이: 3963px
2025-09-03 15:06:40,769 - INFO - 전체 페이지 스크린샷 촬영: NewMatgo
2025-09-03 15:06:41,409 - INFO - 전체 스크린샷 크기: 1920 x 3878
2025-09-03 15:06:41,423 - INFO - 시작 요소 위치: x=304, y=2188
2025-09-03 15:06:41,423 - INFO - 시작 요소 크기: width=120.26666259765624, height=28.0
2025-09-03 15:06:41,424 - INFO - 끝 요소 위치: x=312, y=3314
2025-09-03 15:06:41,425 - INFO - 끝 요소 크기: width=91.73333740234376, height=20.0
2025-09-03 15:06:41,428 - INFO - 최종 크롭 영역: left=204, top=2088, right=1204, bottom=3878
2025-09-03 15:06:41,571 - INFO - 캡처 완료: NewMatgo_20250903.png (크기: 1000 x 1790)
2025-09-03 15:06:41,575 - INFO - NewMatgo 캡처 성공!
2025-09-03 15:06:41,575 - INFO - ==================================================
2025-09-03 15:06:41,577 - INFO - 게임 캡처 시작: NewMatgoKakao (com.neowiz.games.newmatgoKakao)
2025-09-03 15:06:41,582 - INFO - 캡처 시작: NewMatgoKakao (https://play.google.com/store/apps/details?id=com.neowiz.games.newmatgoKakao)
2025-09-03 15:06:52,362 - INFO - 한국어 설정 적용
2025-09-03 15:06:52,373 - INFO - 한국어 URL로 리다이렉트: https://play.google.com/store/apps/details?id=com.neowiz.games.newmatgoKakao&hl=ko
2025-09-03 15:06:57,577 - INFO - 화면 크기 최적화 시작
2025-09-03 15:06:57,582 - INFO - 현재 창 크기: 1920 x 3963
2025-09-03 15:06:59,605 - INFO - 화면 크기 최적화 완료
2025-09-03 15:06:59,661 - INFO - 기본 리뷰 섹션 캡처 시작: NewMatgoKakao (버튼 클릭 없음)
2025-09-03 15:06:59,687 - INFO - 시작 요소 찾기 성공: '평점 및 리뷰' (선택자 1: //h2[text()='평점 및 리뷰'])
2025-09-03 15:06:59,707 - INFO - 끝 요소 찾기 성공: (선택자 2: //span[text()='리뷰 모두 보기'])
2025-09-03 15:06:59,739 - INFO - 시작 요소로 스크롤: NewMatgoKakao
2025-09-03 15:07:02,774 - INFO - 전체 페이지 높이 설정
2025-09-03 15:07:02,818 - INFO - 전체 페이지 높이: 4166px
2025-09-03 15:07:08,867 - INFO - 전체 페이지 스크린샷 촬영: NewMatgoKakao
2025-09-03 15:07:09,659 - INFO - 전체 스크린샷 크기: 1920 x 4081
2025-09-03 15:07:09,709 - INFO - 시작 요소 위치: x=304, y=1900
2025-09-03 15:07:09,760 - INFO - 시작 요소 크기: width=120.26666259765624, height=28.0
2025-09-03 15:07:09,762 - INFO - 끝 요소 위치: x=312, y=3516
2025-09-03 15:07:09,764 - INFO - 끝 요소 크기: width=91.73333740234376, height=20.0
2025-09-03 15:07:09,771 - INFO - 최종 크롭 영역: left=204, top=1800, right=1204, bottom=3600
2025-09-03 15:07:10,271 - INFO - 캡처 완료: NewMatgoKakao_20250903.png (크기: 1000 x 1800)
2025-09-03 15:07:10,437 - INFO - NewMatgoKakao 캡처 성공!
2025-09-03 15:07:10,471 - INFO - ==================================================
2025-09-03 15:07:10,485 - INFO - 게임 캡처 시작: Original (com.neowiz.games.gostop2018)
2025-09-03 15:07:10,505 - INFO - 캡처 시작: Original (https://play.google.com/store/apps/details?id=com.neowiz.games.gostop2018)
2025-09-03 15:07:23,626 - INFO - 한국어 설정 적용
2025-09-03 15:07:23,634 - INFO - 한국어 URL로 리다이렉트: https://play.google.com/store/apps/details?id=com.neowiz.games.gostop2018&hl=ko
2025-09-03 15:07:29,024 - INFO - 화면 크기 최적화 시작
2025-09-03 15:07:29,027 - INFO - 현재 창 크기: 1920 x 4166
2025-09-03 15:07:31,070 - INFO - 화면 크기 최적화 완료
2025-09-03 15:07:31,133 - INFO - 기본 리뷰 섹션 캡처 시작: Original (버튼 클릭 없음)
2025-09-03 15:07:31,143 - INFO - 시작 요소 찾기 성공: '평점 및 리뷰' (선택자 1: //h2[text()='평점 및 리뷰'])
2025-09-03 15:07:31,151 - INFO - 끝 요소 찾기 성공: (선택자 2: //span[text()='리뷰 모두 보기'])
2025-09-03 15:07:31,159 - INFO - 시작 요소로 스크롤: Original
2025-09-03 15:07:34,222 - INFO - 전체 페이지 높이 설정
2025-09-03 15:07:34,227 - INFO - 전체 페이지 높이: 4038px
2025-09-03 15:07:40,250 - INFO - 전체 페이지 스크린샷 촬영: Original
2025-09-03 15:07:40,766 - INFO - 전체 스크린샷 크기: 1920 x 3953
2025-09-03 15:07:40,782 - INFO - 시작 요소 위치: x=304, y=1852
2025-09-03 15:07:40,783 - INFO - 시작 요소 크기: width=120.26666259765624, height=28.0
2025-09-03 15:07:40,786 - INFO - 끝 요소 위치: x=312, y=3448
2025-09-03 15:07:40,787 - INFO - 끝 요소 크기: width=91.73333740234376, height=20.0
2025-09-03 15:07:40,788 - INFO - 최종 크롭 영역: left=204, top=1752, right=1204, bottom=3552
2025-09-03 15:07:41,003 - INFO - 캡처 완료: Original_20250903.png (크기: 1000 x 1800)
2025-09-03 15:07:41,126 - INFO - Original 캡처 성공!
2025-09-03 15:07:41,175 - INFO - ==================================================
2025-09-03 15:07:41,205 - INFO - 게임 캡처 시작: Poker (com.neowiz.games.poker)
2025-09-03 15:07:41,255 - INFO - 캡처 시작: Poker (https://play.google.com/store/apps/details?id=com.neowiz.games.poker)
2025-09-03 15:07:52,320 - INFO - 한국어 설정 적용
2025-09-03 15:07:52,328 - INFO - 한국어 URL로 리다이렉트: https://play.google.com/store/apps/details?id=com.neowiz.games.poker&hl=ko
2025-09-03 15:07:57,719 - INFO - 화면 크기 최적화 시작
2025-09-03 15:07:57,722 - INFO - 현재 창 크기: 1920 x 4038
2025-09-03 15:07:59,736 - INFO - 화면 크기 최적화 완료
2025-09-03 15:07:59,738 - INFO - 기본 리뷰 섹션 캡처 시작: Poker (버튼 클릭 없음)
2025-09-03 15:07:59,745 - INFO - 시작 요소 찾기 성공: '평점 및 리뷰' (선택자 1: //h2[text()='평점 및 리뷰'])
2025-09-03 15:07:59,757 - INFO - 끝 요소 찾기 성공: (선택자 2: //span[text()='리뷰 모두 보기'])
2025-09-03 15:07:59,765 - INFO - 시작 요소로 스크롤: Poker
2025-09-03 15:08:02,778 - INFO - 전체 페이지 높이 설정
2025-09-03 15:08:03,018 - INFO - 전체 페이지 높이: 4146px
2025-09-03 15:08:09,107 - INFO - 전체 페이지 스크린샷 촬영: Poker
2025-09-03 15:08:09,596 - INFO - 전체 스크린샷 크기: 1920 x 4061
2025-09-03 15:08:09,629 - INFO - 시작 요소 위치: x=304, y=1900
2025-09-03 15:08:09,630 - INFO - 시작 요소 크기: width=120.26666259765624, height=28.0
2025-09-03 15:08:09,631 - INFO - 끝 요소 위치: x=312, y=3536
2025-09-03 15:08:09,633 - INFO - 끝 요소 크기: width=91.73333740234376, height=20.0
2025-09-03 15:08:09,634 - INFO - 최종 크롭 영역: left=204, top=1800, right=1204, bottom=3600
2025-09-03 15:08:09,832 - INFO - 캡처 완료: Poker_20250903.png (크기: 1000 x 1800)
2025-09-03 15:08:09,837 - INFO - Poker 캡처 성공!
2025-09-03 15:08:09,837 - INFO - ==================================================
2025-09-03 15:08:09,838 - INFO - 게임 캡처 시작: PokerKakao (com.neowiz.games.pokerKakao)
2025-09-03 15:08:09,846 - INFO - 캡처 시작: PokerKakao (https://play.google.com/store/apps/details?id=com.neowiz.games.pokerKakao)
2025-09-03 15:08:23,156 - INFO - 한국어 설정 적용
2025-09-03 15:08:23,163 - INFO - 한국어 URL로 리다이렉트: https://play.google.com/store/apps/details?id=com.neowiz.games.pokerKakao&hl=ko
2025-09-03 15:08:29,468 - INFO - 화면 크기 최적화 시작
2025-09-03 15:08:29,471 - INFO - 현재 창 크기: 1920 x 4146
2025-09-03 15:08:31,482 - INFO - 화면 크기 최적화 완료
2025-09-03 15:08:31,490 - INFO - 기본 리뷰 섹션 캡처 시작: PokerKakao (버튼 클릭 없음)
2025-09-03 15:08:31,496 - INFO - 시작 요소 찾기 성공: '평점 및 리뷰' (선택자 1: //h2[text()='평점 및 리뷰'])
2025-09-03 15:08:31,502 - INFO - 끝 요소 찾기 성공: (선택자 2: //span[text()='리뷰 모두 보기'])
2025-09-03 15:08:31,509 - INFO - 시작 요소로 스크롤: PokerKakao
2025-09-03 15:08:34,518 - INFO - 전체 페이지 높이 설정
2025-09-03 15:08:34,561 - INFO - 전체 페이지 높이: 4198px
2025-09-03 15:08:40,600 - INFO - 전체 페이지 스크린샷 촬영: PokerKakao
2025-09-03 15:08:41,078 - INFO - 전체 스크린샷 크기: 1920 x 4113
2025-09-03 15:08:41,093 - INFO - 시작 요소 위치: x=304, y=1852
2025-09-03 15:08:41,097 - INFO - 시작 요소 크기: width=120.26666259765624, height=28.0
2025-09-03 15:08:41,098 - INFO - 끝 요소 위치: x=312, y=3588
2025-09-03 15:08:41,101 - INFO - 끝 요소 크기: width=91.73333740234376, height=20.0
2025-09-03 15:08:41,103 - INFO - 최종 크롭 영역: left=204, top=1752, right=1204, bottom=3552
2025-09-03 15:08:41,273 - INFO - 캡처 완료: PokerKakao_20250903.png (크기: 1000 x 1800)
2025-09-03 15:08:41,287 - INFO - PokerKakao 캡처 성공!
2025-09-03 15:08:41,305 - INFO - ==================================================
2025-09-03 15:08:41,307 - INFO - 게임 캡처 시작: Sudda (com.neowiz.games.sudda)
2025-09-03 15:08:41,308 - INFO - 캡처 시작: Sudda (https://play.google.com/store/apps/details?id=com.neowiz.games.sudda)
2025-09-03 15:08:52,569 - INFO - 한국어 설정 적용
2025-09-03 15:08:52,576 - INFO - 한국어 URL로 리다이렉트: https://play.google.com/store/apps/details?id=com.neowiz.games.sudda&hl=ko
2025-09-03 15:08:58,819 - INFO - 화면 크기 최적화 시작
2025-09-03 15:08:58,830 - INFO - 현재 창 크기: 1920 x 4198
2025-09-03 15:09:00,872 - INFO - 화면 크기 최적화 완료
2025-09-03 15:09:00,874 - INFO - 기본 리뷰 섹션 캡처 시작: Sudda (버튼 클릭 없음)
2025-09-03 15:09:00,878 - INFO - 시작 요소 찾기 성공: '평점 및 리뷰' (선택자 1: //h2[text()='평점 및 리뷰'])
2025-09-03 15:09:00,883 - INFO - 끝 요소 찾기 성공: (선택자 2: //span[text()='리뷰 모두 보기'])
2025-09-03 15:09:00,890 - INFO - 시작 요소로 스크롤: Sudda
2025-09-03 15:09:03,897 - INFO - 전체 페이지 높이 설정
2025-09-03 15:09:03,901 - INFO - 전체 페이지 높이: 3859px
2025-09-03 15:09:09,919 - INFO - 전체 페이지 스크린샷 촬영: Sudda
2025-09-03 15:09:10,163 - INFO - 전체 스크린샷 크기: 1920 x 3774
2025-09-03 15:09:10,178 - INFO - 시작 요소 위치: x=304, y=1856
2025-09-03 15:09:10,178 - INFO - 시작 요소 크기: width=120.26666259765624, height=28.0
2025-09-03 15:09:10,179 - INFO - 끝 요소 위치: x=312, y=3250
2025-09-03 15:09:10,181 - INFO - 끝 요소 크기: width=91.73333740234376, height=20.0
2025-09-03 15:09:10,181 - INFO - 최종 크롭 영역: left=204, top=1756, right=1204, bottom=3556
2025-09-03 15:09:10,279 - INFO - 캡처 완료: Sudda_20250903.png (크기: 1000 x 1800)
2025-09-03 15:09:10,283 - INFO - Sudda 캡처 성공!
2025-09-03 15:09:10,284 - INFO - ==================================================
2025-09-03 15:09:10,285 - INFO - 게임 캡처 시작: SuddaKakao (com.neowiz.games.suddaKakao)
2025-09-03 15:09:10,286 - INFO - 캡처 시작: SuddaKakao (https://play.google.com/store/apps/details?id=com.neowiz.games.suddaKakao)
2025-09-03 15:09:21,397 - INFO - 한국어 설정 적용
2025-09-03 15:09:21,407 - INFO - 한국어 URL로 리다이렉트: https://play.google.com/store/apps/details?id=com.neowiz.games.suddaKakao&hl=ko
2025-09-03 15:09:27,075 - INFO - 화면 크기 최적화 시작
2025-09-03 15:09:27,078 - INFO - 현재 창 크기: 1920 x 3859
2025-09-03 15:09:29,090 - INFO - 화면 크기 최적화 완료
2025-09-03 15:09:29,092 - INFO - 기본 리뷰 섹션 캡처 시작: SuddaKakao (버튼 클릭 없음)
2025-09-03 15:09:29,101 - INFO - 시작 요소 찾기 성공: '평점 및 리뷰' (선택자 1: //h2[text()='평점 및 리뷰'])
2025-09-03 15:09:29,107 - INFO - 끝 요소 찾기 성공: (선택자 2: //span[text()='리뷰 모두 보기'])
2025-09-03 15:09:29,113 - INFO - 시작 요소로 스크롤: SuddaKakao
2025-09-03 15:09:32,120 - INFO - 전체 페이지 높이 설정
2025-09-03 15:09:32,187 - INFO - 전체 페이지 높이: 3930px
2025-09-03 15:09:38,218 - INFO - 전체 페이지 스크린샷 촬영: SuddaKakao
2025-09-03 15:09:38,577 - INFO - 전체 스크린샷 크기: 1920 x 3845
2025-09-03 15:09:38,596 - INFO - 시작 요소 위치: x=304, y=1644
2025-09-03 15:09:38,597 - INFO - 시작 요소 크기: width=120.26666259765624, height=28.0
2025-09-03 15:09:38,598 - INFO - 끝 요소 위치: x=312, y=3320
2025-09-03 15:09:38,599 - INFO - 끝 요소 크기: width=91.73333740234376, height=20.0
2025-09-03 15:09:38,601 - INFO - 최종 크롭 영역: left=204, top=1544, right=1204, bottom=3344
2025-09-03 15:09:38,763 - INFO - 캡처 완료: SuddaKakao_20250903.png (크기: 1000 x 1800)
2025-09-03 15:09:38,821 - INFO - SuddaKakao 캡처 성공!
2025-09-03 15:09:38,834 - INFO - ==================================================
2025-09-03 15:09:38,856 - INFO - 게임 캡처 시작: ShowdownHoldem (com.neowiz.games.pmang.holdem.poker)
2025-09-03 15:09:38,881 - INFO - 캡처 시작: ShowdownHoldem (https://play.google.com/store/apps/details?id=com.neowiz.games.pmang.holdem.poker)
2025-09-03 15:09:50,090 - INFO - 한국어 설정 적용
2025-09-03 15:09:50,246 - INFO - 한국어 URL로 리다이렉트: https://play.google.com/store/apps/details?id=com.neowiz.games.pmang.holdem.poker&hl=ko
2025-09-03 15:09:57,200 - INFO - 화면 크기 최적화 시작
2025-09-03 15:09:57,233 - INFO - 현재 창 크기: 1920 x 3930
2025-09-03 15:09:59,242 - INFO - 화면 크기 최적화 완료
2025-09-03 15:09:59,243 - INFO - 기본 리뷰 섹션 캡처 시작: ShowdownHoldem (버튼 클릭 없음)
2025-09-03 15:09:59,248 - INFO - 시작 요소 찾기 성공: '평점 및 리뷰' (선택자 1: //h2[text()='평점 및 리뷰'])
2025-09-03 15:09:59,254 - INFO - 끝 요소 찾기 성공: (선택자 2: //span[text()='리뷰 모두 보기'])
2025-09-03 15:09:59,259 - INFO - 시작 요소로 스크롤: ShowdownHoldem
2025-09-03 15:10:02,266 - INFO - 전체 페이지 높이 설정
2025-09-03 15:10:02,271 - INFO - 전체 페이지 높이: 3958px
2025-09-03 15:10:08,293 - INFO - 전체 페이지 스크린샷 촬영: ShowdownHoldem
2025-09-03 15:10:09,321 - INFO - 전체 스크린샷 크기: 1920 x 3873
2025-09-03 15:10:09,375 - INFO - 시작 요소 위치: x=304, y=1852
2025-09-03 15:10:09,419 - INFO - 시작 요소 크기: width=120.26666259765624, height=28.0
2025-09-03 15:10:09,424 - INFO - 끝 요소 위치: x=312, y=3348
2025-09-03 15:10:09,429 - INFO - 끝 요소 크기: width=91.73333740234376, height=20.0
2025-09-03 15:10:09,435 - INFO - 최종 크롭 영역: left=204, top=1752, right=1204, bottom=3552
2025-09-03 15:10:09,793 - INFO - 캡처 완료: ShowdownHoldem_20250903.png (크기: 1000 x 1800)
2025-09-03 15:10:09,827 - INFO - ShowdownHoldem 캡처 성공!
2025-09-03 15:10:09,829 - INFO - ==================================================
2025-09-03 15:10:09,847 - INFO - 게임 캡처 시작: NewVegas (com.neowiz.playstudio.slot.casino)
2025-09-03 15:10:09,857 - INFO - 캡처 시작: NewVegas (https://play.google.com/store/apps/details?id=com.neowiz.playstudio.slot.casino)
2025-09-03 15:10:20,870 - INFO - 한국어 설정 적용
2025-09-03 15:10:20,888 - INFO - 한국어 URL로 리다이렉트: https://play.google.com/store/apps/details?id=com.neowiz.playstudio.slot.casino&hl=ko
2025-09-03 15:10:25,993 - INFO - 화면 크기 최적화 시작
2025-09-03 15:10:25,996 - INFO - 현재 창 크기: 1920 x 3958
2025-09-03 15:10:28,007 - INFO - 화면 크기 최적화 완료
2025-09-03 15:10:28,008 - INFO - 기본 리뷰 섹션 캡처 시작: NewVegas (버튼 클릭 없음)
2025-09-03 15:10:28,013 - INFO - 시작 요소 찾기 성공: '평점 및 리뷰' (선택자 1: //h2[text()='평점 및 리뷰'])
2025-09-03 15:10:28,019 - INFO - 끝 요소 찾기 성공: (선택자 2: //span[text()='리뷰 모두 보기'])
2025-09-03 15:10:28,028 - INFO - 시작 요소로 스크롤: NewVegas
2025-09-03 15:10:31,035 - INFO - 전체 페이지 높이 설정
2025-09-03 15:10:31,045 - INFO - 전체 페이지 높이: 3998px
2025-09-03 15:10:37,065 - INFO - 전체 페이지 스크린샷 촬영: NewVegas
2025-09-03 15:10:37,566 - INFO - 전체 스크린샷 크기: 1920 x 3913
2025-09-03 15:10:37,578 - INFO - 시작 요소 위치: x=304, y=1852
2025-09-03 15:10:37,578 - INFO - 시작 요소 크기: width=120.26666259765624, height=28.0
2025-09-03 15:10:37,581 - INFO - 끝 요소 위치: x=312, y=3388
2025-09-03 15:10:37,586 - INFO - 끝 요소 크기: width=91.73333740234376, height=20.0
2025-09-03 15:10:37,587 - INFO - 최종 크롭 영역: left=204, top=1752, right=1204, bottom=3552
2025-09-03 15:10:37,712 - INFO - 캡처 완료: NewVegas_20250903.png (크기: 1000 x 1800)
2025-09-03 15:10:37,715 - INFO - NewVegas 캡처 성공!
2025-09-03 15:10:37,716 - INFO - ==================================================
2025-09-03 15:10:37,717 - INFO - HTML 파일 업데이트 시작
2025-09-03 15:10:37,721 - INFO - HTML 파일을 읽었습니다: aos_review.html
2025-09-03 15:10:37,744 - INFO - 기본 날짜 업데이트: 20250827 -> 20250903
2025-09-03 15:10:37,744 - INFO - availableDates 배열 업데이트: 20250903 추가됨
2025-09-03 15:10:37,745 - INFO - 날짜 선택 드롭다운 업데이트: 20250903 옵션 추가됨
2025-09-03 15:10:37,758 - INFO - 총 3개의 이미지 경로가 업데이트되었습니다.
2025-09-03 15:10:37,758 - INFO - 파일이 저장되었습니다: aos_review.html
2025-09-03 15:10:37,759 - INFO - HTML 파일 업데이트 성공!
2025-09-03 15:10:37,760 - INFO - ==================================================
2025-09-03 15:10:37,761 - INFO - 모든 게임 캡처 및 HTML 업데이트 성공!
2025-09-03 15:10:37,762 - INFO - ==================================================
2025-09-03 15:10:41,022 - INFO - Firefox WebDriver 종료
