2025-09-24 10:06:01,251 - INFO - ==================================================
2025-09-24 10:06:01,253 - INFO - 자동 Google Play 리뷰 캡처 및 HTML 업데이트 시작
2025-09-24 10:06:01,253 - INFO - 실행 날짜: 20250924
2025-09-24 10:06:01,253 - INFO - 저장 폴더: D:\aos_review\20250924
2025-09-24 10:06:01,254 - INFO - 캡처할 게임 수: 9개
2025-09-24 10:06:01,254 - INFO - ==================================================
2025-09-24 10:06:01,255 - INFO - 저장 폴더 생성: D:\aos_review\20250924
2025-09-24 10:06:12,081 - INFO - Firefox WebDriver 초기화 성공
2025-09-24 10:06:12,084 - INFO - 게임 캡처 시작: NewMatgo (com.neowiz.games.newmatgo)
2025-09-24 10:06:12,084 - INFO - 캡처 시작: NewMatgo (https://play.google.com/store/apps/details?id=com.neowiz.games.newmatgo)
2025-09-24 10:06:24,123 - INFO - 한국어 설정 적용
2025-09-24 10:06:24,144 - INFO - 한국어 URL로 리다이렉트: https://play.google.com/store/apps/details?id=com.neowiz.games.newmatgo&hl=ko
2025-09-24 10:06:30,005 - INFO - 화면 크기 최적화 시작
2025-09-24 10:06:30,007 - INFO - 현재 창 크기: 1920 x 1200
2025-09-24 10:06:32,064 - INFO - 화면 크기 최적화 완료
2025-09-24 10:06:32,066 - INFO - 기본 리뷰 섹션 캡처 시작: NewMatgo (버튼 클릭 없음)
2025-09-24 10:06:32,091 - INFO - 시작 요소 찾기 성공: '평점 및 리뷰' (선택자 1: //h2[text()='평점 및 리뷰'])
2025-09-24 10:06:32,106 - INFO - 끝 요소 찾기 성공: (선택자 2: //span[text()='리뷰 모두 보기'])
2025-09-24 10:06:32,115 - INFO - 시작 요소로 스크롤: NewMatgo
2025-09-24 10:06:35,437 - INFO - 전체 페이지 높이 설정
2025-09-24 10:06:35,444 - INFO - 전체 페이지 높이: 4535px
2025-09-24 10:06:44,235 - INFO - 전체 페이지 스크린샷 촬영: NewMatgo
2025-09-24 10:06:45,955 - INFO - 전체 스크린샷 크기: 1920 x 4445
2025-09-24 10:06:45,967 - INFO - 시작 요소 위치: x=304, y=2188
2025-09-24 10:06:45,968 - INFO - 시작 요소 크기: width=120.26666259765624, height=28.0
2025-09-24 10:06:45,968 - INFO - 끝 요소 위치: x=312, y=3886
2025-09-24 10:06:45,968 - INFO - 끝 요소 크기: width=91.73333740234376, height=20.0
2025-09-24 10:06:45,968 - INFO - 최종 크롭 영역: left=204, top=2088, right=1204, bottom=3888
2025-09-24 10:06:49,617 - INFO - 캡처 완료: NewMatgo_20250924.png (크기: 1000 x 1800)
2025-09-24 10:06:49,628 - INFO - NewMatgo 캡처 성공!
2025-09-24 10:06:49,628 - INFO - ==================================================
2025-09-24 10:06:49,629 - INFO - 게임 캡처 시작: NewMatgoKakao (com.neowiz.games.newmatgoKakao)
2025-09-24 10:06:49,629 - INFO - 캡처 시작: NewMatgoKakao (https://play.google.com/store/apps/details?id=com.neowiz.games.newmatgoKakao)
2025-09-24 10:07:00,156 - INFO - 한국어 설정 적용
2025-09-24 10:07:00,178 - INFO - 한국어 URL로 리다이렉트: https://play.google.com/store/apps/details?id=com.neowiz.games.newmatgoKakao&hl=ko
2025-09-24 10:07:05,205 - INFO - 화면 크기 최적화 시작
2025-09-24 10:07:05,207 - INFO - 현재 창 크기: 1920 x 4535
2025-09-24 10:07:07,480 - INFO - 화면 크기 최적화 완료
2025-09-24 10:07:07,485 - INFO - 기본 리뷰 섹션 캡처 시작: NewMatgoKakao (버튼 클릭 없음)
2025-09-24 10:07:07,504 - INFO - 시작 요소 찾기 성공: '평점 및 리뷰' (선택자 1: //h2[text()='평점 및 리뷰'])
2025-09-24 10:07:07,565 - INFO - 끝 요소 찾기 성공: (선택자 2: //span[text()='리뷰 모두 보기'])
2025-09-24 10:07:07,570 - INFO - 시작 요소로 스크롤: NewMatgoKakao
2025-09-24 10:07:10,584 - INFO - 전체 페이지 높이 설정
2025-09-24 10:07:10,588 - INFO - 전체 페이지 높이: 4166px
2025-09-24 10:07:16,651 - INFO - 전체 페이지 스크린샷 촬영: NewMatgoKakao
2025-09-24 10:07:17,138 - INFO - 전체 스크린샷 크기: 1920 x 4076
2025-09-24 10:07:17,154 - INFO - 시작 요소 위치: x=304, y=1900
2025-09-24 10:07:17,154 - INFO - 시작 요소 크기: width=120.26666259765624, height=28.0
2025-09-24 10:07:17,155 - INFO - 끝 요소 위치: x=312, y=3516
2025-09-24 10:07:17,155 - INFO - 끝 요소 크기: width=91.73333740234376, height=20.0
2025-09-24 10:07:17,155 - INFO - 최종 크롭 영역: left=204, top=1800, right=1204, bottom=3600
2025-09-24 10:07:17,314 - INFO - 캡처 완료: NewMatgoKakao_20250924.png (크기: 1000 x 1800)
2025-09-24 10:07:17,317 - INFO - NewMatgoKakao 캡처 성공!
2025-09-24 10:07:17,317 - INFO - ==================================================
2025-09-24 10:07:17,317 - INFO - 게임 캡처 시작: Original (com.neowiz.games.gostop2018)
2025-09-24 10:07:17,318 - INFO - 캡처 시작: Original (https://play.google.com/store/apps/details?id=com.neowiz.games.gostop2018)
2025-09-24 10:11:28,435 - INFO - 한국어 설정 적용
2025-09-24 10:11:28,443 - INFO - 한국어 URL로 리다이렉트: https://play.google.com/store/apps/details?id=com.neowiz.games.gostop2018&hl=ko
2025-09-24 10:11:33,545 - INFO - 화면 크기 최적화 시작
2025-09-24 10:11:33,547 - INFO - 현재 창 크기: 1920 x 4166
2025-09-24 10:11:35,622 - INFO - 화면 크기 최적화 완료
2025-09-24 10:11:35,660 - INFO - 기본 리뷰 섹션 캡처 시작: Original (버튼 클릭 없음)
2025-09-24 10:11:35,684 - INFO - 시작 요소 찾기 성공: '평점 및 리뷰' (선택자 1: //h2[text()='평점 및 리뷰'])
2025-09-24 10:11:35,695 - INFO - 끝 요소 찾기 성공: (선택자 2: //span[text()='리뷰 모두 보기'])
2025-09-24 10:11:35,701 - INFO - 시작 요소로 스크롤: Original
2025-09-24 10:11:38,721 - INFO - 전체 페이지 높이 설정
2025-09-24 10:11:38,724 - INFO - 전체 페이지 높이: 4038px
2025-09-24 10:11:44,751 - INFO - 전체 페이지 스크린샷 촬영: Original
2025-09-24 10:11:45,002 - INFO - 전체 스크린샷 크기: 1920 x 3948
2025-09-24 10:11:45,010 - INFO - 시작 요소 위치: x=304, y=1852
2025-09-24 10:11:45,010 - INFO - 시작 요소 크기: width=120.26666259765624, height=28.0
2025-09-24 10:11:45,010 - INFO - 끝 요소 위치: x=312, y=3448
2025-09-24 10:11:45,011 - INFO - 끝 요소 크기: width=91.73333740234376, height=20.0
2025-09-24 10:11:45,011 - INFO - 최종 크롭 영역: left=204, top=1752, right=1204, bottom=3552
2025-09-24 10:11:45,125 - INFO - 캡처 완료: Original_20250924.png (크기: 1000 x 1800)
2025-09-24 10:11:45,129 - INFO - Original 캡처 성공!
2025-09-24 10:11:45,129 - INFO - ==================================================
2025-09-24 10:11:45,129 - INFO - 게임 캡처 시작: Poker (com.neowiz.games.poker)
2025-09-24 10:11:45,129 - INFO - 캡처 시작: Poker (https://play.google.com/store/apps/details?id=com.neowiz.games.poker)
2025-09-24 10:11:55,962 - INFO - 한국어 설정 적용
2025-09-24 10:11:55,968 - INFO - 한국어 URL로 리다이렉트: https://play.google.com/store/apps/details?id=com.neowiz.games.poker&hl=ko
2025-09-24 10:12:01,085 - INFO - 화면 크기 최적화 시작
2025-09-24 10:12:01,087 - INFO - 현재 창 크기: 1920 x 4038
2025-09-24 10:12:03,111 - INFO - 화면 크기 최적화 완료
2025-09-24 10:12:03,111 - INFO - 기본 리뷰 섹션 캡처 시작: Poker (버튼 클릭 없음)
2025-09-24 10:12:03,115 - INFO - 시작 요소 찾기 성공: '평점 및 리뷰' (선택자 1: //h2[text()='평점 및 리뷰'])
2025-09-24 10:12:03,124 - INFO - 끝 요소 찾기 성공: (선택자 2: //span[text()='리뷰 모두 보기'])
2025-09-24 10:12:03,139 - INFO - 시작 요소로 스크롤: Poker
2025-09-24 10:12:06,150 - INFO - 전체 페이지 높이 설정
2025-09-24 10:12:06,157 - INFO - 전체 페이지 높이: 3930px
2025-09-24 10:12:12,185 - INFO - 전체 페이지 스크린샷 촬영: Poker
2025-09-24 10:12:12,477 - INFO - 전체 스크린샷 크기: 1920 x 3840
2025-09-24 10:12:12,498 - INFO - 시작 요소 위치: x=304, y=1900
2025-09-24 10:12:12,498 - INFO - 시작 요소 크기: width=120.26666259765624, height=28.0
2025-09-24 10:12:12,498 - INFO - 끝 요소 위치: x=312, y=3300
2025-09-24 10:12:12,498 - INFO - 끝 요소 크기: width=91.73333740234376, height=20.0
2025-09-24 10:12:12,498 - INFO - 최종 크롭 영역: left=204, top=1800, right=1204, bottom=3600
2025-09-24 10:12:12,616 - INFO - 캡처 완료: Poker_20250924.png (크기: 1000 x 1800)
2025-09-24 10:12:12,623 - INFO - Poker 캡처 성공!
2025-09-24 10:12:12,623 - INFO - ==================================================
2025-09-24 10:12:12,623 - INFO - 게임 캡처 시작: PokerKakao (com.neowiz.games.pokerKakao)
2025-09-24 10:12:12,624 - INFO - 캡처 시작: PokerKakao (https://play.google.com/store/apps/details?id=com.neowiz.games.pokerKakao)
2025-09-24 10:12:22,542 - INFO - 한국어 설정 적용
2025-09-24 10:12:22,559 - INFO - 한국어 URL로 리다이렉트: https://play.google.com/store/apps/details?id=com.neowiz.games.pokerKakao&hl=ko
2025-09-24 10:12:27,379 - INFO - 화면 크기 최적화 시작
2025-09-24 10:12:27,380 - INFO - 현재 창 크기: 1920 x 3930
2025-09-24 10:12:29,418 - INFO - 화면 크기 최적화 완료
2025-09-24 10:12:29,418 - INFO - 기본 리뷰 섹션 캡처 시작: PokerKakao (버튼 클릭 없음)
2025-09-24 10:12:29,421 - INFO - 시작 요소 찾기 성공: '평점 및 리뷰' (선택자 1: //h2[text()='평점 및 리뷰'])
2025-09-24 10:12:29,426 - INFO - 끝 요소 찾기 성공: (선택자 2: //span[text()='리뷰 모두 보기'])
2025-09-24 10:12:29,430 - INFO - 시작 요소로 스크롤: PokerKakao
2025-09-24 10:12:32,436 - INFO - 전체 페이지 높이 설정
2025-09-24 10:12:32,439 - INFO - 전체 페이지 높이: 4218px
2025-09-24 10:12:38,486 - INFO - 전체 페이지 스크린샷 촬영: PokerKakao
2025-09-24 10:12:38,894 - INFO - 전체 스크린샷 크기: 1920 x 4128
2025-09-24 10:12:38,953 - INFO - 시작 요소 위치: x=304, y=1852
2025-09-24 10:12:38,953 - INFO - 시작 요소 크기: width=120.26666259765624, height=28.0
2025-09-24 10:12:38,953 - INFO - 끝 요소 위치: x=312, y=3588
2025-09-24 10:12:38,953 - INFO - 끝 요소 크기: width=91.73333740234376, height=20.0
2025-09-24 10:12:38,953 - INFO - 최종 크롭 영역: left=204, top=1752, right=1204, bottom=3552
2025-09-24 10:12:39,065 - INFO - 캡처 완료: PokerKakao_20250924.png (크기: 1000 x 1800)
2025-09-24 10:12:39,067 - INFO - PokerKakao 캡처 성공!
2025-09-24 10:12:39,068 - INFO - ==================================================
2025-09-24 10:12:39,068 - INFO - 게임 캡처 시작: Sudda (com.neowiz.games.sudda)
2025-09-24 10:12:39,068 - INFO - 캡처 시작: Sudda (https://play.google.com/store/apps/details?id=com.neowiz.games.sudda)
2025-09-24 10:12:48,944 - INFO - 한국어 설정 적용
2025-09-24 10:12:48,950 - INFO - 한국어 URL로 리다이렉트: https://play.google.com/store/apps/details?id=com.neowiz.games.sudda&hl=ko
2025-09-24 10:12:53,867 - INFO - 화면 크기 최적화 시작
2025-09-24 10:12:53,871 - INFO - 현재 창 크기: 1920 x 4218
2025-09-24 10:12:55,883 - INFO - 화면 크기 최적화 완료
2025-09-24 10:12:55,884 - INFO - 기본 리뷰 섹션 캡처 시작: Sudda (버튼 클릭 없음)
2025-09-24 10:12:55,887 - INFO - 시작 요소 찾기 성공: '평점 및 리뷰' (선택자 1: //h2[text()='평점 및 리뷰'])
2025-09-24 10:12:55,892 - INFO - 끝 요소 찾기 성공: (선택자 2: //span[text()='리뷰 모두 보기'])
2025-09-24 10:12:55,897 - INFO - 시작 요소로 스크롤: Sudda
2025-09-24 10:12:58,904 - INFO - 전체 페이지 높이 설정
2025-09-24 10:12:58,907 - INFO - 전체 페이지 높이: 3958px
2025-09-24 10:13:04,947 - INFO - 전체 페이지 스크린샷 촬영: Sudda
2025-09-24 10:13:05,205 - INFO - 전체 스크린샷 크기: 1920 x 3868
2025-09-24 10:13:05,218 - INFO - 시작 요소 위치: x=304, y=1852
2025-09-24 10:13:05,218 - INFO - 시작 요소 크기: width=120.26666259765624, height=28.0
2025-09-24 10:13:05,218 - INFO - 끝 요소 위치: x=312, y=3368
2025-09-24 10:13:05,219 - INFO - 끝 요소 크기: width=91.73333740234376, height=20.0
2025-09-24 10:13:05,219 - INFO - 최종 크롭 영역: left=204, top=1752, right=1204, bottom=3552
2025-09-24 10:13:05,308 - INFO - 캡처 완료: Sudda_20250924.png (크기: 1000 x 1800)
2025-09-24 10:13:05,311 - INFO - Sudda 캡처 성공!
2025-09-24 10:13:05,311 - INFO - ==================================================
2025-09-24 10:13:05,312 - INFO - 게임 캡처 시작: SuddaKakao (com.neowiz.games.suddaKakao)
2025-09-24 10:13:05,313 - INFO - 캡처 시작: SuddaKakao (https://play.google.com/store/apps/details?id=com.neowiz.games.suddaKakao)
2025-09-24 10:13:15,119 - INFO - 한국어 설정 적용
2025-09-24 10:13:15,125 - INFO - 한국어 URL로 리다이렉트: https://play.google.com/store/apps/details?id=com.neowiz.games.suddaKakao&hl=ko
2025-09-24 10:13:19,464 - INFO - 화면 크기 최적화 시작
2025-09-24 10:13:19,468 - INFO - 현재 창 크기: 1920 x 3958
2025-09-24 10:13:21,481 - INFO - 화면 크기 최적화 완료
2025-09-24 10:13:21,482 - INFO - 기본 리뷰 섹션 캡처 시작: SuddaKakao (버튼 클릭 없음)
2025-09-24 10:13:21,486 - INFO - 시작 요소 찾기 성공: '평점 및 리뷰' (선택자 1: //h2[text()='평점 및 리뷰'])
2025-09-24 10:13:21,493 - INFO - 끝 요소 찾기 성공: (선택자 2: //span[text()='리뷰 모두 보기'])
2025-09-24 10:13:21,498 - INFO - 시작 요소로 스크롤: SuddaKakao
2025-09-24 10:13:24,505 - INFO - 전체 페이지 높이 설정
2025-09-24 10:13:24,508 - INFO - 전체 페이지 높이: 4118px
2025-09-24 10:13:30,538 - INFO - 전체 페이지 스크린샷 촬영: SuddaKakao
2025-09-24 10:13:30,794 - INFO - 전체 스크린샷 크기: 1920 x 4028
2025-09-24 10:13:30,804 - INFO - 시작 요소 위치: x=304, y=1852
2025-09-24 10:13:30,804 - INFO - 시작 요소 크기: width=120.26666259765624, height=28.0
2025-09-24 10:13:30,805 - INFO - 끝 요소 위치: x=312, y=3528
2025-09-24 10:13:30,805 - INFO - 끝 요소 크기: width=91.73333740234376, height=20.0
2025-09-24 10:13:30,805 - INFO - 최종 크롭 영역: left=204, top=1752, right=1204, bottom=3552
2025-09-24 10:13:30,896 - INFO - 캡처 완료: SuddaKakao_20250924.png (크기: 1000 x 1800)
2025-09-24 10:13:30,899 - INFO - SuddaKakao 캡처 성공!
2025-09-24 10:13:30,900 - INFO - ==================================================
2025-09-24 10:13:30,900 - INFO - 게임 캡처 시작: ShowdownHoldem (com.neowiz.games.pmang.holdem.poker)
2025-09-24 10:13:30,900 - INFO - 캡처 시작: ShowdownHoldem (https://play.google.com/store/apps/details?id=com.neowiz.games.pmang.holdem.poker)
2025-09-24 10:13:41,152 - INFO - 한국어 설정 적용
2025-09-24 10:13:41,160 - INFO - 한국어 URL로 리다이렉트: https://play.google.com/store/apps/details?id=com.neowiz.games.pmang.holdem.poker&hl=ko
2025-09-24 10:13:46,046 - INFO - 화면 크기 최적화 시작
2025-09-24 10:13:46,049 - INFO - 현재 창 크기: 1920 x 4118
2025-09-24 10:13:48,085 - INFO - 화면 크기 최적화 완료
2025-09-24 10:13:48,086 - INFO - 기본 리뷰 섹션 캡처 시작: ShowdownHoldem (버튼 클릭 없음)
2025-09-24 10:13:48,095 - INFO - 시작 요소 찾기 성공: '평점 및 리뷰' (선택자 1: //h2[text()='평점 및 리뷰'])
2025-09-24 10:13:48,101 - INFO - 끝 요소 찾기 성공: (선택자 2: //span[text()='리뷰 모두 보기'])
2025-09-24 10:13:48,106 - INFO - 시작 요소로 스크롤: ShowdownHoldem
2025-09-24 10:13:51,112 - INFO - 전체 페이지 높이 설정
2025-09-24 10:13:51,115 - INFO - 전체 페이지 높이: 3946px
2025-09-24 10:13:57,155 - INFO - 전체 페이지 스크린샷 촬영: ShowdownHoldem
2025-09-24 10:13:57,507 - INFO - 전체 스크린샷 크기: 1920 x 3856
2025-09-24 10:13:57,533 - INFO - 시작 요소 위치: x=304, y=1852
2025-09-24 10:13:57,533 - INFO - 시작 요소 크기: width=120.26666259765624, height=28.0
2025-09-24 10:13:57,533 - INFO - 끝 요소 위치: x=312, y=3336
2025-09-24 10:13:57,533 - INFO - 끝 요소 크기: width=91.73333740234376, height=20.0
2025-09-24 10:13:57,533 - INFO - 최종 크롭 영역: left=204, top=1752, right=1204, bottom=3552
2025-09-24 10:13:57,626 - INFO - 캡처 완료: ShowdownHoldem_20250924.png (크기: 1000 x 1800)
2025-09-24 10:13:57,629 - INFO - ShowdownHoldem 캡처 성공!
2025-09-24 10:13:57,629 - INFO - ==================================================
2025-09-24 10:13:57,630 - INFO - 게임 캡처 시작: NewVegas (com.neowiz.playstudio.slot.casino)
2025-09-24 10:13:57,630 - INFO - 캡처 시작: NewVegas (https://play.google.com/store/apps/details?id=com.neowiz.playstudio.slot.casino)
2025-09-24 10:14:07,327 - INFO - 한국어 설정 적용
2025-09-24 10:14:07,341 - INFO - 한국어 URL로 리다이렉트: https://play.google.com/store/apps/details?id=com.neowiz.playstudio.slot.casino&hl=ko
2025-09-24 10:14:12,174 - INFO - 화면 크기 최적화 시작
2025-09-24 10:14:12,178 - INFO - 현재 창 크기: 1920 x 3946
2025-09-24 10:14:14,255 - INFO - 화면 크기 최적화 완료
2025-09-24 10:14:14,260 - INFO - 기본 리뷰 섹션 캡처 시작: NewVegas (버튼 클릭 없음)
2025-09-24 10:14:14,279 - INFO - 시작 요소 찾기 성공: '평점 및 리뷰' (선택자 1: //h2[text()='평점 및 리뷰'])
2025-09-24 10:14:14,288 - INFO - 끝 요소 찾기 성공: (선택자 2: //span[text()='리뷰 모두 보기'])
2025-09-24 10:14:14,292 - INFO - 시작 요소로 스크롤: NewVegas
2025-09-24 10:14:17,313 - INFO - 전체 페이지 높이 설정
2025-09-24 10:14:17,316 - INFO - 전체 페이지 높이: 4006px
2025-09-24 10:14:23,349 - INFO - 전체 페이지 스크린샷 촬영: NewVegas
2025-09-24 10:14:23,589 - INFO - 전체 스크린샷 크기: 1920 x 3916
2025-09-24 10:14:23,599 - INFO - 시작 요소 위치: x=304, y=1852
2025-09-24 10:14:23,600 - INFO - 시작 요소 크기: width=120.26666259765624, height=28.0
2025-09-24 10:14:23,600 - INFO - 끝 요소 위치: x=312, y=3396
2025-09-24 10:14:23,600 - INFO - 끝 요소 크기: width=91.73333740234376, height=20.0
2025-09-24 10:14:23,600 - INFO - 최종 크롭 영역: left=204, top=1752, right=1204, bottom=3552
2025-09-24 10:14:23,690 - INFO - 캡처 완료: NewVegas_20250924.png (크기: 1000 x 1800)
2025-09-24 10:14:23,693 - INFO - NewVegas 캡처 성공!
2025-09-24 10:14:23,693 - INFO - ==================================================
2025-09-24 10:14:23,693 - INFO - HTML 파일 업데이트 시작
2025-09-24 10:14:23,718 - INFO - HTML 파일을 읽었습니다: aos_review.html
2025-09-24 10:14:23,740 - INFO - 기본 날짜 업데이트: 20250917 -> 20250924
2025-09-24 10:14:23,741 - INFO - availableDates 배열 업데이트: 20250924 추가됨
2025-09-24 10:14:23,741 - INFO - 날짜 선택 드롭다운 업데이트: 20250924 옵션 추가됨
2025-09-24 10:14:23,742 - INFO - 총 3개의 이미지 경로가 업데이트되었습니다.
2025-09-24 10:14:23,742 - INFO - 파일이 저장되었습니다: aos_review.html
2025-09-24 10:14:23,742 - INFO - HTML 파일 업데이트 성공!
2025-09-24 10:14:23,743 - INFO - ==================================================
2025-09-24 10:14:23,743 - INFO - 모든 게임 캡처 및 HTML 업데이트 성공!
2025-09-24 10:14:23,743 - INFO - ==================================================
2025-09-24 10:14:26,900 - INFO - Firefox WebDriver 종료
