2025-08-25 09:29:01,821 - INFO - ==================================================
2025-08-25 09:29:01,821 - INFO - 자동 Google Play 리뷰 캡처 및 HTML 업데이트 시작
2025-08-25 09:29:01,822 - INFO - 실행 날짜: 20250825
2025-08-25 09:29:01,822 - INFO - 저장 폴더: D:\aos_review\20250825
2025-08-25 09:29:01,823 - INFO - 캡처할 게임 수: 9개
2025-08-25 09:29:01,823 - INFO - ==================================================
2025-08-25 09:29:01,824 - INFO - 저장 폴더 생성: D:\aos_review\20250825
2025-08-25 09:29:10,609 - INFO - Firefox WebDriver 초기화 성공
2025-08-25 09:29:10,610 - INFO - 게임 캡처 시작: NewMatgo (com.neowiz.games.newmatgo)
2025-08-25 09:29:10,611 - INFO - 캡처 시작: NewMatgo (https://play.google.com/store/apps/details?id=com.neowiz.games.newmatgo)
2025-08-25 09:29:21,540 - INFO - 한국어 설정 적용
2025-08-25 09:29:21,555 - INFO - 한국어 URL로 리다이렉트: https://play.google.com/store/apps/details?id=com.neowiz.games.newmatgo&hl=ko
2025-08-25 09:29:25,598 - INFO - 기본 리뷰 섹션 캡처 시작: NewMatgo (버튼 클릭 없음)
2025-08-25 09:29:25,607 - INFO - 시작 요소 찾기 성공: '평점 및 리뷰' (선택자 1: //h2[text()='평점 및 리뷰'])
2025-08-25 09:29:25,614 - INFO - 끝 요소 찾기 성공: '리뷰 모두 보기' (선택자 2: //span[text()='리뷰 모두 보기'])
2025-08-25 09:29:25,615 - INFO - 시작 요소로 스크롤: NewMatgo
2025-08-25 09:29:28,623 - INFO - 전체 페이지 높이 설정
2025-08-25 09:29:30,681 - INFO - 전체 페이지 스크린샷 촬영: NewMatgo
2025-08-25 09:29:30,915 - INFO - 전체 스크린샷 크기: 1920 x 3977
2025-08-25 09:29:30,928 - INFO - 시작 요소 위치: x=304, y=1900
2025-08-25 09:29:30,928 - INFO - 시작 요소 크기: width=120.26666259765624, height=28.0
2025-08-25 09:29:30,928 - INFO - 끝 요소 위치: x=312, y=3392
2025-08-25 09:29:30,929 - INFO - 끝 요소 크기: width=91.73333740234376, height=20.0
2025-08-25 09:29:30,929 - INFO - 최종 크롭 영역: left=304, top=1880, right=1504, bottom=3442.0
2025-08-25 09:29:31,042 - INFO - 캡처 완료: NewMatgo_20250825.png (크기: 1200 x 1562)
2025-08-25 09:29:31,045 - INFO - NewMatgo 캡처 성공!
2025-08-25 09:29:31,046 - INFO - ==================================================
2025-08-25 09:29:31,047 - INFO - 게임 캡처 시작: NewMatgoKakao (com.neowiz.games.newmatgoKakao)
2025-08-25 09:29:31,049 - INFO - 캡처 시작: NewMatgoKakao (https://play.google.com/store/apps/details?id=com.neowiz.games.newmatgoKakao)
2025-08-25 09:29:40,298 - INFO - 한국어 설정 적용
2025-08-25 09:29:40,308 - INFO - 한국어 URL로 리다이렉트: https://play.google.com/store/apps/details?id=com.neowiz.games.newmatgoKakao&hl=ko
2025-08-25 09:29:44,518 - INFO - 기본 리뷰 섹션 캡처 시작: NewMatgoKakao (버튼 클릭 없음)
2025-08-25 09:29:44,523 - INFO - 시작 요소 찾기 성공: '평점 및 리뷰' (선택자 1: //h2[text()='평점 및 리뷰'])
2025-08-25 09:29:44,533 - INFO - 끝 요소 찾기 성공: '리뷰 모두 보기' (선택자 2: //span[text()='리뷰 모두 보기'])
2025-08-25 09:29:44,534 - INFO - 시작 요소로 스크롤: NewMatgoKakao
2025-08-25 09:29:47,546 - INFO - 전체 페이지 높이 설정
2025-08-25 09:29:49,583 - INFO - 전체 페이지 스크린샷 촬영: NewMatgoKakao
2025-08-25 09:29:49,772 - INFO - 전체 스크린샷 크기: 1920 x 4309
2025-08-25 09:29:49,783 - INFO - 시작 요소 위치: x=304, y=1900
2025-08-25 09:29:49,784 - INFO - 시작 요소 크기: width=120.26666259765624, height=28.0
2025-08-25 09:29:49,785 - INFO - 끝 요소 위치: x=312, y=3516
2025-08-25 09:29:49,787 - INFO - 끝 요소 크기: width=91.73333740234376, height=20.0
2025-08-25 09:29:49,788 - INFO - 최종 크롭 영역: left=304, top=1880, right=1504, bottom=3566.0
2025-08-25 09:29:49,879 - INFO - 캡처 완료: NewMatgoKakao_20250825.png (크기: 1200 x 1686)
2025-08-25 09:29:49,883 - INFO - NewMatgoKakao 캡처 성공!
2025-08-25 09:29:49,884 - INFO - ==================================================
2025-08-25 09:29:49,886 - INFO - 게임 캡처 시작: Original (com.neowiz.games.gostop2018)
2025-08-25 09:29:49,887 - INFO - 캡처 시작: Original (https://play.google.com/store/apps/details?id=com.neowiz.games.gostop2018)
2025-08-25 09:29:59,110 - INFO - 한국어 설정 적용
2025-08-25 09:29:59,119 - INFO - 한국어 URL로 리다이렉트: https://play.google.com/store/apps/details?id=com.neowiz.games.gostop2018&hl=ko
2025-08-25 09:30:02,972 - INFO - 기본 리뷰 섹션 캡처 시작: Original (버튼 클릭 없음)
2025-08-25 09:30:03,009 - INFO - 시작 요소 찾기 성공: '평점 및 리뷰' (선택자 1: //h2[text()='평점 및 리뷰'])
2025-08-25 09:30:03,024 - INFO - 끝 요소 찾기 성공: '리뷰 모두 보기' (선택자 2: //span[text()='리뷰 모두 보기'])
2025-08-25 09:30:03,056 - INFO - 시작 요소로 스크롤: Original
2025-08-25 09:30:06,072 - INFO - 전체 페이지 높이 설정
2025-08-25 09:30:08,146 - INFO - 전체 페이지 스크린샷 촬영: Original
2025-08-25 09:30:08,399 - INFO - 전체 스크린샷 크기: 1920 x 4641
2025-08-25 09:30:08,407 - INFO - 시작 요소 위치: x=304, y=1852
2025-08-25 09:30:08,415 - INFO - 시작 요소 크기: width=120.26666259765624, height=28.0
2025-08-25 09:30:08,415 - INFO - 끝 요소 위치: x=312, y=3428
2025-08-25 09:30:08,418 - INFO - 끝 요소 크기: width=91.73333740234376, height=20.0
2025-08-25 09:30:08,420 - INFO - 최종 크롭 영역: left=304, top=1832, right=1504, bottom=3478.0
2025-08-25 09:30:08,521 - INFO - 캡처 완료: Original_20250825.png (크기: 1200 x 1646)
2025-08-25 09:30:08,526 - INFO - Original 캡처 성공!
2025-08-25 09:30:08,526 - INFO - ==================================================
2025-08-25 09:30:08,527 - INFO - 게임 캡처 시작: Poker (com.neowiz.games.poker)
2025-08-25 09:30:08,528 - INFO - 캡처 시작: Poker (https://play.google.com/store/apps/details?id=com.neowiz.games.poker)
2025-08-25 09:30:18,253 - INFO - 한국어 설정 적용
2025-08-25 09:30:18,262 - INFO - 한국어 URL로 리다이렉트: https://play.google.com/store/apps/details?id=com.neowiz.games.poker&hl=ko
2025-08-25 09:30:22,355 - INFO - 기본 리뷰 섹션 캡처 시작: Poker (버튼 클릭 없음)
2025-08-25 09:30:22,359 - INFO - 시작 요소 찾기 성공: '평점 및 리뷰' (선택자 1: //h2[text()='평점 및 리뷰'])
2025-08-25 09:30:22,365 - INFO - 끝 요소 찾기 성공: '리뷰 모두 보기' (선택자 2: //span[text()='리뷰 모두 보기'])
2025-08-25 09:30:22,365 - INFO - 시작 요소로 스크롤: Poker
2025-08-25 09:30:25,372 - INFO - 전체 페이지 높이 설정
2025-08-25 09:30:27,380 - INFO - 전체 페이지 스크린샷 촬영: Poker
2025-08-25 09:30:27,577 - INFO - 전체 스크린샷 크기: 1920 x 4973
2025-08-25 09:30:27,597 - INFO - 시작 요소 위치: x=304, y=1900
2025-08-25 09:30:27,598 - INFO - 시작 요소 크기: width=120.26666259765624, height=28.0
2025-08-25 09:30:27,599 - INFO - 끝 요소 위치: x=312, y=3536
2025-08-25 09:30:27,600 - INFO - 끝 요소 크기: width=91.73333740234376, height=20.0
2025-08-25 09:30:27,600 - INFO - 최종 크롭 영역: left=304, top=1880, right=1504, bottom=3586.0
2025-08-25 09:30:27,695 - INFO - 캡처 완료: Poker_20250825.png (크기: 1200 x 1706)
2025-08-25 09:30:27,699 - INFO - Poker 캡처 성공!
2025-08-25 09:30:27,699 - INFO - ==================================================
2025-08-25 09:30:27,700 - INFO - 게임 캡처 시작: PokerKakao (com.neowiz.games.pokerKakao)
2025-08-25 09:30:27,701 - INFO - 캡처 시작: PokerKakao (https://play.google.com/store/apps/details?id=com.neowiz.games.pokerKakao)
2025-08-25 09:30:37,617 - INFO - 한국어 설정 적용
2025-08-25 09:30:37,625 - INFO - 한국어 URL로 리다이렉트: https://play.google.com/store/apps/details?id=com.neowiz.games.pokerKakao&hl=ko
2025-08-25 09:30:41,593 - INFO - 기본 리뷰 섹션 캡처 시작: PokerKakao (버튼 클릭 없음)
2025-08-25 09:30:41,598 - INFO - 시작 요소 찾기 성공: '평점 및 리뷰' (선택자 1: //h2[text()='평점 및 리뷰'])
2025-08-25 09:30:41,635 - INFO - 끝 요소 찾기 성공: '리뷰 모두 보기' (선택자 2: //span[text()='리뷰 모두 보기'])
2025-08-25 09:30:41,657 - INFO - 시작 요소로 스크롤: PokerKakao
2025-08-25 09:30:44,669 - INFO - 전체 페이지 높이 설정
2025-08-25 09:30:46,698 - INFO - 전체 페이지 스크린샷 촬영: PokerKakao
2025-08-25 09:30:47,052 - INFO - 전체 스크린샷 크기: 1920 x 5305
2025-08-25 09:30:47,065 - INFO - 시작 요소 위치: x=304, y=1852
2025-08-25 09:30:47,065 - INFO - 시작 요소 크기: width=120.26666259765624, height=28.0
2025-08-25 09:30:47,066 - INFO - 끝 요소 위치: x=312, y=3588
2025-08-25 09:30:47,067 - INFO - 끝 요소 크기: width=91.73333740234376, height=20.0
2025-08-25 09:30:47,068 - INFO - 최종 크롭 영역: left=304, top=1832, right=1504, bottom=3638.0
2025-08-25 09:30:47,197 - INFO - 캡처 완료: PokerKakao_20250825.png (크기: 1200 x 1806)
2025-08-25 09:30:47,357 - INFO - PokerKakao 캡처 성공!
2025-08-25 09:30:47,360 - INFO - ==================================================
2025-08-25 09:30:47,362 - INFO - 게임 캡처 시작: Sudda (com.neowiz.games.sudda)
2025-08-25 09:30:47,363 - INFO - 캡처 시작: Sudda (https://play.google.com/store/apps/details?id=com.neowiz.games.sudda)
2025-08-25 09:30:57,092 - INFO - 한국어 설정 적용
2025-08-25 09:30:57,099 - INFO - 한국어 URL로 리다이렉트: https://play.google.com/store/apps/details?id=com.neowiz.games.sudda&hl=ko
2025-08-25 09:31:01,146 - INFO - 기본 리뷰 섹션 캡처 시작: Sudda (버튼 클릭 없음)
2025-08-25 09:31:01,152 - INFO - 시작 요소 찾기 성공: '평점 및 리뷰' (선택자 1: //h2[text()='평점 및 리뷰'])
2025-08-25 09:31:01,160 - INFO - 끝 요소 찾기 성공: '리뷰 모두 보기' (선택자 2: //span[text()='리뷰 모두 보기'])
2025-08-25 09:31:01,161 - INFO - 시작 요소로 스크롤: Sudda
2025-08-25 09:31:04,173 - INFO - 전체 페이지 높이 설정
2025-08-25 09:31:06,182 - INFO - 전체 페이지 스크린샷 촬영: Sudda
2025-08-25 09:31:06,412 - INFO - 전체 스크린샷 크기: 1920 x 5637
2025-08-25 09:31:06,426 - INFO - 시작 요소 위치: x=304, y=1852
2025-08-25 09:31:06,430 - INFO - 시작 요소 크기: width=120.26666259765624, height=28.0
2025-08-25 09:31:06,432 - INFO - 끝 요소 위치: x=312, y=3368
2025-08-25 09:31:06,433 - INFO - 끝 요소 크기: width=91.73333740234376, height=20.0
2025-08-25 09:31:06,435 - INFO - 최종 크롭 영역: left=304, top=1832, right=1504, bottom=3418.0
2025-08-25 09:31:06,559 - INFO - 캡처 완료: Sudda_20250825.png (크기: 1200 x 1586)
2025-08-25 09:31:06,573 - INFO - Sudda 캡처 성공!
2025-08-25 09:31:06,575 - INFO - ==================================================
2025-08-25 09:31:06,576 - INFO - 게임 캡처 시작: SuddaKakao (com.neowiz.games.suddaKakao)
2025-08-25 09:31:06,579 - INFO - 캡처 시작: SuddaKakao (https://play.google.com/store/apps/details?id=com.neowiz.games.suddaKakao)
2025-08-25 09:31:15,868 - INFO - 한국어 설정 적용
2025-08-25 09:31:15,890 - INFO - 한국어 URL로 리다이렉트: https://play.google.com/store/apps/details?id=com.neowiz.games.suddaKakao&hl=ko
2025-08-25 09:31:19,854 - INFO - 기본 리뷰 섹션 캡처 시작: SuddaKakao (버튼 클릭 없음)
2025-08-25 09:31:19,862 - INFO - 시작 요소 찾기 성공: '평점 및 리뷰' (선택자 1: //h2[text()='평점 및 리뷰'])
2025-08-25 09:31:19,875 - INFO - 끝 요소 찾기 성공: '리뷰 모두 보기' (선택자 2: //span[text()='리뷰 모두 보기'])
2025-08-25 09:31:19,876 - INFO - 시작 요소로 스크롤: SuddaKakao
2025-08-25 09:31:22,892 - INFO - 전체 페이지 높이 설정
2025-08-25 09:31:24,917 - INFO - 전체 페이지 스크린샷 촬영: SuddaKakao
2025-08-25 09:31:25,131 - INFO - 전체 스크린샷 크기: 1920 x 5969
2025-08-25 09:31:25,145 - INFO - 시작 요소 위치: x=304, y=1852
2025-08-25 09:31:25,146 - INFO - 시작 요소 크기: width=120.26666259765624, height=28.0
2025-08-25 09:31:25,152 - INFO - 끝 요소 위치: x=312, y=3528
2025-08-25 09:31:25,154 - INFO - 끝 요소 크기: width=91.73333740234376, height=20.0
2025-08-25 09:31:25,156 - INFO - 최종 크롭 영역: left=304, top=1832, right=1504, bottom=3578.0
2025-08-25 09:31:25,253 - INFO - 캡처 완료: SuddaKakao_20250825.png (크기: 1200 x 1746)
2025-08-25 09:31:25,259 - INFO - SuddaKakao 캡처 성공!
2025-08-25 09:31:25,259 - INFO - ==================================================
2025-08-25 09:31:25,261 - INFO - 게임 캡처 시작: ShowdownHoldem (com.neowiz.games.pmang.holdem.poker)
2025-08-25 09:31:25,263 - INFO - 캡처 시작: ShowdownHoldem (https://play.google.com/store/apps/details?id=com.neowiz.games.pmang.holdem.poker)
2025-08-25 09:31:34,672 - INFO - 한국어 설정 적용
2025-08-25 09:31:34,680 - INFO - 한국어 URL로 리다이렉트: https://play.google.com/store/apps/details?id=com.neowiz.games.pmang.holdem.poker&hl=ko
2025-08-25 09:31:38,719 - INFO - 기본 리뷰 섹션 캡처 시작: ShowdownHoldem (버튼 클릭 없음)
2025-08-25 09:31:38,730 - INFO - 시작 요소 찾기 성공: '평점 및 리뷰' (선택자 1: //h2[text()='평점 및 리뷰'])
2025-08-25 09:31:38,746 - INFO - 끝 요소 찾기 성공: '리뷰 모두 보기' (선택자 2: //span[text()='리뷰 모두 보기'])
2025-08-25 09:31:38,749 - INFO - 시작 요소로 스크롤: ShowdownHoldem
2025-08-25 09:31:41,766 - INFO - 전체 페이지 높이 설정
2025-08-25 09:31:43,776 - INFO - 전체 페이지 스크린샷 촬영: ShowdownHoldem
2025-08-25 09:31:43,988 - INFO - 전체 스크린샷 크기: 1920 x 6301
2025-08-25 09:31:43,998 - INFO - 시작 요소 위치: x=304, y=1852
2025-08-25 09:31:43,999 - INFO - 시작 요소 크기: width=120.26666259765624, height=28.0
2025-08-25 09:31:44,000 - INFO - 끝 요소 위치: x=312, y=3224
2025-08-25 09:31:44,002 - INFO - 끝 요소 크기: width=91.73333740234376, height=20.0
2025-08-25 09:31:44,002 - INFO - 최종 크롭 영역: left=304, top=1832, right=1504, bottom=3274.0
2025-08-25 09:31:44,092 - INFO - 캡처 완료: ShowdownHoldem_20250825.png (크기: 1200 x 1442)
2025-08-25 09:31:44,097 - INFO - ShowdownHoldem 캡처 성공!
2025-08-25 09:31:44,098 - INFO - ==================================================
2025-08-25 09:31:44,099 - INFO - 게임 캡처 시작: NewVegas (com.neowiz.playstudio.slot.casino)
2025-08-25 09:31:44,100 - INFO - 캡처 시작: NewVegas (https://play.google.com/store/apps/details?id=com.neowiz.playstudio.slot.casino)
2025-08-25 09:31:53,614 - INFO - 한국어 설정 적용
2025-08-25 09:31:53,620 - INFO - 한국어 URL로 리다이렉트: https://play.google.com/store/apps/details?id=com.neowiz.playstudio.slot.casino&hl=ko
2025-08-25 09:31:57,636 - INFO - 기본 리뷰 섹션 캡처 시작: NewVegas (버튼 클릭 없음)
2025-08-25 09:31:57,644 - INFO - 시작 요소 찾기 성공: '평점 및 리뷰' (선택자 1: //h2[text()='평점 및 리뷰'])
2025-08-25 09:31:57,655 - INFO - 끝 요소 찾기 성공: '리뷰 모두 보기' (선택자 2: //span[text()='리뷰 모두 보기'])
2025-08-25 09:31:57,656 - INFO - 시작 요소로 스크롤: NewVegas
2025-08-25 09:32:00,675 - INFO - 전체 페이지 높이 설정
2025-08-25 09:32:02,684 - INFO - 전체 페이지 스크린샷 촬영: NewVegas
2025-08-25 09:32:02,906 - INFO - 전체 스크린샷 크기: 1920 x 6633
2025-08-25 09:32:02,919 - INFO - 시작 요소 위치: x=304, y=1852
2025-08-25 09:32:02,920 - INFO - 시작 요소 크기: width=120.26666259765624, height=28.0
2025-08-25 09:32:02,921 - INFO - 끝 요소 위치: x=312, y=3252
2025-08-25 09:32:02,923 - INFO - 끝 요소 크기: width=91.73333740234376, height=20.0
2025-08-25 09:32:02,924 - INFO - 최종 크롭 영역: left=304, top=1832, right=1504, bottom=3302.0
2025-08-25 09:32:03,022 - INFO - 캡처 완료: NewVegas_20250825.png (크기: 1200 x 1470)
2025-08-25 09:32:03,026 - INFO - NewVegas 캡처 성공!
2025-08-25 09:32:03,027 - INFO - ==================================================
2025-08-25 09:32:03,028 - INFO - HTML 파일 업데이트 시작
2025-08-25 09:32:03,030 - INFO - HTML 파일을 읽었습니다: aos_review.html
2025-08-25 09:32:03,034 - INFO - 변경할 이미지 경로가 없습니다.
2025-08-25 09:32:03,034 - INFO - HTML 파일 업데이트 성공!
2025-08-25 09:32:03,036 - INFO - ==================================================
2025-08-25 09:32:03,038 - INFO - 모든 게임 캡처 및 HTML 업데이트 성공!
2025-08-25 09:32:03,039 - INFO - ==================================================
2025-08-25 09:32:05,800 - INFO - Firefox WebDriver 종료
2025-08-25 09:36:40,046 - INFO - ==================================================
2025-08-25 09:36:40,046 - INFO - 자동 Google Play 리뷰 캡처 및 HTML 업데이트 시작
2025-08-25 09:36:40,047 - INFO - 실행 날짜: 20250825
2025-08-25 09:36:40,047 - INFO - 저장 폴더: D:\aos_review\20250825
2025-08-25 09:36:40,047 - INFO - 캡처할 게임 수: 9개
2025-08-25 09:36:40,047 - INFO - ==================================================
2025-08-25 09:36:40,048 - INFO - 저장 폴더 생성: D:\aos_review\20250825
2025-08-25 09:36:47,977 - INFO - Firefox WebDriver 초기화 성공
2025-08-25 09:36:48,027 - INFO - 게임 캡처 시작: NewMatgo (com.neowiz.games.newmatgo)
2025-08-25 09:36:48,028 - INFO - 캡처 시작: NewMatgo (https://play.google.com/store/apps/details?id=com.neowiz.games.newmatgo)
2025-08-25 09:37:10,453 - INFO - 한국어 설정 적용
2025-08-25 09:37:10,465 - INFO - 한국어 URL로 리다이렉트: https://play.google.com/store/apps/details?id=com.neowiz.games.newmatgo&hl=ko
2025-08-25 09:37:15,026 - INFO - 기본 리뷰 섹션 캡처 시작: NewMatgo (버튼 클릭 없음)
2025-08-25 09:37:15,037 - INFO - 시작 요소 찾기 성공: '평점 및 리뷰' (선택자 1: //h2[text()='평점 및 리뷰'])
2025-08-25 09:37:15,045 - INFO - 끝 요소 찾기 성공: (선택자 2: //span[text()='리뷰 모두 보기'])
2025-08-25 09:37:15,053 - INFO - 시작 요소로 스크롤: NewMatgo
2025-08-25 09:37:18,067 - INFO - 전체 페이지 높이 설정
2025-08-25 09:37:20,081 - INFO - 전체 페이지 스크린샷 촬영: NewMatgo
2025-08-25 09:37:20,404 - INFO - 전체 스크린샷 크기: 1920 x 3977
2025-08-25 09:37:20,453 - INFO - 시작 요소 위치: x=304, y=1900
2025-08-25 09:37:20,460 - INFO - 시작 요소 크기: width=120.26666259765624, height=28.0
2025-08-25 09:37:20,461 - INFO - 끝 요소 위치: x=312, y=3392
2025-08-25 09:37:20,461 - INFO - 끝 요소 크기: width=91.73333740234376, height=20.0
2025-08-25 09:37:20,462 - INFO - 최종 크롭 영역: left=304, top=1880, right=1504, bottom=3442.0
2025-08-25 09:37:20,566 - INFO - 캡처 완료: NewMatgo_20250825.png (크기: 1200 x 1562)
2025-08-25 09:37:20,570 - INFO - NewMatgo 캡처 성공!
2025-08-25 09:37:20,570 - INFO - ==================================================
2025-08-25 09:37:20,571 - INFO - 게임 캡처 시작: NewMatgoKakao (com.neowiz.games.newmatgoKakao)
2025-08-25 09:37:20,571 - INFO - 캡처 시작: NewMatgoKakao (https://play.google.com/store/apps/details?id=com.neowiz.games.newmatgoKakao)
2025-08-25 09:37:30,678 - INFO - 한국어 설정 적용
2025-08-25 09:37:30,685 - INFO - 한국어 URL로 리다이렉트: https://play.google.com/store/apps/details?id=com.neowiz.games.newmatgoKakao&hl=ko
2025-08-25 09:37:35,236 - INFO - 기본 리뷰 섹션 캡처 시작: NewMatgoKakao (버튼 클릭 없음)
2025-08-25 09:37:35,252 - INFO - 시작 요소 찾기 성공: '평점 및 리뷰' (선택자 1: //h2[text()='평점 및 리뷰'])
2025-08-25 09:37:35,260 - INFO - 끝 요소 찾기 성공: (선택자 2: //span[text()='리뷰 모두 보기'])
2025-08-25 09:37:35,280 - INFO - 시작 요소로 스크롤: NewMatgoKakao
2025-08-25 09:37:38,298 - INFO - 전체 페이지 높이 설정
2025-08-25 09:37:40,307 - INFO - 전체 페이지 스크린샷 촬영: NewMatgoKakao
2025-08-25 09:37:40,701 - INFO - 전체 스크린샷 크기: 1920 x 4309
2025-08-25 09:37:40,721 - INFO - 시작 요소 위치: x=304, y=1900
2025-08-25 09:37:40,731 - INFO - 시작 요소 크기: width=120.26666259765624, height=28.0
2025-08-25 09:37:40,736 - INFO - 끝 요소 위치: x=312, y=3516
2025-08-25 09:37:40,737 - INFO - 끝 요소 크기: width=91.73333740234376, height=20.0
2025-08-25 09:37:40,743 - INFO - 최종 크롭 영역: left=304, top=1880, right=1504, bottom=3566.0
2025-08-25 09:37:40,883 - INFO - 캡처 완료: NewMatgoKakao_20250825.png (크기: 1200 x 1686)
2025-08-25 09:37:40,892 - INFO - NewMatgoKakao 캡처 성공!
2025-08-25 09:37:40,893 - INFO - ==================================================
2025-08-25 09:37:40,894 - INFO - 게임 캡처 시작: Original (com.neowiz.games.gostop2018)
2025-08-25 09:37:40,895 - INFO - 캡처 시작: Original (https://play.google.com/store/apps/details?id=com.neowiz.games.gostop2018)
2025-08-25 09:37:51,861 - INFO - 한국어 설정 적용
2025-08-25 09:37:51,869 - INFO - 한국어 URL로 리다이렉트: https://play.google.com/store/apps/details?id=com.neowiz.games.gostop2018&hl=ko
2025-08-25 09:37:56,124 - INFO - 기본 리뷰 섹션 캡처 시작: Original (버튼 클릭 없음)
2025-08-25 09:37:56,127 - INFO - 시작 요소 찾기 성공: '평점 및 리뷰' (선택자 1: //h2[text()='평점 및 리뷰'])
2025-08-25 09:37:56,133 - INFO - 끝 요소 찾기 성공: (선택자 2: //span[text()='리뷰 모두 보기'])
2025-08-25 09:37:56,139 - INFO - 시작 요소로 스크롤: Original
2025-08-25 09:37:59,147 - INFO - 전체 페이지 높이 설정
2025-08-25 09:38:01,159 - INFO - 전체 페이지 스크린샷 촬영: Original
2025-08-25 09:38:01,376 - INFO - 전체 스크린샷 크기: 1920 x 4641
2025-08-25 09:38:01,394 - INFO - 시작 요소 위치: x=304, y=1852
2025-08-25 09:38:01,395 - INFO - 시작 요소 크기: width=120.26666259765624, height=28.0
2025-08-25 09:38:01,395 - INFO - 끝 요소 위치: x=312, y=3428
2025-08-25 09:38:01,395 - INFO - 끝 요소 크기: width=91.73333740234376, height=20.0
2025-08-25 09:38:01,396 - INFO - 최종 크롭 영역: left=304, top=1832, right=1504, bottom=3478.0
2025-08-25 09:38:01,487 - INFO - 캡처 완료: Original_20250825.png (크기: 1200 x 1646)
2025-08-25 09:38:01,491 - INFO - Original 캡처 성공!
2025-08-25 09:38:01,491 - INFO - ==================================================
2025-08-25 09:38:01,491 - INFO - 게임 캡처 시작: Poker (com.neowiz.games.poker)
2025-08-25 09:38:01,492 - INFO - 캡처 시작: Poker (https://play.google.com/store/apps/details?id=com.neowiz.games.poker)
2025-08-25 09:38:11,226 - INFO - 한국어 설정 적용
2025-08-25 09:38:11,233 - INFO - 한국어 URL로 리다이렉트: https://play.google.com/store/apps/details?id=com.neowiz.games.poker&hl=ko
2025-08-25 09:38:15,475 - INFO - 기본 리뷰 섹션 캡처 시작: Poker (버튼 클릭 없음)
2025-08-25 09:38:15,479 - INFO - 시작 요소 찾기 성공: '평점 및 리뷰' (선택자 1: //h2[text()='평점 및 리뷰'])
2025-08-25 09:38:15,489 - INFO - 끝 요소 찾기 성공: (선택자 2: //span[text()='리뷰 모두 보기'])
2025-08-25 09:38:15,496 - INFO - 시작 요소로 스크롤: Poker
2025-08-25 09:38:18,520 - INFO - 전체 페이지 높이 설정
2025-08-25 09:38:20,529 - INFO - 전체 페이지 스크린샷 촬영: Poker
2025-08-25 09:38:20,973 - INFO - 전체 스크린샷 크기: 1920 x 4973
2025-08-25 09:38:20,983 - INFO - 시작 요소 위치: x=304, y=1900
2025-08-25 09:38:20,984 - INFO - 시작 요소 크기: width=120.26666259765624, height=28.0
2025-08-25 09:38:20,986 - INFO - 끝 요소 위치: x=312, y=3536
2025-08-25 09:38:20,987 - INFO - 끝 요소 크기: width=91.73333740234376, height=20.0
2025-08-25 09:38:20,987 - INFO - 최종 크롭 영역: left=304, top=1880, right=1504, bottom=3586.0
2025-08-25 09:38:21,081 - INFO - 캡처 완료: Poker_20250825.png (크기: 1200 x 1706)
2025-08-25 09:38:21,085 - INFO - Poker 캡처 성공!
2025-08-25 09:38:21,086 - INFO - ==================================================
2025-08-25 09:38:21,086 - INFO - 게임 캡처 시작: PokerKakao (com.neowiz.games.pokerKakao)
2025-08-25 09:38:21,087 - INFO - 캡처 시작: PokerKakao (https://play.google.com/store/apps/details?id=com.neowiz.games.pokerKakao)
2025-08-25 09:38:30,326 - INFO - 한국어 설정 적용
2025-08-25 09:38:30,336 - INFO - 한국어 URL로 리다이렉트: https://play.google.com/store/apps/details?id=com.neowiz.games.pokerKakao&hl=ko
2025-08-25 09:38:34,718 - INFO - 기본 리뷰 섹션 캡처 시작: PokerKakao (버튼 클릭 없음)
2025-08-25 09:38:34,722 - INFO - 시작 요소 찾기 성공: '평점 및 리뷰' (선택자 1: //h2[text()='평점 및 리뷰'])
2025-08-25 09:38:34,728 - INFO - 끝 요소 찾기 성공: (선택자 2: //span[text()='리뷰 모두 보기'])
2025-08-25 09:38:34,733 - INFO - 시작 요소로 스크롤: PokerKakao
2025-08-25 09:38:37,742 - INFO - 전체 페이지 높이 설정
2025-08-25 09:38:39,752 - INFO - 전체 페이지 스크린샷 촬영: PokerKakao
2025-08-25 09:38:40,092 - INFO - 전체 스크린샷 크기: 1920 x 5305
2025-08-25 09:38:40,118 - INFO - 시작 요소 위치: x=304, y=1852
2025-08-25 09:38:40,126 - INFO - 시작 요소 크기: width=120.26666259765624, height=28.0
2025-08-25 09:38:40,127 - INFO - 끝 요소 위치: x=312, y=3588
2025-08-25 09:38:40,130 - INFO - 끝 요소 크기: width=91.73333740234376, height=20.0
2025-08-25 09:38:40,130 - INFO - 최종 크롭 영역: left=304, top=1832, right=1504, bottom=3638.0
2025-08-25 09:38:40,244 - INFO - 캡처 완료: PokerKakao_20250825.png (크기: 1200 x 1806)
2025-08-25 09:38:40,248 - INFO - PokerKakao 캡처 성공!
2025-08-25 09:38:40,248 - INFO - ==================================================
2025-08-25 09:38:40,248 - INFO - 게임 캡처 시작: Sudda (com.neowiz.games.sudda)
2025-08-25 09:38:40,249 - INFO - 캡처 시작: Sudda (https://play.google.com/store/apps/details?id=com.neowiz.games.sudda)
2025-08-25 09:38:50,022 - INFO - 한국어 설정 적용
2025-08-25 09:38:50,031 - INFO - 한국어 URL로 리다이렉트: https://play.google.com/store/apps/details?id=com.neowiz.games.sudda&hl=ko
2025-08-25 09:38:54,264 - INFO - 기본 리뷰 섹션 캡처 시작: Sudda (버튼 클릭 없음)
2025-08-25 09:38:54,269 - INFO - 시작 요소 찾기 성공: '평점 및 리뷰' (선택자 1: //h2[text()='평점 및 리뷰'])
2025-08-25 09:38:54,275 - INFO - 끝 요소 찾기 성공: (선택자 2: //span[text()='리뷰 모두 보기'])
2025-08-25 09:38:54,280 - INFO - 시작 요소로 스크롤: Sudda
2025-08-25 09:38:57,289 - INFO - 전체 페이지 높이 설정
2025-08-25 09:38:59,298 - INFO - 전체 페이지 스크린샷 촬영: Sudda
2025-08-25 09:38:59,539 - INFO - 전체 스크린샷 크기: 1920 x 5637
2025-08-25 09:38:59,555 - INFO - 시작 요소 위치: x=304, y=1852
2025-08-25 09:38:59,556 - INFO - 시작 요소 크기: width=120.26666259765624, height=28.0
2025-08-25 09:38:59,556 - INFO - 끝 요소 위치: x=312, y=3368
2025-08-25 09:38:59,556 - INFO - 끝 요소 크기: width=91.73333740234376, height=20.0
2025-08-25 09:38:59,557 - INFO - 최종 크롭 영역: left=304, top=1832, right=1504, bottom=3418.0
2025-08-25 09:38:59,702 - INFO - 캡처 완료: Sudda_20250825.png (크기: 1200 x 1586)
2025-08-25 09:38:59,709 - INFO - Sudda 캡처 성공!
2025-08-25 09:38:59,713 - INFO - ==================================================
2025-08-25 09:38:59,716 - INFO - 게임 캡처 시작: SuddaKakao (com.neowiz.games.suddaKakao)
2025-08-25 09:38:59,721 - INFO - 캡처 시작: SuddaKakao (https://play.google.com/store/apps/details?id=com.neowiz.games.suddaKakao)
2025-08-25 09:39:09,800 - INFO - 한국어 설정 적용
2025-08-25 09:39:09,840 - INFO - 한국어 URL로 리다이렉트: https://play.google.com/store/apps/details?id=com.neowiz.games.suddaKakao&hl=ko
2025-08-25 09:39:14,638 - INFO - 기본 리뷰 섹션 캡처 시작: SuddaKakao (버튼 클릭 없음)
2025-08-25 09:39:14,647 - INFO - 시작 요소 찾기 성공: '평점 및 리뷰' (선택자 1: //h2[text()='평점 및 리뷰'])
2025-08-25 09:39:14,660 - INFO - 끝 요소 찾기 성공: (선택자 2: //span[text()='리뷰 모두 보기'])
2025-08-25 09:39:14,673 - INFO - 시작 요소로 스크롤: SuddaKakao
2025-08-25 09:39:17,694 - INFO - 전체 페이지 높이 설정
2025-08-25 09:39:19,713 - INFO - 전체 페이지 스크린샷 촬영: SuddaKakao
2025-08-25 09:39:19,946 - INFO - 전체 스크린샷 크기: 1920 x 5969
2025-08-25 09:39:19,958 - INFO - 시작 요소 위치: x=304, y=1852
2025-08-25 09:39:19,958 - INFO - 시작 요소 크기: width=120.26666259765624, height=28.0
2025-08-25 09:39:19,959 - INFO - 끝 요소 위치: x=312, y=3528
2025-08-25 09:39:19,959 - INFO - 끝 요소 크기: width=91.73333740234376, height=20.0
2025-08-25 09:39:19,960 - INFO - 최종 크롭 영역: left=304, top=1832, right=1504, bottom=3578.0
2025-08-25 09:39:20,068 - INFO - 캡처 완료: SuddaKakao_20250825.png (크기: 1200 x 1746)
2025-08-25 09:39:20,072 - INFO - SuddaKakao 캡처 성공!
2025-08-25 09:39:20,073 - INFO - ==================================================
2025-08-25 09:39:20,074 - INFO - 게임 캡처 시작: ShowdownHoldem (com.neowiz.games.pmang.holdem.poker)
2025-08-25 09:39:20,074 - INFO - 캡처 시작: ShowdownHoldem (https://play.google.com/store/apps/details?id=com.neowiz.games.pmang.holdem.poker)
2025-08-25 09:39:30,742 - INFO - 한국어 설정 적용
2025-08-25 09:39:30,750 - INFO - 한국어 URL로 리다이렉트: https://play.google.com/store/apps/details?id=com.neowiz.games.pmang.holdem.poker&hl=ko
2025-08-25 09:39:36,383 - INFO - 기본 리뷰 섹션 캡처 시작: ShowdownHoldem (버튼 클릭 없음)
2025-08-25 09:39:36,387 - INFO - 시작 요소 찾기 성공: '평점 및 리뷰' (선택자 1: //h2[text()='평점 및 리뷰'])
2025-08-25 09:39:36,393 - INFO - 끝 요소 찾기 성공: (선택자 2: //span[text()='리뷰 모두 보기'])
2025-08-25 09:39:36,398 - INFO - 시작 요소로 스크롤: ShowdownHoldem
2025-08-25 09:39:39,405 - INFO - 전체 페이지 높이 설정
2025-08-25 09:39:41,413 - INFO - 전체 페이지 스크린샷 촬영: ShowdownHoldem
2025-08-25 09:39:41,901 - INFO - 전체 스크린샷 크기: 1920 x 6301
2025-08-25 09:39:41,913 - INFO - 시작 요소 위치: x=304, y=1852
2025-08-25 09:39:41,914 - INFO - 시작 요소 크기: width=120.26666259765624, height=28.0
2025-08-25 09:39:41,914 - INFO - 끝 요소 위치: x=312, y=3224
2025-08-25 09:39:41,915 - INFO - 끝 요소 크기: width=91.73333740234376, height=20.0
2025-08-25 09:39:41,915 - INFO - 최종 크롭 영역: left=304, top=1832, right=1504, bottom=3332
2025-08-25 09:39:42,054 - INFO - 캡처 완료: ShowdownHoldem_20250825.png (크기: 1200 x 1500)
2025-08-25 09:39:42,080 - INFO - ShowdownHoldem 캡처 성공!
2025-08-25 09:39:42,092 - INFO - ==================================================
2025-08-25 09:39:42,098 - INFO - 게임 캡처 시작: NewVegas (com.neowiz.playstudio.slot.casino)
2025-08-25 09:39:42,106 - INFO - 캡처 시작: NewVegas (https://play.google.com/store/apps/details?id=com.neowiz.playstudio.slot.casino)
2025-08-25 09:39:52,669 - INFO - 한국어 설정 적용
2025-08-25 09:39:52,677 - INFO - 한국어 URL로 리다이렉트: https://play.google.com/store/apps/details?id=com.neowiz.playstudio.slot.casino&hl=ko
2025-08-25 09:39:57,435 - INFO - 기본 리뷰 섹션 캡처 시작: NewVegas (버튼 클릭 없음)
2025-08-25 09:39:57,439 - INFO - 시작 요소 찾기 성공: '평점 및 리뷰' (선택자 1: //h2[text()='평점 및 리뷰'])
2025-08-25 09:39:57,447 - INFO - 끝 요소 찾기 성공: (선택자 2: //span[text()='리뷰 모두 보기'])
2025-08-25 09:39:57,454 - INFO - 시작 요소로 스크롤: NewVegas
2025-08-25 09:40:00,465 - INFO - 전체 페이지 높이 설정
2025-08-25 09:40:02,473 - INFO - 전체 페이지 스크린샷 촬영: NewVegas
2025-08-25 09:40:02,740 - INFO - 전체 스크린샷 크기: 1920 x 6633
2025-08-25 09:40:02,752 - INFO - 시작 요소 위치: x=304, y=1852
2025-08-25 09:40:02,752 - INFO - 시작 요소 크기: width=120.26666259765624, height=28.0
2025-08-25 09:40:02,753 - INFO - 끝 요소 위치: x=312, y=3252
2025-08-25 09:40:02,753 - INFO - 끝 요소 크기: width=91.73333740234376, height=20.0
2025-08-25 09:40:02,754 - INFO - 최종 크롭 영역: left=304, top=1832, right=1504, bottom=3332
2025-08-25 09:40:02,857 - INFO - 캡처 완료: NewVegas_20250825.png (크기: 1200 x 1500)
2025-08-25 09:40:02,862 - INFO - NewVegas 캡처 성공!
2025-08-25 09:40:02,863 - INFO - ==================================================
2025-08-25 09:40:02,866 - INFO - HTML 파일 업데이트 시작
2025-08-25 09:40:02,867 - INFO - HTML 파일을 읽었습니다: aos_review.html
2025-08-25 09:40:02,871 - INFO - 변경할 이미지 경로가 없습니다.
2025-08-25 09:40:02,871 - INFO - HTML 파일 업데이트 성공!
2025-08-25 09:40:02,872 - INFO - ==================================================
2025-08-25 09:40:02,872 - INFO - 모든 게임 캡처 및 HTML 업데이트 성공!
2025-08-25 09:40:02,872 - INFO - ==================================================
2025-08-25 09:40:07,016 - INFO - Firefox WebDriver 종료
2025-08-25 17:44:54,360 - INFO - ==================================================
2025-08-25 17:44:54,371 - INFO - 자동 Google Play 리뷰 캡처 및 HTML 업데이트 시작
2025-08-25 17:44:54,380 - INFO - 실행 날짜: 20250825
2025-08-25 17:44:54,381 - INFO - 저장 폴더: D:\aos_review\20250825
2025-08-25 17:44:54,393 - INFO - 캡처할 게임 수: 9개
2025-08-25 17:44:54,394 - INFO - ==================================================
2025-08-25 17:44:54,399 - INFO - 저장 폴더 생성: D:\aos_review\20250825
2025-08-25 17:45:06,609 - INFO - Firefox WebDriver 초기화 성공
2025-08-25 17:45:06,643 - INFO - 게임 캡처 시작: NewMatgo (com.neowiz.games.newmatgo)
2025-08-25 17:45:06,644 - INFO - 캡처 시작: NewMatgo (https://play.google.com/store/apps/details?id=com.neowiz.games.newmatgo)
2025-08-25 17:45:22,501 - INFO - 한국어 설정 적용
2025-08-25 17:45:22,531 - INFO - 한국어 URL로 리다이렉트: https://play.google.com/store/apps/details?id=com.neowiz.games.newmatgo&hl=ko
2025-08-25 17:45:29,960 - INFO - 화면 크기 최적화 시작
2025-08-25 17:45:29,989 - INFO - 현재 창 크기: 1920 x 1200
2025-08-25 17:45:32,005 - INFO - 화면 크기 최적화 완료
2025-08-25 17:45:32,005 - INFO - 기본 리뷰 섹션 캡처 시작: NewMatgo (버튼 클릭 없음)
2025-08-25 17:45:32,012 - INFO - 시작 요소 찾기 성공: '평점 및 리뷰' (선택자 1: //h2[text()='평점 및 리뷰'])
2025-08-25 17:45:32,023 - INFO - 끝 요소 찾기 성공: (선택자 2: //span[text()='리뷰 모두 보기'])
2025-08-25 17:45:32,029 - INFO - 시작 요소로 스크롤: NewMatgo
2025-08-25 17:45:35,038 - INFO - 전체 페이지 높이 설정
2025-08-25 17:45:35,041 - INFO - 전체 페이지 높이: 4062px
2025-08-25 17:45:41,063 - INFO - 전체 페이지 스크린샷 촬영: NewMatgo
2025-08-25 17:45:41,330 - INFO - 전체 스크린샷 크기: 1920 x 3977
2025-08-25 17:45:41,340 - INFO - 시작 요소 위치: x=304, y=1900
2025-08-25 17:45:41,341 - INFO - 시작 요소 크기: width=120.26666259765624, height=28.0
2025-08-25 17:45:41,341 - INFO - 끝 요소 위치: x=312, y=3392
2025-08-25 17:45:41,342 - INFO - 끝 요소 크기: width=91.73333740234376, height=20.0
2025-08-25 17:45:41,342 - INFO - 최종 크롭 영역: left=204, top=1800, right=1204, bottom=3600
2025-08-25 17:45:41,441 - INFO - 캡처 완료: NewMatgo_20250825.png (크기: 1000 x 1800)
2025-08-25 17:45:41,445 - INFO - NewMatgo 캡처 성공!
2025-08-25 17:45:41,445 - INFO - ==================================================
2025-08-25 17:45:41,446 - INFO - 게임 캡처 시작: NewMatgoKakao (com.neowiz.games.newmatgoKakao)
2025-08-25 17:45:41,446 - INFO - 캡처 시작: NewMatgoKakao (https://play.google.com/store/apps/details?id=com.neowiz.games.newmatgoKakao)
2025-08-25 17:45:52,399 - INFO - 한국어 설정 적용
2025-08-25 17:45:52,406 - INFO - 한국어 URL로 리다이렉트: https://play.google.com/store/apps/details?id=com.neowiz.games.newmatgoKakao&hl=ko
2025-08-25 17:45:57,646 - INFO - 화면 크기 최적화 시작
2025-08-25 17:45:57,648 - INFO - 현재 창 크기: 1920 x 4062
2025-08-25 17:45:59,660 - INFO - 화면 크기 최적화 완료
2025-08-25 17:45:59,660 - INFO - 기본 리뷰 섹션 캡처 시작: NewMatgoKakao (버튼 클릭 없음)
2025-08-25 17:45:59,663 - INFO - 시작 요소 찾기 성공: '평점 및 리뷰' (선택자 1: //h2[text()='평점 및 리뷰'])
2025-08-25 17:45:59,668 - INFO - 끝 요소 찾기 성공: (선택자 2: //span[text()='리뷰 모두 보기'])
2025-08-25 17:45:59,675 - INFO - 시작 요소로 스크롤: NewMatgoKakao
2025-08-25 17:46:02,682 - INFO - 전체 페이지 높이 설정
2025-08-25 17:46:02,686 - INFO - 전체 페이지 높이: 4186px
2025-08-25 17:46:08,704 - INFO - 전체 페이지 스크린샷 촬영: NewMatgoKakao
2025-08-25 17:46:09,033 - INFO - 전체 스크린샷 크기: 1920 x 4101
2025-08-25 17:46:09,044 - INFO - 시작 요소 위치: x=304, y=1900
2025-08-25 17:46:09,045 - INFO - 시작 요소 크기: width=120.26666259765624, height=28.0
2025-08-25 17:46:09,045 - INFO - 끝 요소 위치: x=312, y=3516
2025-08-25 17:46:09,045 - INFO - 끝 요소 크기: width=91.73333740234376, height=20.0
2025-08-25 17:46:09,048 - INFO - 최종 크롭 영역: left=204, top=1800, right=1204, bottom=3600
2025-08-25 17:46:09,173 - INFO - 캡처 완료: NewMatgoKakao_20250825.png (크기: 1000 x 1800)
2025-08-25 17:46:09,188 - INFO - NewMatgoKakao 캡처 성공!
2025-08-25 17:46:09,189 - INFO - ==================================================
2025-08-25 17:46:09,189 - INFO - 게임 캡처 시작: Original (com.neowiz.games.gostop2018)
2025-08-25 17:46:09,190 - INFO - 캡처 시작: Original (https://play.google.com/store/apps/details?id=com.neowiz.games.gostop2018)
2025-08-25 17:46:20,007 - INFO - 한국어 설정 적용
2025-08-25 17:46:20,015 - INFO - 한국어 URL로 리다이렉트: https://play.google.com/store/apps/details?id=com.neowiz.games.gostop2018&hl=ko
2025-08-25 17:46:25,925 - INFO - 화면 크기 최적화 시작
2025-08-25 17:46:25,929 - INFO - 현재 창 크기: 1920 x 4186
2025-08-25 17:46:27,943 - INFO - 화면 크기 최적화 완료
2025-08-25 17:46:27,943 - INFO - 기본 리뷰 섹션 캡처 시작: Original (버튼 클릭 없음)
2025-08-25 17:46:27,946 - INFO - 시작 요소 찾기 성공: '평점 및 리뷰' (선택자 1: //h2[text()='평점 및 리뷰'])
2025-08-25 17:46:27,955 - INFO - 끝 요소 찾기 성공: (선택자 2: //span[text()='리뷰 모두 보기'])
2025-08-25 17:46:27,961 - INFO - 시작 요소로 스크롤: Original
2025-08-25 17:46:30,973 - INFO - 전체 페이지 높이 설정
2025-08-25 17:46:30,977 - INFO - 전체 페이지 높이: 4018px
2025-08-25 17:46:36,998 - INFO - 전체 페이지 스크린샷 촬영: Original
2025-08-25 17:46:37,270 - INFO - 전체 스크린샷 크기: 1920 x 3933
2025-08-25 17:46:37,324 - INFO - 시작 요소 위치: x=304, y=1852
2025-08-25 17:46:37,361 - INFO - 시작 요소 크기: width=120.26666259765624, height=28.0
2025-08-25 17:46:37,388 - INFO - 끝 요소 위치: x=312, y=3428
2025-08-25 17:46:37,425 - INFO - 끝 요소 크기: width=91.73333740234376, height=20.0
2025-08-25 17:46:37,429 - INFO - 최종 크롭 영역: left=204, top=1752, right=1204, bottom=3552
2025-08-25 17:46:37,528 - INFO - 캡처 완료: Original_20250825.png (크기: 1000 x 1800)
2025-08-25 17:46:37,531 - INFO - Original 캡처 성공!
2025-08-25 17:46:37,532 - INFO - ==================================================
2025-08-25 17:46:37,532 - INFO - 게임 캡처 시작: Poker (com.neowiz.games.poker)
2025-08-25 17:46:37,532 - INFO - 캡처 시작: Poker (https://play.google.com/store/apps/details?id=com.neowiz.games.poker)
2025-08-25 17:46:48,455 - INFO - 한국어 설정 적용
2025-08-25 17:46:48,473 - INFO - 한국어 URL로 리다이렉트: https://play.google.com/store/apps/details?id=com.neowiz.games.poker&hl=ko
2025-08-25 17:46:53,681 - INFO - 화면 크기 최적화 시작
2025-08-25 17:46:53,684 - INFO - 현재 창 크기: 1920 x 4018
2025-08-25 17:46:55,696 - INFO - 화면 크기 최적화 완료
2025-08-25 17:46:55,700 - INFO - 기본 리뷰 섹션 캡처 시작: Poker (버튼 클릭 없음)
2025-08-25 17:46:55,704 - INFO - 시작 요소 찾기 성공: '평점 및 리뷰' (선택자 1: //h2[text()='평점 및 리뷰'])
2025-08-25 17:46:55,719 - INFO - 끝 요소 찾기 성공: (선택자 2: //span[text()='리뷰 모두 보기'])
2025-08-25 17:46:55,733 - INFO - 시작 요소로 스크롤: Poker
2025-08-25 17:46:58,754 - INFO - 전체 페이지 높이 설정
2025-08-25 17:46:58,757 - INFO - 전체 페이지 높이: 4166px
2025-08-25 17:47:04,774 - INFO - 전체 페이지 스크린샷 촬영: Poker
2025-08-25 17:47:05,068 - INFO - 전체 스크린샷 크기: 1920 x 4081
2025-08-25 17:47:05,081 - INFO - 시작 요소 위치: x=304, y=1900
2025-08-25 17:47:05,081 - INFO - 시작 요소 크기: width=120.26666259765624, height=28.0
2025-08-25 17:47:05,082 - INFO - 끝 요소 위치: x=312, y=3536
2025-08-25 17:47:05,082 - INFO - 끝 요소 크기: width=91.73333740234376, height=20.0
2025-08-25 17:47:05,082 - INFO - 최종 크롭 영역: left=204, top=1800, right=1204, bottom=3600
2025-08-25 17:47:05,209 - INFO - 캡처 완료: Poker_20250825.png (크기: 1000 x 1800)
2025-08-25 17:47:05,213 - INFO - Poker 캡처 성공!
2025-08-25 17:47:05,213 - INFO - ==================================================
2025-08-25 17:47:05,214 - INFO - 게임 캡처 시작: PokerKakao (com.neowiz.games.pokerKakao)
2025-08-25 17:47:05,215 - INFO - 캡처 시작: PokerKakao (https://play.google.com/store/apps/details?id=com.neowiz.games.pokerKakao)
2025-08-25 17:47:18,799 - INFO - 한국어 설정 적용
2025-08-25 17:47:18,809 - INFO - 한국어 URL로 리다이렉트: https://play.google.com/store/apps/details?id=com.neowiz.games.pokerKakao&hl=ko
2025-08-25 17:47:26,713 - INFO - 화면 크기 최적화 시작
2025-08-25 17:47:26,715 - INFO - 현재 창 크기: 1920 x 4166
2025-08-25 17:47:28,727 - INFO - 화면 크기 최적화 완료
2025-08-25 17:47:28,728 - INFO - 기본 리뷰 섹션 캡처 시작: PokerKakao (버튼 클릭 없음)
2025-08-25 17:47:28,732 - INFO - 시작 요소 찾기 성공: '평점 및 리뷰' (선택자 1: //h2[text()='평점 및 리뷰'])
2025-08-25 17:47:28,738 - INFO - 끝 요소 찾기 성공: (선택자 2: //span[text()='리뷰 모두 보기'])
2025-08-25 17:47:28,747 - INFO - 시작 요소로 스크롤: PokerKakao
2025-08-25 17:47:31,764 - INFO - 전체 페이지 높이 설정
2025-08-25 17:47:31,831 - INFO - 전체 페이지 높이: 4218px
2025-08-25 17:47:37,876 - INFO - 전체 페이지 스크린샷 촬영: PokerKakao
2025-08-25 17:47:39,353 - INFO - 전체 스크린샷 크기: 1920 x 4133
2025-08-25 17:47:39,371 - INFO - 시작 요소 위치: x=304, y=1852
2025-08-25 17:47:39,372 - INFO - 시작 요소 크기: width=120.26666259765624, height=28.0
2025-08-25 17:47:39,373 - INFO - 끝 요소 위치: x=312, y=3588
2025-08-25 17:47:39,374 - INFO - 끝 요소 크기: width=91.73333740234376, height=20.0
2025-08-25 17:47:39,376 - INFO - 최종 크롭 영역: left=204, top=1752, right=1204, bottom=3552
2025-08-25 17:47:39,540 - INFO - 캡처 완료: PokerKakao_20250825.png (크기: 1000 x 1800)
2025-08-25 17:47:39,543 - INFO - PokerKakao 캡처 성공!
2025-08-25 17:47:39,544 - INFO - ==================================================
2025-08-25 17:47:39,544 - INFO - 게임 캡처 시작: Sudda (com.neowiz.games.sudda)
2025-08-25 17:47:39,544 - INFO - 캡처 시작: Sudda (https://play.google.com/store/apps/details?id=com.neowiz.games.sudda)
2025-08-25 17:47:52,167 - INFO - 한국어 설정 적용
2025-08-25 17:47:52,174 - INFO - 한국어 URL로 리다이렉트: https://play.google.com/store/apps/details?id=com.neowiz.games.sudda&hl=ko
2025-08-25 17:47:58,107 - INFO - 화면 크기 최적화 시작
2025-08-25 17:47:58,114 - INFO - 현재 창 크기: 1920 x 4218
2025-08-25 17:48:00,132 - INFO - 화면 크기 최적화 완료
2025-08-25 17:48:00,132 - INFO - 기본 리뷰 섹션 캡처 시작: Sudda (버튼 클릭 없음)
2025-08-25 17:48:00,135 - INFO - 시작 요소 찾기 성공: '평점 및 리뷰' (선택자 1: //h2[text()='평점 및 리뷰'])
2025-08-25 17:48:00,145 - INFO - 끝 요소 찾기 성공: (선택자 2: //span[text()='리뷰 모두 보기'])
2025-08-25 17:48:00,151 - INFO - 시작 요소로 스크롤: Sudda
2025-08-25 17:48:03,162 - INFO - 전체 페이지 높이 설정
2025-08-25 17:48:03,169 - INFO - 전체 페이지 높이: 3958px
2025-08-25 17:48:09,191 - INFO - 전체 페이지 스크린샷 촬영: Sudda
2025-08-25 17:48:09,886 - INFO - 전체 스크린샷 크기: 1920 x 3873
2025-08-25 17:48:09,915 - INFO - 시작 요소 위치: x=304, y=1852
2025-08-25 17:48:09,928 - INFO - 시작 요소 크기: width=120.26666259765624, height=28.0
2025-08-25 17:48:09,934 - INFO - 끝 요소 위치: x=312, y=3368
2025-08-25 17:48:09,934 - INFO - 끝 요소 크기: width=91.73333740234376, height=20.0
2025-08-25 17:48:09,935 - INFO - 최종 크롭 영역: left=204, top=1752, right=1204, bottom=3552
2025-08-25 17:48:10,252 - INFO - 캡처 완료: Sudda_20250825.png (크기: 1000 x 1800)
2025-08-25 17:48:10,293 - INFO - Sudda 캡처 성공!
2025-08-25 17:48:10,303 - INFO - ==================================================
2025-08-25 17:48:10,327 - INFO - 게임 캡처 시작: SuddaKakao (com.neowiz.games.suddaKakao)
2025-08-25 17:48:10,343 - INFO - 캡처 시작: SuddaKakao (https://play.google.com/store/apps/details?id=com.neowiz.games.suddaKakao)
2025-08-25 17:48:21,513 - INFO - 한국어 설정 적용
2025-08-25 17:48:21,522 - INFO - 한국어 URL로 리다이렉트: https://play.google.com/store/apps/details?id=com.neowiz.games.suddaKakao&hl=ko
2025-08-25 17:48:27,422 - INFO - 화면 크기 최적화 시작
2025-08-25 17:48:27,470 - INFO - 현재 창 크기: 1920 x 3958
2025-08-25 17:48:29,519 - INFO - 화면 크기 최적화 완료
2025-08-25 17:48:29,520 - INFO - 기본 리뷰 섹션 캡처 시작: SuddaKakao (버튼 클릭 없음)
2025-08-25 17:48:29,523 - INFO - 시작 요소 찾기 성공: '평점 및 리뷰' (선택자 1: //h2[text()='평점 및 리뷰'])
2025-08-25 17:48:29,529 - INFO - 끝 요소 찾기 성공: (선택자 2: //span[text()='리뷰 모두 보기'])
2025-08-25 17:48:29,537 - INFO - 시작 요소로 스크롤: SuddaKakao
2025-08-25 17:48:32,545 - INFO - 전체 페이지 높이 설정
2025-08-25 17:48:32,550 - INFO - 전체 페이지 높이: 4118px
2025-08-25 17:48:38,581 - INFO - 전체 페이지 스크린샷 촬영: SuddaKakao
2025-08-25 17:48:38,963 - INFO - 전체 스크린샷 크기: 1920 x 4033
2025-08-25 17:48:38,977 - INFO - 시작 요소 위치: x=304, y=1852
2025-08-25 17:48:38,977 - INFO - 시작 요소 크기: width=120.26666259765624, height=28.0
2025-08-25 17:48:38,978 - INFO - 끝 요소 위치: x=312, y=3528
2025-08-25 17:48:38,978 - INFO - 끝 요소 크기: width=91.73333740234376, height=20.0
2025-08-25 17:48:38,979 - INFO - 최종 크롭 영역: left=204, top=1752, right=1204, bottom=3552
2025-08-25 17:48:39,071 - INFO - 캡처 완료: SuddaKakao_20250825.png (크기: 1000 x 1800)
2025-08-25 17:48:39,075 - INFO - SuddaKakao 캡처 성공!
2025-08-25 17:48:39,075 - INFO - ==================================================
2025-08-25 17:48:39,076 - INFO - 게임 캡처 시작: ShowdownHoldem (com.neowiz.games.pmang.holdem.poker)
2025-08-25 17:48:39,076 - INFO - 캡처 시작: ShowdownHoldem (https://play.google.com/store/apps/details?id=com.neowiz.games.pmang.holdem.poker)
2025-08-25 17:48:49,287 - INFO - 한국어 설정 적용
2025-08-25 17:48:49,320 - INFO - 한국어 URL로 리다이렉트: https://play.google.com/store/apps/details?id=com.neowiz.games.pmang.holdem.poker&hl=ko
2025-08-25 17:48:55,608 - INFO - 화면 크기 최적화 시작
2025-08-25 17:48:55,615 - INFO - 현재 창 크기: 1920 x 4118
2025-08-25 17:48:57,625 - INFO - 화면 크기 최적화 완료
2025-08-25 17:48:57,760 - INFO - 기본 리뷰 섹션 캡처 시작: ShowdownHoldem (버튼 클릭 없음)
2025-08-25 17:48:57,764 - INFO - 시작 요소 찾기 성공: '평점 및 리뷰' (선택자 1: //h2[text()='평점 및 리뷰'])
2025-08-25 17:48:57,855 - INFO - 끝 요소 찾기 성공: (선택자 2: //span[text()='리뷰 모두 보기'])
2025-08-25 17:48:57,957 - INFO - 시작 요소로 스크롤: ShowdownHoldem
2025-08-25 17:49:01,065 - INFO - 전체 페이지 높이 설정
2025-08-25 17:49:01,072 - INFO - 전체 페이지 높이: 3834px
2025-08-25 17:49:07,093 - INFO - 전체 페이지 스크린샷 촬영: ShowdownHoldem
2025-08-25 17:49:07,347 - INFO - 전체 스크린샷 크기: 1920 x 3749
2025-08-25 17:49:07,357 - INFO - 시작 요소 위치: x=304, y=1852
2025-08-25 17:49:07,358 - INFO - 시작 요소 크기: width=120.26666259765624, height=28.0
2025-08-25 17:49:07,361 - INFO - 끝 요소 위치: x=312, y=3224
2025-08-25 17:49:07,361 - INFO - 끝 요소 크기: width=91.73333740234376, height=20.0
2025-08-25 17:49:07,362 - INFO - 최종 크롭 영역: left=204, top=1752, right=1204, bottom=3552
2025-08-25 17:49:07,600 - INFO - 캡처 완료: ShowdownHoldem_20250825.png (크기: 1000 x 1800)
2025-08-25 17:49:07,613 - INFO - ShowdownHoldem 캡처 성공!
2025-08-25 17:49:07,623 - INFO - ==================================================
2025-08-25 17:49:07,624 - INFO - 게임 캡처 시작: NewVegas (com.neowiz.playstudio.slot.casino)
2025-08-25 17:49:07,625 - INFO - 캡처 시작: NewVegas (https://play.google.com/store/apps/details?id=com.neowiz.playstudio.slot.casino)
2025-08-25 17:49:19,430 - INFO - 한국어 설정 적용
2025-08-25 17:49:19,437 - INFO - 한국어 URL로 리다이렉트: https://play.google.com/store/apps/details?id=com.neowiz.playstudio.slot.casino&hl=ko
2025-08-25 17:49:29,574 - INFO - 화면 크기 최적화 시작
2025-08-25 17:49:29,577 - INFO - 현재 창 크기: 1920 x 3834
2025-08-25 17:49:31,589 - INFO - 화면 크기 최적화 완료
2025-08-25 17:49:31,595 - INFO - 기본 리뷰 섹션 캡처 시작: NewVegas (버튼 클릭 없음)
2025-08-25 17:49:31,599 - INFO - 시작 요소 찾기 성공: '평점 및 리뷰' (선택자 1: //h2[text()='평점 및 리뷰'])
2025-08-25 17:49:31,610 - INFO - 끝 요소 찾기 성공: (선택자 2: //span[text()='리뷰 모두 보기'])
2025-08-25 17:49:31,639 - INFO - 시작 요소로 스크롤: NewVegas
2025-08-25 17:49:34,652 - INFO - 전체 페이지 높이 설정
2025-08-25 17:49:34,657 - INFO - 전체 페이지 높이: 3862px
2025-08-25 17:49:40,679 - INFO - 전체 페이지 스크린샷 촬영: NewVegas
2025-08-25 17:49:41,293 - INFO - 전체 스크린샷 크기: 1920 x 3777
2025-08-25 17:49:41,411 - INFO - 시작 요소 위치: x=304, y=1852
2025-08-25 17:49:41,471 - INFO - 시작 요소 크기: width=120.26666259765624, height=28.0
2025-08-25 17:49:41,473 - INFO - 끝 요소 위치: x=312, y=3252
2025-08-25 17:49:41,666 - INFO - 끝 요소 크기: width=91.73333740234376, height=20.0
2025-08-25 17:49:41,745 - INFO - 최종 크롭 영역: left=204, top=1752, right=1204, bottom=3552
2025-08-25 17:49:41,972 - INFO - 캡처 완료: NewVegas_20250825.png (크기: 1000 x 1800)
2025-08-25 17:49:42,012 - INFO - NewVegas 캡처 성공!
2025-08-25 17:49:42,028 - INFO - ==================================================
2025-08-25 17:49:42,041 - INFO - HTML 파일 업데이트 시작
2025-08-25 17:49:42,096 - INFO - HTML 파일을 읽었습니다: aos_review.html
2025-08-25 17:49:42,163 - INFO - 변경할 이미지 경로가 없습니다.
2025-08-25 17:49:42,182 - INFO - HTML 파일 업데이트 성공!
2025-08-25 17:49:42,182 - INFO - ==================================================
2025-08-25 17:49:42,183 - INFO - 모든 게임 캡처 및 HTML 업데이트 성공!
2025-08-25 17:49:42,183 - INFO - ==================================================
2025-08-25 18:04:38,825 - INFO - ==================================================
2025-08-25 18:04:38,828 - INFO - 자동 Google Play 리뷰 캡처 및 HTML 업데이트 시작
2025-08-25 18:04:38,829 - INFO - 실행 날짜: 20250825
2025-08-25 18:04:38,829 - INFO - 저장 폴더: D:\aos_review\20250825
2025-08-25 18:04:38,830 - INFO - 캡처할 게임 수: 9개
2025-08-25 18:04:38,830 - INFO - ==================================================
2025-08-25 18:04:38,831 - INFO - 저장 폴더 생성: D:\aos_review\20250825
2025-08-25 18:04:50,159 - INFO - Firefox WebDriver 초기화 성공
2025-08-25 18:04:50,197 - INFO - 게임 캡처 시작: NewMatgo (com.neowiz.games.newmatgo)
2025-08-25 18:04:50,198 - INFO - 캡처 시작: NewMatgo (https://play.google.com/store/apps/details?id=com.neowiz.games.newmatgo)
2025-08-25 18:05:05,825 - INFO - 한국어 설정 적용
2025-08-25 18:05:05,849 - INFO - 한국어 URL로 리다이렉트: https://play.google.com/store/apps/details?id=com.neowiz.games.newmatgo&hl=ko
2025-08-25 18:05:16,304 - INFO - 화면 크기 최적화 시작
2025-08-25 18:05:16,309 - INFO - 현재 창 크기: 1920 x 1200
2025-08-25 18:05:18,324 - INFO - 화면 크기 최적화 완료
2025-08-25 18:05:18,330 - INFO - 기본 리뷰 섹션 캡처 시작: NewMatgo (버튼 클릭 없음)
2025-08-25 18:05:18,338 - INFO - 시작 요소 찾기 성공: '평점 및 리뷰' (선택자 1: //h2[text()='평점 및 리뷰'])
2025-08-25 18:05:18,347 - INFO - 끝 요소 찾기 성공: (선택자 2: //span[text()='리뷰 모두 보기'])
2025-08-25 18:05:18,361 - INFO - 시작 요소로 스크롤: NewMatgo
2025-08-25 18:05:21,380 - INFO - 전체 페이지 높이 설정
2025-08-25 18:05:21,396 - INFO - 전체 페이지 높이: 4062px
2025-08-25 18:05:27,447 - INFO - 전체 페이지 스크린샷 촬영: NewMatgo
2025-08-25 18:05:28,485 - INFO - 전체 스크린샷 크기: 1920 x 3977
2025-08-25 18:05:28,512 - INFO - 시작 요소 위치: x=304, y=1900
2025-08-25 18:05:28,582 - INFO - 시작 요소 크기: width=120.26666259765624, height=28.0
2025-08-25 18:05:28,586 - INFO - 끝 요소 위치: x=312, y=3392
2025-08-25 18:05:28,595 - INFO - 끝 요소 크기: width=91.73333740234376, height=20.0
2025-08-25 18:05:28,601 - INFO - 최종 크롭 영역: left=204, top=1800, right=1204, bottom=3600
2025-08-25 18:05:28,798 - INFO - 캡처 완료: NewMatgo_20250825.png (크기: 1000 x 1800)
2025-08-25 18:05:28,810 - INFO - NewMatgo 캡처 성공!
2025-08-25 18:05:28,826 - INFO - ==================================================
2025-08-25 18:05:28,826 - INFO - 게임 캡처 시작: NewMatgoKakao (com.neowiz.games.newmatgoKakao)
2025-08-25 18:05:28,827 - INFO - 캡처 시작: NewMatgoKakao (https://play.google.com/store/apps/details?id=com.neowiz.games.newmatgoKakao)
2025-08-25 18:05:41,205 - INFO - 한국어 설정 적용
2025-08-25 18:05:41,211 - INFO - 한국어 URL로 리다이렉트: https://play.google.com/store/apps/details?id=com.neowiz.games.newmatgoKakao&hl=ko
2025-08-25 18:05:47,452 - INFO - 화면 크기 최적화 시작
2025-08-25 18:05:47,455 - INFO - 현재 창 크기: 1920 x 4062
2025-08-25 18:05:49,466 - INFO - 화면 크기 최적화 완료
2025-08-25 18:05:49,467 - INFO - 기본 리뷰 섹션 캡처 시작: NewMatgoKakao (버튼 클릭 없음)
2025-08-25 18:05:49,470 - INFO - 시작 요소 찾기 성공: '평점 및 리뷰' (선택자 1: //h2[text()='평점 및 리뷰'])
2025-08-25 18:05:49,476 - INFO - 끝 요소 찾기 성공: (선택자 2: //span[text()='리뷰 모두 보기'])
2025-08-25 18:05:49,482 - INFO - 시작 요소로 스크롤: NewMatgoKakao
2025-08-25 18:05:52,489 - INFO - 전체 페이지 높이 설정
2025-08-25 18:05:52,493 - INFO - 전체 페이지 높이: 4186px
2025-08-25 18:05:58,518 - INFO - 전체 페이지 스크린샷 촬영: NewMatgoKakao
2025-08-25 18:05:58,854 - INFO - 전체 스크린샷 크기: 1920 x 4101
2025-08-25 18:05:58,871 - INFO - 시작 요소 위치: x=304, y=1900
2025-08-25 18:05:58,872 - INFO - 시작 요소 크기: width=120.26666259765624, height=28.0
2025-08-25 18:05:58,872 - INFO - 끝 요소 위치: x=312, y=3516
2025-08-25 18:05:58,873 - INFO - 끝 요소 크기: width=91.73333740234376, height=20.0
2025-08-25 18:05:58,874 - INFO - 최종 크롭 영역: left=204, top=1800, right=1204, bottom=3600
2025-08-25 18:05:59,002 - INFO - 캡처 완료: NewMatgoKakao_20250825.png (크기: 1000 x 1800)
2025-08-25 18:05:59,011 - INFO - NewMatgoKakao 캡처 성공!
2025-08-25 18:05:59,012 - INFO - ==================================================
2025-08-25 18:05:59,013 - INFO - 게임 캡처 시작: Original (com.neowiz.games.gostop2018)
2025-08-25 18:05:59,014 - INFO - 캡처 시작: Original (https://play.google.com/store/apps/details?id=com.neowiz.games.gostop2018)
2025-08-25 18:06:10,692 - INFO - 한국어 설정 적용
2025-08-25 18:06:10,704 - INFO - 한국어 URL로 리다이렉트: https://play.google.com/store/apps/details?id=com.neowiz.games.gostop2018&hl=ko
2025-08-25 18:06:17,603 - INFO - 화면 크기 최적화 시작
2025-08-25 18:06:17,609 - INFO - 현재 창 크기: 1920 x 4186
2025-08-25 18:06:19,627 - INFO - 화면 크기 최적화 완료
2025-08-25 18:06:19,643 - INFO - 기본 리뷰 섹션 캡처 시작: Original (버튼 클릭 없음)
2025-08-25 18:06:19,652 - INFO - 시작 요소 찾기 성공: '평점 및 리뷰' (선택자 1: //h2[text()='평점 및 리뷰'])
2025-08-25 18:06:19,673 - INFO - 끝 요소 찾기 성공: (선택자 2: //span[text()='리뷰 모두 보기'])
2025-08-25 18:06:19,691 - INFO - 시작 요소로 스크롤: Original
2025-08-25 18:06:22,733 - INFO - 전체 페이지 높이 설정
2025-08-25 18:06:22,737 - INFO - 전체 페이지 높이: 4018px
2025-08-25 18:06:28,769 - INFO - 전체 페이지 스크린샷 촬영: Original
2025-08-25 18:06:29,970 - INFO - 전체 스크린샷 크기: 1920 x 3933
2025-08-25 18:06:29,983 - INFO - 시작 요소 위치: x=304, y=1852
2025-08-25 18:06:29,985 - INFO - 시작 요소 크기: width=120.26666259765624, height=28.0
2025-08-25 18:06:29,986 - INFO - 끝 요소 위치: x=312, y=3428
2025-08-25 18:06:29,987 - INFO - 끝 요소 크기: width=91.73333740234376, height=20.0
2025-08-25 18:06:29,988 - INFO - 최종 크롭 영역: left=204, top=1752, right=1204, bottom=3552
2025-08-25 18:06:30,104 - INFO - 캡처 완료: Original_20250825.png (크기: 1000 x 1800)
2025-08-25 18:06:30,109 - INFO - Original 캡처 성공!
2025-08-25 18:06:30,110 - INFO - ==================================================
2025-08-25 18:06:30,111 - INFO - 게임 캡처 시작: Poker (com.neowiz.games.poker)
2025-08-25 18:06:30,112 - INFO - 캡처 시작: Poker (https://play.google.com/store/apps/details?id=com.neowiz.games.poker)
2025-08-25 18:06:42,478 - INFO - 한국어 설정 적용
2025-08-25 18:06:42,483 - INFO - 한국어 URL로 리다이렉트: https://play.google.com/store/apps/details?id=com.neowiz.games.poker&hl=ko
2025-08-25 18:06:49,603 - INFO - 화면 크기 최적화 시작
2025-08-25 18:06:49,616 - INFO - 현재 창 크기: 1920 x 4018
2025-08-25 18:06:51,629 - INFO - 화면 크기 최적화 완료
2025-08-25 18:06:51,629 - INFO - 기본 리뷰 섹션 캡처 시작: Poker (버튼 클릭 없음)
2025-08-25 18:06:51,632 - INFO - 시작 요소 찾기 성공: '평점 및 리뷰' (선택자 1: //h2[text()='평점 및 리뷰'])
2025-08-25 18:06:51,641 - INFO - 끝 요소 찾기 성공: (선택자 2: //span[text()='리뷰 모두 보기'])
2025-08-25 18:06:51,648 - INFO - 시작 요소로 스크롤: Poker
2025-08-25 18:06:54,659 - INFO - 전체 페이지 높이 설정
2025-08-25 18:06:54,662 - INFO - 전체 페이지 높이: 4166px
2025-08-25 18:07:00,690 - INFO - 전체 페이지 스크린샷 촬영: Poker
2025-08-25 18:07:01,307 - INFO - 전체 스크린샷 크기: 1920 x 4081
2025-08-25 18:07:01,341 - INFO - 시작 요소 위치: x=304, y=1900
2025-08-25 18:07:01,364 - INFO - 시작 요소 크기: width=120.26666259765624, height=28.0
2025-08-25 18:07:01,369 - INFO - 끝 요소 위치: x=312, y=3536
2025-08-25 18:07:01,369 - INFO - 끝 요소 크기: width=91.73333740234376, height=20.0
2025-08-25 18:07:01,382 - INFO - 최종 크롭 영역: left=204, top=1800, right=1204, bottom=3600
2025-08-25 18:07:01,630 - INFO - 캡처 완료: Poker_20250825.png (크기: 1000 x 1800)
2025-08-25 18:07:01,639 - INFO - Poker 캡처 성공!
2025-08-25 18:07:01,640 - INFO - ==================================================
2025-08-25 18:07:01,641 - INFO - 게임 캡처 시작: PokerKakao (com.neowiz.games.pokerKakao)
2025-08-25 18:07:01,642 - INFO - 캡처 시작: PokerKakao (https://play.google.com/store/apps/details?id=com.neowiz.games.pokerKakao)
2025-08-25 18:07:14,190 - INFO - 한국어 설정 적용
2025-08-25 18:07:14,204 - INFO - 한국어 URL로 리다이렉트: https://play.google.com/store/apps/details?id=com.neowiz.games.pokerKakao&hl=ko
2025-08-25 18:07:22,260 - INFO - 화면 크기 최적화 시작
2025-08-25 18:07:22,263 - INFO - 현재 창 크기: 1920 x 4166
2025-08-25 18:07:24,290 - INFO - 화면 크기 최적화 완료
2025-08-25 18:07:24,307 - INFO - 기본 리뷰 섹션 캡처 시작: PokerKakao (버튼 클릭 없음)
2025-08-25 18:07:24,326 - INFO - 시작 요소 찾기 성공: '평점 및 리뷰' (선택자 1: //h2[text()='평점 및 리뷰'])
2025-08-25 18:07:24,361 - INFO - 끝 요소 찾기 성공: (선택자 2: //span[text()='리뷰 모두 보기'])
2025-08-25 18:07:24,405 - INFO - 시작 요소로 스크롤: PokerKakao
2025-08-25 18:07:27,434 - INFO - 전체 페이지 높이 설정
2025-08-25 18:07:27,441 - INFO - 전체 페이지 높이: 4218px
2025-08-25 18:07:33,470 - INFO - 전체 페이지 스크린샷 촬영: PokerKakao
2025-08-25 18:07:34,412 - INFO - 전체 스크린샷 크기: 1920 x 4133
2025-08-25 18:07:34,490 - INFO - 시작 요소 위치: x=304, y=1852
2025-08-25 18:07:34,550 - INFO - 시작 요소 크기: width=120.26666259765624, height=28.0
2025-08-25 18:07:34,561 - INFO - 끝 요소 위치: x=312, y=3588
2025-08-25 18:07:34,562 - INFO - 끝 요소 크기: width=91.73333740234376, height=20.0
2025-08-25 18:07:34,563 - INFO - 최종 크롭 영역: left=204, top=1752, right=1204, bottom=3552
2025-08-25 18:07:34,982 - INFO - 캡처 완료: PokerKakao_20250825.png (크기: 1000 x 1800)
2025-08-25 18:07:34,995 - INFO - PokerKakao 캡처 성공!
2025-08-25 18:07:35,005 - INFO - ==================================================
2025-08-25 18:07:35,005 - INFO - 게임 캡처 시작: Sudda (com.neowiz.games.sudda)
2025-08-25 18:07:35,006 - INFO - 캡처 시작: Sudda (https://play.google.com/store/apps/details?id=com.neowiz.games.sudda)
2025-08-25 18:07:47,874 - INFO - 한국어 설정 적용
2025-08-25 18:07:47,881 - INFO - 한국어 URL로 리다이렉트: https://play.google.com/store/apps/details?id=com.neowiz.games.sudda&hl=ko
2025-08-25 18:07:55,851 - INFO - 화면 크기 최적화 시작
2025-08-25 18:07:55,854 - INFO - 현재 창 크기: 1920 x 4218
2025-08-25 18:07:57,863 - INFO - 화면 크기 최적화 완료
2025-08-25 18:07:57,863 - INFO - 기본 리뷰 섹션 캡처 시작: Sudda (버튼 클릭 없음)
2025-08-25 18:07:57,869 - INFO - 시작 요소 찾기 성공: '평점 및 리뷰' (선택자 1: //h2[text()='평점 및 리뷰'])
2025-08-25 18:07:57,874 - INFO - 끝 요소 찾기 성공: (선택자 2: //span[text()='리뷰 모두 보기'])
2025-08-25 18:07:57,887 - INFO - 시작 요소로 스크롤: Sudda
2025-08-25 18:08:00,910 - INFO - 전체 페이지 높이 설정
2025-08-25 18:08:00,925 - INFO - 전체 페이지 높이: 3958px
2025-08-25 18:08:06,949 - INFO - 전체 페이지 스크린샷 촬영: Sudda
2025-08-25 18:08:07,639 - INFO - 전체 스크린샷 크기: 1920 x 3873
2025-08-25 18:08:07,665 - INFO - 시작 요소 위치: x=304, y=1852
2025-08-25 18:08:07,666 - INFO - 시작 요소 크기: width=120.26666259765624, height=28.0
2025-08-25 18:08:07,666 - INFO - 끝 요소 위치: x=312, y=3368
2025-08-25 18:08:07,667 - INFO - 끝 요소 크기: width=91.73333740234376, height=20.0
2025-08-25 18:08:07,667 - INFO - 최종 크롭 영역: left=204, top=1752, right=1204, bottom=3552
2025-08-25 18:08:07,839 - INFO - 캡처 완료: Sudda_20250825.png (크기: 1000 x 1800)
2025-08-25 18:08:07,886 - INFO - Sudda 캡처 성공!
2025-08-25 18:08:07,906 - INFO - ==================================================
2025-08-25 18:08:07,916 - INFO - 게임 캡처 시작: SuddaKakao (com.neowiz.games.suddaKakao)
2025-08-25 18:08:07,922 - INFO - 캡처 시작: SuddaKakao (https://play.google.com/store/apps/details?id=com.neowiz.games.suddaKakao)
2025-08-25 18:08:18,375 - INFO - 한국어 설정 적용
2025-08-25 18:08:18,382 - INFO - 한국어 URL로 리다이렉트: https://play.google.com/store/apps/details?id=com.neowiz.games.suddaKakao&hl=ko
2025-08-25 18:08:24,104 - INFO - 화면 크기 최적화 시작
2025-08-25 18:08:24,108 - INFO - 현재 창 크기: 1920 x 3958
2025-08-25 18:08:26,118 - INFO - 화면 크기 최적화 완료
2025-08-25 18:08:26,118 - INFO - 기본 리뷰 섹션 캡처 시작: SuddaKakao (버튼 클릭 없음)
2025-08-25 18:08:26,122 - INFO - 시작 요소 찾기 성공: '평점 및 리뷰' (선택자 1: //h2[text()='평점 및 리뷰'])
2025-08-25 18:08:26,128 - INFO - 끝 요소 찾기 성공: (선택자 2: //span[text()='리뷰 모두 보기'])
2025-08-25 18:08:26,134 - INFO - 시작 요소로 스크롤: SuddaKakao
2025-08-25 18:08:29,142 - INFO - 전체 페이지 높이 설정
2025-08-25 18:08:29,148 - INFO - 전체 페이지 높이: 4118px
2025-08-25 18:08:35,167 - INFO - 전체 페이지 스크린샷 촬영: SuddaKakao
2025-08-25 18:08:35,452 - INFO - 전체 스크린샷 크기: 1920 x 4033
2025-08-25 18:08:35,461 - INFO - 시작 요소 위치: x=304, y=1852
2025-08-25 18:08:35,461 - INFO - 시작 요소 크기: width=120.26666259765624, height=28.0
2025-08-25 18:08:35,462 - INFO - 끝 요소 위치: x=312, y=3528
2025-08-25 18:08:35,462 - INFO - 끝 요소 크기: width=91.73333740234376, height=20.0
2025-08-25 18:08:35,462 - INFO - 최종 크롭 영역: left=204, top=1752, right=1204, bottom=3552
2025-08-25 18:08:35,578 - INFO - 캡처 완료: SuddaKakao_20250825.png (크기: 1000 x 1800)
2025-08-25 18:08:35,582 - INFO - SuddaKakao 캡처 성공!
2025-08-25 18:08:35,582 - INFO - ==================================================
2025-08-25 18:08:35,582 - INFO - 게임 캡처 시작: ShowdownHoldem (com.neowiz.games.pmang.holdem.poker)
2025-08-25 18:08:35,583 - INFO - 캡처 시작: ShowdownHoldem (https://play.google.com/store/apps/details?id=com.neowiz.games.pmang.holdem.poker)
2025-08-25 18:08:47,880 - INFO - 한국어 설정 적용
2025-08-25 18:08:47,891 - INFO - 한국어 URL로 리다이렉트: https://play.google.com/store/apps/details?id=com.neowiz.games.pmang.holdem.poker&hl=ko
2025-08-25 18:08:54,131 - INFO - 화면 크기 최적화 시작
2025-08-25 18:08:54,133 - INFO - 현재 창 크기: 1920 x 4118
2025-08-25 18:08:56,145 - INFO - 화면 크기 최적화 완료
2025-08-25 18:08:56,145 - INFO - 기본 리뷰 섹션 캡처 시작: ShowdownHoldem (버튼 클릭 없음)
2025-08-25 18:08:56,148 - INFO - 시작 요소 찾기 성공: '평점 및 리뷰' (선택자 1: //h2[text()='평점 및 리뷰'])
2025-08-25 18:08:56,154 - INFO - 끝 요소 찾기 성공: (선택자 2: //span[text()='리뷰 모두 보기'])
2025-08-25 18:08:56,159 - INFO - 시작 요소로 스크롤: ShowdownHoldem
2025-08-25 18:08:59,171 - INFO - 전체 페이지 높이 설정
2025-08-25 18:08:59,289 - INFO - 전체 페이지 높이: 3834px
2025-08-25 18:09:05,324 - INFO - 전체 페이지 스크린샷 촬영: ShowdownHoldem
2025-08-25 18:09:06,460 - INFO - 전체 스크린샷 크기: 1920 x 3749
2025-08-25 18:09:06,527 - INFO - 시작 요소 위치: x=304, y=1852
2025-08-25 18:09:06,569 - INFO - 시작 요소 크기: width=120.26666259765624, height=28.0
2025-08-25 18:09:06,569 - INFO - 끝 요소 위치: x=312, y=3224
2025-08-25 18:09:06,610 - INFO - 끝 요소 크기: width=91.73333740234376, height=20.0
2025-08-25 18:09:06,652 - INFO - 최종 크롭 영역: left=204, top=1752, right=1204, bottom=3552
2025-08-25 18:09:06,855 - INFO - 캡처 완료: ShowdownHoldem_20250825.png (크기: 1000 x 1800)
2025-08-25 18:09:06,868 - INFO - ShowdownHoldem 캡처 성공!
2025-08-25 18:09:06,870 - INFO - ==================================================
2025-08-25 18:09:06,871 - INFO - 게임 캡처 시작: NewVegas (com.neowiz.playstudio.slot.casino)
2025-08-25 18:09:06,872 - INFO - 캡처 시작: NewVegas (https://play.google.com/store/apps/details?id=com.neowiz.playstudio.slot.casino)
2025-08-25 18:09:20,796 - INFO - 한국어 설정 적용
2025-08-25 18:09:20,875 - INFO - 한국어 URL로 리다이렉트: https://play.google.com/store/apps/details?id=com.neowiz.playstudio.slot.casino&hl=ko
2025-08-25 18:09:29,441 - INFO - 화면 크기 최적화 시작
2025-08-25 18:09:29,458 - INFO - 현재 창 크기: 1920 x 3834
2025-08-25 18:09:31,490 - INFO - 화면 크기 최적화 완료
2025-08-25 18:09:31,491 - INFO - 기본 리뷰 섹션 캡처 시작: NewVegas (버튼 클릭 없음)
2025-08-25 18:09:31,494 - INFO - 시작 요소 찾기 성공: '평점 및 리뷰' (선택자 1: //h2[text()='평점 및 리뷰'])
2025-08-25 18:09:31,500 - INFO - 끝 요소 찾기 성공: (선택자 2: //span[text()='리뷰 모두 보기'])
2025-08-25 18:09:31,506 - INFO - 시작 요소로 스크롤: NewVegas
2025-08-25 18:09:34,516 - INFO - 전체 페이지 높이 설정
2025-08-25 18:09:34,521 - INFO - 전체 페이지 높이: 3862px
2025-08-25 18:09:40,554 - INFO - 전체 페이지 스크린샷 촬영: NewVegas
2025-08-25 18:09:40,981 - INFO - 전체 스크린샷 크기: 1920 x 3777
2025-08-25 18:09:41,004 - INFO - 시작 요소 위치: x=304, y=1852
2025-08-25 18:09:41,008 - INFO - 시작 요소 크기: width=120.26666259765624, height=28.0
2025-08-25 18:09:41,009 - INFO - 끝 요소 위치: x=312, y=3252
2025-08-25 18:09:41,010 - INFO - 끝 요소 크기: width=91.73333740234376, height=20.0
2025-08-25 18:09:41,017 - INFO - 최종 크롭 영역: left=204, top=1752, right=1204, bottom=3552
2025-08-25 18:09:41,122 - INFO - 캡처 완료: NewVegas_20250825.png (크기: 1000 x 1800)
2025-08-25 18:09:41,125 - INFO - NewVegas 캡처 성공!
2025-08-25 18:09:41,125 - INFO - ==================================================
2025-08-25 18:09:41,125 - INFO - HTML 파일 업데이트 시작
2025-08-25 18:09:41,126 - INFO - HTML 파일을 읽었습니다: aos_review.html
2025-08-25 18:09:41,136 - INFO - 변경할 이미지 경로가 없습니다.
2025-08-25 18:09:41,139 - INFO - HTML 파일 업데이트 성공!
2025-08-25 18:09:41,139 - INFO - ==================================================
2025-08-25 18:09:41,140 - INFO - 모든 게임 캡처 및 HTML 업데이트 성공!
2025-08-25 18:09:41,140 - INFO - ==================================================
2025-08-25 18:09:47,834 - INFO - Firefox WebDriver 종료
2025-08-25 18:12:12,207 - INFO - ==================================================
2025-08-25 18:12:12,214 - INFO - 자동 Google Play 리뷰 캡처 및 HTML 업데이트 시작
2025-08-25 18:12:12,215 - INFO - 실행 날짜: 20250825
2025-08-25 18:12:12,215 - INFO - 저장 폴더: D:\aos_review\20250825
2025-08-25 18:12:12,232 - INFO - 캡처할 게임 수: 9개
2025-08-25 18:12:12,233 - INFO - ==================================================
2025-08-25 18:12:12,234 - INFO - 저장 폴더 생성: D:\aos_review\20250825
2025-08-25 18:12:22,742 - INFO - Firefox WebDriver 초기화 성공
2025-08-25 18:12:22,786 - INFO - 게임 캡처 시작: NewMatgo (com.neowiz.games.newmatgo)
2025-08-25 18:12:22,787 - INFO - 캡처 시작: NewMatgo (https://play.google.com/store/apps/details?id=com.neowiz.games.newmatgo)
2025-08-25 18:12:37,017 - INFO - 한국어 설정 적용
2025-08-25 18:12:37,036 - INFO - 한국어 URL로 리다이렉트: https://play.google.com/store/apps/details?id=com.neowiz.games.newmatgo&hl=ko
2025-08-25 18:12:43,423 - INFO - 화면 크기 최적화 시작
2025-08-25 18:12:43,426 - INFO - 현재 창 크기: 1920 x 1200
2025-08-25 18:12:45,433 - INFO - 화면 크기 최적화 완료
2025-08-25 18:12:45,433 - INFO - 기본 리뷰 섹션 캡처 시작: NewMatgo (버튼 클릭 없음)
2025-08-25 18:12:45,442 - INFO - 시작 요소 찾기 성공: '평점 및 리뷰' (선택자 1: //h2[text()='평점 및 리뷰'])
2025-08-25 18:12:45,454 - INFO - 끝 요소 찾기 성공: (선택자 2: //span[text()='리뷰 모두 보기'])
2025-08-25 18:12:45,465 - INFO - 시작 요소로 스크롤: NewMatgo
2025-08-25 18:12:48,475 - INFO - 전체 페이지 높이 설정
2025-08-25 18:12:48,484 - INFO - 전체 페이지 높이: 4062px
2025-08-25 18:12:54,505 - INFO - 전체 페이지 스크린샷 촬영: NewMatgo
2025-08-25 18:12:54,881 - INFO - 전체 스크린샷 크기: 1920 x 3977
2025-08-25 18:12:54,891 - INFO - 시작 요소 위치: x=304, y=1900
2025-08-25 18:12:54,891 - INFO - 시작 요소 크기: width=120.26666259765624, height=28.0
2025-08-25 18:12:54,891 - INFO - 끝 요소 위치: x=312, y=3392
2025-08-25 18:12:54,891 - INFO - 끝 요소 크기: width=91.73333740234376, height=20.0
2025-08-25 18:12:54,892 - INFO - 최종 크롭 영역: left=204, top=1800, right=1204, bottom=3600
2025-08-25 18:12:54,992 - INFO - 캡처 완료: NewMatgo_20250825.png (크기: 1000 x 1800)
2025-08-25 18:12:54,996 - INFO - NewMatgo 캡처 성공!
2025-08-25 18:12:54,996 - INFO - ==================================================
2025-08-25 18:12:54,997 - INFO - 게임 캡처 시작: NewMatgoKakao (com.neowiz.games.newmatgoKakao)
2025-08-25 18:12:54,997 - INFO - 캡처 시작: NewMatgoKakao (https://play.google.com/store/apps/details?id=com.neowiz.games.newmatgoKakao)
2025-08-25 18:13:06,546 - INFO - 한국어 설정 적용
2025-08-25 18:13:06,556 - INFO - 한국어 URL로 리다이렉트: https://play.google.com/store/apps/details?id=com.neowiz.games.newmatgoKakao&hl=ko
2025-08-25 18:13:12,187 - INFO - 화면 크기 최적화 시작
2025-08-25 18:13:12,190 - INFO - 현재 창 크기: 1920 x 4062
2025-08-25 18:13:14,199 - INFO - 화면 크기 최적화 완료
2025-08-25 18:13:14,199 - INFO - 기본 리뷰 섹션 캡처 시작: NewMatgoKakao (버튼 클릭 없음)
2025-08-25 18:13:14,203 - INFO - 시작 요소 찾기 성공: '평점 및 리뷰' (선택자 1: //h2[text()='평점 및 리뷰'])
2025-08-25 18:13:14,210 - INFO - 끝 요소 찾기 성공: (선택자 2: //span[text()='리뷰 모두 보기'])
2025-08-25 18:13:14,216 - INFO - 시작 요소로 스크롤: NewMatgoKakao
2025-08-25 18:13:17,225 - INFO - 전체 페이지 높이 설정
2025-08-25 18:13:17,229 - INFO - 전체 페이지 높이: 4186px
2025-08-25 18:13:23,251 - INFO - 전체 페이지 스크린샷 촬영: NewMatgoKakao
2025-08-25 18:13:23,533 - INFO - 전체 스크린샷 크기: 1920 x 4101
2025-08-25 18:13:23,548 - INFO - 시작 요소 위치: x=304, y=1900
2025-08-25 18:13:23,574 - INFO - 시작 요소 크기: width=120.26666259765624, height=28.0
2025-08-25 18:13:23,574 - INFO - 끝 요소 위치: x=312, y=3516
2025-08-25 18:13:23,578 - INFO - 끝 요소 크기: width=91.73333740234376, height=20.0
2025-08-25 18:13:23,578 - INFO - 최종 크롭 영역: left=204, top=1800, right=1204, bottom=3600
2025-08-25 18:13:23,673 - INFO - 캡처 완료: NewMatgoKakao_20250825.png (크기: 1000 x 1800)
2025-08-25 18:13:23,680 - INFO - NewMatgoKakao 캡처 성공!
2025-08-25 18:13:23,681 - INFO - ==================================================
2025-08-25 18:13:23,682 - INFO - 게임 캡처 시작: Original (com.neowiz.games.gostop2018)
2025-08-25 18:13:23,682 - INFO - 캡처 시작: Original (https://play.google.com/store/apps/details?id=com.neowiz.games.gostop2018)
2025-08-25 18:13:34,855 - INFO - 한국어 설정 적용
2025-08-25 18:13:34,863 - INFO - 한국어 URL로 리다이렉트: https://play.google.com/store/apps/details?id=com.neowiz.games.gostop2018&hl=ko
2025-08-25 18:13:42,656 - INFO - 화면 크기 최적화 시작
2025-08-25 18:13:42,689 - INFO - 현재 창 크기: 1920 x 4186
2025-08-25 18:13:44,711 - INFO - 화면 크기 최적화 완료
2025-08-25 18:13:44,759 - INFO - 기본 리뷰 섹션 캡처 시작: Original (버튼 클릭 없음)
2025-08-25 18:13:44,777 - INFO - 시작 요소 찾기 성공: '평점 및 리뷰' (선택자 1: //h2[text()='평점 및 리뷰'])
2025-08-25 18:13:44,793 - INFO - 끝 요소 찾기 성공: (선택자 2: //span[text()='리뷰 모두 보기'])
2025-08-25 18:13:44,819 - INFO - 시작 요소로 스크롤: Original
2025-08-25 18:13:47,834 - INFO - 전체 페이지 높이 설정
2025-08-25 18:13:47,839 - INFO - 전체 페이지 높이: 4018px
2025-08-25 18:13:53,859 - INFO - 전체 페이지 스크린샷 촬영: Original
2025-08-25 18:13:54,248 - INFO - 전체 스크린샷 크기: 1920 x 3933
2025-08-25 18:13:54,269 - INFO - 시작 요소 위치: x=304, y=1852
2025-08-25 18:13:54,272 - INFO - 시작 요소 크기: width=120.26666259765624, height=28.0
2025-08-25 18:13:54,276 - INFO - 끝 요소 위치: x=312, y=3428
2025-08-25 18:13:54,277 - INFO - 끝 요소 크기: width=91.73333740234376, height=20.0
2025-08-25 18:13:54,283 - INFO - 최종 크롭 영역: left=204, top=1752, right=1204, bottom=3552
2025-08-25 18:13:54,504 - INFO - 캡처 완료: Original_20250825.png (크기: 1000 x 1800)
2025-08-25 18:13:54,509 - INFO - Original 캡처 성공!
2025-08-25 18:13:54,510 - INFO - ==================================================
2025-08-25 18:13:54,511 - INFO - 게임 캡처 시작: Poker (com.neowiz.games.poker)
2025-08-25 18:13:54,520 - INFO - 캡처 시작: Poker (https://play.google.com/store/apps/details?id=com.neowiz.games.poker)
2025-08-25 18:14:06,633 - INFO - 한국어 설정 적용
2025-08-25 18:14:06,645 - INFO - 한국어 URL로 리다이렉트: https://play.google.com/store/apps/details?id=com.neowiz.games.poker&hl=ko
2025-08-25 18:14:13,227 - INFO - 화면 크기 최적화 시작
2025-08-25 18:14:13,245 - INFO - 현재 창 크기: 1920 x 4018
2025-08-25 18:14:15,289 - INFO - 화면 크기 최적화 완료
2025-08-25 18:14:15,292 - INFO - 기본 리뷰 섹션 캡처 시작: Poker (버튼 클릭 없음)
2025-08-25 18:14:15,297 - INFO - 시작 요소 찾기 성공: '평점 및 리뷰' (선택자 1: //h2[text()='평점 및 리뷰'])
2025-08-25 18:14:15,304 - INFO - 끝 요소 찾기 성공: (선택자 2: //span[text()='리뷰 모두 보기'])
2025-08-25 18:14:15,310 - INFO - 시작 요소로 스크롤: Poker
2025-08-25 18:14:18,330 - INFO - 전체 페이지 높이 설정
2025-08-25 18:14:18,336 - INFO - 전체 페이지 높이: 4166px
2025-08-25 18:14:24,360 - INFO - 전체 페이지 스크린샷 촬영: Poker
2025-08-25 18:14:24,659 - INFO - 전체 스크린샷 크기: 1920 x 4081
2025-08-25 18:14:24,690 - INFO - 시작 요소 위치: x=304, y=1900
2025-08-25 18:14:24,696 - INFO - 시작 요소 크기: width=120.26666259765624, height=28.0
2025-08-25 18:14:24,697 - INFO - 끝 요소 위치: x=312, y=3536
2025-08-25 18:14:24,698 - INFO - 끝 요소 크기: width=91.73333740234376, height=20.0
2025-08-25 18:14:24,698 - INFO - 최종 크롭 영역: left=204, top=1800, right=1204, bottom=3600
2025-08-25 18:14:24,899 - INFO - 캡처 완료: Poker_20250825.png (크기: 1000 x 1800)
2025-08-25 18:14:24,938 - INFO - Poker 캡처 성공!
2025-08-25 18:14:24,940 - INFO - ==================================================
2025-08-25 18:14:24,942 - INFO - 게임 캡처 시작: PokerKakao (com.neowiz.games.pokerKakao)
2025-08-25 18:14:24,945 - INFO - 캡처 시작: PokerKakao (https://play.google.com/store/apps/details?id=com.neowiz.games.pokerKakao)
2025-08-25 18:14:37,815 - INFO - 한국어 설정 적용
2025-08-25 18:14:37,822 - INFO - 한국어 URL로 리다이렉트: https://play.google.com/store/apps/details?id=com.neowiz.games.pokerKakao&hl=ko
2025-08-25 18:14:43,509 - INFO - 화면 크기 최적화 시작
2025-08-25 18:14:43,511 - INFO - 현재 창 크기: 1920 x 4166
2025-08-25 18:14:45,522 - INFO - 화면 크기 최적화 완료
2025-08-25 18:14:45,524 - INFO - 기본 리뷰 섹션 캡처 시작: PokerKakao (버튼 클릭 없음)
2025-08-25 18:14:45,527 - INFO - 시작 요소 찾기 성공: '평점 및 리뷰' (선택자 1: //h2[text()='평점 및 리뷰'])
2025-08-25 18:14:45,533 - INFO - 끝 요소 찾기 성공: (선택자 2: //span[text()='리뷰 모두 보기'])
2025-08-25 18:14:45,538 - INFO - 시작 요소로 스크롤: PokerKakao
2025-08-25 18:14:48,547 - INFO - 전체 페이지 높이 설정
2025-08-25 18:14:48,552 - INFO - 전체 페이지 높이: 4218px
2025-08-25 18:14:54,570 - INFO - 전체 페이지 스크린샷 촬영: PokerKakao
2025-08-25 18:14:54,865 - INFO - 전체 스크린샷 크기: 1920 x 4133
2025-08-25 18:14:54,876 - INFO - 시작 요소 위치: x=304, y=1852
2025-08-25 18:14:54,877 - INFO - 시작 요소 크기: width=120.26666259765624, height=28.0
2025-08-25 18:14:54,877 - INFO - 끝 요소 위치: x=312, y=3588
2025-08-25 18:14:54,877 - INFO - 끝 요소 크기: width=91.73333740234376, height=20.0
2025-08-25 18:14:54,877 - INFO - 최종 크롭 영역: left=204, top=1752, right=1204, bottom=3552
2025-08-25 18:14:54,977 - INFO - 캡처 완료: PokerKakao_20250825.png (크기: 1000 x 1800)
2025-08-25 18:14:54,982 - INFO - PokerKakao 캡처 성공!
2025-08-25 18:14:54,982 - INFO - ==================================================
2025-08-25 18:14:54,982 - INFO - 게임 캡처 시작: Sudda (com.neowiz.games.sudda)
2025-08-25 18:14:54,983 - INFO - 캡처 시작: Sudda (https://play.google.com/store/apps/details?id=com.neowiz.games.sudda)
2025-08-25 18:15:06,107 - INFO - 한국어 설정 적용
2025-08-25 18:15:06,117 - INFO - 한국어 URL로 리다이렉트: https://play.google.com/store/apps/details?id=com.neowiz.games.sudda&hl=ko
2025-08-25 18:15:11,498 - INFO - 화면 크기 최적화 시작
2025-08-25 18:15:11,500 - INFO - 현재 창 크기: 1920 x 4218
2025-08-25 18:15:13,510 - INFO - 화면 크기 최적화 완료
2025-08-25 18:15:13,510 - INFO - 기본 리뷰 섹션 캡처 시작: Sudda (버튼 클릭 없음)
2025-08-25 18:15:13,513 - INFO - 시작 요소 찾기 성공: '평점 및 리뷰' (선택자 1: //h2[text()='평점 및 리뷰'])
2025-08-25 18:15:13,519 - INFO - 끝 요소 찾기 성공: (선택자 2: //span[text()='리뷰 모두 보기'])
2025-08-25 18:15:13,525 - INFO - 시작 요소로 스크롤: Sudda
2025-08-25 18:15:16,536 - INFO - 전체 페이지 높이 설정
2025-08-25 18:15:16,539 - INFO - 전체 페이지 높이: 3958px
2025-08-25 18:15:22,558 - INFO - 전체 페이지 스크린샷 촬영: Sudda
2025-08-25 18:15:22,922 - INFO - 전체 스크린샷 크기: 1920 x 3873
2025-08-25 18:15:22,938 - INFO - 시작 요소 위치: x=304, y=1852
2025-08-25 18:15:22,945 - INFO - 시작 요소 크기: width=120.26666259765624, height=28.0
2025-08-25 18:15:22,945 - INFO - 끝 요소 위치: x=312, y=3368
2025-08-25 18:15:22,946 - INFO - 끝 요소 크기: width=91.73333740234376, height=20.0
2025-08-25 18:15:22,963 - INFO - 최종 크롭 영역: left=204, top=1752, right=1204, bottom=3552
2025-08-25 18:15:23,102 - INFO - 캡처 완료: Sudda_20250825.png (크기: 1000 x 1800)
2025-08-25 18:15:23,109 - INFO - Sudda 캡처 성공!
2025-08-25 18:15:23,119 - INFO - ==================================================
2025-08-25 18:15:23,120 - INFO - 게임 캡처 시작: SuddaKakao (com.neowiz.games.suddaKakao)
2025-08-25 18:15:23,120 - INFO - 캡처 시작: SuddaKakao (https://play.google.com/store/apps/details?id=com.neowiz.games.suddaKakao)
2025-08-25 18:15:33,829 - INFO - 한국어 설정 적용
2025-08-25 18:15:33,842 - INFO - 한국어 URL로 리다이렉트: https://play.google.com/store/apps/details?id=com.neowiz.games.suddaKakao&hl=ko
2025-08-25 18:15:39,166 - INFO - 화면 크기 최적화 시작
2025-08-25 18:15:39,169 - INFO - 현재 창 크기: 1920 x 3958
2025-08-25 18:15:41,181 - INFO - 화면 크기 최적화 완료
2025-08-25 18:15:41,182 - INFO - 기본 리뷰 섹션 캡처 시작: SuddaKakao (버튼 클릭 없음)
2025-08-25 18:15:41,185 - INFO - 시작 요소 찾기 성공: '평점 및 리뷰' (선택자 1: //h2[text()='평점 및 리뷰'])
2025-08-25 18:15:41,192 - INFO - 끝 요소 찾기 성공: (선택자 2: //span[text()='리뷰 모두 보기'])
2025-08-25 18:15:41,201 - INFO - 시작 요소로 스크롤: SuddaKakao
2025-08-25 18:15:44,209 - INFO - 전체 페이지 높이 설정
2025-08-25 18:15:44,213 - INFO - 전체 페이지 높이: 4118px
2025-08-25 18:15:50,240 - INFO - 전체 페이지 스크린샷 촬영: SuddaKakao
2025-08-25 18:15:51,520 - INFO - 전체 스크린샷 크기: 1920 x 4033
2025-08-25 18:15:51,644 - INFO - 시작 요소 위치: x=304, y=1852
2025-08-25 18:15:51,666 - INFO - 시작 요소 크기: width=120.26666259765624, height=28.0
2025-08-25 18:15:51,716 - INFO - 끝 요소 위치: x=312, y=3528
2025-08-25 18:15:51,803 - INFO - 끝 요소 크기: width=91.73333740234376, height=20.0
2025-08-25 18:15:51,859 - INFO - 최종 크롭 영역: left=204, top=1752, right=1204, bottom=3552
2025-08-25 18:15:52,465 - INFO - 캡처 완료: SuddaKakao_20250825.png (크기: 1000 x 1800)
2025-08-25 18:15:52,629 - INFO - SuddaKakao 캡처 성공!
2025-08-25 18:15:52,661 - INFO - ==================================================
2025-08-25 18:15:52,671 - INFO - 게임 캡처 시작: ShowdownHoldem (com.neowiz.games.pmang.holdem.poker)
2025-08-25 18:15:52,681 - INFO - 캡처 시작: ShowdownHoldem (https://play.google.com/store/apps/details?id=com.neowiz.games.pmang.holdem.poker)
2025-08-25 18:16:05,836 - INFO - 한국어 설정 적용
2025-08-25 18:16:06,013 - INFO - 한국어 URL로 리다이렉트: https://play.google.com/store/apps/details?id=com.neowiz.games.pmang.holdem.poker&hl=ko
2025-08-25 18:16:15,094 - INFO - 화면 크기 최적화 시작
2025-08-25 18:16:15,175 - INFO - 현재 창 크기: 1920 x 4118
2025-08-25 18:16:17,205 - INFO - 화면 크기 최적화 완료
2025-08-25 18:16:17,206 - INFO - 기본 리뷰 섹션 캡처 시작: ShowdownHoldem (버튼 클릭 없음)
2025-08-25 18:16:17,211 - INFO - 시작 요소 찾기 성공: '평점 및 리뷰' (선택자 1: //h2[text()='평점 및 리뷰'])
2025-08-25 18:16:17,217 - INFO - 끝 요소 찾기 성공: (선택자 2: //span[text()='리뷰 모두 보기'])
2025-08-25 18:16:17,224 - INFO - 시작 요소로 스크롤: ShowdownHoldem
2025-08-25 18:16:20,233 - INFO - 전체 페이지 높이 설정
2025-08-25 18:16:20,248 - INFO - 전체 페이지 높이: 3834px
2025-08-25 18:16:26,289 - INFO - 전체 페이지 스크린샷 촬영: ShowdownHoldem
2025-08-25 18:16:26,974 - INFO - 전체 스크린샷 크기: 1920 x 3749
2025-08-25 18:16:27,023 - INFO - 시작 요소 위치: x=304, y=1852
2025-08-25 18:16:27,074 - INFO - 시작 요소 크기: width=120.26666259765624, height=28.0
2025-08-25 18:16:27,075 - INFO - 끝 요소 위치: x=312, y=3224
2025-08-25 18:16:27,183 - INFO - 끝 요소 크기: width=91.73333740234376, height=20.0
2025-08-25 18:16:27,215 - INFO - 최종 크롭 영역: left=204, top=1752, right=1204, bottom=3552
2025-08-25 18:16:27,848 - INFO - 캡처 완료: ShowdownHoldem_20250825.png (크기: 1000 x 1800)
2025-08-25 18:16:27,879 - INFO - ShowdownHoldem 캡처 성공!
2025-08-25 18:16:27,884 - INFO - ==================================================
2025-08-25 18:16:27,899 - INFO - 게임 캡처 시작: NewVegas (com.neowiz.playstudio.slot.casino)
2025-08-25 18:16:27,923 - INFO - 캡처 시작: NewVegas (https://play.google.com/store/apps/details?id=com.neowiz.playstudio.slot.casino)
2025-08-25 18:16:40,844 - INFO - 한국어 설정 적용
2025-08-25 18:16:40,854 - INFO - 한국어 URL로 리다이렉트: https://play.google.com/store/apps/details?id=com.neowiz.playstudio.slot.casino&hl=ko
2025-08-25 18:16:48,699 - INFO - 화면 크기 최적화 시작
2025-08-25 18:16:48,719 - INFO - 현재 창 크기: 1920 x 3834
2025-08-25 18:16:50,737 - INFO - 화면 크기 최적화 완료
2025-08-25 18:16:50,738 - INFO - 기본 리뷰 섹션 캡처 시작: NewVegas (버튼 클릭 없음)
2025-08-25 18:16:50,746 - INFO - 시작 요소 찾기 성공: '평점 및 리뷰' (선택자 1: //h2[text()='평점 및 리뷰'])
2025-08-25 18:16:50,786 - INFO - 끝 요소 찾기 성공: (선택자 2: //span[text()='리뷰 모두 보기'])
2025-08-25 18:16:50,805 - INFO - 시작 요소로 스크롤: NewVegas
2025-08-25 18:16:53,822 - INFO - 전체 페이지 높이 설정
2025-08-25 18:16:53,828 - INFO - 전체 페이지 높이: 3862px
2025-08-25 18:16:59,845 - INFO - 전체 페이지 스크린샷 촬영: NewVegas
2025-08-25 18:17:00,135 - INFO - 전체 스크린샷 크기: 1920 x 3777
2025-08-25 18:17:00,148 - INFO - 시작 요소 위치: x=304, y=1852
2025-08-25 18:17:00,150 - INFO - 시작 요소 크기: width=120.26666259765624, height=28.0
2025-08-25 18:17:00,151 - INFO - 끝 요소 위치: x=312, y=3252
2025-08-25 18:17:00,151 - INFO - 끝 요소 크기: width=91.73333740234376, height=20.0
2025-08-25 18:17:00,151 - INFO - 최종 크롭 영역: left=204, top=1752, right=1204, bottom=3552
2025-08-25 18:17:00,251 - INFO - 캡처 완료: NewVegas_20250825.png (크기: 1000 x 1800)
2025-08-25 18:17:00,255 - INFO - NewVegas 캡처 성공!
2025-08-25 18:17:00,255 - INFO - ==================================================
2025-08-25 18:17:00,255 - INFO - HTML 파일 업데이트 시작
2025-08-25 18:17:00,256 - INFO - HTML 파일을 읽었습니다: aos_review.html
2025-08-25 18:17:00,277 - INFO - 변경할 이미지 경로가 없습니다.
2025-08-25 18:17:00,278 - INFO - HTML 파일 업데이트 성공!
2025-08-25 18:17:00,278 - INFO - ==================================================
2025-08-25 18:17:00,279 - INFO - 모든 게임 캡처 및 HTML 업데이트 성공!
2025-08-25 18:17:00,279 - INFO - ==================================================
2025-08-25 18:17:03,223 - INFO - Firefox WebDriver 종료
2025-08-25 18:20:06,455 - INFO - ==================================================
2025-08-25 18:20:06,456 - INFO - 자동 Google Play 리뷰 캡처 및 HTML 업데이트 시작
2025-08-25 18:20:06,456 - INFO - 실행 날짜: 20250825
2025-08-25 18:20:06,456 - INFO - 저장 폴더: D:\aos_review\20250825
2025-08-25 18:20:06,456 - INFO - 캡처할 게임 수: 9개
2025-08-25 18:20:06,457 - INFO - ==================================================
2025-08-25 18:20:06,457 - INFO - 저장 폴더 생성: D:\aos_review\20250825
2025-08-25 18:20:18,623 - INFO - Firefox WebDriver 초기화 성공
2025-08-25 18:20:18,631 - INFO - 게임 캡처 시작: NewMatgo (com.neowiz.games.newmatgo)
2025-08-25 18:20:18,658 - INFO - 캡처 시작: NewMatgo (https://play.google.com/store/apps/details?id=com.neowiz.games.newmatgo)
2025-08-25 18:20:36,087 - INFO - 한국어 설정 적용
2025-08-25 18:20:36,101 - INFO - 한국어 URL로 리다이렉트: https://play.google.com/store/apps/details?id=com.neowiz.games.newmatgo&hl=ko
2025-08-25 18:20:43,422 - INFO - 화면 크기 최적화 시작
2025-08-25 18:20:43,424 - INFO - 현재 창 크기: 1920 x 1200
2025-08-25 18:20:45,434 - INFO - 화면 크기 최적화 완료
2025-08-25 18:20:45,450 - INFO - 기본 리뷰 섹션 캡처 시작: NewMatgo (버튼 클릭 없음)
2025-08-25 18:20:45,459 - INFO - 시작 요소 찾기 성공: '평점 및 리뷰' (선택자 1: //h2[text()='평점 및 리뷰'])
2025-08-25 18:20:45,468 - INFO - 끝 요소 찾기 성공: (선택자 2: //span[text()='리뷰 모두 보기'])
2025-08-25 18:20:45,481 - INFO - 시작 요소로 스크롤: NewMatgo
2025-08-25 18:20:48,495 - INFO - 전체 페이지 높이 설정
2025-08-25 18:20:48,499 - INFO - 전체 페이지 높이: 4062px
2025-08-25 18:20:54,518 - INFO - 전체 페이지 스크린샷 촬영: NewMatgo
2025-08-25 18:20:54,873 - INFO - 전체 스크린샷 크기: 1920 x 3977
2025-08-25 18:20:54,890 - INFO - 시작 요소 위치: x=304, y=1900
2025-08-25 18:20:54,891 - INFO - 시작 요소 크기: width=120.26666259765624, height=28.0
2025-08-25 18:20:54,895 - INFO - 끝 요소 위치: x=312, y=3392
2025-08-25 18:20:54,895 - INFO - 끝 요소 크기: width=91.73333740234376, height=20.0
2025-08-25 18:20:54,900 - INFO - 최종 크롭 영역: left=204, top=1800, right=1204, bottom=3600
2025-08-25 18:20:55,116 - INFO - 캡처 완료: NewMatgo_20250825.png (크기: 1000 x 1800)
2025-08-25 18:20:55,169 - INFO - NewMatgo 캡처 성공!
2025-08-25 18:20:55,181 - INFO - ==================================================
2025-08-25 18:20:55,183 - INFO - 게임 캡처 시작: NewMatgoKakao (com.neowiz.games.newmatgoKakao)
2025-08-25 18:20:55,185 - INFO - 캡처 시작: NewMatgoKakao (https://play.google.com/store/apps/details?id=com.neowiz.games.newmatgoKakao)
2025-08-25 18:21:07,322 - INFO - 한국어 설정 적용
2025-08-25 18:21:07,334 - INFO - 한국어 URL로 리다이렉트: https://play.google.com/store/apps/details?id=com.neowiz.games.newmatgoKakao&hl=ko
2025-08-25 18:21:12,935 - INFO - 화면 크기 최적화 시작
2025-08-25 18:21:12,940 - INFO - 현재 창 크기: 1920 x 4062
2025-08-25 18:21:14,951 - INFO - 화면 크기 최적화 완료
2025-08-25 18:21:14,967 - INFO - 기본 리뷰 섹션 캡처 시작: NewMatgoKakao (버튼 클릭 없음)
2025-08-25 18:21:14,984 - INFO - 시작 요소 찾기 성공: '평점 및 리뷰' (선택자 1: //h2[text()='평점 및 리뷰'])
2025-08-25 18:21:15,014 - INFO - 끝 요소 찾기 성공: (선택자 2: //span[text()='리뷰 모두 보기'])
2025-08-25 18:21:15,029 - INFO - 시작 요소로 스크롤: NewMatgoKakao
2025-08-25 18:21:18,038 - INFO - 전체 페이지 높이 설정
2025-08-25 18:21:18,050 - INFO - 전체 페이지 높이: 4186px
2025-08-25 18:21:24,073 - INFO - 전체 페이지 스크린샷 촬영: NewMatgoKakao
2025-08-25 18:21:24,425 - INFO - 전체 스크린샷 크기: 1920 x 4101
2025-08-25 18:21:24,454 - INFO - 시작 요소 위치: x=304, y=1900
2025-08-25 18:21:24,455 - INFO - 시작 요소 크기: width=120.26666259765624, height=28.0
2025-08-25 18:21:24,456 - INFO - 끝 요소 위치: x=312, y=3516
2025-08-25 18:21:24,458 - INFO - 끝 요소 크기: width=91.73333740234376, height=20.0
2025-08-25 18:21:24,459 - INFO - 최종 크롭 영역: left=204, top=1800, right=1204, bottom=3600
2025-08-25 18:21:24,564 - INFO - 캡처 완료: NewMatgoKakao_20250825.png (크기: 1000 x 1800)
2025-08-25 18:21:24,572 - INFO - NewMatgoKakao 캡처 성공!
2025-08-25 18:21:24,573 - INFO - ==================================================
2025-08-25 18:21:24,574 - INFO - 게임 캡처 시작: Original (com.neowiz.games.gostop2018)
2025-08-25 18:21:24,575 - INFO - 캡처 시작: Original (https://play.google.com/store/apps/details?id=com.neowiz.games.gostop2018)
2025-08-25 18:21:35,395 - INFO - 한국어 설정 적용
2025-08-25 18:21:35,415 - INFO - 한국어 URL로 리다이렉트: https://play.google.com/store/apps/details?id=com.neowiz.games.gostop2018&hl=ko
2025-08-25 18:21:41,456 - INFO - 화면 크기 최적화 시작
2025-08-25 18:21:41,461 - INFO - 현재 창 크기: 1920 x 4186
2025-08-25 18:21:43,480 - INFO - 화면 크기 최적화 완료
2025-08-25 18:21:43,483 - INFO - 기본 리뷰 섹션 캡처 시작: Original (버튼 클릭 없음)
2025-08-25 18:21:43,489 - INFO - 시작 요소 찾기 성공: '평점 및 리뷰' (선택자 1: //h2[text()='평점 및 리뷰'])
2025-08-25 18:21:43,496 - INFO - 끝 요소 찾기 성공: (선택자 2: //span[text()='리뷰 모두 보기'])
2025-08-25 18:21:43,503 - INFO - 시작 요소로 스크롤: Original
2025-08-25 18:21:46,510 - INFO - 전체 페이지 높이 설정
2025-08-25 18:21:46,513 - INFO - 전체 페이지 높이: 4018px
2025-08-25 18:21:52,534 - INFO - 전체 페이지 스크린샷 촬영: Original
2025-08-25 18:21:53,053 - INFO - 전체 스크린샷 크기: 1920 x 3933
2025-08-25 18:21:53,564 - INFO - 시작 요소 위치: x=304, y=1852
2025-08-25 18:21:53,764 - INFO - 시작 요소 크기: width=120.26666259765624, height=28.0
2025-08-25 18:21:53,765 - INFO - 끝 요소 위치: x=312, y=3428
2025-08-25 18:21:53,906 - INFO - 끝 요소 크기: width=91.73333740234376, height=20.0
2025-08-25 18:21:53,999 - INFO - 최종 크롭 영역: left=204, top=1752, right=1204, bottom=3552
2025-08-25 18:21:54,146 - INFO - 캡처 완료: Original_20250825.png (크기: 1000 x 1800)
2025-08-25 18:21:54,152 - INFO - Original 캡처 성공!
2025-08-25 18:21:54,152 - INFO - ==================================================
2025-08-25 18:21:54,153 - INFO - 게임 캡처 시작: Poker (com.neowiz.games.poker)
2025-08-25 18:21:54,154 - INFO - 캡처 시작: Poker (https://play.google.com/store/apps/details?id=com.neowiz.games.poker)
2025-08-25 18:22:06,266 - INFO - 한국어 설정 적용
2025-08-25 18:22:06,417 - INFO - 한국어 URL로 리다이렉트: https://play.google.com/store/apps/details?id=com.neowiz.games.poker&hl=ko
2025-08-25 18:22:19,542 - INFO - 화면 크기 최적화 시작
2025-08-25 18:22:19,545 - INFO - 현재 창 크기: 1920 x 4018
2025-08-25 18:22:21,558 - INFO - 화면 크기 최적화 완료
2025-08-25 18:22:21,600 - INFO - 기본 리뷰 섹션 캡처 시작: Poker (버튼 클릭 없음)
2025-08-25 18:22:21,619 - INFO - 시작 요소 찾기 성공: '평점 및 리뷰' (선택자 1: //h2[text()='평점 및 리뷰'])
2025-08-25 18:22:21,774 - INFO - 끝 요소 찾기 성공: (선택자 2: //span[text()='리뷰 모두 보기'])
2025-08-25 18:22:21,829 - INFO - 시작 요소로 스크롤: Poker
2025-08-25 18:22:24,845 - INFO - 전체 페이지 높이 설정
2025-08-25 18:22:24,851 - INFO - 전체 페이지 높이: 4166px
2025-08-25 18:22:30,871 - INFO - 전체 페이지 스크린샷 촬영: Poker
2025-08-25 18:22:31,580 - INFO - 전체 스크린샷 크기: 1920 x 4081
2025-08-25 18:22:31,634 - INFO - 시작 요소 위치: x=304, y=1900
2025-08-25 18:22:31,666 - INFO - 시작 요소 크기: width=120.26666259765624, height=28.0
2025-08-25 18:22:31,669 - INFO - 끝 요소 위치: x=312, y=3536
2025-08-25 18:22:31,670 - INFO - 끝 요소 크기: width=91.73333740234376, height=20.0
2025-08-25 18:22:31,727 - INFO - 최종 크롭 영역: left=204, top=1800, right=1204, bottom=3600
2025-08-25 18:22:32,282 - INFO - 캡처 완료: Poker_20250825.png (크기: 1000 x 1800)
2025-08-25 18:22:32,293 - INFO - Poker 캡처 성공!
2025-08-25 18:22:32,308 - INFO - ==================================================
2025-08-25 18:22:32,311 - INFO - 게임 캡처 시작: PokerKakao (com.neowiz.games.pokerKakao)
2025-08-25 18:22:32,313 - INFO - 캡처 시작: PokerKakao (https://play.google.com/store/apps/details?id=com.neowiz.games.pokerKakao)
2025-08-25 18:22:45,121 - INFO - 한국어 설정 적용
2025-08-25 18:22:45,303 - INFO - 한국어 URL로 리다이렉트: https://play.google.com/store/apps/details?id=com.neowiz.games.pokerKakao&hl=ko
2025-08-25 18:22:54,475 - INFO - 화면 크기 최적화 시작
2025-08-25 18:22:54,504 - INFO - 현재 창 크기: 1920 x 4166
2025-08-25 18:22:56,515 - INFO - 화면 크기 최적화 완료
2025-08-25 18:22:56,516 - INFO - 기본 리뷰 섹션 캡처 시작: PokerKakao (버튼 클릭 없음)
2025-08-25 18:22:56,519 - INFO - 시작 요소 찾기 성공: '평점 및 리뷰' (선택자 1: //h2[text()='평점 및 리뷰'])
2025-08-25 18:22:56,534 - INFO - 끝 요소 찾기 성공: (선택자 2: //span[text()='리뷰 모두 보기'])
2025-08-25 18:22:56,543 - INFO - 시작 요소로 스크롤: PokerKakao
2025-08-25 18:22:59,551 - INFO - 전체 페이지 높이 설정
2025-08-25 18:22:59,580 - INFO - 전체 페이지 높이: 4218px
2025-08-25 18:23:05,601 - INFO - 전체 페이지 스크린샷 촬영: PokerKakao
2025-08-25 18:23:06,174 - INFO - 전체 스크린샷 크기: 1920 x 4133
2025-08-25 18:23:06,213 - INFO - 시작 요소 위치: x=304, y=1852
2025-08-25 18:23:06,226 - INFO - 시작 요소 크기: width=120.26666259765624, height=28.0
2025-08-25 18:23:06,237 - INFO - 끝 요소 위치: x=312, y=3588
2025-08-25 18:23:06,237 - INFO - 끝 요소 크기: width=91.73333740234376, height=20.0
2025-08-25 18:23:06,240 - INFO - 최종 크롭 영역: left=204, top=1752, right=1204, bottom=3552
2025-08-25 18:23:06,440 - INFO - 캡처 완료: PokerKakao_20250825.png (크기: 1000 x 1800)
2025-08-25 18:23:06,451 - INFO - PokerKakao 캡처 성공!
2025-08-25 18:23:06,457 - INFO - ==================================================
2025-08-25 18:23:06,458 - INFO - 게임 캡처 시작: Sudda (com.neowiz.games.sudda)
2025-08-25 18:23:06,458 - INFO - 캡처 시작: Sudda (https://play.google.com/store/apps/details?id=com.neowiz.games.sudda)
2025-08-25 18:23:19,276 - INFO - 한국어 설정 적용
2025-08-25 18:23:19,283 - INFO - 한국어 URL로 리다이렉트: https://play.google.com/store/apps/details?id=com.neowiz.games.sudda&hl=ko
2025-08-25 18:23:26,278 - INFO - 화면 크기 최적화 시작
2025-08-25 18:23:26,281 - INFO - 현재 창 크기: 1920 x 4218
2025-08-25 18:23:28,294 - INFO - 화면 크기 최적화 완료
2025-08-25 18:23:28,295 - INFO - 기본 리뷰 섹션 캡처 시작: Sudda (버튼 클릭 없음)
2025-08-25 18:23:28,298 - INFO - 시작 요소 찾기 성공: '평점 및 리뷰' (선택자 1: //h2[text()='평점 및 리뷰'])
2025-08-25 18:23:28,306 - INFO - 끝 요소 찾기 성공: (선택자 2: //span[text()='리뷰 모두 보기'])
2025-08-25 18:23:28,320 - INFO - 시작 요소로 스크롤: Sudda
2025-08-25 18:23:31,355 - INFO - 전체 페이지 높이 설정
2025-08-25 18:23:31,363 - INFO - 전체 페이지 높이: 3958px
2025-08-25 18:23:37,392 - INFO - 전체 페이지 스크린샷 촬영: Sudda
2025-08-25 18:23:37,684 - INFO - 전체 스크린샷 크기: 1920 x 3873
2025-08-25 18:23:37,699 - INFO - 시작 요소 위치: x=304, y=1852
2025-08-25 18:23:37,700 - INFO - 시작 요소 크기: width=120.26666259765624, height=28.0
2025-08-25 18:23:37,700 - INFO - 끝 요소 위치: x=312, y=3368
2025-08-25 18:23:37,700 - INFO - 끝 요소 크기: width=91.73333740234376, height=20.0
2025-08-25 18:23:37,701 - INFO - 최종 크롭 영역: left=204, top=1752, right=1204, bottom=3552
2025-08-25 18:23:37,853 - INFO - 캡처 완료: Sudda_20250825.png (크기: 1000 x 1800)
2025-08-25 18:23:37,856 - INFO - Sudda 캡처 성공!
2025-08-25 18:23:37,857 - INFO - ==================================================
2025-08-25 18:23:37,857 - INFO - 게임 캡처 시작: SuddaKakao (com.neowiz.games.suddaKakao)
2025-08-25 18:23:37,857 - INFO - 캡처 시작: SuddaKakao (https://play.google.com/store/apps/details?id=com.neowiz.games.suddaKakao)
2025-08-25 18:23:48,894 - INFO - 한국어 설정 적용
2025-08-25 18:23:48,902 - INFO - 한국어 URL로 리다이렉트: https://play.google.com/store/apps/details?id=com.neowiz.games.suddaKakao&hl=ko
2025-08-25 18:23:54,727 - INFO - 화면 크기 최적화 시작
2025-08-25 18:23:54,733 - INFO - 현재 창 크기: 1920 x 3958
2025-08-25 18:23:56,748 - INFO - 화면 크기 최적화 완료
2025-08-25 18:23:56,775 - INFO - 기본 리뷰 섹션 캡처 시작: SuddaKakao (버튼 클릭 없음)
2025-08-25 18:23:56,781 - INFO - 시작 요소 찾기 성공: '평점 및 리뷰' (선택자 1: //h2[text()='평점 및 리뷰'])
2025-08-25 18:23:56,820 - INFO - 끝 요소 찾기 성공: (선택자 2: //span[text()='리뷰 모두 보기'])
2025-08-25 18:23:56,879 - INFO - 시작 요소로 스크롤: SuddaKakao
2025-08-25 18:23:59,909 - INFO - 전체 페이지 높이 설정
2025-08-25 18:23:59,914 - INFO - 전체 페이지 높이: 4118px
2025-08-25 18:24:05,940 - INFO - 전체 페이지 스크린샷 촬영: SuddaKakao
2025-08-25 18:24:06,236 - INFO - 전체 스크린샷 크기: 1920 x 4033
2025-08-25 18:24:06,259 - INFO - 시작 요소 위치: x=304, y=1852
2025-08-25 18:24:06,259 - INFO - 시작 요소 크기: width=120.26666259765624, height=28.0
2025-08-25 18:24:06,259 - INFO - 끝 요소 위치: x=312, y=3528
2025-08-25 18:24:06,260 - INFO - 끝 요소 크기: width=91.73333740234376, height=20.0
2025-08-25 18:24:06,260 - INFO - 최종 크롭 영역: left=204, top=1752, right=1204, bottom=3552
2025-08-25 18:24:06,381 - INFO - 캡처 완료: SuddaKakao_20250825.png (크기: 1000 x 1800)
2025-08-25 18:24:06,385 - INFO - SuddaKakao 캡처 성공!
2025-08-25 18:24:06,385 - INFO - ==================================================
2025-08-25 18:24:06,386 - INFO - 게임 캡처 시작: ShowdownHoldem (com.neowiz.games.pmang.holdem.poker)
2025-08-25 18:24:06,386 - INFO - 캡처 시작: ShowdownHoldem (https://play.google.com/store/apps/details?id=com.neowiz.games.pmang.holdem.poker)
2025-08-25 18:24:17,674 - INFO - 한국어 설정 적용
2025-08-25 18:24:17,688 - INFO - 한국어 URL로 리다이렉트: https://play.google.com/store/apps/details?id=com.neowiz.games.pmang.holdem.poker&hl=ko
2025-08-25 18:24:23,555 - INFO - 화면 크기 최적화 시작
2025-08-25 18:24:23,557 - INFO - 현재 창 크기: 1920 x 4118
2025-08-25 18:24:25,568 - INFO - 화면 크기 최적화 완료
2025-08-25 18:24:25,568 - INFO - 기본 리뷰 섹션 캡처 시작: ShowdownHoldem (버튼 클릭 없음)
2025-08-25 18:24:25,573 - INFO - 시작 요소 찾기 성공: '평점 및 리뷰' (선택자 1: //h2[text()='평점 및 리뷰'])
2025-08-25 18:24:25,579 - INFO - 끝 요소 찾기 성공: (선택자 2: //span[text()='리뷰 모두 보기'])
2025-08-25 18:24:25,585 - INFO - 시작 요소로 스크롤: ShowdownHoldem
2025-08-25 18:24:28,604 - INFO - 전체 페이지 높이 설정
2025-08-25 18:24:28,687 - INFO - 전체 페이지 높이: 3834px
2025-08-25 18:24:34,715 - INFO - 전체 페이지 스크린샷 촬영: ShowdownHoldem
2025-08-25 18:24:35,050 - INFO - 전체 스크린샷 크기: 1920 x 3749
2025-08-25 18:24:35,062 - INFO - 시작 요소 위치: x=304, y=1852
2025-08-25 18:24:35,063 - INFO - 시작 요소 크기: width=120.26666259765624, height=28.0
2025-08-25 18:24:35,063 - INFO - 끝 요소 위치: x=312, y=3224
2025-08-25 18:24:35,063 - INFO - 끝 요소 크기: width=91.73333740234376, height=20.0
2025-08-25 18:24:35,063 - INFO - 최종 크롭 영역: left=204, top=1752, right=1204, bottom=3552
2025-08-25 18:24:35,163 - INFO - 캡처 완료: ShowdownHoldem_20250825.png (크기: 1000 x 1800)
2025-08-25 18:24:35,173 - INFO - ShowdownHoldem 캡처 성공!
2025-08-25 18:24:35,173 - INFO - ==================================================
2025-08-25 18:24:35,174 - INFO - 게임 캡처 시작: NewVegas (com.neowiz.playstudio.slot.casino)
2025-08-25 18:24:35,175 - INFO - 캡처 시작: NewVegas (https://play.google.com/store/apps/details?id=com.neowiz.playstudio.slot.casino)
2025-08-25 18:24:49,085 - INFO - 한국어 설정 적용
2025-08-25 18:24:49,100 - INFO - 한국어 URL로 리다이렉트: https://play.google.com/store/apps/details?id=com.neowiz.playstudio.slot.casino&hl=ko
2025-08-25 18:24:58,029 - INFO - 화면 크기 최적화 시작
2025-08-25 18:24:58,380 - INFO - 현재 창 크기: 1920 x 3834
2025-08-25 18:25:00,711 - INFO - 화면 크기 최적화 완료
2025-08-25 18:25:00,751 - INFO - 기본 리뷰 섹션 캡처 시작: NewVegas (버튼 클릭 없음)
2025-08-25 18:25:00,761 - INFO - 시작 요소 찾기 성공: '평점 및 리뷰' (선택자 1: //h2[text()='평점 및 리뷰'])
2025-08-25 18:25:00,880 - INFO - 끝 요소 찾기 성공: (선택자 2: //span[text()='리뷰 모두 보기'])
2025-08-25 18:25:01,084 - INFO - 시작 요소로 스크롤: NewVegas
2025-08-25 18:25:04,155 - INFO - 전체 페이지 높이 설정
2025-08-25 18:25:04,196 - INFO - 전체 페이지 높이: 3862px
2025-08-25 18:25:10,244 - INFO - 전체 페이지 스크린샷 촬영: NewVegas
2025-08-25 18:25:10,536 - INFO - 전체 스크린샷 크기: 1920 x 3777
2025-08-25 18:25:10,551 - INFO - 시작 요소 위치: x=304, y=1852
2025-08-25 18:25:10,552 - INFO - 시작 요소 크기: width=120.26666259765624, height=28.0
2025-08-25 18:25:10,552 - INFO - 끝 요소 위치: x=312, y=3252
2025-08-25 18:25:10,553 - INFO - 끝 요소 크기: width=91.73333740234376, height=20.0
2025-08-25 18:25:10,554 - INFO - 최종 크롭 영역: left=204, top=1752, right=1204, bottom=3552
2025-08-25 18:25:10,701 - INFO - 캡처 완료: NewVegas_20250825.png (크기: 1000 x 1800)
2025-08-25 18:25:10,707 - INFO - NewVegas 캡처 성공!
2025-08-25 18:25:10,707 - INFO - ==================================================
2025-08-25 18:25:10,708 - INFO - HTML 파일 업데이트 시작
2025-08-25 18:25:10,709 - INFO - HTML 파일을 읽었습니다: aos_review.html
2025-08-25 18:25:10,786 - INFO - JavaScript 변수 업데이트: ${currentDate} -> 20250825 (2회)
2025-08-25 18:25:10,796 - INFO - JavaScript 변수 업데이트: ${prevDate} -> 20250818 (2회)
2025-08-25 18:25:10,797 - INFO - 총 4개의 이미지 경로가 업데이트되었습니다.
2025-08-25 18:25:10,798 - INFO - 파일이 저장되었습니다: aos_review.html
2025-08-25 18:25:10,802 - INFO - HTML 파일 업데이트 성공!
2025-08-25 18:25:10,803 - INFO - ==================================================
2025-08-25 18:25:10,804 - INFO - 모든 게임 캡처 및 HTML 업데이트 성공!
2025-08-25 18:25:10,804 - INFO - ==================================================
2025-08-25 18:25:15,682 - INFO - Firefox WebDriver 종료
