2025-08-27 10:14:15,371 - INFO - ==================================================
2025-08-27 10:14:15,378 - INFO - 자동 Google Play 리뷰 캡처 및 HTML 업데이트 시작
2025-08-27 10:14:15,378 - INFO - 실행 날짜: 20250827
2025-08-27 10:14:15,378 - INFO - 저장 폴더: D:\aos_review\20250827
2025-08-27 10:14:15,429 - INFO - 캡처할 게임 수: 9개
2025-08-27 10:14:15,461 - INFO - ==================================================
2025-08-27 10:14:15,476 - INFO - 저장 폴더 생성: D:\aos_review\20250827
2025-08-27 10:14:26,771 - INFO - ==================================================
2025-08-27 10:14:26,788 - INFO - 자동 Google Play 리뷰 캡처 및 HTML 업데이트 시작
2025-08-27 10:14:26,788 - INFO - 실행 날짜: 20250827
2025-08-27 10:14:26,798 - INFO - 저장 폴더: D:\aos_review\20250827
2025-08-27 10:14:26,802 - INFO - 캡처할 게임 수: 9개
2025-08-27 10:14:26,803 - INFO - ==================================================
2025-08-27 10:14:26,803 - INFO - 저장 폴더 생성: D:\aos_review\20250827
2025-08-27 10:14:39,788 - INFO - Firefox WebDriver 초기화 성공
2025-08-27 10:14:39,850 - INFO - 게임 캡처 시작: NewMatgo (com.neowiz.games.newmatgo)
2025-08-27 10:14:39,851 - INFO - 캡처 시작: NewMatgo (https://play.google.com/store/apps/details?id=com.neowiz.games.newmatgo)
2025-08-27 10:14:55,126 - INFO - 한국어 설정 적용
2025-08-27 10:14:55,156 - INFO - 한국어 URL로 리다이렉트: https://play.google.com/store/apps/details?id=com.neowiz.games.newmatgo&hl=ko
2025-08-27 10:15:01,975 - INFO - 화면 크기 최적화 시작
2025-08-27 10:15:01,978 - INFO - 현재 창 크기: 1920 x 1200
2025-08-27 10:15:03,986 - INFO - 화면 크기 최적화 완료
2025-08-27 10:15:03,997 - INFO - 기본 리뷰 섹션 캡처 시작: NewMatgo (버튼 클릭 없음)
2025-08-27 10:15:04,015 - INFO - 시작 요소 찾기 성공: '평점 및 리뷰' (선택자 1: //h2[text()='평점 및 리뷰'])
2025-08-27 10:15:04,120 - INFO - 끝 요소 찾기 성공: (선택자 2: //span[text()='리뷰 모두 보기'])
2025-08-27 10:15:04,167 - INFO - 시작 요소로 스크롤: NewMatgo
2025-08-27 10:15:07,202 - INFO - 전체 페이지 높이 설정
2025-08-27 10:15:07,205 - INFO - 전체 페이지 높이: 4042px
2025-08-27 10:15:13,228 - INFO - 전체 페이지 스크린샷 촬영: NewMatgo
2025-08-27 10:15:13,623 - INFO - 전체 스크린샷 크기: 1920 x 3957
2025-08-27 10:15:13,646 - INFO - 시작 요소 위치: x=304, y=1900
2025-08-27 10:15:13,652 - INFO - 시작 요소 크기: width=120.26666259765624, height=28.0
2025-08-27 10:15:13,654 - INFO - 끝 요소 위치: x=312, y=3392
2025-08-27 10:15:13,658 - INFO - 끝 요소 크기: width=91.73333740234376, height=20.0
2025-08-27 10:15:13,659 - INFO - 최종 크롭 영역: left=204, top=1800, right=1204, bottom=3600
2025-08-27 10:15:13,774 - INFO - 캡처 완료: NewMatgo_20250827.png (크기: 1000 x 1800)
2025-08-27 10:15:13,778 - INFO - NewMatgo 캡처 성공!
2025-08-27 10:15:13,778 - INFO - ==================================================
2025-08-27 10:15:13,779 - INFO - 게임 캡처 시작: NewMatgoKakao (com.neowiz.games.newmatgoKakao)
2025-08-27 10:15:13,779 - INFO - 캡처 시작: NewMatgoKakao (https://play.google.com/store/apps/details?id=com.neowiz.games.newmatgoKakao)
2025-08-27 10:15:25,148 - INFO - 한국어 설정 적용
2025-08-27 10:15:25,162 - INFO - 한국어 URL로 리다이렉트: https://play.google.com/store/apps/details?id=com.neowiz.games.newmatgoKakao&hl=ko
2025-08-27 10:15:30,932 - INFO - 화면 크기 최적화 시작
2025-08-27 10:15:30,935 - INFO - 현재 창 크기: 1920 x 4042
2025-08-27 10:15:32,946 - INFO - 화면 크기 최적화 완료
2025-08-27 10:15:32,946 - INFO - 기본 리뷰 섹션 캡처 시작: NewMatgoKakao (버튼 클릭 없음)
2025-08-27 10:15:32,949 - INFO - 시작 요소 찾기 성공: '평점 및 리뷰' (선택자 1: //h2[text()='평점 및 리뷰'])
2025-08-27 10:15:32,954 - INFO - 끝 요소 찾기 성공: (선택자 2: //span[text()='리뷰 모두 보기'])
2025-08-27 10:15:32,960 - INFO - 시작 요소로 스크롤: NewMatgoKakao
2025-08-27 10:15:35,970 - INFO - 전체 페이지 높이 설정
2025-08-27 10:15:35,990 - INFO - 전체 페이지 높이: 4166px
2025-08-27 10:15:42,012 - INFO - 전체 페이지 스크린샷 촬영: NewMatgoKakao
2025-08-27 10:15:42,325 - INFO - 전체 스크린샷 크기: 1920 x 4081
2025-08-27 10:15:42,338 - INFO - 시작 요소 위치: x=304, y=1900
2025-08-27 10:15:42,338 - INFO - 시작 요소 크기: width=120.26666259765624, height=28.0
2025-08-27 10:15:42,338 - INFO - 끝 요소 위치: x=312, y=3516
2025-08-27 10:15:42,339 - INFO - 끝 요소 크기: width=91.73333740234376, height=20.0
2025-08-27 10:15:42,339 - INFO - 최종 크롭 영역: left=204, top=1800, right=1204, bottom=3600
2025-08-27 10:15:42,435 - INFO - 캡처 완료: NewMatgoKakao_20250827.png (크기: 1000 x 1800)
2025-08-27 10:15:42,438 - INFO - NewMatgoKakao 캡처 성공!
2025-08-27 10:15:42,438 - INFO - ==================================================
2025-08-27 10:15:42,439 - INFO - 게임 캡처 시작: Original (com.neowiz.games.gostop2018)
2025-08-27 10:15:42,439 - INFO - 캡처 시작: Original (https://play.google.com/store/apps/details?id=com.neowiz.games.gostop2018)
2025-08-27 10:15:53,057 - INFO - 한국어 설정 적용
2025-08-27 10:15:53,084 - INFO - 한국어 URL로 리다이렉트: https://play.google.com/store/apps/details?id=com.neowiz.games.gostop2018&hl=ko
2025-08-27 10:15:59,506 - INFO - 화면 크기 최적화 시작
2025-08-27 10:15:59,511 - INFO - 현재 창 크기: 1920 x 4166
2025-08-27 10:16:01,523 - INFO - 화면 크기 최적화 완료
2025-08-27 10:16:01,545 - INFO - 기본 리뷰 섹션 캡처 시작: Original (버튼 클릭 없음)
2025-08-27 10:16:01,563 - INFO - 시작 요소 찾기 성공: '평점 및 리뷰' (선택자 1: //h2[text()='평점 및 리뷰'])
2025-08-27 10:16:01,632 - INFO - 끝 요소 찾기 성공: (선택자 2: //span[text()='리뷰 모두 보기'])
2025-08-27 10:16:01,645 - INFO - 시작 요소로 스크롤: Original
2025-08-27 10:16:04,680 - INFO - 전체 페이지 높이 설정
2025-08-27 10:16:04,708 - INFO - 전체 페이지 높이: 4018px
2025-08-27 10:16:10,729 - INFO - 전체 페이지 스크린샷 촬영: Original
2025-08-27 10:16:11,074 - INFO - 전체 스크린샷 크기: 1920 x 3933
2025-08-27 10:16:11,095 - INFO - 시작 요소 위치: x=304, y=1852
2025-08-27 10:16:11,117 - INFO - 시작 요소 크기: width=120.26666259765624, height=28.0
2025-08-27 10:16:11,129 - INFO - 끝 요소 위치: x=312, y=3428
2025-08-27 10:16:11,157 - INFO - 끝 요소 크기: width=91.73333740234376, height=20.0
2025-08-27 10:16:11,164 - INFO - 최종 크롭 영역: left=204, top=1752, right=1204, bottom=3552
2025-08-27 10:16:11,295 - INFO - 캡처 완료: Original_20250827.png (크기: 1000 x 1800)
2025-08-27 10:16:11,374 - INFO - Original 캡처 성공!
2025-08-27 10:16:11,398 - INFO - ==================================================
2025-08-27 10:16:11,412 - INFO - 게임 캡처 시작: Poker (com.neowiz.games.poker)
2025-08-27 10:16:11,440 - INFO - 캡처 시작: Poker (https://play.google.com/store/apps/details?id=com.neowiz.games.poker)
2025-08-27 10:16:22,125 - INFO - 한국어 설정 적용
2025-08-27 10:16:22,141 - INFO - 한국어 URL로 리다이렉트: https://play.google.com/store/apps/details?id=com.neowiz.games.poker&hl=ko
2025-08-27 10:16:27,374 - INFO - 화면 크기 최적화 시작
2025-08-27 10:16:27,376 - INFO - 현재 창 크기: 1920 x 4018
2025-08-27 10:16:29,385 - INFO - 화면 크기 최적화 완료
2025-08-27 10:16:29,386 - INFO - 기본 리뷰 섹션 캡처 시작: Poker (버튼 클릭 없음)
2025-08-27 10:16:29,390 - INFO - 시작 요소 찾기 성공: '평점 및 리뷰' (선택자 1: //h2[text()='평점 및 리뷰'])
2025-08-27 10:16:29,406 - INFO - 끝 요소 찾기 성공: (선택자 2: //span[text()='리뷰 모두 보기'])
2025-08-27 10:16:29,413 - INFO - 시작 요소로 스크롤: Poker
2025-08-27 10:16:32,420 - INFO - 전체 페이지 높이 설정
2025-08-27 10:16:32,423 - INFO - 전체 페이지 높이: 4146px
2025-08-27 10:16:38,438 - INFO - 전체 페이지 스크린샷 촬영: Poker
2025-08-27 10:16:38,739 - INFO - 전체 스크린샷 크기: 1920 x 4061
2025-08-27 10:16:38,749 - INFO - 시작 요소 위치: x=304, y=1900
2025-08-27 10:16:38,753 - INFO - 시작 요소 크기: width=120.26666259765624, height=28.0
2025-08-27 10:16:38,753 - INFO - 끝 요소 위치: x=312, y=3536
2025-08-27 10:16:38,754 - INFO - 끝 요소 크기: width=91.73333740234376, height=20.0
2025-08-27 10:16:38,754 - INFO - 최종 크롭 영역: left=204, top=1800, right=1204, bottom=3600
2025-08-27 10:16:38,897 - INFO - 캡처 완료: Poker_20250827.png (크기: 1000 x 1800)
2025-08-27 10:16:38,901 - INFO - Poker 캡처 성공!
2025-08-27 10:16:38,904 - INFO - ==================================================
2025-08-27 10:16:38,904 - INFO - 게임 캡처 시작: PokerKakao (com.neowiz.games.pokerKakao)
2025-08-27 10:16:38,905 - INFO - 캡처 시작: PokerKakao (https://play.google.com/store/apps/details?id=com.neowiz.games.pokerKakao)
2025-08-27 10:16:49,791 - INFO - 한국어 설정 적용
2025-08-27 10:16:49,837 - INFO - 한국어 URL로 리다이렉트: https://play.google.com/store/apps/details?id=com.neowiz.games.pokerKakao&hl=ko
2025-08-27 10:16:55,466 - INFO - 화면 크기 최적화 시작
2025-08-27 10:16:55,470 - INFO - 현재 창 크기: 1920 x 4146
2025-08-27 10:16:57,479 - INFO - 화면 크기 최적화 완료
2025-08-27 10:16:57,483 - INFO - 기본 리뷰 섹션 캡처 시작: PokerKakao (버튼 클릭 없음)
2025-08-27 10:16:57,487 - INFO - 시작 요소 찾기 성공: '평점 및 리뷰' (선택자 1: //h2[text()='평점 및 리뷰'])
2025-08-27 10:16:57,511 - INFO - 끝 요소 찾기 성공: (선택자 2: //span[text()='리뷰 모두 보기'])
2025-08-27 10:16:57,534 - INFO - 시작 요소로 스크롤: PokerKakao
2025-08-27 10:17:00,548 - INFO - 전체 페이지 높이 설정
2025-08-27 10:17:00,552 - INFO - 전체 페이지 높이: 4198px
2025-08-27 10:17:06,567 - INFO - 전체 페이지 스크린샷 촬영: PokerKakao
2025-08-27 10:17:06,819 - INFO - 전체 스크린샷 크기: 1920 x 4113
2025-08-27 10:17:06,832 - INFO - 시작 요소 위치: x=304, y=1852
2025-08-27 10:17:06,834 - INFO - 시작 요소 크기: width=120.26666259765624, height=28.0
2025-08-27 10:17:06,845 - INFO - 끝 요소 위치: x=312, y=3588
2025-08-27 10:17:06,855 - INFO - 끝 요소 크기: width=91.73333740234376, height=20.0
2025-08-27 10:17:06,857 - INFO - 최종 크롭 영역: left=204, top=1752, right=1204, bottom=3552
2025-08-27 10:17:06,956 - INFO - 캡처 완료: PokerKakao_20250827.png (크기: 1000 x 1800)
2025-08-27 10:17:06,961 - INFO - PokerKakao 캡처 성공!
2025-08-27 10:17:06,962 - INFO - ==================================================
2025-08-27 10:17:06,964 - INFO - 게임 캡처 시작: Sudda (com.neowiz.games.sudda)
2025-08-27 10:17:06,965 - INFO - 캡처 시작: Sudda (https://play.google.com/store/apps/details?id=com.neowiz.games.sudda)
2025-08-27 10:17:16,679 - INFO - 한국어 설정 적용
2025-08-27 10:17:16,688 - INFO - 한국어 URL로 리다이렉트: https://play.google.com/store/apps/details?id=com.neowiz.games.sudda&hl=ko
2025-08-27 10:17:21,770 - INFO - 화면 크기 최적화 시작
2025-08-27 10:17:21,773 - INFO - 현재 창 크기: 1920 x 4198
2025-08-27 10:17:23,783 - INFO - 화면 크기 최적화 완료
2025-08-27 10:17:23,806 - INFO - 기본 리뷰 섹션 캡처 시작: Sudda (버튼 클릭 없음)
2025-08-27 10:17:23,813 - INFO - 시작 요소 찾기 성공: '평점 및 리뷰' (선택자 1: //h2[text()='평점 및 리뷰'])
2025-08-27 10:17:23,832 - INFO - 끝 요소 찾기 성공: (선택자 2: //span[text()='리뷰 모두 보기'])
2025-08-27 10:17:23,841 - INFO - 시작 요소로 스크롤: Sudda
2025-08-27 10:17:26,848 - INFO - 전체 페이지 높이 설정
2025-08-27 10:17:26,887 - INFO - 전체 페이지 높이: 3983px
2025-08-27 10:17:32,906 - INFO - 전체 페이지 스크린샷 촬영: Sudda
2025-08-27 10:17:33,247 - INFO - 전체 스크린샷 크기: 1920 x 3898
2025-08-27 10:17:33,366 - INFO - 시작 요소 위치: x=304, y=1856
2025-08-27 10:17:33,383 - INFO - 시작 요소 크기: width=120.26666259765624, height=28.0
2025-08-27 10:17:33,384 - INFO - 끝 요소 위치: x=312, y=3374
2025-08-27 10:17:33,385 - INFO - 끝 요소 크기: width=91.73333740234376, height=20.0
2025-08-27 10:17:33,398 - INFO - 최종 크롭 영역: left=204, top=1756, right=1204, bottom=3556
2025-08-27 10:17:33,500 - INFO - 캡처 완료: Sudda_20250827.png (크기: 1000 x 1800)
2025-08-27 10:17:33,504 - INFO - Sudda 캡처 성공!
2025-08-27 10:17:33,505 - INFO - ==================================================
2025-08-27 10:17:33,506 - INFO - 게임 캡처 시작: SuddaKakao (com.neowiz.games.suddaKakao)
2025-08-27 10:17:33,507 - INFO - 캡처 시작: SuddaKakao (https://play.google.com/store/apps/details?id=com.neowiz.games.suddaKakao)
2025-08-27 10:17:44,103 - INFO - 한국어 설정 적용
2025-08-27 10:17:44,114 - INFO - 한국어 URL로 리다이렉트: https://play.google.com/store/apps/details?id=com.neowiz.games.suddaKakao&hl=ko
2025-08-27 10:17:49,920 - INFO - 화면 크기 최적화 시작
2025-08-27 10:17:49,922 - INFO - 현재 창 크기: 1920 x 3983
2025-08-27 10:17:51,932 - INFO - 화면 크기 최적화 완료
2025-08-27 10:17:51,945 - INFO - 기본 리뷰 섹션 캡처 시작: SuddaKakao (버튼 클릭 없음)
2025-08-27 10:17:51,949 - INFO - 시작 요소 찾기 성공: '평점 및 리뷰' (선택자 1: //h2[text()='평점 및 리뷰'])
2025-08-27 10:17:51,958 - INFO - 끝 요소 찾기 성공: (선택자 2: //span[text()='리뷰 모두 보기'])
2025-08-27 10:17:51,977 - INFO - 시작 요소로 스크롤: SuddaKakao
2025-08-27 10:17:54,990 - INFO - 전체 페이지 높이 설정
2025-08-27 10:17:55,001 - INFO - 전체 페이지 높이: 4138px
2025-08-27 10:18:01,024 - INFO - 전체 페이지 스크린샷 촬영: SuddaKakao
2025-08-27 10:18:01,364 - INFO - 전체 스크린샷 크기: 1920 x 4053
2025-08-27 10:18:01,378 - INFO - 시작 요소 위치: x=304, y=1852
2025-08-27 10:18:01,379 - INFO - 시작 요소 크기: width=120.26666259765624, height=28.0
2025-08-27 10:18:01,380 - INFO - 끝 요소 위치: x=312, y=3528
2025-08-27 10:18:01,380 - INFO - 끝 요소 크기: width=91.73333740234376, height=20.0
2025-08-27 10:18:01,381 - INFO - 최종 크롭 영역: left=204, top=1752, right=1204, bottom=3552
2025-08-27 10:18:01,480 - INFO - 캡처 완료: SuddaKakao_20250827.png (크기: 1000 x 1800)
2025-08-27 10:18:01,483 - INFO - SuddaKakao 캡처 성공!
2025-08-27 10:18:01,484 - INFO - ==================================================
2025-08-27 10:18:01,484 - INFO - 게임 캡처 시작: ShowdownHoldem (com.neowiz.games.pmang.holdem.poker)
2025-08-27 10:18:01,484 - INFO - 캡처 시작: ShowdownHoldem (https://play.google.com/store/apps/details?id=com.neowiz.games.pmang.holdem.poker)
2025-08-27 10:18:11,421 - INFO - 한국어 설정 적용
2025-08-27 10:18:11,442 - INFO - 한국어 URL로 리다이렉트: https://play.google.com/store/apps/details?id=com.neowiz.games.pmang.holdem.poker&hl=ko
2025-08-27 10:18:16,786 - INFO - 화면 크기 최적화 시작
2025-08-27 10:18:16,800 - INFO - 현재 창 크기: 1920 x 4138
2025-08-27 10:18:18,821 - INFO - 화면 크기 최적화 완료
2025-08-27 10:18:18,825 - INFO - 기본 리뷰 섹션 캡처 시작: ShowdownHoldem (버튼 클릭 없음)
2025-08-27 10:18:18,828 - INFO - 시작 요소 찾기 성공: '평점 및 리뷰' (선택자 1: //h2[text()='평점 및 리뷰'])
2025-08-27 10:18:18,836 - INFO - 끝 요소 찾기 성공: (선택자 2: //span[text()='리뷰 모두 보기'])
2025-08-27 10:18:18,846 - INFO - 시작 요소로 스크롤: ShowdownHoldem
2025-08-27 10:18:21,853 - INFO - 전체 페이지 높이 설정
2025-08-27 10:18:21,856 - INFO - 전체 페이지 높이: 3834px
2025-08-27 10:18:27,871 - INFO - 전체 페이지 스크린샷 촬영: ShowdownHoldem
2025-08-27 10:18:28,259 - INFO - 전체 스크린샷 크기: 1920 x 3749
2025-08-27 10:18:28,301 - INFO - 시작 요소 위치: x=304, y=1852
2025-08-27 10:18:28,320 - INFO - 시작 요소 크기: width=120.26666259765624, height=28.0
2025-08-27 10:18:28,321 - INFO - 끝 요소 위치: x=312, y=3224
2025-08-27 10:18:28,321 - INFO - 끝 요소 크기: width=91.73333740234376, height=20.0
2025-08-27 10:18:28,322 - INFO - 최종 크롭 영역: left=204, top=1752, right=1204, bottom=3552
2025-08-27 10:18:28,449 - INFO - 캡처 완료: ShowdownHoldem_20250827.png (크기: 1000 x 1800)
2025-08-27 10:18:28,515 - INFO - ShowdownHoldem 캡처 성공!
2025-08-27 10:18:28,544 - INFO - ==================================================
2025-08-27 10:18:28,572 - INFO - 게임 캡처 시작: NewVegas (com.neowiz.playstudio.slot.casino)
2025-08-27 10:18:28,591 - INFO - 캡처 시작: NewVegas (https://play.google.com/store/apps/details?id=com.neowiz.playstudio.slot.casino)
2025-08-27 10:18:40,687 - INFO - 한국어 설정 적용
2025-08-27 10:18:40,707 - INFO - 한국어 URL로 리다이렉트: https://play.google.com/store/apps/details?id=com.neowiz.playstudio.slot.casino&hl=ko
2025-08-27 10:18:47,093 - INFO - 화면 크기 최적화 시작
2025-08-27 10:18:47,105 - INFO - 현재 창 크기: 1920 x 3834
2025-08-27 10:18:49,114 - INFO - 화면 크기 최적화 완료
2025-08-27 10:18:49,116 - INFO - 기본 리뷰 섹션 캡처 시작: NewVegas (버튼 클릭 없음)
2025-08-27 10:18:49,119 - INFO - 시작 요소 찾기 성공: '평점 및 리뷰' (선택자 1: //h2[text()='평점 및 리뷰'])
2025-08-27 10:18:49,126 - INFO - 끝 요소 찾기 성공: (선택자 2: //span[text()='리뷰 모두 보기'])
2025-08-27 10:18:49,133 - INFO - 시작 요소로 스크롤: NewVegas
2025-08-27 10:18:52,140 - INFO - 전체 페이지 높이 설정
2025-08-27 10:18:52,195 - INFO - 전체 페이지 높이: 4078px
2025-08-27 10:18:58,240 - INFO - 전체 페이지 스크린샷 촬영: NewVegas
2025-08-27 10:18:58,472 - INFO - 전체 스크린샷 크기: 1920 x 3993
2025-08-27 10:18:58,480 - INFO - 시작 요소 위치: x=304, y=1852
2025-08-27 10:18:58,480 - INFO - 시작 요소 크기: width=120.26666259765624, height=28.0
2025-08-27 10:18:58,481 - INFO - 끝 요소 위치: x=312, y=3468
2025-08-27 10:18:58,481 - INFO - 끝 요소 크기: width=91.73333740234376, height=20.0
2025-08-27 10:18:58,481 - INFO - 최종 크롭 영역: left=204, top=1752, right=1204, bottom=3552
2025-08-27 10:18:58,593 - INFO - 캡처 완료: NewVegas_20250827.png (크기: 1000 x 1800)
2025-08-27 10:18:58,603 - INFO - NewVegas 캡처 성공!
2025-08-27 10:18:58,604 - INFO - ==================================================
2025-08-27 10:18:58,605 - INFO - HTML 파일 업데이트 시작
2025-08-27 10:18:58,607 - INFO - HTML 파일을 읽었습니다: aos_review.html
2025-08-27 10:18:58,661 - INFO - 기본 날짜 업데이트: 20250826 -> 20250827
2025-08-27 10:18:58,667 - INFO - 드롭다운 기본 선택값 업데이트: 20250826 -> 20250827
2025-08-27 10:18:58,668 - INFO - availableDates 배열 업데이트: 20250827 추가됨
2025-08-27 10:18:58,669 - INFO - 날짜 선택 드롭다운 업데이트: 20250827 옵션 추가됨
2025-08-27 10:18:58,672 - INFO - 총 4개의 이미지 경로가 업데이트되었습니다.
2025-08-27 10:18:58,677 - INFO - 파일이 저장되었습니다: aos_review.html
2025-08-27 10:18:58,678 - INFO - HTML 파일 업데이트 성공!
2025-08-27 10:18:58,679 - INFO - ==================================================
2025-08-27 10:18:58,679 - INFO - 모든 게임 캡처 및 HTML 업데이트 성공!
2025-08-27 10:18:58,680 - INFO - ==================================================
2025-08-27 10:19:05,503 - INFO - Firefox WebDriver 종료
