2025-10-22 10:06:01,750 - INFO - ==================================================
2025-10-22 10:06:01,751 - INFO - 자동 Google Play 리뷰 캡처 및 HTML 업데이트 시작
2025-10-22 10:06:01,752 - INFO - 실행 날짜: 20251022
2025-10-22 10:06:01,753 - INFO - 저장 폴더: D:\aos_review\20251022
2025-10-22 10:06:01,754 - INFO - 캡처할 게임 수: 9개
2025-10-22 10:06:01,754 - INFO - ==================================================
2025-10-22 10:06:01,755 - INFO - 저장 폴더 생성: D:\aos_review\20251022
2025-10-22 10:06:13,699 - INFO - Firefox WebDriver 초기화 성공
2025-10-22 10:06:13,701 - INFO - 게임 캡처 시작: NewMatgo (com.neowiz.games.newmatgo)
2025-10-22 10:06:13,701 - INFO - 캡처 시작: NewMatgo (https://play.google.com/store/apps/details?id=com.neowiz.games.newmatgo)
2025-10-22 10:06:27,358 - INFO - 한국어 설정 적용
2025-10-22 10:06:27,474 - INFO - 한국어 URL로 리다이렉트: https://play.google.com/store/apps/details?id=com.neowiz.games.newmatgo&hl=ko
2025-10-22 10:06:32,719 - INFO - 화면 크기 최적화 시작
2025-10-22 10:06:32,722 - INFO - 현재 창 크기: 1920 x 1200
2025-10-22 10:06:34,728 - INFO - 화면 크기 최적화 완료
2025-10-22 10:06:34,728 - INFO - 기본 리뷰 섹션 캡처 시작: NewMatgo (버튼 클릭 없음)
2025-10-22 10:06:34,741 - INFO - 시작 요소 찾기 성공: '평점 및 리뷰' (선택자 1: //h2[text()='평점 및 리뷰'])
2025-10-22 10:06:34,749 - INFO - 끝 요소 찾기 성공: (선택자 2: //span[text()='리뷰 모두 보기'])
2025-10-22 10:06:34,757 - INFO - 시작 요소로 스크롤: NewMatgo
2025-10-22 10:06:37,764 - INFO - 전체 페이지 높이 설정
2025-10-22 10:06:37,767 - INFO - 전체 페이지 높이: 3902px
2025-10-22 10:06:44,359 - INFO - 전체 페이지 스크린샷 촬영: NewMatgo
2025-10-22 10:06:45,385 - INFO - 전체 스크린샷 크기: 1920 x 3812
2025-10-22 10:06:45,400 - INFO - 시작 요소 위치: x=312, y=1900
2025-10-22 10:06:45,401 - INFO - 시작 요소 크기: width=120.26666259765624, height=28.0
2025-10-22 10:06:45,401 - INFO - 끝 요소 위치: x=320, y=3312
2025-10-22 10:06:45,401 - INFO - 끝 요소 크기: width=91.73333740234376, height=20.0
2025-10-22 10:06:45,402 - INFO - 최종 크롭 영역: left=212, top=1800, right=1212, bottom=3600
2025-10-22 10:06:46,318 - INFO - 캡처 완료: NewMatgo_20251022.png (크기: 1000 x 1800)
2025-10-22 10:06:46,322 - INFO - NewMatgo 캡처 성공!
2025-10-22 10:06:46,322 - INFO - ==================================================
2025-10-22 10:06:46,323 - INFO - 게임 캡처 시작: NewMatgoKakao (com.neowiz.games.newmatgoKakao)
2025-10-22 10:06:46,323 - INFO - 캡처 시작: NewMatgoKakao (https://play.google.com/store/apps/details?id=com.neowiz.games.newmatgoKakao)
2025-10-22 10:06:55,955 - INFO - 한국어 설정 적용
2025-10-22 10:06:55,964 - INFO - 한국어 URL로 리다이렉트: https://play.google.com/store/apps/details?id=com.neowiz.games.newmatgoKakao&hl=ko
2025-10-22 10:07:02,458 - INFO - 화면 크기 최적화 시작
2025-10-22 10:07:02,470 - INFO - 현재 창 크기: 1920 x 3902
2025-10-22 10:07:04,724 - INFO - 화면 크기 최적화 완료
2025-10-22 10:07:04,725 - INFO - 기본 리뷰 섹션 캡처 시작: NewMatgoKakao (버튼 클릭 없음)
2025-10-22 10:07:04,728 - INFO - 시작 요소 찾기 성공: '평점 및 리뷰' (선택자 1: //h2[text()='평점 및 리뷰'])
2025-10-22 10:07:04,734 - INFO - 끝 요소 찾기 성공: (선택자 2: //span[text()='리뷰 모두 보기'])
2025-10-22 10:07:04,739 - INFO - 시작 요소로 스크롤: NewMatgoKakao
2025-10-22 10:07:07,746 - INFO - 전체 페이지 높이 설정
2025-10-22 10:07:07,749 - INFO - 전체 페이지 높이: 4106px
2025-10-22 10:07:14,003 - INFO - 전체 페이지 스크린샷 촬영: NewMatgoKakao
2025-10-22 10:07:14,432 - INFO - 전체 스크린샷 크기: 1920 x 4016
2025-10-22 10:07:14,450 - INFO - 시작 요소 위치: x=312, y=1900
2025-10-22 10:07:14,453 - INFO - 시작 요소 크기: width=120.26666259765624, height=28.0
2025-10-22 10:07:14,453 - INFO - 끝 요소 위치: x=320, y=3516
2025-10-22 10:07:14,458 - INFO - 끝 요소 크기: width=91.73333740234376, height=20.0
2025-10-22 10:07:14,459 - INFO - 최종 크롭 영역: left=212, top=1800, right=1212, bottom=3600
2025-10-22 10:07:14,662 - INFO - 캡처 완료: NewMatgoKakao_20251022.png (크기: 1000 x 1800)
2025-10-22 10:07:14,664 - INFO - NewMatgoKakao 캡처 성공!
2025-10-22 10:07:14,664 - INFO - ==================================================
2025-10-22 10:07:14,664 - INFO - 게임 캡처 시작: Original (com.neowiz.games.gostop2018)
2025-10-22 10:07:14,665 - INFO - 캡처 시작: Original (https://play.google.com/store/apps/details?id=com.neowiz.games.gostop2018)
2025-10-22 10:07:24,768 - INFO - 한국어 설정 적용
2025-10-22 10:07:24,774 - INFO - 한국어 URL로 리다이렉트: https://play.google.com/store/apps/details?id=com.neowiz.games.gostop2018&hl=ko
2025-10-22 10:07:29,572 - INFO - 화면 크기 최적화 시작
2025-10-22 10:07:29,574 - INFO - 현재 창 크기: 1920 x 4106
2025-10-22 10:07:31,633 - INFO - 화면 크기 최적화 완료
2025-10-22 10:07:31,636 - INFO - 기본 리뷰 섹션 캡처 시작: Original (버튼 클릭 없음)
2025-10-22 10:07:31,641 - INFO - 시작 요소 찾기 성공: '평점 및 리뷰' (선택자 1: //h2[text()='평점 및 리뷰'])
2025-10-22 10:07:31,652 - INFO - 끝 요소 찾기 성공: (선택자 2: //span[text()='리뷰 모두 보기'])
2025-10-22 10:07:31,661 - INFO - 시작 요소로 스크롤: Original
2025-10-22 10:07:34,682 - INFO - 전체 페이지 높이 설정
2025-10-22 10:07:34,685 - INFO - 전체 페이지 높이: 4038px
2025-10-22 10:07:40,707 - INFO - 전체 페이지 스크린샷 촬영: Original
2025-10-22 10:07:41,017 - INFO - 전체 스크린샷 크기: 1920 x 3948
2025-10-22 10:07:41,034 - INFO - 시작 요소 위치: x=312, y=1852
2025-10-22 10:07:41,035 - INFO - 시작 요소 크기: width=120.26666259765624, height=28.0
2025-10-22 10:07:41,035 - INFO - 끝 요소 위치: x=320, y=3448
2025-10-22 10:07:41,035 - INFO - 끝 요소 크기: width=91.73333740234376, height=20.0
2025-10-22 10:07:41,036 - INFO - 최종 크롭 영역: left=212, top=1752, right=1212, bottom=3552
2025-10-22 10:07:41,207 - INFO - 캡처 완료: Original_20251022.png (크기: 1000 x 1800)
2025-10-22 10:07:41,209 - INFO - Original 캡처 성공!
2025-10-22 10:07:41,209 - INFO - ==================================================
2025-10-22 10:07:41,209 - INFO - 게임 캡처 시작: Poker (com.neowiz.games.poker)
2025-10-22 10:07:41,209 - INFO - 캡처 시작: Poker (https://play.google.com/store/apps/details?id=com.neowiz.games.poker)
2025-10-22 10:07:50,794 - INFO - 한국어 설정 적용
2025-10-22 10:07:50,803 - INFO - 한국어 URL로 리다이렉트: https://play.google.com/store/apps/details?id=com.neowiz.games.poker&hl=ko
2025-10-22 10:07:56,013 - INFO - 화면 크기 최적화 시작
2025-10-22 10:07:56,016 - INFO - 현재 창 크기: 1920 x 4038
2025-10-22 10:07:58,030 - INFO - 화면 크기 최적화 완료
2025-10-22 10:07:58,030 - INFO - 기본 리뷰 섹션 캡처 시작: Poker (버튼 클릭 없음)
2025-10-22 10:07:58,034 - INFO - 시작 요소 찾기 성공: '평점 및 리뷰' (선택자 1: //h2[text()='평점 및 리뷰'])
2025-10-22 10:07:58,039 - INFO - 끝 요소 찾기 성공: (선택자 2: //span[text()='리뷰 모두 보기'])
2025-10-22 10:07:58,044 - INFO - 시작 요소로 스크롤: Poker
2025-10-22 10:08:01,051 - INFO - 전체 페이지 높이 설정
2025-10-22 10:08:01,059 - INFO - 전체 페이지 높이: 4006px
2025-10-22 10:08:07,093 - INFO - 전체 페이지 스크린샷 촬영: Poker
2025-10-22 10:08:07,468 - INFO - 전체 스크린샷 크기: 1920 x 3916
2025-10-22 10:08:07,483 - INFO - 시작 요소 위치: x=312, y=1900
2025-10-22 10:08:07,484 - INFO - 시작 요소 크기: width=120.26666259765624, height=28.0
2025-10-22 10:08:07,484 - INFO - 끝 요소 위치: x=320, y=3416
2025-10-22 10:08:07,485 - INFO - 끝 요소 크기: width=91.73333740234376, height=20.0
2025-10-22 10:08:07,486 - INFO - 최종 크롭 영역: left=212, top=1800, right=1212, bottom=3600
2025-10-22 10:08:07,633 - INFO - 캡처 완료: Poker_20251022.png (크기: 1000 x 1800)
2025-10-22 10:08:07,637 - INFO - Poker 캡처 성공!
2025-10-22 10:08:07,637 - INFO - ==================================================
2025-10-22 10:08:07,638 - INFO - 게임 캡처 시작: PokerKakao (com.neowiz.games.pokerKakao)
2025-10-22 10:08:07,638 - INFO - 캡처 시작: PokerKakao (https://play.google.com/store/apps/details?id=com.neowiz.games.pokerKakao)
2025-10-22 10:08:17,926 - INFO - 한국어 설정 적용
2025-10-22 10:08:17,933 - INFO - 한국어 URL로 리다이렉트: https://play.google.com/store/apps/details?id=com.neowiz.games.pokerKakao&hl=ko
2025-10-22 10:08:22,439 - INFO - 화면 크기 최적화 시작
2025-10-22 10:08:22,442 - INFO - 현재 창 크기: 1920 x 4006
2025-10-22 10:08:24,569 - INFO - 화면 크기 최적화 완료
2025-10-22 10:08:24,572 - INFO - 기본 리뷰 섹션 캡처 시작: PokerKakao (버튼 클릭 없음)
2025-10-22 10:08:24,578 - INFO - 시작 요소 찾기 성공: '평점 및 리뷰' (선택자 1: //h2[text()='평점 및 리뷰'])
2025-10-22 10:08:24,585 - INFO - 끝 요소 찾기 성공: (선택자 2: //span[text()='리뷰 모두 보기'])
2025-10-22 10:08:24,596 - INFO - 시작 요소로 스크롤: PokerKakao
2025-10-22 10:08:27,609 - INFO - 전체 페이지 높이 설정
2025-10-22 10:08:27,613 - INFO - 전체 페이지 높이: 4178px
2025-10-22 10:08:34,117 - INFO - 전체 페이지 스크린샷 촬영: PokerKakao
2025-10-22 10:08:34,397 - INFO - 전체 스크린샷 크기: 1920 x 4088
2025-10-22 10:08:34,406 - INFO - 시작 요소 위치: x=312, y=1852
2025-10-22 10:08:34,407 - INFO - 시작 요소 크기: width=120.26666259765624, height=28.0
2025-10-22 10:08:34,407 - INFO - 끝 요소 위치: x=320, y=3588
2025-10-22 10:08:34,407 - INFO - 끝 요소 크기: width=91.73333740234376, height=20.0
2025-10-22 10:08:34,408 - INFO - 최종 크롭 영역: left=212, top=1752, right=1212, bottom=3552
2025-10-22 10:08:34,514 - INFO - 캡처 완료: PokerKakao_20251022.png (크기: 1000 x 1800)
2025-10-22 10:08:34,517 - INFO - PokerKakao 캡처 성공!
2025-10-22 10:08:34,517 - INFO - ==================================================
2025-10-22 10:08:34,518 - INFO - 게임 캡처 시작: Sudda (com.neowiz.games.sudda)
2025-10-22 10:08:34,518 - INFO - 캡처 시작: Sudda (https://play.google.com/store/apps/details?id=com.neowiz.games.sudda)
2025-10-22 10:08:43,960 - INFO - 한국어 설정 적용
2025-10-22 10:08:43,969 - INFO - 한국어 URL로 리다이렉트: https://play.google.com/store/apps/details?id=com.neowiz.games.sudda&hl=ko
2025-10-22 10:08:49,298 - INFO - 화면 크기 최적화 시작
2025-10-22 10:08:49,301 - INFO - 현재 창 크기: 1920 x 4178
2025-10-22 10:08:51,311 - INFO - 화면 크기 최적화 완료
2025-10-22 10:08:51,311 - INFO - 기본 리뷰 섹션 캡처 시작: Sudda (버튼 클릭 없음)
2025-10-22 10:08:51,315 - INFO - 시작 요소 찾기 성공: '평점 및 리뷰' (선택자 1: //h2[text()='평점 및 리뷰'])
2025-10-22 10:08:51,322 - INFO - 끝 요소 찾기 성공: (선택자 2: //span[text()='리뷰 모두 보기'])
2025-10-22 10:08:51,328 - INFO - 시작 요소로 스크롤: Sudda
2025-10-22 10:08:54,336 - INFO - 전체 페이지 높이 설정
2025-10-22 10:08:54,340 - INFO - 전체 페이지 높이: 3958px
2025-10-22 10:09:00,363 - INFO - 전체 페이지 스크린샷 촬영: Sudda
2025-10-22 10:09:00,698 - INFO - 전체 스크린샷 크기: 1920 x 3868
2025-10-22 10:09:00,715 - INFO - 시작 요소 위치: x=312, y=1852
2025-10-22 10:09:00,715 - INFO - 시작 요소 크기: width=120.26666259765624, height=28.0
2025-10-22 10:09:00,715 - INFO - 끝 요소 위치: x=320, y=3368
2025-10-22 10:09:00,716 - INFO - 끝 요소 크기: width=91.73333740234376, height=20.0
2025-10-22 10:09:00,716 - INFO - 최종 크롭 영역: left=212, top=1752, right=1212, bottom=3552
2025-10-22 10:09:00,853 - INFO - 캡처 완료: Sudda_20251022.png (크기: 1000 x 1800)
2025-10-22 10:09:00,855 - INFO - Sudda 캡처 성공!
2025-10-22 10:09:00,855 - INFO - ==================================================
2025-10-22 10:09:00,856 - INFO - 게임 캡처 시작: SuddaKakao (com.neowiz.games.suddaKakao)
2025-10-22 10:09:00,856 - INFO - 캡처 시작: SuddaKakao (https://play.google.com/store/apps/details?id=com.neowiz.games.suddaKakao)
2025-10-22 10:09:10,797 - INFO - 한국어 설정 적용
2025-10-22 10:09:10,832 - INFO - 한국어 URL로 리다이렉트: https://play.google.com/store/apps/details?id=com.neowiz.games.suddaKakao&hl=ko
2025-10-22 10:09:15,243 - INFO - 화면 크기 최적화 시작
2025-10-22 10:09:15,246 - INFO - 현재 창 크기: 1920 x 3958
2025-10-22 10:09:17,255 - INFO - 화면 크기 최적화 완료
2025-10-22 10:09:17,255 - INFO - 기본 리뷰 섹션 캡처 시작: SuddaKakao (버튼 클릭 없음)
2025-10-22 10:09:17,265 - INFO - 시작 요소 찾기 성공: '평점 및 리뷰' (선택자 1: //h2[text()='평점 및 리뷰'])
2025-10-22 10:09:17,302 - INFO - 끝 요소 찾기 성공: (선택자 2: //span[text()='리뷰 모두 보기'])
2025-10-22 10:09:17,309 - INFO - 시작 요소로 스크롤: SuddaKakao
2025-10-22 10:09:20,317 - INFO - 전체 페이지 높이 설정
2025-10-22 10:09:20,328 - INFO - 전체 페이지 높이: 4046px
2025-10-22 10:09:26,353 - INFO - 전체 페이지 스크린샷 촬영: SuddaKakao
2025-10-22 10:09:26,790 - INFO - 전체 스크린샷 크기: 1920 x 3956
2025-10-22 10:09:26,801 - INFO - 시작 요소 위치: x=312, y=1852
2025-10-22 10:09:26,801 - INFO - 시작 요소 크기: width=120.26666259765624, height=28.0
2025-10-22 10:09:26,802 - INFO - 끝 요소 위치: x=320, y=3456
2025-10-22 10:09:26,802 - INFO - 끝 요소 크기: width=91.73333740234376, height=20.0
2025-10-22 10:09:26,802 - INFO - 최종 크롭 영역: left=212, top=1752, right=1212, bottom=3552
2025-10-22 10:09:26,909 - INFO - 캡처 완료: SuddaKakao_20251022.png (크기: 1000 x 1800)
2025-10-22 10:09:26,911 - INFO - SuddaKakao 캡처 성공!
2025-10-22 10:09:26,911 - INFO - ==================================================
2025-10-22 10:09:26,911 - INFO - 게임 캡처 시작: ShowdownHoldem (com.neowiz.games.pmang.holdem.poker)
2025-10-22 10:09:26,911 - INFO - 캡처 시작: ShowdownHoldem (https://play.google.com/store/apps/details?id=com.neowiz.games.pmang.holdem.poker)
2025-10-22 10:09:36,444 - INFO - 한국어 설정 적용
2025-10-22 10:09:36,452 - INFO - 한국어 URL로 리다이렉트: https://play.google.com/store/apps/details?id=com.neowiz.games.pmang.holdem.poker&hl=ko
2025-10-22 10:09:41,504 - INFO - 화면 크기 최적화 시작
2025-10-22 10:09:41,585 - INFO - 현재 창 크기: 1920 x 4046
2025-10-22 10:09:43,607 - INFO - 화면 크기 최적화 완료
2025-10-22 10:09:43,607 - INFO - 기본 리뷰 섹션 캡처 시작: ShowdownHoldem (버튼 클릭 없음)
2025-10-22 10:09:43,610 - INFO - 시작 요소 찾기 성공: '평점 및 리뷰' (선택자 1: //h2[text()='평점 및 리뷰'])
2025-10-22 10:09:43,616 - INFO - 끝 요소 찾기 성공: (선택자 2: //span[text()='리뷰 모두 보기'])
2025-10-22 10:09:43,623 - INFO - 시작 요소로 스크롤: ShowdownHoldem
2025-10-22 10:09:46,630 - INFO - 전체 페이지 높이 설정
2025-10-22 10:09:46,633 - INFO - 전체 페이지 높이: 3926px
2025-10-22 10:09:52,673 - INFO - 전체 페이지 스크린샷 촬영: ShowdownHoldem
2025-10-22 10:09:53,041 - INFO - 전체 스크린샷 크기: 1920 x 3836
2025-10-22 10:09:53,049 - INFO - 시작 요소 위치: x=312, y=1852
2025-10-22 10:09:53,049 - INFO - 시작 요소 크기: width=120.26666259765624, height=28.0
2025-10-22 10:09:53,049 - INFO - 끝 요소 위치: x=320, y=3336
2025-10-22 10:09:53,049 - INFO - 끝 요소 크기: width=91.73333740234376, height=20.0
2025-10-22 10:09:53,049 - INFO - 최종 크롭 영역: left=212, top=1752, right=1212, bottom=3552
2025-10-22 10:09:53,163 - INFO - 캡처 완료: ShowdownHoldem_20251022.png (크기: 1000 x 1800)
2025-10-22 10:09:53,165 - INFO - ShowdownHoldem 캡처 성공!
2025-10-22 10:09:53,165 - INFO - ==================================================
2025-10-22 10:09:53,165 - INFO - 게임 캡처 시작: NewVegas (com.neowiz.playstudio.slot.casino)
2025-10-22 10:09:53,165 - INFO - 캡처 시작: NewVegas (https://play.google.com/store/apps/details?id=com.neowiz.playstudio.slot.casino)
2025-10-22 10:10:03,196 - INFO - 한국어 설정 적용
2025-10-22 10:10:03,206 - INFO - 한국어 URL로 리다이렉트: https://play.google.com/store/apps/details?id=com.neowiz.playstudio.slot.casino&hl=ko
2025-10-22 10:10:07,754 - INFO - 화면 크기 최적화 시작
2025-10-22 10:10:07,756 - INFO - 현재 창 크기: 1920 x 3926
2025-10-22 10:10:09,767 - INFO - 화면 크기 최적화 완료
2025-10-22 10:10:09,767 - INFO - 기본 리뷰 섹션 캡처 시작: NewVegas (버튼 클릭 없음)
2025-10-22 10:10:09,771 - INFO - 시작 요소 찾기 성공: '평점 및 리뷰' (선택자 1: //h2[text()='평점 및 리뷰'])
2025-10-22 10:10:09,784 - INFO - 끝 요소 찾기 성공: (선택자 2: //span[text()='리뷰 모두 보기'])
2025-10-22 10:10:09,794 - INFO - 시작 요소로 스크롤: NewVegas
2025-10-22 10:10:12,884 - INFO - 전체 페이지 높이 설정
2025-10-22 10:10:12,888 - INFO - 전체 페이지 높이: 4038px
2025-10-22 10:10:18,933 - INFO - 전체 페이지 스크린샷 촬영: NewVegas
2025-10-22 10:10:19,423 - INFO - 전체 스크린샷 크기: 1920 x 3948
2025-10-22 10:10:19,435 - INFO - 시작 요소 위치: x=312, y=1852
2025-10-22 10:10:19,435 - INFO - 시작 요소 크기: width=120.26666259765624, height=28.0
2025-10-22 10:10:19,435 - INFO - 끝 요소 위치: x=320, y=3428
2025-10-22 10:10:19,435 - INFO - 끝 요소 크기: width=91.73333740234376, height=20.0
2025-10-22 10:10:19,435 - INFO - 최종 크롭 영역: left=212, top=1752, right=1212, bottom=3552
2025-10-22 10:10:19,552 - INFO - 캡처 완료: NewVegas_20251022.png (크기: 1000 x 1800)
2025-10-22 10:10:19,554 - INFO - NewVegas 캡처 성공!
2025-10-22 10:10:19,555 - INFO - ==================================================
2025-10-22 10:10:19,555 - INFO - HTML 파일 업데이트 시작
2025-10-22 10:10:19,600 - INFO - HTML 파일을 읽었습니다: aos_review.html
2025-10-22 10:10:19,632 - INFO - 기본 날짜 업데이트: 20251015 -> 20251022
2025-10-22 10:10:19,633 - INFO - availableDates 배열 업데이트: 20251022 추가됨
2025-10-22 10:10:19,634 - INFO - 날짜 선택 드롭다운 업데이트: 20251022 옵션 추가됨
2025-10-22 10:10:19,647 - INFO - 총 3개의 이미지 경로가 업데이트되었습니다.
2025-10-22 10:10:19,647 - INFO - 파일이 저장되었습니다: aos_review.html
2025-10-22 10:10:19,648 - INFO - HTML 파일 업데이트 성공!
2025-10-22 10:10:19,648 - INFO - ==================================================
2025-10-22 10:10:19,648 - INFO - 모든 게임 캡처 및 HTML 업데이트 성공!
2025-10-22 10:10:19,648 - INFO - ==================================================
2025-10-22 10:10:22,448 - INFO - Firefox WebDriver 종료
