2025-09-10 13:11:01,008 - INFO - ==================================================
2025-09-10 13:11:01,176 - INFO - 자동 Google Play 리뷰 캡처 및 HTML 업데이트 시작
2025-09-10 13:11:01,348 - INFO - 실행 날짜: 20250910
2025-09-10 13:11:01,493 - INFO - 저장 폴더: D:\aos_review\20250910
2025-09-10 13:11:01,645 - INFO - 캡처할 게임 수: 9개
2025-09-10 13:11:01,834 - INFO - ==================================================
2025-09-10 13:11:01,996 - INFO - 저장 폴더 생성: D:\aos_review\20250910
2025-09-10 13:11:26,229 - INFO - ==================================================
2025-09-10 13:11:26,238 - INFO - 자동 Google Play 리뷰 캡처 및 HTML 업데이트 시작
2025-09-10 13:11:26,239 - INFO - 실행 날짜: 20250910
2025-09-10 13:11:26,239 - INFO - 저장 폴더: D:\aos_review\20250910
2025-09-10 13:11:26,239 - INFO - 캡처할 게임 수: 9개
2025-09-10 13:11:26,239 - INFO - ==================================================
2025-09-10 13:11:26,240 - INFO - 저장 폴더 생성: D:\aos_review\20250910
2025-09-10 13:11:35,231 - INFO - Firefox WebDriver 초기화 성공
2025-09-10 13:11:35,258 - INFO - 게임 캡처 시작: NewMatgo (com.neowiz.games.newmatgo)
2025-09-10 13:11:35,327 - INFO - 캡처 시작: NewMatgo (https://play.google.com/store/apps/details?id=com.neowiz.games.newmatgo)
2025-09-10 13:11:49,703 - INFO - 한국어 설정 적용
2025-09-10 13:11:49,732 - INFO - 한국어 URL로 리다이렉트: https://play.google.com/store/apps/details?id=com.neowiz.games.newmatgo&hl=ko
2025-09-10 13:11:55,686 - INFO - 화면 크기 최적화 시작
2025-09-10 13:11:55,689 - INFO - 현재 창 크기: 1920 x 1200
2025-09-10 13:11:57,698 - INFO - 화면 크기 최적화 완료
2025-09-10 13:11:57,744 - INFO - 기본 리뷰 섹션 캡처 시작: NewMatgo (버튼 클릭 없음)
2025-09-10 13:11:57,793 - INFO - 시작 요소 찾기 성공: '평점 및 리뷰' (선택자 1: //h2[text()='평점 및 리뷰'])
2025-09-10 13:11:57,818 - INFO - 끝 요소 찾기 성공: (선택자 2: //span[text()='리뷰 모두 보기'])
2025-09-10 13:11:57,843 - INFO - 시작 요소로 스크롤: NewMatgo
2025-09-10 13:12:00,869 - INFO - 전체 페이지 높이 설정
2025-09-10 13:12:00,872 - INFO - 전체 페이지 높이: 4251px
2025-09-10 13:12:06,895 - INFO - 전체 페이지 스크린샷 촬영: NewMatgo
2025-09-10 13:12:07,247 - INFO - 전체 스크린샷 크기: 1920 x 4166
2025-09-10 13:12:07,263 - INFO - 시작 요소 위치: x=304, y=2188
2025-09-10 13:12:07,264 - INFO - 시작 요소 크기: width=120.26666259765624, height=28.0
2025-09-10 13:12:07,265 - INFO - 끝 요소 위치: x=312, y=3602
2025-09-10 13:12:07,266 - INFO - 끝 요소 크기: width=91.73333740234376, height=20.0
2025-09-10 13:12:07,266 - INFO - 최종 크롭 영역: left=204, top=2088, right=1204, bottom=3888
2025-09-10 13:12:07,362 - INFO - 캡처 완료: NewMatgo_20250910.png (크기: 1000 x 1800)
2025-09-10 13:12:07,366 - INFO - NewMatgo 캡처 성공!
2025-09-10 13:12:07,366 - INFO - ==================================================
2025-09-10 13:12:07,366 - INFO - 게임 캡처 시작: NewMatgoKakao (com.neowiz.games.newmatgoKakao)
2025-09-10 13:12:07,367 - INFO - 캡처 시작: NewMatgoKakao (https://play.google.com/store/apps/details?id=com.neowiz.games.newmatgoKakao)
2025-09-10 13:12:18,664 - INFO - 한국어 설정 적용
2025-09-10 13:12:18,684 - INFO - 한국어 URL로 리다이렉트: https://play.google.com/store/apps/details?id=com.neowiz.games.newmatgoKakao&hl=ko
2025-09-10 13:12:25,767 - INFO - 화면 크기 최적화 시작
2025-09-10 13:12:25,770 - INFO - 현재 창 크기: 1920 x 4251
2025-09-10 13:12:27,779 - INFO - 화면 크기 최적화 완료
2025-09-10 13:12:27,788 - INFO - 기본 리뷰 섹션 캡처 시작: NewMatgoKakao (버튼 클릭 없음)
2025-09-10 13:12:27,791 - INFO - 시작 요소 찾기 성공: '평점 및 리뷰' (선택자 1: //h2[text()='평점 및 리뷰'])
2025-09-10 13:12:27,802 - INFO - 끝 요소 찾기 성공: (선택자 2: //span[text()='리뷰 모두 보기'])
2025-09-10 13:12:27,848 - INFO - 시작 요소로 스크롤: NewMatgoKakao
2025-09-10 13:12:30,867 - INFO - 전체 페이지 높이 설정
2025-09-10 13:12:30,871 - INFO - 전체 페이지 높이: 4166px
2025-09-10 13:12:36,895 - INFO - 전체 페이지 스크린샷 촬영: NewMatgoKakao
2025-09-10 13:12:37,936 - INFO - 전체 스크린샷 크기: 1920 x 4081
2025-09-10 13:12:38,366 - INFO - 시작 요소 위치: x=304, y=1900
2025-09-10 13:12:38,450 - INFO - 시작 요소 크기: width=120.26666259765624, height=28.0
2025-09-10 13:12:38,670 - INFO - 끝 요소 위치: x=312, y=3516
2025-09-10 13:12:39,027 - INFO - 끝 요소 크기: width=91.73333740234376, height=20.0
2025-09-10 13:12:39,108 - INFO - 최종 크롭 영역: left=204, top=1800, right=1204, bottom=3600
2025-09-10 13:12:39,333 - INFO - 캡처 완료: NewMatgoKakao_20250910.png (크기: 1000 x 1800)
2025-09-10 13:12:39,348 - INFO - NewMatgoKakao 캡처 성공!
2025-09-10 13:12:39,364 - INFO - ==================================================
2025-09-10 13:12:39,384 - INFO - 게임 캡처 시작: Original (com.neowiz.games.gostop2018)
2025-09-10 13:12:39,384 - INFO - 캡처 시작: Original (https://play.google.com/store/apps/details?id=com.neowiz.games.gostop2018)
2025-09-10 13:12:55,507 - INFO - 한국어 설정 적용
2025-09-10 13:12:55,681 - INFO - 한국어 URL로 리다이렉트: https://play.google.com/store/apps/details?id=com.neowiz.games.gostop2018&hl=ko
2025-09-10 13:13:06,222 - INFO - 화면 크기 최적화 시작
2025-09-10 13:13:06,289 - INFO - 현재 창 크기: 1920 x 4166
2025-09-10 13:13:08,405 - INFO - 화면 크기 최적화 완료
2025-09-10 13:13:08,416 - INFO - 기본 리뷰 섹션 캡처 시작: Original (버튼 클릭 없음)
2025-09-10 13:13:08,425 - INFO - 시작 요소 찾기 성공: '평점 및 리뷰' (선택자 1: //h2[text()='평점 및 리뷰'])
2025-09-10 13:13:08,435 - INFO - 끝 요소 찾기 성공: (선택자 2: //span[text()='리뷰 모두 보기'])
2025-09-10 13:13:08,479 - INFO - 시작 요소로 스크롤: Original
2025-09-10 13:13:11,502 - INFO - 전체 페이지 높이 설정
2025-09-10 13:13:11,516 - INFO - 전체 페이지 높이: 4038px
2025-09-10 13:13:17,551 - INFO - 전체 페이지 스크린샷 촬영: Original
2025-09-10 13:13:18,484 - INFO - 전체 스크린샷 크기: 1920 x 3953
2025-09-10 13:13:18,501 - INFO - 시작 요소 위치: x=304, y=1852
2025-09-10 13:13:18,509 - INFO - 시작 요소 크기: width=120.26666259765624, height=28.0
2025-09-10 13:13:18,513 - INFO - 끝 요소 위치: x=312, y=3448
2025-09-10 13:13:18,514 - INFO - 끝 요소 크기: width=91.73333740234376, height=20.0
2025-09-10 13:13:18,515 - INFO - 최종 크롭 영역: left=204, top=1752, right=1204, bottom=3552
2025-09-10 13:13:18,723 - INFO - 캡처 완료: Original_20250910.png (크기: 1000 x 1800)
2025-09-10 13:13:18,776 - INFO - Original 캡처 성공!
2025-09-10 13:13:18,785 - INFO - ==================================================
2025-09-10 13:13:18,787 - INFO - 게임 캡처 시작: Poker (com.neowiz.games.poker)
2025-09-10 13:13:18,788 - INFO - 캡처 시작: Poker (https://play.google.com/store/apps/details?id=com.neowiz.games.poker)
2025-09-10 13:13:30,608 - INFO - 한국어 설정 적용
2025-09-10 13:13:30,636 - INFO - 한국어 URL로 리다이렉트: https://play.google.com/store/apps/details?id=com.neowiz.games.poker&hl=ko
2025-09-10 13:13:36,163 - INFO - 화면 크기 최적화 시작
2025-09-10 13:13:36,663 - INFO - 현재 창 크기: 1920 x 4038
2025-09-10 13:13:38,933 - INFO - 화면 크기 최적화 완료
2025-09-10 13:13:38,949 - INFO - 기본 리뷰 섹션 캡처 시작: Poker (버튼 클릭 없음)
2025-09-10 13:13:38,953 - INFO - 시작 요소 찾기 성공: '평점 및 리뷰' (선택자 1: //h2[text()='평점 및 리뷰'])
2025-09-10 13:13:38,962 - INFO - 끝 요소 찾기 성공: (선택자 2: //span[text()='리뷰 모두 보기'])
2025-09-10 13:13:38,976 - INFO - 시작 요소로 스크롤: Poker
2025-09-10 13:13:42,018 - INFO - 전체 페이지 높이 설정
2025-09-10 13:13:42,023 - INFO - 전체 페이지 높이: 4146px
2025-09-10 13:13:48,042 - INFO - 전체 페이지 스크린샷 촬영: Poker
2025-09-10 13:13:49,060 - INFO - 전체 스크린샷 크기: 1920 x 4061
2025-09-10 13:13:49,233 - INFO - 시작 요소 위치: x=304, y=1900
2025-09-10 13:13:49,275 - INFO - 시작 요소 크기: width=120.26666259765624, height=28.0
2025-09-10 13:13:49,374 - INFO - 끝 요소 위치: x=312, y=3536
2025-09-10 13:13:49,523 - INFO - 끝 요소 크기: width=91.73333740234376, height=20.0
2025-09-10 13:13:49,655 - INFO - 최종 크롭 영역: left=204, top=1800, right=1204, bottom=3600
2025-09-10 13:13:50,089 - INFO - 캡처 완료: Poker_20250910.png (크기: 1000 x 1800)
2025-09-10 13:13:50,226 - INFO - Poker 캡처 성공!
2025-09-10 13:13:50,352 - INFO - ==================================================
2025-09-10 13:13:50,451 - INFO - 게임 캡처 시작: PokerKakao (com.neowiz.games.pokerKakao)
2025-09-10 13:13:50,588 - INFO - 캡처 시작: PokerKakao (https://play.google.com/store/apps/details?id=com.neowiz.games.pokerKakao)
2025-09-10 13:14:06,253 - INFO - 한국어 설정 적용
2025-09-10 13:14:06,262 - INFO - 한국어 URL로 리다이렉트: https://play.google.com/store/apps/details?id=com.neowiz.games.pokerKakao&hl=ko
2025-09-10 13:14:12,853 - INFO - 화면 크기 최적화 시작
2025-09-10 13:14:12,861 - INFO - 현재 창 크기: 1920 x 4146
2025-09-10 13:14:14,873 - INFO - 화면 크기 최적화 완료
2025-09-10 13:14:14,953 - INFO - 기본 리뷰 섹션 캡처 시작: PokerKakao (버튼 클릭 없음)
2025-09-10 13:14:14,957 - INFO - 시작 요소 찾기 성공: '평점 및 리뷰' (선택자 1: //h2[text()='평점 및 리뷰'])
2025-09-10 13:14:15,065 - INFO - 끝 요소 찾기 성공: (선택자 2: //span[text()='리뷰 모두 보기'])
2025-09-10 13:14:15,093 - INFO - 시작 요소로 스크롤: PokerKakao
2025-09-10 13:14:18,131 - INFO - 전체 페이지 높이 설정
2025-09-10 13:14:18,134 - INFO - 전체 페이지 높이: 4198px
2025-09-10 13:14:24,159 - INFO - 전체 페이지 스크린샷 촬영: PokerKakao
2025-09-10 13:14:24,433 - INFO - 전체 스크린샷 크기: 1920 x 4113
2025-09-10 13:14:24,444 - INFO - 시작 요소 위치: x=304, y=1852
2025-09-10 13:14:24,445 - INFO - 시작 요소 크기: width=120.26666259765624, height=28.0
2025-09-10 13:14:24,445 - INFO - 끝 요소 위치: x=312, y=3588
2025-09-10 13:14:24,445 - INFO - 끝 요소 크기: width=91.73333740234376, height=20.0
2025-09-10 13:14:24,446 - INFO - 최종 크롭 영역: left=204, top=1752, right=1204, bottom=3552
2025-09-10 13:14:24,537 - INFO - 캡처 완료: PokerKakao_20250910.png (크기: 1000 x 1800)
2025-09-10 13:14:24,540 - INFO - PokerKakao 캡처 성공!
2025-09-10 13:14:24,540 - INFO - ==================================================
2025-09-10 13:14:24,541 - INFO - 게임 캡처 시작: Sudda (com.neowiz.games.sudda)
2025-09-10 13:14:24,541 - INFO - 캡처 시작: Sudda (https://play.google.com/store/apps/details?id=com.neowiz.games.sudda)
2025-09-10 13:14:35,294 - INFO - 한국어 설정 적용
2025-09-10 13:14:35,300 - INFO - 한국어 URL로 리다이렉트: https://play.google.com/store/apps/details?id=com.neowiz.games.sudda&hl=ko
2025-09-10 13:14:44,356 - INFO - 화면 크기 최적화 시작
2025-09-10 13:14:44,367 - INFO - 현재 창 크기: 1920 x 4198
2025-09-10 13:14:46,393 - INFO - 화면 크기 최적화 완료
2025-09-10 13:14:46,405 - INFO - 기본 리뷰 섹션 캡처 시작: Sudda (버튼 클릭 없음)
2025-09-10 13:14:46,411 - INFO - 시작 요소 찾기 성공: '평점 및 리뷰' (선택자 1: //h2[text()='평점 및 리뷰'])
2025-09-10 13:14:46,422 - INFO - 끝 요소 찾기 성공: (선택자 2: //span[text()='리뷰 모두 보기'])
2025-09-10 13:14:46,464 - INFO - 시작 요소로 스크롤: Sudda
2025-09-10 13:14:49,501 - INFO - 전체 페이지 높이 설정
2025-09-10 13:14:49,507 - INFO - 전체 페이지 높이: 3983px
2025-09-10 13:14:55,561 - INFO - 전체 페이지 스크린샷 촬영: Sudda
2025-09-10 13:14:56,786 - INFO - 전체 스크린샷 크기: 1920 x 3898
2025-09-10 13:14:56,928 - INFO - 시작 요소 위치: x=304, y=1856
2025-09-10 13:14:56,970 - INFO - 시작 요소 크기: width=120.26666259765624, height=28.0
2025-09-10 13:14:57,017 - INFO - 끝 요소 위치: x=312, y=3374
2025-09-10 13:14:57,040 - INFO - 끝 요소 크기: width=91.73333740234376, height=20.0
2025-09-10 13:14:57,143 - INFO - 최종 크롭 영역: left=204, top=1756, right=1204, bottom=3556
2025-09-10 13:14:57,610 - INFO - 캡처 완료: Sudda_20250910.png (크기: 1000 x 1800)
2025-09-10 13:14:57,630 - INFO - Sudda 캡처 성공!
2025-09-10 13:14:57,651 - INFO - ==================================================
2025-09-10 13:14:57,653 - INFO - 게임 캡처 시작: SuddaKakao (com.neowiz.games.suddaKakao)
2025-09-10 13:14:57,653 - INFO - 캡처 시작: SuddaKakao (https://play.google.com/store/apps/details?id=com.neowiz.games.suddaKakao)
2025-09-10 13:15:12,078 - INFO - 한국어 설정 적용
2025-09-10 13:15:12,085 - INFO - 한국어 URL로 리다이렉트: https://play.google.com/store/apps/details?id=com.neowiz.games.suddaKakao&hl=ko
2025-09-10 13:15:18,773 - INFO - 화면 크기 최적화 시작
2025-09-10 13:15:18,789 - INFO - 현재 창 크기: 1920 x 3983
2025-09-10 13:15:20,801 - INFO - 화면 크기 최적화 완료
2025-09-10 13:15:20,811 - INFO - 기본 리뷰 섹션 캡처 시작: SuddaKakao (버튼 클릭 없음)
2025-09-10 13:15:20,815 - INFO - 시작 요소 찾기 성공: '평점 및 리뷰' (선택자 1: //h2[text()='평점 및 리뷰'])
2025-09-10 13:15:20,828 - INFO - 끝 요소 찾기 성공: (선택자 2: //span[text()='리뷰 모두 보기'])
2025-09-10 13:15:20,849 - INFO - 시작 요소로 스크롤: SuddaKakao
2025-09-10 13:15:23,864 - INFO - 전체 페이지 높이 설정
2025-09-10 13:15:23,883 - INFO - 전체 페이지 높이: 3930px
2025-09-10 13:15:29,914 - INFO - 전체 페이지 스크린샷 촬영: SuddaKakao
2025-09-10 13:15:30,187 - INFO - 전체 스크린샷 크기: 1920 x 3845
2025-09-10 13:15:30,199 - INFO - 시작 요소 위치: x=304, y=1644
2025-09-10 13:15:30,202 - INFO - 시작 요소 크기: width=120.26666259765624, height=28.0
2025-09-10 13:15:30,203 - INFO - 끝 요소 위치: x=312, y=3320
2025-09-10 13:15:30,203 - INFO - 끝 요소 크기: width=91.73333740234376, height=20.0
2025-09-10 13:15:30,204 - INFO - 최종 크롭 영역: left=204, top=1544, right=1204, bottom=3344
2025-09-10 13:15:30,292 - INFO - 캡처 완료: SuddaKakao_20250910.png (크기: 1000 x 1800)
2025-09-10 13:15:30,295 - INFO - SuddaKakao 캡처 성공!
2025-09-10 13:15:30,296 - INFO - ==================================================
2025-09-10 13:15:30,296 - INFO - 게임 캡처 시작: ShowdownHoldem (com.neowiz.games.pmang.holdem.poker)
2025-09-10 13:15:30,296 - INFO - 캡처 시작: ShowdownHoldem (https://play.google.com/store/apps/details?id=com.neowiz.games.pmang.holdem.poker)
2025-09-10 13:15:42,517 - INFO - 한국어 설정 적용
2025-09-10 13:15:42,524 - INFO - 한국어 URL로 리다이렉트: https://play.google.com/store/apps/details?id=com.neowiz.games.pmang.holdem.poker&hl=ko
2025-09-10 13:15:47,507 - INFO - 화면 크기 최적화 시작
2025-09-10 13:15:47,509 - INFO - 현재 창 크기: 1920 x 3930
2025-09-10 13:15:49,520 - INFO - 화면 크기 최적화 완료
2025-09-10 13:15:49,520 - INFO - 기본 리뷰 섹션 캡처 시작: ShowdownHoldem (버튼 클릭 없음)
2025-09-10 13:15:49,524 - INFO - 시작 요소 찾기 성공: '평점 및 리뷰' (선택자 1: //h2[text()='평점 및 리뷰'])
2025-09-10 13:15:49,537 - INFO - 끝 요소 찾기 성공: (선택자 2: //span[text()='리뷰 모두 보기'])
2025-09-10 13:15:49,556 - INFO - 시작 요소로 스크롤: ShowdownHoldem
2025-09-10 13:15:52,566 - INFO - 전체 페이지 높이 설정
2025-09-10 13:15:52,571 - INFO - 전체 페이지 높이: 3986px
2025-09-10 13:15:58,598 - INFO - 전체 페이지 스크린샷 촬영: ShowdownHoldem
2025-09-10 13:15:59,084 - INFO - 전체 스크린샷 크기: 1920 x 3901
2025-09-10 13:15:59,093 - INFO - 시작 요소 위치: x=304, y=1852
2025-09-10 13:15:59,094 - INFO - 시작 요소 크기: width=120.26666259765624, height=28.0
2025-09-10 13:15:59,094 - INFO - 끝 요소 위치: x=312, y=3376
2025-09-10 13:15:59,095 - INFO - 끝 요소 크기: width=91.73333740234376, height=20.0
2025-09-10 13:15:59,095 - INFO - 최종 크롭 영역: left=204, top=1752, right=1204, bottom=3552
2025-09-10 13:15:59,189 - INFO - 캡처 완료: ShowdownHoldem_20250910.png (크기: 1000 x 1800)
2025-09-10 13:15:59,197 - INFO - ShowdownHoldem 캡처 성공!
2025-09-10 13:15:59,197 - INFO - ==================================================
2025-09-10 13:15:59,197 - INFO - 게임 캡처 시작: NewVegas (com.neowiz.playstudio.slot.casino)
2025-09-10 13:15:59,198 - INFO - 캡처 시작: NewVegas (https://play.google.com/store/apps/details?id=com.neowiz.playstudio.slot.casino)
2025-09-10 13:16:11,127 - INFO - 한국어 설정 적용
2025-09-10 13:16:11,136 - INFO - 한국어 URL로 리다이렉트: https://play.google.com/store/apps/details?id=com.neowiz.playstudio.slot.casino&hl=ko
2025-09-10 13:16:16,792 - INFO - 화면 크기 최적화 시작
2025-09-10 13:16:16,795 - INFO - 현재 창 크기: 1920 x 3986
2025-09-10 13:16:18,804 - INFO - 화면 크기 최적화 완료
2025-09-10 13:16:18,806 - INFO - 기본 리뷰 섹션 캡처 시작: NewVegas (버튼 클릭 없음)
2025-09-10 13:16:18,810 - INFO - 시작 요소 찾기 성공: '평점 및 리뷰' (선택자 1: //h2[text()='평점 및 리뷰'])
2025-09-10 13:16:18,815 - INFO - 끝 요소 찾기 성공: (선택자 2: //span[text()='리뷰 모두 보기'])
2025-09-10 13:16:18,822 - INFO - 시작 요소로 스크롤: NewVegas
2025-09-10 13:16:21,831 - INFO - 전체 페이지 높이 설정
2025-09-10 13:16:21,837 - INFO - 전체 페이지 높이: 4058px
2025-09-10 13:16:27,858 - INFO - 전체 페이지 스크린샷 촬영: NewVegas
2025-09-10 13:16:28,199 - INFO - 전체 스크린샷 크기: 1920 x 3973
2025-09-10 13:16:28,213 - INFO - 시작 요소 위치: x=304, y=1852
2025-09-10 13:16:28,220 - INFO - 시작 요소 크기: width=120.26666259765624, height=28.0
2025-09-10 13:16:28,221 - INFO - 끝 요소 위치: x=312, y=3448
2025-09-10 13:16:28,223 - INFO - 끝 요소 크기: width=91.73333740234376, height=20.0
2025-09-10 13:16:28,224 - INFO - 최종 크롭 영역: left=204, top=1752, right=1204, bottom=3552
2025-09-10 13:16:28,342 - INFO - 캡처 완료: NewVegas_20250910.png (크기: 1000 x 1800)
2025-09-10 13:16:28,346 - INFO - NewVegas 캡처 성공!
2025-09-10 13:16:28,347 - INFO - ==================================================
2025-09-10 13:16:28,347 - INFO - HTML 파일 업데이트 시작
2025-09-10 13:16:28,349 - INFO - HTML 파일을 읽었습니다: aos_review.html
2025-09-10 13:16:28,380 - INFO - 기본 날짜 업데이트: 20250903 -> 20250910
2025-09-10 13:16:28,382 - INFO - 드롭다운 기본 선택값 업데이트: 20250903 -> 20250910
2025-09-10 13:16:28,384 - INFO - availableDates 배열 업데이트: 20250910 추가됨
2025-09-10 13:16:28,386 - INFO - 날짜 선택 드롭다운 업데이트: 20250910 옵션 추가됨
2025-09-10 13:16:28,389 - INFO - 총 4개의 이미지 경로가 업데이트되었습니다.
2025-09-10 13:16:28,390 - INFO - 파일이 저장되었습니다: aos_review.html
2025-09-10 13:16:28,394 - INFO - HTML 파일 업데이트 성공!
2025-09-10 13:16:28,394 - INFO - ==================================================
2025-09-10 13:16:28,395 - INFO - 모든 게임 캡처 및 HTML 업데이트 성공!
2025-09-10 13:16:28,402 - INFO - ==================================================
2025-09-10 13:16:31,433 - INFO - Firefox WebDriver 종료
