2025-10-29 10:06:45,890 - INFO - ==================================================
2025-10-29 10:06:45,891 - INFO - 자동 Google Play 리뷰 캡처 및 HTML 업데이트 시작
2025-10-29 10:06:45,891 - INFO - 실행 날짜: 20251029
2025-10-29 10:06:45,891 - INFO - 저장 폴더: D:\aos_review\20251029
2025-10-29 10:06:45,892 - INFO - 캡처할 게임 수: 9개
2025-10-29 10:06:45,892 - INFO - ==================================================
2025-10-29 10:06:45,894 - INFO - 저장 폴더 생성: D:\aos_review\20251029
2025-10-29 10:08:08,678 - INFO - Firefox WebDriver 초기화 성공
2025-10-29 10:08:08,756 - INFO - 게임 캡처 시작: NewMatgo (com.neowiz.games.newmatgo)
2025-10-29 10:08:08,757 - INFO - 캡처 시작: NewMatgo (https://play.google.com/store/apps/details?id=com.neowiz.games.newmatgo)
2025-10-29 10:08:23,418 - INFO - 한국어 설정 적용
2025-10-29 10:08:23,439 - INFO - 한국어 URL로 리다이렉트: https://play.google.com/store/apps/details?id=com.neowiz.games.newmatgo&hl=ko
2025-10-29 10:08:28,401 - INFO - 화면 크기 최적화 시작
2025-10-29 10:08:28,405 - INFO - 현재 창 크기: 1920 x 1200
2025-10-29 10:08:30,897 - INFO - 화면 크기 최적화 완료
2025-10-29 10:08:30,909 - INFO - 기본 리뷰 섹션 캡처 시작: NewMatgo (버튼 클릭 없음)
2025-10-29 10:08:30,919 - INFO - 시작 요소 찾기 성공: '평점 및 리뷰' (선택자 1: //h2[text()='평점 및 리뷰'])
2025-10-29 10:08:30,929 - INFO - 끝 요소 찾기 성공: (선택자 2: //span[text()='리뷰 모두 보기'])
2025-10-29 10:08:30,935 - INFO - 시작 요소로 스크롤: NewMatgo
2025-10-29 10:08:33,947 - INFO - 전체 페이지 높이 설정
2025-10-29 10:08:33,953 - INFO - 전체 페이지 높이: 3904px
2025-10-29 10:08:41,770 - INFO - 전체 페이지 스크린샷 촬영: NewMatgo
2025-10-29 10:08:42,260 - INFO - 전체 스크린샷 크기: 1920 x 3814
2025-10-29 10:08:42,272 - INFO - 시작 요소 위치: x=312, y=1900
2025-10-29 10:08:42,272 - INFO - 시작 요소 크기: width=120.26666259765624, height=28.0
2025-10-29 10:08:42,272 - INFO - 끝 요소 위치: x=320, y=3315
2025-10-29 10:08:42,272 - INFO - 끝 요소 크기: width=91.73333740234376, height=20.0
2025-10-29 10:08:42,273 - INFO - 최종 크롭 영역: left=212, top=1800, right=1212, bottom=3600
2025-10-29 10:08:42,466 - INFO - 캡처 완료: NewMatgo_20251029.png (크기: 1000 x 1800)
2025-10-29 10:08:42,468 - INFO - NewMatgo 캡처 성공!
2025-10-29 10:08:42,468 - INFO - ==================================================
2025-10-29 10:08:42,469 - INFO - 게임 캡처 시작: NewMatgoKakao (com.neowiz.games.newmatgoKakao)
2025-10-29 10:08:42,469 - INFO - 캡처 시작: NewMatgoKakao (https://play.google.com/store/apps/details?id=com.neowiz.games.newmatgoKakao)
2025-10-29 10:08:52,088 - INFO - 한국어 설정 적용
2025-10-29 10:08:52,094 - INFO - 한국어 URL로 리다이렉트: https://play.google.com/store/apps/details?id=com.neowiz.games.newmatgoKakao&hl=ko
2025-10-29 10:09:00,788 - INFO - 화면 크기 최적화 시작
2025-10-29 10:09:00,790 - INFO - 현재 창 크기: 1920 x 3904
2025-10-29 10:09:02,809 - INFO - 화면 크기 최적화 완료
2025-10-29 10:09:02,809 - INFO - 기본 리뷰 섹션 캡처 시작: NewMatgoKakao (버튼 클릭 없음)
2025-10-29 10:09:02,812 - INFO - 시작 요소 찾기 성공: '평점 및 리뷰' (선택자 1: //h2[text()='평점 및 리뷰'])
2025-10-29 10:09:02,819 - INFO - 끝 요소 찾기 성공: (선택자 2: //span[text()='리뷰 모두 보기'])
2025-10-29 10:09:02,824 - INFO - 시작 요소로 스크롤: NewMatgoKakao
2025-10-29 10:09:05,834 - INFO - 전체 페이지 높이 설정
2025-10-29 10:09:05,873 - INFO - 전체 페이지 높이: 4100px
2025-10-29 10:09:12,094 - INFO - 전체 페이지 스크린샷 촬영: NewMatgoKakao
2025-10-29 10:09:12,616 - INFO - 전체 스크린샷 크기: 1920 x 4010
2025-10-29 10:09:12,638 - INFO - 시작 요소 위치: x=312, y=1900
2025-10-29 10:09:12,647 - INFO - 시작 요소 크기: width=120.26666259765624, height=28.0
2025-10-29 10:09:12,652 - INFO - 끝 요소 위치: x=320, y=3511
2025-10-29 10:09:12,655 - INFO - 끝 요소 크기: width=91.73333740234376, height=20.0
2025-10-29 10:09:12,657 - INFO - 최종 크롭 영역: left=212, top=1800, right=1212, bottom=3600
2025-10-29 10:09:12,843 - INFO - 캡처 완료: NewMatgoKakao_20251029.png (크기: 1000 x 1800)
2025-10-29 10:09:12,846 - INFO - NewMatgoKakao 캡처 성공!
2025-10-29 10:09:12,847 - INFO - ==================================================
2025-10-29 10:09:12,847 - INFO - 게임 캡처 시작: Original (com.neowiz.games.gostop2018)
2025-10-29 10:09:12,847 - INFO - 캡처 시작: Original (https://play.google.com/store/apps/details?id=com.neowiz.games.gostop2018)
2025-10-29 10:09:25,353 - INFO - 한국어 설정 적용
2025-10-29 10:09:25,958 - INFO - 한국어 URL로 리다이렉트: https://play.google.com/store/apps/details?id=com.neowiz.games.gostop2018&hl=ko
2025-10-29 10:09:32,333 - INFO - 화면 크기 최적화 시작
2025-10-29 10:09:32,337 - INFO - 현재 창 크기: 1920 x 4100
2025-10-29 10:09:34,357 - INFO - 화면 크기 최적화 완료
2025-10-29 10:09:34,360 - INFO - 기본 리뷰 섹션 캡처 시작: Original (버튼 클릭 없음)
2025-10-29 10:09:34,363 - INFO - 시작 요소 찾기 성공: '평점 및 리뷰' (선택자 1: //h2[text()='평점 및 리뷰'])
2025-10-29 10:09:34,377 - INFO - 끝 요소 찾기 성공: (선택자 2: //span[text()='리뷰 모두 보기'])
2025-10-29 10:09:34,384 - INFO - 시작 요소로 스크롤: Original
2025-10-29 10:09:37,478 - INFO - 전체 페이지 높이 설정
2025-10-29 10:09:37,482 - INFO - 전체 페이지 높이: 4032px
2025-10-29 10:09:43,857 - INFO - 전체 페이지 스크린샷 촬영: Original
2025-10-29 10:09:44,189 - INFO - 전체 스크린샷 크기: 1920 x 3942
2025-10-29 10:09:44,204 - INFO - 시작 요소 위치: x=312, y=1852
2025-10-29 10:09:44,204 - INFO - 시작 요소 크기: width=120.26666259765624, height=28.0
2025-10-29 10:09:44,204 - INFO - 끝 요소 위치: x=320, y=3443
2025-10-29 10:09:44,205 - INFO - 끝 요소 크기: width=91.73333740234376, height=20.0
2025-10-29 10:09:44,205 - INFO - 최종 크롭 영역: left=212, top=1752, right=1212, bottom=3552
2025-10-29 10:09:44,387 - INFO - 캡처 완료: Original_20251029.png (크기: 1000 x 1800)
2025-10-29 10:09:44,393 - INFO - Original 캡처 성공!
2025-10-29 10:09:44,393 - INFO - ==================================================
2025-10-29 10:09:44,394 - INFO - 게임 캡처 시작: Poker (com.neowiz.games.poker)
2025-10-29 10:09:44,394 - INFO - 캡처 시작: Poker (https://play.google.com/store/apps/details?id=com.neowiz.games.poker)
2025-10-29 10:09:55,605 - INFO - 한국어 설정 적용
2025-10-29 10:09:55,613 - INFO - 한국어 URL로 리다이렉트: https://play.google.com/store/apps/details?id=com.neowiz.games.poker&hl=ko
2025-10-29 10:10:01,014 - INFO - 화면 크기 최적화 시작
2025-10-29 10:10:01,017 - INFO - 현재 창 크기: 1920 x 4032
2025-10-29 10:10:03,034 - INFO - 화면 크기 최적화 완료
2025-10-29 10:10:03,034 - INFO - 기본 리뷰 섹션 캡처 시작: Poker (버튼 클릭 없음)
2025-10-29 10:10:03,037 - INFO - 시작 요소 찾기 성공: '평점 및 리뷰' (선택자 1: //h2[text()='평점 및 리뷰'])
2025-10-29 10:10:03,042 - INFO - 끝 요소 찾기 성공: (선택자 2: //span[text()='리뷰 모두 보기'])
2025-10-29 10:10:03,046 - INFO - 시작 요소로 스크롤: Poker
2025-10-29 10:10:06,052 - INFO - 전체 페이지 높이 설정
2025-10-29 10:10:06,064 - INFO - 전체 페이지 높이: 3980px
2025-10-29 10:10:13,265 - INFO - 전체 페이지 스크린샷 촬영: Poker
2025-10-29 10:10:13,602 - INFO - 전체 스크린샷 크기: 1920 x 3890
2025-10-29 10:10:13,615 - INFO - 시작 요소 위치: x=312, y=1900
2025-10-29 10:10:13,615 - INFO - 시작 요소 크기: width=120.26666259765624, height=28.0
2025-10-29 10:10:13,615 - INFO - 끝 요소 위치: x=320, y=3391
2025-10-29 10:10:13,615 - INFO - 끝 요소 크기: width=91.73333740234376, height=20.0
2025-10-29 10:10:13,615 - INFO - 최종 크롭 영역: left=212, top=1800, right=1212, bottom=3600
2025-10-29 10:10:13,743 - INFO - 캡처 완료: Poker_20251029.png (크기: 1000 x 1800)
2025-10-29 10:10:13,745 - INFO - Poker 캡처 성공!
2025-10-29 10:10:13,745 - INFO - ==================================================
2025-10-29 10:10:13,746 - INFO - 게임 캡처 시작: PokerKakao (com.neowiz.games.pokerKakao)
2025-10-29 10:10:13,746 - INFO - 캡처 시작: PokerKakao (https://play.google.com/store/apps/details?id=com.neowiz.games.pokerKakao)
2025-10-29 10:10:23,775 - INFO - 한국어 설정 적용
2025-10-29 10:10:23,787 - INFO - 한국어 URL로 리다이렉트: https://play.google.com/store/apps/details?id=com.neowiz.games.pokerKakao&hl=ko
2025-10-29 10:10:28,592 - INFO - 화면 크기 최적화 시작
2025-10-29 10:10:28,594 - INFO - 현재 창 크기: 1920 x 3980
2025-10-29 10:10:30,606 - INFO - 화면 크기 최적화 완료
2025-10-29 10:10:30,607 - INFO - 기본 리뷰 섹션 캡처 시작: PokerKakao (버튼 클릭 없음)
2025-10-29 10:10:30,612 - INFO - 시작 요소 찾기 성공: '평점 및 리뷰' (선택자 1: //h2[text()='평점 및 리뷰'])
2025-10-29 10:10:30,619 - INFO - 끝 요소 찾기 성공: (선택자 2: //span[text()='리뷰 모두 보기'])
2025-10-29 10:10:30,627 - INFO - 시작 요소로 스크롤: PokerKakao
2025-10-29 10:10:33,627 - INFO - 전체 페이지 높이 설정
2025-10-29 10:10:33,631 - INFO - 전체 페이지 높이: 4172px
2025-10-29 10:10:41,533 - INFO - 전체 페이지 스크린샷 촬영: PokerKakao
2025-10-29 10:10:41,874 - INFO - 전체 스크린샷 크기: 1920 x 4082
2025-10-29 10:10:41,892 - INFO - 시작 요소 위치: x=312, y=1852
2025-10-29 10:10:41,892 - INFO - 시작 요소 크기: width=120.26666259765624, height=28.0
2025-10-29 10:10:41,895 - INFO - 끝 요소 위치: x=320, y=3583
2025-10-29 10:10:41,895 - INFO - 끝 요소 크기: width=91.73333740234376, height=20.0
2025-10-29 10:10:41,895 - INFO - 최종 크롭 영역: left=212, top=1752, right=1212, bottom=3552
2025-10-29 10:10:42,120 - INFO - 캡처 완료: PokerKakao_20251029.png (크기: 1000 x 1800)
2025-10-29 10:10:42,125 - INFO - PokerKakao 캡처 성공!
2025-10-29 10:10:42,125 - INFO - ==================================================
2025-10-29 10:10:42,125 - INFO - 게임 캡처 시작: Sudda (com.neowiz.games.sudda)
2025-10-29 10:10:42,125 - INFO - 캡처 시작: Sudda (https://play.google.com/store/apps/details?id=com.neowiz.games.sudda)
2025-10-29 10:10:52,732 - INFO - 한국어 설정 적용
2025-10-29 10:10:52,752 - INFO - 한국어 URL로 리다이렉트: https://play.google.com/store/apps/details?id=com.neowiz.games.sudda&hl=ko
2025-10-29 10:10:59,088 - INFO - 화면 크기 최적화 시작
2025-10-29 10:10:59,090 - INFO - 현재 창 크기: 1920 x 4172
2025-10-29 10:11:01,103 - INFO - 화면 크기 최적화 완료
2025-10-29 10:11:01,127 - INFO - 기본 리뷰 섹션 캡처 시작: Sudda (버튼 클릭 없음)
2025-10-29 10:11:01,271 - INFO - 시작 요소 찾기 성공: '평점 및 리뷰' (선택자 1: //h2[text()='평점 및 리뷰'])
2025-10-29 10:11:01,283 - INFO - 끝 요소 찾기 성공: (선택자 2: //span[text()='리뷰 모두 보기'])
2025-10-29 10:11:01,289 - INFO - 시작 요소로 스크롤: Sudda
2025-10-29 10:11:04,290 - INFO - 전체 페이지 높이 설정
2025-10-29 10:11:04,294 - INFO - 전체 페이지 높이: 3952px
2025-10-29 10:11:10,819 - INFO - 전체 페이지 스크린샷 촬영: Sudda
2025-10-29 10:11:11,148 - INFO - 전체 스크린샷 크기: 1920 x 3862
2025-10-29 10:11:11,161 - INFO - 시작 요소 위치: x=312, y=1852
2025-10-29 10:11:11,161 - INFO - 시작 요소 크기: width=120.26666259765624, height=28.0
2025-10-29 10:11:11,162 - INFO - 끝 요소 위치: x=320, y=3363
2025-10-29 10:11:11,162 - INFO - 끝 요소 크기: width=91.73333740234376, height=20.0
2025-10-29 10:11:11,162 - INFO - 최종 크롭 영역: left=212, top=1752, right=1212, bottom=3552
2025-10-29 10:11:11,272 - INFO - 캡처 완료: Sudda_20251029.png (크기: 1000 x 1800)
2025-10-29 10:11:11,274 - INFO - Sudda 캡처 성공!
2025-10-29 10:11:11,274 - INFO - ==================================================
2025-10-29 10:11:11,275 - INFO - 게임 캡처 시작: SuddaKakao (com.neowiz.games.suddaKakao)
2025-10-29 10:11:11,275 - INFO - 캡처 시작: SuddaKakao (https://play.google.com/store/apps/details?id=com.neowiz.games.suddaKakao)
2025-10-29 10:11:21,292 - INFO - 한국어 설정 적용
2025-10-29 10:11:21,415 - INFO - 한국어 URL로 리다이렉트: https://play.google.com/store/apps/details?id=com.neowiz.games.suddaKakao&hl=ko
2025-10-29 10:11:28,671 - INFO - 화면 크기 최적화 시작
2025-10-29 10:11:28,681 - INFO - 현재 창 크기: 1920 x 3952
2025-10-29 10:11:30,697 - INFO - 화면 크기 최적화 완료
2025-10-29 10:11:30,697 - INFO - 기본 리뷰 섹션 캡처 시작: SuddaKakao (버튼 클릭 없음)
2025-10-29 10:11:30,701 - INFO - 시작 요소 찾기 성공: '평점 및 리뷰' (선택자 1: //h2[text()='평점 및 리뷰'])
2025-10-29 10:11:30,710 - INFO - 끝 요소 찾기 성공: (선택자 2: //span[text()='리뷰 모두 보기'])
2025-10-29 10:11:30,715 - INFO - 시작 요소로 스크롤: SuddaKakao
2025-10-29 10:11:33,715 - INFO - 전체 페이지 높이 설정
2025-10-29 10:11:33,720 - INFO - 전체 페이지 높이: 4040px
2025-10-29 10:11:40,469 - INFO - 전체 페이지 스크린샷 촬영: SuddaKakao
2025-10-29 10:11:40,878 - INFO - 전체 스크린샷 크기: 1920 x 3950
2025-10-29 10:11:40,902 - INFO - 시작 요소 위치: x=312, y=1852
2025-10-29 10:11:40,902 - INFO - 시작 요소 크기: width=120.26666259765624, height=28.0
2025-10-29 10:11:40,902 - INFO - 끝 요소 위치: x=320, y=3451
2025-10-29 10:11:40,902 - INFO - 끝 요소 크기: width=91.73333740234376, height=20.0
2025-10-29 10:11:40,903 - INFO - 최종 크롭 영역: left=212, top=1752, right=1212, bottom=3552
2025-10-29 10:11:41,074 - INFO - 캡처 완료: SuddaKakao_20251029.png (크기: 1000 x 1800)
2025-10-29 10:11:41,077 - INFO - SuddaKakao 캡처 성공!
2025-10-29 10:11:41,077 - INFO - ==================================================
2025-10-29 10:11:41,077 - INFO - 게임 캡처 시작: ShowdownHoldem (com.neowiz.games.pmang.holdem.poker)
2025-10-29 10:11:41,077 - INFO - 캡처 시작: ShowdownHoldem (https://play.google.com/store/apps/details?id=com.neowiz.games.pmang.holdem.poker)
2025-10-29 10:11:51,265 - INFO - 한국어 설정 적용
2025-10-29 10:11:51,448 - INFO - 한국어 URL로 리다이렉트: https://play.google.com/store/apps/details?id=com.neowiz.games.pmang.holdem.poker&hl=ko
2025-10-29 10:11:56,151 - INFO - 화면 크기 최적화 시작
2025-10-29 10:11:56,154 - INFO - 현재 창 크기: 1920 x 4040
2025-10-29 10:11:58,168 - INFO - 화면 크기 최적화 완료
2025-10-29 10:11:58,169 - INFO - 기본 리뷰 섹션 캡처 시작: ShowdownHoldem (버튼 클릭 없음)
2025-10-29 10:11:58,172 - INFO - 시작 요소 찾기 성공: '평점 및 리뷰' (선택자 1: //h2[text()='평점 및 리뷰'])
2025-10-29 10:11:58,179 - INFO - 끝 요소 찾기 성공: (선택자 2: //span[text()='리뷰 모두 보기'])
2025-10-29 10:11:58,185 - INFO - 시작 요소로 스크롤: ShowdownHoldem
2025-10-29 10:12:01,186 - INFO - 전체 페이지 높이 설정
2025-10-29 10:12:01,189 - INFO - 전체 페이지 높이: 3980px
2025-10-29 10:12:07,200 - INFO - 전체 페이지 스크린샷 촬영: ShowdownHoldem
2025-10-29 10:12:07,651 - INFO - 전체 스크린샷 크기: 1920 x 3890
2025-10-29 10:12:07,667 - INFO - 시작 요소 위치: x=312, y=1852
2025-10-29 10:12:07,667 - INFO - 시작 요소 크기: width=120.26666259765624, height=28.0
2025-10-29 10:12:07,668 - INFO - 끝 요소 위치: x=320, y=3371
2025-10-29 10:12:07,668 - INFO - 끝 요소 크기: width=91.73333740234376, height=20.0
2025-10-29 10:12:07,668 - INFO - 최종 크롭 영역: left=212, top=1752, right=1212, bottom=3552
2025-10-29 10:12:07,765 - INFO - 캡처 완료: ShowdownHoldem_20251029.png (크기: 1000 x 1800)
2025-10-29 10:12:07,767 - INFO - ShowdownHoldem 캡처 성공!
2025-10-29 10:12:07,767 - INFO - ==================================================
2025-10-29 10:12:07,767 - INFO - 게임 캡처 시작: NewVegas (com.neowiz.playstudio.slot.casino)
2025-10-29 10:12:07,767 - INFO - 캡처 시작: NewVegas (https://play.google.com/store/apps/details?id=com.neowiz.playstudio.slot.casino)
2025-10-29 10:12:18,636 - INFO - 한국어 설정 적용
2025-10-29 10:12:18,656 - INFO - 한국어 URL로 리다이렉트: https://play.google.com/store/apps/details?id=com.neowiz.playstudio.slot.casino&hl=ko
2025-10-29 10:12:24,119 - INFO - 화면 크기 최적화 시작
2025-10-29 10:12:24,121 - INFO - 현재 창 크기: 1920 x 3980
2025-10-29 10:12:26,164 - INFO - 화면 크기 최적화 완료
2025-10-29 10:12:26,170 - INFO - 기본 리뷰 섹션 캡처 시작: NewVegas (버튼 클릭 없음)
2025-10-29 10:12:26,207 - INFO - 시작 요소 찾기 성공: '평점 및 리뷰' (선택자 1: //h2[text()='평점 및 리뷰'])
2025-10-29 10:12:26,238 - INFO - 끝 요소 찾기 성공: (선택자 2: //span[text()='리뷰 모두 보기'])
2025-10-29 10:12:26,264 - INFO - 시작 요소로 스크롤: NewVegas
2025-10-29 10:12:29,284 - INFO - 전체 페이지 높이 설정
2025-10-29 10:12:29,289 - INFO - 전체 페이지 높이: 4052px
2025-10-29 10:12:35,324 - INFO - 전체 페이지 스크린샷 촬영: NewVegas
2025-10-29 10:12:35,777 - INFO - 전체 스크린샷 크기: 1920 x 3962
2025-10-29 10:12:35,789 - INFO - 시작 요소 위치: x=312, y=1852
2025-10-29 10:12:35,789 - INFO - 시작 요소 크기: width=120.26666259765624, height=28.0
2025-10-29 10:12:35,790 - INFO - 끝 요소 위치: x=320, y=3443
2025-10-29 10:12:35,790 - INFO - 끝 요소 크기: width=91.73333740234376, height=20.0
2025-10-29 10:12:35,790 - INFO - 최종 크롭 영역: left=212, top=1752, right=1212, bottom=3552
2025-10-29 10:12:35,919 - INFO - 캡처 완료: NewVegas_20251029.png (크기: 1000 x 1800)
2025-10-29 10:12:35,921 - INFO - NewVegas 캡처 성공!
2025-10-29 10:12:35,921 - INFO - ==================================================
2025-10-29 10:12:35,921 - INFO - HTML 파일 업데이트 시작
2025-10-29 10:12:35,964 - INFO - HTML 파일을 읽었습니다: aos_review.html
2025-10-29 10:12:36,076 - INFO - 기본 날짜 업데이트: 20251022 -> 20251029
2025-10-29 10:12:36,077 - INFO - availableDates 배열 업데이트: 20251029 추가됨
2025-10-29 10:12:36,078 - INFO - 날짜 선택 드롭다운 업데이트: 20251029 옵션 추가됨
2025-10-29 10:12:36,081 - INFO - 총 3개의 이미지 경로가 업데이트되었습니다.
2025-10-29 10:12:36,081 - INFO - 파일이 저장되었습니다: aos_review.html
2025-10-29 10:12:36,082 - INFO - HTML 파일 업데이트 성공!
2025-10-29 10:12:36,083 - INFO - ==================================================
2025-10-29 10:12:36,083 - INFO - 모든 게임 캡처 및 HTML 업데이트 성공!
2025-10-29 10:12:36,083 - INFO - ==================================================
2025-10-29 10:12:40,307 - INFO - Firefox WebDriver 종료
