2025-11-05 10:06:19,858 - INFO - ==================================================
2025-11-05 10:06:19,859 - INFO - 자동 Google Play 리뷰 캡처 및 HTML 업데이트 시작
2025-11-05 10:06:19,859 - INFO - 실행 날짜: 20251105
2025-11-05 10:06:19,859 - INFO - 저장 폴더: D:\aos_review\20251105
2025-11-05 10:06:19,859 - INFO - 캡처할 게임 수: 9개
2025-11-05 10:06:19,860 - INFO - ==================================================
2025-11-05 10:06:19,860 - INFO - 저장 폴더 생성: D:\aos_review\20251105
2025-11-05 10:06:33,097 - INFO - Firefox WebDriver 초기화 성공
2025-11-05 10:06:33,138 - INFO - 게임 캡처 시작: NewMatgo (com.neowiz.games.newmatgo)
2025-11-05 10:06:33,138 - INFO - 캡처 시작: NewMatgo (https://play.google.com/store/apps/details?id=com.neowiz.games.newmatgo)
2025-11-05 10:06:47,890 - INFO - 한국어 설정 적용
2025-11-05 10:06:47,905 - INFO - 한국어 URL로 리다이렉트: https://play.google.com/store/apps/details?id=com.neowiz.games.newmatgo&hl=ko
2025-11-05 10:06:52,420 - INFO - 화면 크기 최적화 시작
2025-11-05 10:06:52,608 - INFO - 현재 창 크기: 1920 x 1200
2025-11-05 10:06:56,310 - INFO - 화면 크기 최적화 완료
2025-11-05 10:06:56,329 - INFO - 기본 리뷰 섹션 캡처 시작: NewMatgo (버튼 클릭 없음)
2025-11-05 10:07:03,310 - INFO - 시작 요소 찾기 성공: '평점 및 리뷰' (선택자 1: //h2[text()='평점 및 리뷰'])
2025-11-05 10:07:03,625 - INFO - 끝 요소 찾기 성공: (선택자 2: //span[text()='리뷰 모두 보기'])
2025-11-05 10:07:03,655 - INFO - 시작 요소로 스크롤: NewMatgo
2025-11-05 10:07:06,668 - INFO - 전체 페이지 높이 설정
2025-11-05 10:07:06,672 - INFO - 전체 페이지 높이: 4349px
2025-11-05 10:07:13,327 - INFO - 전체 페이지 스크린샷 촬영: NewMatgo
2025-11-05 10:07:16,613 - INFO - 전체 스크린샷 크기: 1920 x 4259
2025-11-05 10:07:16,626 - INFO - 시작 요소 위치: x=312, y=2188
2025-11-05 10:07:16,629 - INFO - 시작 요소 크기: width=120.26666259765624, height=28.0
2025-11-05 10:07:16,629 - INFO - 끝 요소 위치: x=320, y=3760
2025-11-05 10:07:16,629 - INFO - 끝 요소 크기: width=91.73333740234376, height=20.0
2025-11-05 10:07:16,629 - INFO - 최종 크롭 영역: left=212, top=2088, right=1212, bottom=3888
2025-11-05 10:07:16,745 - INFO - 캡처 완료: NewMatgo_20251105.png (크기: 1000 x 1800)
2025-11-05 10:07:16,750 - INFO - NewMatgo 캡처 성공!
2025-11-05 10:07:16,750 - INFO - ==================================================
2025-11-05 10:07:16,751 - INFO - 게임 캡처 시작: NewMatgoKakao (com.neowiz.games.newmatgoKakao)
2025-11-05 10:07:16,751 - INFO - 캡처 시작: NewMatgoKakao (https://play.google.com/store/apps/details?id=com.neowiz.games.newmatgoKakao)
2025-11-05 10:07:27,172 - INFO - 한국어 설정 적용
2025-11-05 10:07:27,247 - INFO - 한국어 URL로 리다이렉트: https://play.google.com/store/apps/details?id=com.neowiz.games.newmatgoKakao&hl=ko
2025-11-05 10:07:32,434 - INFO - 화면 크기 최적화 시작
2025-11-05 10:07:32,436 - INFO - 현재 창 크기: 1920 x 4349
2025-11-05 10:07:36,958 - INFO - 화면 크기 최적화 완료
2025-11-05 10:07:37,169 - INFO - 기본 리뷰 섹션 캡처 시작: NewMatgoKakao (버튼 클릭 없음)
2025-11-05 10:07:37,174 - INFO - 시작 요소 찾기 성공: '평점 및 리뷰' (선택자 1: //h2[text()='평점 및 리뷰'])
2025-11-05 10:07:37,182 - INFO - 끝 요소 찾기 성공: (선택자 2: //span[text()='리뷰 모두 보기'])
2025-11-05 10:07:37,188 - INFO - 시작 요소로 스크롤: NewMatgoKakao
2025-11-05 10:07:41,158 - INFO - 전체 페이지 높이 설정
2025-11-05 10:07:41,255 - INFO - 전체 페이지 높이: 4100px
2025-11-05 10:07:47,444 - INFO - 전체 페이지 스크린샷 촬영: NewMatgoKakao
2025-11-05 10:07:48,818 - INFO - 전체 스크린샷 크기: 1920 x 4010
2025-11-05 10:07:48,837 - INFO - 시작 요소 위치: x=312, y=1900
2025-11-05 10:07:48,837 - INFO - 시작 요소 크기: width=120.26666259765624, height=28.0
2025-11-05 10:07:48,838 - INFO - 끝 요소 위치: x=320, y=3511
2025-11-05 10:07:48,840 - INFO - 끝 요소 크기: width=91.73333740234376, height=20.0
2025-11-05 10:07:48,841 - INFO - 최종 크롭 영역: left=212, top=1800, right=1212, bottom=3600
2025-11-05 10:07:49,662 - INFO - 캡처 완료: NewMatgoKakao_20251105.png (크기: 1000 x 1800)
2025-11-05 10:07:49,664 - INFO - NewMatgoKakao 캡처 성공!
2025-11-05 10:07:49,665 - INFO - ==================================================
2025-11-05 10:07:49,665 - INFO - 게임 캡처 시작: Original (com.neowiz.games.gostop2018)
2025-11-05 10:07:49,665 - INFO - 캡처 시작: Original (https://play.google.com/store/apps/details?id=com.neowiz.games.gostop2018)
2025-11-05 10:07:59,999 - INFO - 한국어 설정 적용
2025-11-05 10:08:00,013 - INFO - 한국어 URL로 리다이렉트: https://play.google.com/store/apps/details?id=com.neowiz.games.gostop2018&hl=ko
2025-11-05 10:08:09,299 - INFO - 화면 크기 최적화 시작
2025-11-05 10:08:09,676 - INFO - 현재 창 크기: 1920 x 4100
2025-11-05 10:08:13,518 - INFO - 화면 크기 최적화 완료
2025-11-05 10:08:13,673 - INFO - 기본 리뷰 섹션 캡처 시작: Original (버튼 클릭 없음)
2025-11-05 10:08:13,686 - INFO - 시작 요소 찾기 성공: '평점 및 리뷰' (선택자 1: //h2[text()='평점 및 리뷰'])
2025-11-05 10:08:13,697 - INFO - 끝 요소 찾기 성공: (선택자 2: //span[text()='리뷰 모두 보기'])
2025-11-05 10:08:13,707 - INFO - 시작 요소로 스크롤: Original
2025-11-05 10:08:16,728 - INFO - 전체 페이지 높이 설정
2025-11-05 10:08:16,739 - INFO - 전체 페이지 높이: 3856px
2025-11-05 10:08:24,542 - INFO - 전체 페이지 스크린샷 촬영: Original
2025-11-05 10:08:24,856 - INFO - 전체 스크린샷 크기: 1920 x 3766
2025-11-05 10:08:24,869 - INFO - 시작 요소 위치: x=312, y=1852
2025-11-05 10:08:24,870 - INFO - 시작 요소 크기: width=120.26666259765624, height=28.0
2025-11-05 10:08:24,870 - INFO - 끝 요소 위치: x=320, y=3267
2025-11-05 10:08:24,870 - INFO - 끝 요소 크기: width=91.73333740234376, height=20.0
2025-11-05 10:08:24,870 - INFO - 최종 크롭 영역: left=212, top=1752, right=1212, bottom=3552
2025-11-05 10:08:25,111 - INFO - 캡처 완료: Original_20251105.png (크기: 1000 x 1800)
2025-11-05 10:08:25,113 - INFO - Original 캡처 성공!
2025-11-05 10:08:25,113 - INFO - ==================================================
2025-11-05 10:08:25,113 - INFO - 게임 캡처 시작: Poker (com.neowiz.games.poker)
2025-11-05 10:08:25,114 - INFO - 캡처 시작: Poker (https://play.google.com/store/apps/details?id=com.neowiz.games.poker)
2025-11-05 10:08:37,293 - INFO - 한국어 설정 적용
2025-11-05 10:08:37,302 - INFO - 한국어 URL로 리다이렉트: https://play.google.com/store/apps/details?id=com.neowiz.games.poker&hl=ko
2025-11-05 10:08:42,541 - INFO - 화면 크기 최적화 시작
2025-11-05 10:08:42,544 - INFO - 현재 창 크기: 1920 x 3856
2025-11-05 10:08:44,572 - INFO - 화면 크기 최적화 완료
2025-11-05 10:08:44,573 - INFO - 기본 리뷰 섹션 캡처 시작: Poker (버튼 클릭 없음)
2025-11-05 10:08:44,577 - INFO - 시작 요소 찾기 성공: '평점 및 리뷰' (선택자 1: //h2[text()='평점 및 리뷰'])
2025-11-05 10:08:44,594 - INFO - 끝 요소 찾기 성공: (선택자 2: //span[text()='리뷰 모두 보기'])
2025-11-05 10:08:44,599 - INFO - 시작 요소로 스크롤: Poker
2025-11-05 10:08:47,609 - INFO - 전체 페이지 높이 설정
2025-11-05 10:08:47,620 - INFO - 전체 페이지 높이: 3980px
2025-11-05 10:08:54,804 - INFO - 전체 페이지 스크린샷 촬영: Poker
2025-11-05 10:08:55,166 - INFO - 전체 스크린샷 크기: 1920 x 3890
2025-11-05 10:08:55,183 - INFO - 시작 요소 위치: x=312, y=1900
2025-11-05 10:08:55,183 - INFO - 시작 요소 크기: width=120.26666259765624, height=28.0
2025-11-05 10:08:55,183 - INFO - 끝 요소 위치: x=320, y=3391
2025-11-05 10:08:55,184 - INFO - 끝 요소 크기: width=91.73333740234376, height=20.0
2025-11-05 10:08:55,186 - INFO - 최종 크롭 영역: left=212, top=1800, right=1212, bottom=3600
2025-11-05 10:08:55,324 - INFO - 캡처 완료: Poker_20251105.png (크기: 1000 x 1800)
2025-11-05 10:08:55,326 - INFO - Poker 캡처 성공!
2025-11-05 10:08:55,326 - INFO - ==================================================
2025-11-05 10:08:55,326 - INFO - 게임 캡처 시작: PokerKakao (com.neowiz.games.pokerKakao)
2025-11-05 10:08:55,327 - INFO - 캡처 시작: PokerKakao (https://play.google.com/store/apps/details?id=com.neowiz.games.pokerKakao)
2025-11-05 10:09:05,614 - INFO - 한국어 설정 적용
2025-11-05 10:09:05,624 - INFO - 한국어 URL로 리다이렉트: https://play.google.com/store/apps/details?id=com.neowiz.games.pokerKakao&hl=ko
2025-11-05 10:09:19,048 - INFO - 화면 크기 최적화 시작
2025-11-05 10:09:20,389 - INFO - 현재 창 크기: 1920 x 3980
2025-11-05 10:09:22,522 - INFO - 화면 크기 최적화 완료
2025-11-05 10:09:22,523 - INFO - 기본 리뷰 섹션 캡처 시작: PokerKakao (버튼 클릭 없음)
2025-11-05 10:09:22,528 - INFO - 시작 요소 찾기 성공: '평점 및 리뷰' (선택자 1: //h2[text()='평점 및 리뷰'])
2025-11-05 10:09:22,536 - INFO - 끝 요소 찾기 성공: (선택자 2: //span[text()='리뷰 모두 보기'])
2025-11-05 10:09:22,600 - INFO - 시작 요소로 스크롤: PokerKakao
2025-11-05 10:09:25,659 - INFO - 전체 페이지 높이 설정
2025-11-05 10:09:25,669 - INFO - 전체 페이지 높이: 4172px
2025-11-05 10:09:32,236 - INFO - 전체 페이지 스크린샷 촬영: PokerKakao
2025-11-05 10:09:32,522 - INFO - 전체 스크린샷 크기: 1920 x 4082
2025-11-05 10:09:32,531 - INFO - 시작 요소 위치: x=312, y=1852
2025-11-05 10:09:32,531 - INFO - 시작 요소 크기: width=120.26666259765624, height=28.0
2025-11-05 10:09:32,531 - INFO - 끝 요소 위치: x=320, y=3583
2025-11-05 10:09:32,532 - INFO - 끝 요소 크기: width=91.73333740234376, height=20.0
2025-11-05 10:09:32,532 - INFO - 최종 크롭 영역: left=212, top=1752, right=1212, bottom=3552
2025-11-05 10:09:32,647 - INFO - 캡처 완료: PokerKakao_20251105.png (크기: 1000 x 1800)
2025-11-05 10:09:32,649 - INFO - PokerKakao 캡처 성공!
2025-11-05 10:09:32,650 - INFO - ==================================================
2025-11-05 10:09:32,650 - INFO - 게임 캡처 시작: Sudda (com.neowiz.games.sudda)
2025-11-05 10:09:32,650 - INFO - 캡처 시작: Sudda (https://play.google.com/store/apps/details?id=com.neowiz.games.sudda)
2025-11-05 10:09:42,559 - INFO - 한국어 설정 적용
2025-11-05 10:09:42,565 - INFO - 한국어 URL로 리다이렉트: https://play.google.com/store/apps/details?id=com.neowiz.games.sudda&hl=ko
2025-11-05 10:09:47,912 - INFO - 화면 크기 최적화 시작
2025-11-05 10:09:47,914 - INFO - 현재 창 크기: 1920 x 4172
2025-11-05 10:09:50,045 - INFO - 화면 크기 최적화 완료
2025-11-05 10:09:50,046 - INFO - 기본 리뷰 섹션 캡처 시작: Sudda (버튼 클릭 없음)
2025-11-05 10:09:50,067 - INFO - 시작 요소 찾기 성공: '평점 및 리뷰' (선택자 1: //h2[text()='평점 및 리뷰'])
2025-11-05 10:09:50,074 - INFO - 끝 요소 찾기 성공: (선택자 2: //span[text()='리뷰 모두 보기'])
2025-11-05 10:09:50,084 - INFO - 시작 요소로 스크롤: Sudda
2025-11-05 10:09:54,582 - INFO - 전체 페이지 높이 설정
2025-11-05 10:09:54,596 - INFO - 전체 페이지 높이: 4000px
2025-11-05 10:10:01,178 - INFO - 전체 페이지 스크린샷 촬영: Sudda
2025-11-05 10:10:01,546 - INFO - 전체 스크린샷 크기: 1920 x 3910
2025-11-05 10:10:01,608 - INFO - 시작 요소 위치: x=312, y=1900
2025-11-05 10:10:01,618 - INFO - 시작 요소 크기: width=120.26666259765624, height=28.0
2025-11-05 10:10:01,621 - INFO - 끝 요소 위치: x=320, y=3411
2025-11-05 10:10:01,677 - INFO - 끝 요소 크기: width=91.73333740234376, height=20.0
2025-11-05 10:10:01,682 - INFO - 최종 크롭 영역: left=212, top=1800, right=1212, bottom=3600
2025-11-05 10:10:01,809 - INFO - 캡처 완료: Sudda_20251105.png (크기: 1000 x 1800)
2025-11-05 10:10:01,811 - INFO - Sudda 캡처 성공!
2025-11-05 10:10:01,811 - INFO - ==================================================
2025-11-05 10:10:01,811 - INFO - 게임 캡처 시작: SuddaKakao (com.neowiz.games.suddaKakao)
2025-11-05 10:10:01,812 - INFO - 캡처 시작: SuddaKakao (https://play.google.com/store/apps/details?id=com.neowiz.games.suddaKakao)
2025-11-05 10:10:12,266 - INFO - 한국어 설정 적용
2025-11-05 10:10:12,380 - INFO - 한국어 URL로 리다이렉트: https://play.google.com/store/apps/details?id=com.neowiz.games.suddaKakao&hl=ko
2025-11-05 10:10:17,569 - INFO - 화면 크기 최적화 시작
2025-11-05 10:10:17,573 - INFO - 현재 창 크기: 1920 x 4000
2025-11-05 10:10:19,682 - INFO - 화면 크기 최적화 완료
2025-11-05 10:10:19,683 - INFO - 기본 리뷰 섹션 캡처 시작: SuddaKakao (버튼 클릭 없음)
2025-11-05 10:10:19,686 - INFO - 시작 요소 찾기 성공: '평점 및 리뷰' (선택자 1: //h2[text()='평점 및 리뷰'])
2025-11-05 10:10:19,692 - INFO - 끝 요소 찾기 성공: (선택자 2: //span[text()='리뷰 모두 보기'])
2025-11-05 10:10:19,697 - INFO - 시작 요소로 스크롤: SuddaKakao
2025-11-05 10:10:22,704 - INFO - 전체 페이지 높이 설정
2025-11-05 10:10:22,810 - INFO - 전체 페이지 높이: 4040px
2025-11-05 10:10:30,230 - INFO - 전체 페이지 스크린샷 촬영: SuddaKakao
2025-11-05 10:10:30,969 - INFO - 전체 스크린샷 크기: 1920 x 3950
2025-11-05 10:10:30,981 - INFO - 시작 요소 위치: x=312, y=1852
2025-11-05 10:10:30,981 - INFO - 시작 요소 크기: width=120.26666259765624, height=28.0
2025-11-05 10:10:30,981 - INFO - 끝 요소 위치: x=320, y=3451
2025-11-05 10:10:30,981 - INFO - 끝 요소 크기: width=91.73333740234376, height=20.0
2025-11-05 10:10:30,982 - INFO - 최종 크롭 영역: left=212, top=1752, right=1212, bottom=3552
2025-11-05 10:10:31,088 - INFO - 캡처 완료: SuddaKakao_20251105.png (크기: 1000 x 1800)
2025-11-05 10:10:31,090 - INFO - SuddaKakao 캡처 성공!
2025-11-05 10:10:31,090 - INFO - ==================================================
2025-11-05 10:10:31,091 - INFO - 게임 캡처 시작: ShowdownHoldem (com.neowiz.games.pmang.holdem.poker)
2025-11-05 10:10:31,091 - INFO - 캡처 시작: ShowdownHoldem (https://play.google.com/store/apps/details?id=com.neowiz.games.pmang.holdem.poker)
2025-11-05 10:10:41,791 - INFO - 한국어 설정 적용
2025-11-05 10:10:41,829 - INFO - 한국어 URL로 리다이렉트: https://play.google.com/store/apps/details?id=com.neowiz.games.pmang.holdem.poker&hl=ko
2025-11-05 10:10:46,499 - INFO - 화면 크기 최적화 시작
2025-11-05 10:10:46,501 - INFO - 현재 창 크기: 1920 x 4040
2025-11-05 10:10:48,695 - INFO - 화면 크기 최적화 완료
2025-11-05 10:10:48,696 - INFO - 기본 리뷰 섹션 캡처 시작: ShowdownHoldem (버튼 클릭 없음)
2025-11-05 10:10:48,700 - INFO - 시작 요소 찾기 성공: '평점 및 리뷰' (선택자 1: //h2[text()='평점 및 리뷰'])
2025-11-05 10:10:48,718 - INFO - 끝 요소 찾기 성공: (선택자 2: //span[text()='리뷰 모두 보기'])
2025-11-05 10:10:48,738 - INFO - 시작 요소로 스크롤: ShowdownHoldem
2025-11-05 10:10:51,985 - INFO - 전체 페이지 높이 설정
2025-11-05 10:10:52,018 - INFO - 전체 페이지 높이: 4012px
2025-11-05 10:11:01,257 - INFO - 전체 페이지 스크린샷 촬영: ShowdownHoldem
2025-11-05 10:11:03,194 - INFO - 전체 스크린샷 크기: 1920 x 3922
2025-11-05 10:11:03,239 - INFO - 시작 요소 위치: x=312, y=1852
2025-11-05 10:11:03,239 - INFO - 시작 요소 크기: width=120.26666259765624, height=28.0
2025-11-05 10:11:03,240 - INFO - 끝 요소 위치: x=320, y=3403
2025-11-05 10:11:03,240 - INFO - 끝 요소 크기: width=91.73333740234376, height=20.0
2025-11-05 10:11:03,240 - INFO - 최종 크롭 영역: left=212, top=1752, right=1212, bottom=3552
2025-11-05 10:11:03,941 - INFO - 캡처 완료: ShowdownHoldem_20251105.png (크기: 1000 x 1800)
2025-11-05 10:11:03,944 - INFO - ShowdownHoldem 캡처 성공!
2025-11-05 10:11:03,944 - INFO - ==================================================
2025-11-05 10:11:03,944 - INFO - 게임 캡처 시작: NewVegas (com.neowiz.playstudio.slot.casino)
2025-11-05 10:11:03,944 - INFO - 캡처 시작: NewVegas (https://play.google.com/store/apps/details?id=com.neowiz.playstudio.slot.casino)
2025-11-05 10:11:17,918 - INFO - 한국어 설정 적용
2025-11-05 10:11:18,023 - INFO - 한국어 URL로 리다이렉트: https://play.google.com/store/apps/details?id=com.neowiz.playstudio.slot.casino&hl=ko
2025-11-05 10:11:23,801 - INFO - 화면 크기 최적화 시작
2025-11-05 10:11:23,820 - INFO - 현재 창 크기: 1920 x 4012
2025-11-05 10:11:25,841 - INFO - 화면 크기 최적화 완료
2025-11-05 10:11:25,844 - INFO - 기본 리뷰 섹션 캡처 시작: NewVegas (버튼 클릭 없음)
2025-11-05 10:11:25,847 - INFO - 시작 요소 찾기 성공: '평점 및 리뷰' (선택자 1: //h2[text()='평점 및 리뷰'])
2025-11-05 10:11:25,853 - INFO - 끝 요소 찾기 성공: (선택자 2: //span[text()='리뷰 모두 보기'])
2025-11-05 10:11:25,859 - INFO - 시작 요소로 스크롤: NewVegas
2025-11-05 10:11:28,866 - INFO - 전체 페이지 높이 설정
2025-11-05 10:11:28,885 - INFO - 전체 페이지 높이: 4032px
2025-11-05 10:11:35,707 - INFO - 전체 페이지 스크린샷 촬영: NewVegas
2025-11-05 10:11:36,031 - INFO - 전체 스크린샷 크기: 1920 x 3942
2025-11-05 10:11:36,045 - INFO - 시작 요소 위치: x=312, y=1852
2025-11-05 10:11:36,045 - INFO - 시작 요소 크기: width=120.26666259765624, height=28.0
2025-11-05 10:11:36,045 - INFO - 끝 요소 위치: x=320, y=3423
2025-11-05 10:11:36,045 - INFO - 끝 요소 크기: width=91.73333740234376, height=20.0
2025-11-05 10:11:36,046 - INFO - 최종 크롭 영역: left=212, top=1752, right=1212, bottom=3552
2025-11-05 10:11:36,165 - INFO - 캡처 완료: NewVegas_20251105.png (크기: 1000 x 1800)
2025-11-05 10:11:36,167 - INFO - NewVegas 캡처 성공!
2025-11-05 10:11:36,168 - INFO - ==================================================
2025-11-05 10:11:36,168 - INFO - HTML 파일 업데이트 시작
2025-11-05 10:11:36,224 - INFO - HTML 파일을 읽었습니다: aos_review.html
2025-11-05 10:11:36,269 - INFO - 기본 날짜 업데이트: 20251029 -> 20251105
2025-11-05 10:11:36,270 - INFO - availableDates 배열 업데이트: 20251105 추가됨
2025-11-05 10:11:36,270 - INFO - 날짜 선택 드롭다운 업데이트: 20251105 옵션 추가됨
2025-11-05 10:11:36,272 - INFO - 총 3개의 이미지 경로가 업데이트되었습니다.
2025-11-05 10:11:36,273 - INFO - 파일이 저장되었습니다: aos_review.html
2025-11-05 10:11:36,273 - INFO - HTML 파일 업데이트 성공!
2025-11-05 10:11:36,273 - INFO - ==================================================
2025-11-05 10:11:36,273 - INFO - 모든 게임 캡처 및 HTML 업데이트 성공!
2025-11-05 10:11:36,274 - INFO - ==================================================
2025-11-05 10:11:45,439 - INFO - Firefox WebDriver 종료
