2025-11-12 10:06:03,557 - INFO - ==================================================
2025-11-12 10:06:03,557 - INFO - 자동 Google Play 리뷰 캡처 및 HTML 업데이트 시작
2025-11-12 10:06:03,558 - INFO - 실행 날짜: 20251112
2025-11-12 10:06:03,558 - INFO - 저장 폴더: D:\aos_review\20251112
2025-11-12 10:06:03,558 - INFO - 캡처할 게임 수: 9개
2025-11-12 10:06:03,558 - INFO - ==================================================
2025-11-12 10:06:03,559 - INFO - 저장 폴더 생성: D:\aos_review\20251112
2025-11-12 10:06:19,573 - INFO - Firefox WebDriver 초기화 성공
2025-11-12 10:06:19,621 - INFO - 게임 캡처 시작: NewMatgo (com.neowiz.games.newmatgo)
2025-11-12 10:06:19,621 - INFO - 캡처 시작: NewMatgo (https://play.google.com/store/apps/details?id=com.neowiz.games.newmatgo)
2025-11-12 10:06:39,152 - INFO - 한국어 설정 적용
2025-11-12 10:06:39,233 - INFO - 한국어 URL로 리다이렉트: https://play.google.com/store/apps/details?id=com.neowiz.games.newmatgo&hl=ko
2025-11-12 10:07:02,773 - INFO - 화면 크기 최적화 시작
2025-11-12 10:07:02,793 - INFO - 현재 창 크기: 1920 x 1200
2025-11-12 10:07:05,476 - INFO - 화면 크기 최적화 완료
2025-11-12 10:07:05,483 - INFO - 기본 리뷰 섹션 캡처 시작: NewMatgo (버튼 클릭 없음)
2025-11-12 10:07:06,185 - INFO - 시작 요소 찾기 성공: '평점 및 리뷰' (선택자 1: //h2[text()='평점 및 리뷰'])
2025-11-12 10:07:06,217 - INFO - 끝 요소 찾기 성공: (선택자 2: //span[text()='리뷰 모두 보기'])
2025-11-12 10:07:06,236 - INFO - 시작 요소로 스크롤: NewMatgo
2025-11-12 10:07:09,277 - INFO - 전체 페이지 높이 설정
2025-11-12 10:07:09,287 - INFO - 전체 페이지 높이: 4309px
2025-11-12 10:07:15,472 - INFO - 전체 페이지 스크린샷 촬영: NewMatgo
2025-11-12 10:07:17,647 - INFO - 전체 스크린샷 크기: 1920 x 4219
2025-11-12 10:07:17,659 - INFO - 시작 요소 위치: x=312, y=2188
2025-11-12 10:07:17,659 - INFO - 시작 요소 크기: width=120.26666259765624, height=28.0
2025-11-12 10:07:17,660 - INFO - 끝 요소 위치: x=320, y=3720
2025-11-12 10:07:17,660 - INFO - 끝 요소 크기: width=91.73333740234376, height=20.0
2025-11-12 10:07:17,660 - INFO - 최종 크롭 영역: left=212, top=2088, right=1212, bottom=3888
2025-11-12 10:07:18,173 - INFO - 캡처 완료: NewMatgo_20251112.png (크기: 1000 x 1800)
2025-11-12 10:07:18,177 - INFO - NewMatgo 캡처 성공!
2025-11-12 10:07:18,183 - INFO - ==================================================
2025-11-12 10:07:18,183 - INFO - 게임 캡처 시작: NewMatgoKakao (com.neowiz.games.newmatgoKakao)
2025-11-12 10:07:18,184 - INFO - 캡처 시작: NewMatgoKakao (https://play.google.com/store/apps/details?id=com.neowiz.games.newmatgoKakao)
2025-11-12 10:07:29,268 - INFO - 한국어 설정 적용
2025-11-12 10:07:29,292 - INFO - 한국어 URL로 리다이렉트: https://play.google.com/store/apps/details?id=com.neowiz.games.newmatgoKakao&hl=ko
2025-11-12 10:07:35,607 - INFO - 화면 크기 최적화 시작
2025-11-12 10:07:35,611 - INFO - 현재 창 크기: 1920 x 4309
2025-11-12 10:07:38,219 - INFO - 화면 크기 최적화 완료
2025-11-12 10:07:38,635 - INFO - 기본 리뷰 섹션 캡처 시작: NewMatgoKakao (버튼 클릭 없음)
2025-11-12 10:07:38,674 - INFO - 시작 요소 찾기 성공: '평점 및 리뷰' (선택자 1: //h2[text()='평점 및 리뷰'])
2025-11-12 10:07:38,719 - INFO - 끝 요소 찾기 성공: (선택자 2: //span[text()='리뷰 모두 보기'])
2025-11-12 10:07:38,757 - INFO - 시작 요소로 스크롤: NewMatgoKakao
2025-11-12 10:07:41,821 - INFO - 전체 페이지 높이 설정
2025-11-12 10:07:41,845 - INFO - 전체 페이지 높이: 4100px
2025-11-12 10:07:48,006 - INFO - 전체 페이지 스크린샷 촬영: NewMatgoKakao
2025-11-12 10:07:48,419 - INFO - 전체 스크린샷 크기: 1920 x 4010
2025-11-12 10:07:48,440 - INFO - 시작 요소 위치: x=312, y=1900
2025-11-12 10:07:48,440 - INFO - 시작 요소 크기: width=120.26666259765624, height=28.0
2025-11-12 10:07:48,440 - INFO - 끝 요소 위치: x=320, y=3511
2025-11-12 10:07:48,440 - INFO - 끝 요소 크기: width=91.73333740234376, height=20.0
2025-11-12 10:07:48,441 - INFO - 최종 크롭 영역: left=212, top=1800, right=1212, bottom=3600
2025-11-12 10:07:48,552 - INFO - 캡처 완료: NewMatgoKakao_20251112.png (크기: 1000 x 1800)
2025-11-12 10:07:48,554 - INFO - NewMatgoKakao 캡처 성공!
2025-11-12 10:07:48,554 - INFO - ==================================================
2025-11-12 10:07:48,554 - INFO - 게임 캡처 시작: Original (com.neowiz.games.gostop2018)
2025-11-12 10:07:48,555 - INFO - 캡처 시작: Original (https://play.google.com/store/apps/details?id=com.neowiz.games.gostop2018)
2025-11-12 10:07:58,706 - INFO - 한국어 설정 적용
2025-11-12 10:07:58,721 - INFO - 한국어 URL로 리다이렉트: https://play.google.com/store/apps/details?id=com.neowiz.games.gostop2018&hl=ko
2025-11-12 10:08:03,604 - INFO - 화면 크기 최적화 시작
2025-11-12 10:08:03,606 - INFO - 현재 창 크기: 1920 x 4100
2025-11-12 10:08:05,621 - INFO - 화면 크기 최적화 완료
2025-11-12 10:08:05,621 - INFO - 기본 리뷰 섹션 캡처 시작: Original (버튼 클릭 없음)
2025-11-12 10:08:05,624 - INFO - 시작 요소 찾기 성공: '평점 및 리뷰' (선택자 1: //h2[text()='평점 및 리뷰'])
2025-11-12 10:08:05,630 - INFO - 끝 요소 찾기 성공: (선택자 2: //span[text()='리뷰 모두 보기'])
2025-11-12 10:08:05,639 - INFO - 시작 요소로 스크롤: Original
2025-11-12 10:08:08,647 - INFO - 전체 페이지 높이 설정
2025-11-12 10:08:08,675 - INFO - 전체 페이지 높이: 4032px
2025-11-12 10:08:17,163 - INFO - 전체 페이지 스크린샷 촬영: Original
2025-11-12 10:08:18,227 - INFO - 전체 스크린샷 크기: 1920 x 3942
2025-11-12 10:08:18,259 - INFO - 시작 요소 위치: x=312, y=1852
2025-11-12 10:08:18,288 - INFO - 시작 요소 크기: width=120.26666259765624, height=28.0
2025-11-12 10:08:18,288 - INFO - 끝 요소 위치: x=320, y=3443
2025-11-12 10:08:18,288 - INFO - 끝 요소 크기: width=91.73333740234376, height=20.0
2025-11-12 10:08:18,289 - INFO - 최종 크롭 영역: left=212, top=1752, right=1212, bottom=3552
2025-11-12 10:08:19,004 - INFO - 캡처 완료: Original_20251112.png (크기: 1000 x 1800)
2025-11-12 10:08:19,053 - INFO - Original 캡처 성공!
2025-11-12 10:08:19,250 - INFO - ==================================================
2025-11-12 10:08:19,252 - INFO - 게임 캡처 시작: Poker (com.neowiz.games.poker)
2025-11-12 10:08:19,252 - INFO - 캡처 시작: Poker (https://play.google.com/store/apps/details?id=com.neowiz.games.poker)
2025-11-12 10:08:30,263 - INFO - 한국어 설정 적용
2025-11-12 10:08:30,282 - INFO - 한국어 URL로 리다이렉트: https://play.google.com/store/apps/details?id=com.neowiz.games.poker&hl=ko
2025-11-12 10:08:36,231 - INFO - 화면 크기 최적화 시작
2025-11-12 10:08:36,233 - INFO - 현재 창 크기: 1920 x 4032
2025-11-12 10:08:38,242 - INFO - 화면 크기 최적화 완료
2025-11-12 10:08:38,242 - INFO - 기본 리뷰 섹션 캡처 시작: Poker (버튼 클릭 없음)
2025-11-12 10:08:38,246 - INFO - 시작 요소 찾기 성공: '평점 및 리뷰' (선택자 1: //h2[text()='평점 및 리뷰'])
2025-11-12 10:08:38,253 - INFO - 끝 요소 찾기 성공: (선택자 2: //span[text()='리뷰 모두 보기'])
2025-11-12 10:08:38,257 - INFO - 시작 요소로 스크롤: Poker
2025-11-12 10:08:41,264 - INFO - 전체 페이지 높이 설정
2025-11-12 10:08:41,268 - INFO - 전체 페이지 높이: 3980px
2025-11-12 10:08:47,813 - INFO - 전체 페이지 스크린샷 촬영: Poker
2025-11-12 10:08:48,329 - INFO - 전체 스크린샷 크기: 1920 x 3890
2025-11-12 10:08:48,370 - INFO - 시작 요소 위치: x=312, y=1900
2025-11-12 10:08:48,371 - INFO - 시작 요소 크기: width=120.26666259765624, height=28.0
2025-11-12 10:08:48,372 - INFO - 끝 요소 위치: x=320, y=3391
2025-11-12 10:08:48,372 - INFO - 끝 요소 크기: width=91.73333740234376, height=20.0
2025-11-12 10:08:48,372 - INFO - 최종 크롭 영역: left=212, top=1800, right=1212, bottom=3600
2025-11-12 10:08:48,815 - INFO - 캡처 완료: Poker_20251112.png (크기: 1000 x 1800)
2025-11-12 10:08:48,819 - INFO - Poker 캡처 성공!
2025-11-12 10:08:48,819 - INFO - ==================================================
2025-11-12 10:08:48,819 - INFO - 게임 캡처 시작: PokerKakao (com.neowiz.games.pokerKakao)
2025-11-12 10:08:48,819 - INFO - 캡처 시작: PokerKakao (https://play.google.com/store/apps/details?id=com.neowiz.games.pokerKakao)
2025-11-12 10:09:01,107 - INFO - 한국어 설정 적용
2025-11-12 10:09:01,319 - INFO - 한국어 URL로 리다이렉트: https://play.google.com/store/apps/details?id=com.neowiz.games.pokerKakao&hl=ko
2025-11-12 10:09:11,271 - INFO - 화면 크기 최적화 시작
2025-11-12 10:09:11,304 - INFO - 현재 창 크기: 1920 x 3980
2025-11-12 10:09:13,355 - INFO - 화면 크기 최적화 완료
2025-11-12 10:09:13,357 - INFO - 기본 리뷰 섹션 캡처 시작: PokerKakao (버튼 클릭 없음)
2025-11-12 10:09:13,371 - INFO - 시작 요소 찾기 성공: '평점 및 리뷰' (선택자 1: //h2[text()='평점 및 리뷰'])
2025-11-12 10:09:13,402 - INFO - 끝 요소 찾기 성공: (선택자 2: //span[text()='리뷰 모두 보기'])
2025-11-12 10:09:13,415 - INFO - 시작 요소로 스크롤: PokerKakao
2025-11-12 10:09:17,122 - INFO - 전체 페이지 높이 설정
2025-11-12 10:09:17,631 - INFO - 전체 페이지 높이: 4172px
2025-11-12 10:09:24,282 - INFO - 전체 페이지 스크린샷 촬영: PokerKakao
2025-11-12 10:09:24,599 - INFO - 전체 스크린샷 크기: 1920 x 4082
2025-11-12 10:09:24,629 - INFO - 시작 요소 위치: x=312, y=1852
2025-11-12 10:09:24,629 - INFO - 시작 요소 크기: width=120.26666259765624, height=28.0
2025-11-12 10:09:24,630 - INFO - 끝 요소 위치: x=320, y=3583
2025-11-12 10:09:24,630 - INFO - 끝 요소 크기: width=91.73333740234376, height=20.0
2025-11-12 10:09:24,633 - INFO - 최종 크롭 영역: left=212, top=1752, right=1212, bottom=3552
2025-11-12 10:09:24,809 - INFO - 캡처 완료: PokerKakao_20251112.png (크기: 1000 x 1800)
2025-11-12 10:09:24,812 - INFO - PokerKakao 캡처 성공!
2025-11-12 10:09:24,812 - INFO - ==================================================
2025-11-12 10:09:24,812 - INFO - 게임 캡처 시작: Sudda (com.neowiz.games.sudda)
2025-11-12 10:09:24,813 - INFO - 캡처 시작: Sudda (https://play.google.com/store/apps/details?id=com.neowiz.games.sudda)
2025-11-12 10:09:34,345 - INFO - 한국어 설정 적용
2025-11-12 10:09:34,354 - INFO - 한국어 URL로 리다이렉트: https://play.google.com/store/apps/details?id=com.neowiz.games.sudda&hl=ko
2025-11-12 10:09:39,238 - INFO - 화면 크기 최적화 시작
2025-11-12 10:09:39,245 - INFO - 현재 창 크기: 1920 x 4172
2025-11-12 10:09:41,277 - INFO - 화면 크기 최적화 완료
2025-11-12 10:09:41,278 - INFO - 기본 리뷰 섹션 캡처 시작: Sudda (버튼 클릭 없음)
2025-11-12 10:09:41,283 - INFO - 시작 요소 찾기 성공: '평점 및 리뷰' (선택자 1: //h2[text()='평점 및 리뷰'])
2025-11-12 10:09:41,294 - INFO - 끝 요소 찾기 성공: (선택자 2: //span[text()='리뷰 모두 보기'])
2025-11-12 10:09:41,300 - INFO - 시작 요소로 스크롤: Sudda
2025-11-12 10:09:44,311 - INFO - 전체 페이지 높이 설정
2025-11-12 10:09:44,315 - INFO - 전체 페이지 높이: 4000px
2025-11-12 10:09:51,664 - INFO - 전체 페이지 스크린샷 촬영: Sudda
2025-11-12 10:09:52,452 - INFO - 전체 스크린샷 크기: 1920 x 3910
2025-11-12 10:09:52,542 - INFO - 시작 요소 위치: x=312, y=1900
2025-11-12 10:09:52,543 - INFO - 시작 요소 크기: width=120.26666259765624, height=28.0
2025-11-12 10:09:52,543 - INFO - 끝 요소 위치: x=320, y=3411
2025-11-12 10:09:52,543 - INFO - 끝 요소 크기: width=91.73333740234376, height=20.0
2025-11-12 10:09:52,543 - INFO - 최종 크롭 영역: left=212, top=1800, right=1212, bottom=3600
2025-11-12 10:09:52,778 - INFO - 캡처 완료: Sudda_20251112.png (크기: 1000 x 1800)
2025-11-12 10:09:52,786 - INFO - Sudda 캡처 성공!
2025-11-12 10:09:52,787 - INFO - ==================================================
2025-11-12 10:09:52,787 - INFO - 게임 캡처 시작: SuddaKakao (com.neowiz.games.suddaKakao)
2025-11-12 10:09:52,787 - INFO - 캡처 시작: SuddaKakao (https://play.google.com/store/apps/details?id=com.neowiz.games.suddaKakao)
2025-11-12 10:10:03,578 - INFO - 한국어 설정 적용
2025-11-12 10:10:03,598 - INFO - 한국어 URL로 리다이렉트: https://play.google.com/store/apps/details?id=com.neowiz.games.suddaKakao&hl=ko
2025-11-12 10:10:10,605 - INFO - 화면 크기 최적화 시작
2025-11-12 10:10:10,610 - INFO - 현재 창 크기: 1920 x 4000
2025-11-12 10:10:12,626 - INFO - 화면 크기 최적화 완료
2025-11-12 10:10:12,629 - INFO - 기본 리뷰 섹션 캡처 시작: SuddaKakao (버튼 클릭 없음)
2025-11-12 10:10:12,632 - INFO - 시작 요소 찾기 성공: '평점 및 리뷰' (선택자 1: //h2[text()='평점 및 리뷰'])
2025-11-12 10:10:12,638 - INFO - 끝 요소 찾기 성공: (선택자 2: //span[text()='리뷰 모두 보기'])
2025-11-12 10:10:12,644 - INFO - 시작 요소로 스크롤: SuddaKakao
2025-11-12 10:10:15,746 - INFO - 전체 페이지 높이 설정
2025-11-12 10:10:15,760 - INFO - 전체 페이지 높이: 4072px
2025-11-12 10:10:30,660 - INFO - 전체 페이지 스크린샷 촬영: SuddaKakao
2025-11-12 10:10:31,308 - INFO - 전체 스크린샷 크기: 1920 x 3982
2025-11-12 10:10:31,321 - INFO - 시작 요소 위치: x=312, y=1852
2025-11-12 10:10:31,325 - INFO - 시작 요소 크기: width=120.26666259765624, height=28.0
2025-11-12 10:10:31,326 - INFO - 끝 요소 위치: x=320, y=3483
2025-11-12 10:10:31,326 - INFO - 끝 요소 크기: width=91.73333740234376, height=20.0
2025-11-12 10:10:31,326 - INFO - 최종 크롭 영역: left=212, top=1752, right=1212, bottom=3552
2025-11-12 10:10:32,270 - INFO - 캡처 완료: SuddaKakao_20251112.png (크기: 1000 x 1800)
2025-11-12 10:10:32,275 - INFO - SuddaKakao 캡처 성공!
2025-11-12 10:10:32,275 - INFO - ==================================================
2025-11-12 10:10:32,276 - INFO - 게임 캡처 시작: ShowdownHoldem (com.neowiz.games.pmang.holdem.poker)
2025-11-12 10:10:32,276 - INFO - 캡처 시작: ShowdownHoldem (https://play.google.com/store/apps/details?id=com.neowiz.games.pmang.holdem.poker)
2025-11-12 10:10:45,023 - INFO - 한국어 설정 적용
2025-11-12 10:10:48,046 - INFO - 한국어 URL로 리다이렉트: https://play.google.com/store/apps/details?id=com.neowiz.games.pmang.holdem.poker&hl=ko
2025-11-12 10:11:00,552 - INFO - 화면 크기 최적화 시작
2025-11-12 10:11:01,132 - INFO - 현재 창 크기: 1920 x 4072
2025-11-12 10:11:03,362 - INFO - 화면 크기 최적화 완료
2025-11-12 10:11:03,364 - INFO - 기본 리뷰 섹션 캡처 시작: ShowdownHoldem (버튼 클릭 없음)
2025-11-12 10:11:03,642 - INFO - 시작 요소 찾기 성공: '평점 및 리뷰' (선택자 1: //h2[text()='평점 및 리뷰'])
2025-11-12 10:11:03,659 - INFO - 끝 요소 찾기 성공: (선택자 2: //span[text()='리뷰 모두 보기'])
2025-11-12 10:11:03,666 - INFO - 시작 요소로 스크롤: ShowdownHoldem
2025-11-12 10:11:06,677 - INFO - 전체 페이지 높이 설정
2025-11-12 10:11:06,752 - INFO - 전체 페이지 높이: 4012px
2025-11-12 10:11:12,981 - INFO - 전체 페이지 스크린샷 촬영: ShowdownHoldem
2025-11-12 10:11:15,667 - INFO - 전체 스크린샷 크기: 1920 x 3922
2025-11-12 10:11:15,679 - INFO - 시작 요소 위치: x=312, y=1852
2025-11-12 10:11:15,680 - INFO - 시작 요소 크기: width=120.26666259765624, height=28.0
2025-11-12 10:11:15,680 - INFO - 끝 요소 위치: x=320, y=3403
2025-11-12 10:11:15,680 - INFO - 끝 요소 크기: width=91.73333740234376, height=20.0
2025-11-12 10:11:15,680 - INFO - 최종 크롭 영역: left=212, top=1752, right=1212, bottom=3552
2025-11-12 10:11:15,834 - INFO - 캡처 완료: ShowdownHoldem_20251112.png (크기: 1000 x 1800)
2025-11-12 10:11:15,852 - INFO - ShowdownHoldem 캡처 성공!
2025-11-12 10:11:15,852 - INFO - ==================================================
2025-11-12 10:11:15,853 - INFO - 게임 캡처 시작: NewVegas (com.neowiz.playstudio.slot.casino)
2025-11-12 10:11:15,853 - INFO - 캡처 시작: NewVegas (https://play.google.com/store/apps/details?id=com.neowiz.playstudio.slot.casino)
2025-11-12 10:11:26,648 - INFO - 한국어 설정 적용
2025-11-12 10:11:26,655 - INFO - 한국어 URL로 리다이렉트: https://play.google.com/store/apps/details?id=com.neowiz.playstudio.slot.casino&hl=ko
2025-11-12 10:11:32,677 - INFO - 화면 크기 최적화 시작
2025-11-12 10:11:32,680 - INFO - 현재 창 크기: 1920 x 4012
2025-11-12 10:11:35,850 - INFO - 화면 크기 최적화 완료
2025-11-12 10:11:35,851 - INFO - 기본 리뷰 섹션 캡처 시작: NewVegas (버튼 클릭 없음)
2025-11-12 10:11:35,859 - INFO - 시작 요소 찾기 성공: '평점 및 리뷰' (선택자 1: //h2[text()='평점 및 리뷰'])
2025-11-12 10:11:35,872 - INFO - 끝 요소 찾기 성공: (선택자 2: //span[text()='리뷰 모두 보기'])
2025-11-12 10:11:35,877 - INFO - 시작 요소로 스크롤: NewVegas
2025-11-12 10:11:38,890 - INFO - 전체 페이지 높이 설정
2025-11-12 10:11:38,895 - INFO - 전체 페이지 높이: 4032px
2025-11-12 10:11:56,777 - INFO - 전체 페이지 스크린샷 촬영: NewVegas
2025-11-12 10:12:04,512 - INFO - 전체 스크린샷 크기: 1920 x 3942
2025-11-12 10:12:04,982 - INFO - 시작 요소 위치: x=312, y=1852
2025-11-12 10:12:04,991 - INFO - 시작 요소 크기: width=120.26666259765624, height=28.0
2025-11-12 10:12:04,992 - INFO - 끝 요소 위치: x=320, y=3423
2025-11-12 10:12:11,026 - INFO - 끝 요소 크기: width=91.73333740234376, height=20.0
2025-11-12 10:12:32,149 - INFO - 최종 크롭 영역: left=212, top=1752, right=1212, bottom=3552
2025-11-12 10:12:34,214 - INFO - 캡처 완료: NewVegas_20251112.png (크기: 1000 x 1800)
2025-11-12 10:12:34,220 - INFO - NewVegas 캡처 성공!
2025-11-12 10:12:34,221 - INFO - ==================================================
2025-11-12 10:12:34,221 - INFO - HTML 파일 업데이트 시작
2025-11-12 10:12:34,260 - INFO - HTML 파일을 읽었습니다: aos_review.html
2025-11-12 10:12:34,305 - INFO - 기본 날짜 업데이트: 20251105 -> 20251112
2025-11-12 10:12:34,306 - INFO - availableDates 배열 업데이트: 20251112 추가됨
2025-11-12 10:12:34,307 - INFO - 날짜 선택 드롭다운 업데이트: 20251112 옵션 추가됨
2025-11-12 10:12:34,309 - INFO - 총 3개의 이미지 경로가 업데이트되었습니다.
2025-11-12 10:12:34,309 - INFO - 파일이 저장되었습니다: aos_review.html
2025-11-12 10:12:34,309 - INFO - HTML 파일 업데이트 성공!
2025-11-12 10:12:34,309 - INFO - ==================================================
2025-11-12 10:12:34,309 - INFO - 모든 게임 캡처 및 HTML 업데이트 성공!
2025-11-12 10:12:34,310 - INFO - ==================================================
2025-11-12 10:12:39,561 - INFO - Firefox WebDriver 종료
