2025-11-19 10:06:07,396 - INFO - ==================================================
2025-11-19 10:06:07,396 - INFO - 자동 Google Play 리뷰 캡처 및 HTML 업데이트 시작
2025-11-19 10:06:07,396 - INFO - 실행 날짜: 20251119
2025-11-19 10:06:07,396 - INFO - 저장 폴더: D:\aos_review\20251119
2025-11-19 10:06:07,397 - INFO - 캡처할 게임 수: 9개
2025-11-19 10:06:07,397 - INFO - ==================================================
2025-11-19 10:06:07,397 - INFO - 저장 폴더 생성: D:\aos_review\20251119
2025-11-19 10:06:35,927 - INFO - Firefox WebDriver 초기화 성공
2025-11-19 10:06:35,928 - INFO - 게임 캡처 시작: NewMatgo (com.neowiz.games.newmatgo)
2025-11-19 10:06:35,928 - INFO - 캡처 시작: NewMatgo (https://play.google.com/store/apps/details?id=com.neowiz.games.newmatgo)
2025-11-19 10:06:47,800 - INFO - 한국어 설정 적용
2025-11-19 10:06:55,921 - INFO - 한국어 URL로 리다이렉트: https://play.google.com/store/apps/details?id=com.neowiz.games.newmatgo&hl=ko
2025-11-19 10:07:05,812 - INFO - 화면 크기 최적화 시작
2025-11-19 10:07:08,514 - INFO - 현재 창 크기: 1920 x 1200
2025-11-19 10:07:10,542 - INFO - 화면 크기 최적화 완료
2025-11-19 10:07:10,543 - INFO - 기본 리뷰 섹션 캡처 시작: NewMatgo (버튼 클릭 없음)
2025-11-19 10:07:10,560 - INFO - 시작 요소 찾기 성공: '평점 및 리뷰' (선택자 1: //h2[text()='평점 및 리뷰'])
2025-11-19 10:07:10,576 - INFO - 끝 요소 찾기 성공: (선택자 2: //span[text()='리뷰 모두 보기'])
2025-11-19 10:07:10,588 - INFO - 시작 요소로 스크롤: NewMatgo
2025-11-19 10:07:13,658 - INFO - 전체 페이지 높이 설정
2025-11-19 10:07:13,791 - INFO - 전체 페이지 높이: 4349px
2025-11-19 10:07:22,306 - INFO - 전체 페이지 스크린샷 촬영: NewMatgo
2025-11-19 10:07:26,460 - INFO - 전체 스크린샷 크기: 1920 x 4259
2025-11-19 10:07:26,679 - INFO - 시작 요소 위치: x=312, y=2188
2025-11-19 10:07:26,681 - INFO - 시작 요소 크기: width=120.26666259765624, height=28.0
2025-11-19 10:07:26,685 - INFO - 끝 요소 위치: x=320, y=3760
2025-11-19 10:07:26,762 - INFO - 끝 요소 크기: width=91.73333740234376, height=20.0
2025-11-19 10:07:26,946 - INFO - 최종 크롭 영역: left=212, top=2088, right=1212, bottom=3888
2025-11-19 10:07:30,577 - INFO - 캡처 완료: NewMatgo_20251119.png (크기: 1000 x 1800)
2025-11-19 10:07:30,590 - INFO - NewMatgo 캡처 성공!
2025-11-19 10:07:30,652 - INFO - ==================================================
2025-11-19 10:07:30,652 - INFO - 게임 캡처 시작: NewMatgoKakao (com.neowiz.games.newmatgoKakao)
2025-11-19 10:07:30,653 - INFO - 캡처 시작: NewMatgoKakao (https://play.google.com/store/apps/details?id=com.neowiz.games.newmatgoKakao)
2025-11-19 10:07:41,457 - INFO - 한국어 설정 적용
2025-11-19 10:07:41,609 - INFO - 한국어 URL로 리다이렉트: https://play.google.com/store/apps/details?id=com.neowiz.games.newmatgoKakao&hl=ko
2025-11-19 10:07:47,186 - INFO - 화면 크기 최적화 시작
2025-11-19 10:07:47,474 - INFO - 현재 창 크기: 1920 x 4349
2025-11-19 10:07:49,843 - INFO - 화면 크기 최적화 완료
2025-11-19 10:07:49,844 - INFO - 기본 리뷰 섹션 캡처 시작: NewMatgoKakao (버튼 클릭 없음)
2025-11-19 10:07:49,849 - INFO - 시작 요소 찾기 성공: '평점 및 리뷰' (선택자 1: //h2[text()='평점 및 리뷰'])
2025-11-19 10:07:49,861 - INFO - 끝 요소 찾기 성공: (선택자 2: //span[text()='리뷰 모두 보기'])
2025-11-19 10:07:49,869 - INFO - 시작 요소로 스크롤: NewMatgoKakao
2025-11-19 10:07:52,902 - INFO - 전체 페이지 높이 설정
2025-11-19 10:07:52,907 - INFO - 전체 페이지 높이: 4100px
2025-11-19 10:08:05,384 - INFO - 전체 페이지 스크린샷 촬영: NewMatgoKakao
2025-11-19 10:08:07,357 - INFO - 전체 스크린샷 크기: 1920 x 4010
2025-11-19 10:08:07,378 - INFO - 시작 요소 위치: x=312, y=1900
2025-11-19 10:08:07,379 - INFO - 시작 요소 크기: width=120.26666259765624, height=28.0
2025-11-19 10:08:07,379 - INFO - 끝 요소 위치: x=320, y=3511
2025-11-19 10:08:07,379 - INFO - 끝 요소 크기: width=91.73333740234376, height=20.0
2025-11-19 10:08:07,380 - INFO - 최종 크롭 영역: left=212, top=1800, right=1212, bottom=3600
2025-11-19 10:08:07,946 - INFO - 캡처 완료: NewMatgoKakao_20251119.png (크기: 1000 x 1800)
2025-11-19 10:08:07,951 - INFO - NewMatgoKakao 캡처 성공!
2025-11-19 10:08:07,951 - INFO - ==================================================
2025-11-19 10:08:07,952 - INFO - 게임 캡처 시작: Original (com.neowiz.games.gostop2018)
2025-11-19 10:08:07,952 - INFO - 캡처 시작: Original (https://play.google.com/store/apps/details?id=com.neowiz.games.gostop2018)
2025-11-19 10:08:19,280 - INFO - 한국어 설정 적용
2025-11-19 10:08:19,391 - INFO - 한국어 URL로 리다이렉트: https://play.google.com/store/apps/details?id=com.neowiz.games.gostop2018&hl=ko
2025-11-19 10:08:27,349 - INFO - 화면 크기 최적화 시작
2025-11-19 10:08:27,369 - INFO - 현재 창 크기: 1920 x 4100
2025-11-19 10:08:35,460 - INFO - 화면 크기 최적화 완료
2025-11-19 10:08:35,875 - INFO - 기본 리뷰 섹션 캡처 시작: Original (버튼 클릭 없음)
2025-11-19 10:08:35,885 - INFO - 시작 요소 찾기 성공: '평점 및 리뷰' (선택자 1: //h2[text()='평점 및 리뷰'])
2025-11-19 10:08:35,896 - INFO - 끝 요소 찾기 성공: (선택자 2: //span[text()='리뷰 모두 보기'])
2025-11-19 10:08:36,050 - INFO - 시작 요소로 스크롤: Original
2025-11-19 10:08:39,575 - INFO - 전체 페이지 높이 설정
2025-11-19 10:08:41,354 - INFO - 전체 페이지 높이: 4032px
2025-11-19 10:08:48,605 - INFO - 전체 페이지 스크린샷 촬영: Original
2025-11-19 10:08:52,415 - INFO - 전체 스크린샷 크기: 1920 x 3942
2025-11-19 10:08:52,429 - INFO - 시작 요소 위치: x=312, y=1852
2025-11-19 10:08:52,432 - INFO - 시작 요소 크기: width=120.26666259765624, height=28.0
2025-11-19 10:08:52,433 - INFO - 끝 요소 위치: x=320, y=3443
2025-11-19 10:08:52,433 - INFO - 끝 요소 크기: width=91.73333740234376, height=20.0
2025-11-19 10:08:52,435 - INFO - 최종 크롭 영역: left=212, top=1752, right=1212, bottom=3552
2025-11-19 10:08:53,225 - INFO - 캡처 완료: Original_20251119.png (크기: 1000 x 1800)
2025-11-19 10:08:53,227 - INFO - Original 캡처 성공!
2025-11-19 10:08:53,228 - INFO - ==================================================
2025-11-19 10:08:53,228 - INFO - 게임 캡처 시작: Poker (com.neowiz.games.poker)
2025-11-19 10:08:53,228 - INFO - 캡처 시작: Poker (https://play.google.com/store/apps/details?id=com.neowiz.games.poker)
2025-11-19 10:09:04,452 - INFO - 한국어 설정 적용
2025-11-19 10:09:04,586 - INFO - 한국어 URL로 리다이렉트: https://play.google.com/store/apps/details?id=com.neowiz.games.poker&hl=ko
2025-11-19 10:09:10,366 - INFO - 화면 크기 최적화 시작
2025-11-19 10:09:10,371 - INFO - 현재 창 크기: 1920 x 4032
2025-11-19 10:09:12,381 - INFO - 화면 크기 최적화 완료
2025-11-19 10:09:12,381 - INFO - 기본 리뷰 섹션 캡처 시작: Poker (버튼 클릭 없음)
2025-11-19 10:09:12,385 - INFO - 시작 요소 찾기 성공: '평점 및 리뷰' (선택자 1: //h2[text()='평점 및 리뷰'])
2025-11-19 10:09:12,391 - INFO - 끝 요소 찾기 성공: (선택자 2: //span[text()='리뷰 모두 보기'])
2025-11-19 10:09:12,397 - INFO - 시작 요소로 스크롤: Poker
2025-11-19 10:09:15,407 - INFO - 전체 페이지 높이 설정
2025-11-19 10:09:15,413 - INFO - 전체 페이지 높이: 4040px
2025-11-19 10:09:21,459 - INFO - 전체 페이지 스크린샷 촬영: Poker
2025-11-19 10:09:21,828 - INFO - 전체 스크린샷 크기: 1920 x 3950
2025-11-19 10:09:21,845 - INFO - 시작 요소 위치: x=312, y=1900
2025-11-19 10:09:21,845 - INFO - 시작 요소 크기: width=120.26666259765624, height=28.0
2025-11-19 10:09:21,846 - INFO - 끝 요소 위치: x=320, y=3451
2025-11-19 10:09:21,846 - INFO - 끝 요소 크기: width=91.73333740234376, height=20.0
2025-11-19 10:09:21,847 - INFO - 최종 크롭 영역: left=212, top=1800, right=1212, bottom=3600
2025-11-19 10:09:21,986 - INFO - 캡처 완료: Poker_20251119.png (크기: 1000 x 1800)
2025-11-19 10:09:21,988 - INFO - Poker 캡처 성공!
2025-11-19 10:09:21,989 - INFO - ==================================================
2025-11-19 10:09:21,989 - INFO - 게임 캡처 시작: PokerKakao (com.neowiz.games.pokerKakao)
2025-11-19 10:09:21,989 - INFO - 캡처 시작: PokerKakao (https://play.google.com/store/apps/details?id=com.neowiz.games.pokerKakao)
2025-11-19 10:09:34,928 - INFO - 한국어 설정 적용
2025-11-19 10:09:35,598 - INFO - 한국어 URL로 리다이렉트: https://play.google.com/store/apps/details?id=com.neowiz.games.pokerKakao&hl=ko
2025-11-19 10:09:40,874 - INFO - 화면 크기 최적화 시작
2025-11-19 10:09:40,876 - INFO - 현재 창 크기: 1920 x 4040
2025-11-19 10:10:33,429 - INFO - 화면 크기 최적화 완료
2025-11-19 10:10:46,494 - INFO - 기본 리뷰 섹션 캡처 시작: PokerKakao (버튼 클릭 없음)
2025-11-19 10:10:52,747 - INFO - 시작 요소 찾기 성공: '평점 및 리뷰' (선택자 1: //h2[text()='평점 및 리뷰'])
2025-11-19 10:10:52,758 - INFO - 끝 요소 찾기 성공: (선택자 2: //span[text()='리뷰 모두 보기'])
2025-11-19 10:10:52,772 - INFO - 시작 요소로 스크롤: PokerKakao
2025-11-19 10:10:56,203 - INFO - 전체 페이지 높이 설정
2025-11-19 10:10:56,207 - INFO - 전체 페이지 높이: 4172px
2025-11-19 10:11:03,553 - INFO - 전체 페이지 스크린샷 촬영: PokerKakao
2025-11-19 10:11:09,185 - INFO - 전체 스크린샷 크기: 1920 x 4082
2025-11-19 10:11:20,934 - INFO - 시작 요소 위치: x=312, y=1852
2025-11-19 10:11:20,934 - INFO - 시작 요소 크기: width=120.26666259765624, height=28.0
2025-11-19 10:11:20,935 - INFO - 끝 요소 위치: x=320, y=3583
2025-11-19 10:11:20,935 - INFO - 끝 요소 크기: width=91.73333740234376, height=20.0
2025-11-19 10:11:20,935 - INFO - 최종 크롭 영역: left=212, top=1752, right=1212, bottom=3552
2025-11-19 10:12:09,646 - INFO - 캡처 완료: PokerKakao_20251119.png (크기: 1000 x 1800)
2025-11-19 10:12:09,650 - INFO - PokerKakao 캡처 성공!
2025-11-19 10:12:09,650 - INFO - ==================================================
2025-11-19 10:12:09,650 - INFO - 게임 캡처 시작: Sudda (com.neowiz.games.sudda)
2025-11-19 10:12:09,651 - INFO - 캡처 시작: Sudda (https://play.google.com/store/apps/details?id=com.neowiz.games.sudda)
2025-11-19 10:12:22,027 - INFO - 한국어 설정 적용
2025-11-19 10:12:25,548 - INFO - 한국어 URL로 리다이렉트: https://play.google.com/store/apps/details?id=com.neowiz.games.sudda&hl=ko
2025-11-19 10:12:33,993 - INFO - 화면 크기 최적화 시작
2025-11-19 10:12:33,997 - INFO - 현재 창 크기: 1920 x 4172
2025-11-19 10:12:36,045 - INFO - 화면 크기 최적화 완료
2025-11-19 10:12:36,045 - INFO - 기본 리뷰 섹션 캡처 시작: Sudda (버튼 클릭 없음)
2025-11-19 10:12:36,051 - INFO - 시작 요소 찾기 성공: '평점 및 리뷰' (선택자 1: //h2[text()='평점 및 리뷰'])
2025-11-19 10:12:36,058 - INFO - 끝 요소 찾기 성공: (선택자 2: //span[text()='리뷰 모두 보기'])
2025-11-19 10:12:36,066 - INFO - 시작 요소로 스크롤: Sudda
2025-11-19 10:12:39,072 - INFO - 전체 페이지 높이 설정
2025-11-19 10:12:39,076 - INFO - 전체 페이지 높이: 3952px
2025-11-19 10:12:51,929 - INFO - 전체 페이지 스크린샷 촬영: Sudda
2025-11-19 10:12:59,528 - INFO - 전체 스크린샷 크기: 1920 x 3862
2025-11-19 10:13:06,702 - INFO - 시작 요소 위치: x=312, y=1852
2025-11-19 10:13:06,703 - INFO - 시작 요소 크기: width=120.26666259765624, height=28.0
2025-11-19 10:13:06,703 - INFO - 끝 요소 위치: x=320, y=3363
2025-11-19 10:13:06,703 - INFO - 끝 요소 크기: width=91.73333740234376, height=20.0
2025-11-19 10:13:06,703 - INFO - 최종 크롭 영역: left=212, top=1752, right=1212, bottom=3552
2025-11-19 10:13:44,618 - INFO - 캡처 완료: Sudda_20251119.png (크기: 1000 x 1800)
2025-11-19 10:13:44,636 - INFO - Sudda 캡처 성공!
2025-11-19 10:13:44,636 - INFO - ==================================================
2025-11-19 10:13:44,636 - INFO - 게임 캡처 시작: SuddaKakao (com.neowiz.games.suddaKakao)
2025-11-19 10:13:44,636 - INFO - 캡처 시작: SuddaKakao (https://play.google.com/store/apps/details?id=com.neowiz.games.suddaKakao)
2025-11-19 10:13:58,686 - INFO - 한국어 설정 적용
2025-11-19 10:14:03,688 - INFO - 한국어 URL로 리다이렉트: https://play.google.com/store/apps/details?id=com.neowiz.games.suddaKakao&hl=ko
2025-11-19 10:14:10,010 - INFO - 화면 크기 최적화 시작
2025-11-19 10:14:10,013 - INFO - 현재 창 크기: 1920 x 3952
2025-11-19 10:14:12,108 - INFO - 화면 크기 최적화 완료
2025-11-19 10:14:12,109 - INFO - 기본 리뷰 섹션 캡처 시작: SuddaKakao (버튼 클릭 없음)
2025-11-19 10:14:12,115 - INFO - 시작 요소 찾기 성공: '평점 및 리뷰' (선택자 1: //h2[text()='평점 및 리뷰'])
2025-11-19 10:14:17,865 - INFO - 끝 요소 찾기 성공: (선택자 2: //span[text()='리뷰 모두 보기'])
2025-11-19 10:14:17,871 - INFO - 시작 요소로 스크롤: SuddaKakao
2025-11-19 10:14:20,879 - INFO - 전체 페이지 높이 설정
2025-11-19 10:14:20,884 - INFO - 전체 페이지 높이: 4072px
2025-11-19 10:14:26,902 - INFO - 전체 페이지 스크린샷 촬영: SuddaKakao
2025-11-19 10:14:33,317 - INFO - 전체 스크린샷 크기: 1920 x 3982
2025-11-19 10:14:42,829 - INFO - 시작 요소 위치: x=312, y=1852
2025-11-19 10:14:42,837 - INFO - 시작 요소 크기: width=120.26666259765624, height=28.0
2025-11-19 10:14:42,841 - INFO - 끝 요소 위치: x=320, y=3483
2025-11-19 10:14:42,849 - INFO - 끝 요소 크기: width=91.73333740234376, height=20.0
2025-11-19 10:14:42,864 - INFO - 최종 크롭 영역: left=212, top=1752, right=1212, bottom=3552
2025-11-19 10:15:33,880 - INFO - 캡처 완료: SuddaKakao_20251119.png (크기: 1000 x 1800)
2025-11-19 10:15:35,111 - INFO - SuddaKakao 캡처 성공!
2025-11-19 10:15:35,115 - INFO - ==================================================
2025-11-19 10:15:35,129 - INFO - 게임 캡처 시작: ShowdownHoldem (com.neowiz.games.pmang.holdem.poker)
2025-11-19 10:15:35,130 - INFO - 캡처 시작: ShowdownHoldem (https://play.google.com/store/apps/details?id=com.neowiz.games.pmang.holdem.poker)
2025-11-19 10:16:02,056 - INFO - 한국어 설정 적용
2025-11-19 10:16:02,145 - INFO - 한국어 URL로 리다이렉트: https://play.google.com/store/apps/details?id=com.neowiz.games.pmang.holdem.poker&hl=ko
2025-11-19 10:16:14,240 - INFO - 화면 크기 최적화 시작
2025-11-19 10:16:19,000 - INFO - 현재 창 크기: 1920 x 4072
2025-11-19 10:16:21,019 - INFO - 화면 크기 최적화 완료
2025-11-19 10:16:21,019 - INFO - 기본 리뷰 섹션 캡처 시작: ShowdownHoldem (버튼 클릭 없음)
2025-11-19 10:16:21,029 - INFO - 시작 요소 찾기 성공: '평점 및 리뷰' (선택자 1: //h2[text()='평점 및 리뷰'])
2025-11-19 10:16:23,181 - INFO - 끝 요소 찾기 성공: (선택자 2: //span[text()='리뷰 모두 보기'])
2025-11-19 10:16:28,594 - INFO - 시작 요소로 스크롤: ShowdownHoldem
2025-11-19 10:16:38,689 - INFO - 전체 페이지 높이 설정
2025-11-19 10:16:38,719 - INFO - 전체 페이지 높이: 4012px
2025-11-19 10:16:44,792 - INFO - 전체 페이지 스크린샷 촬영: ShowdownHoldem
2025-11-19 10:16:50,789 - INFO - 전체 스크린샷 크기: 1920 x 3922
2025-11-19 10:16:51,075 - INFO - 시작 요소 위치: x=312, y=1852
2025-11-19 10:16:51,079 - INFO - 시작 요소 크기: width=120.26666259765624, height=28.0
2025-11-19 10:16:51,082 - INFO - 끝 요소 위치: x=320, y=3403
2025-11-19 10:16:51,091 - INFO - 끝 요소 크기: width=91.73333740234376, height=20.0
2025-11-19 10:16:51,097 - INFO - 최종 크롭 영역: left=212, top=1752, right=1212, bottom=3552
2025-11-19 10:18:07,095 - INFO - 캡처 완료: ShowdownHoldem_20251119.png (크기: 1000 x 1800)
2025-11-19 10:18:07,109 - INFO - ShowdownHoldem 캡처 성공!
2025-11-19 10:18:07,109 - INFO - ==================================================
2025-11-19 10:18:07,109 - INFO - 게임 캡처 시작: NewVegas (com.neowiz.playstudio.slot.casino)
2025-11-19 10:18:07,131 - INFO - 캡처 시작: NewVegas (https://play.google.com/store/apps/details?id=com.neowiz.playstudio.slot.casino)
2025-11-19 10:18:39,908 - INFO - 한국어 설정 적용
2025-11-19 10:18:39,973 - INFO - 한국어 URL로 리다이렉트: https://play.google.com/store/apps/details?id=com.neowiz.playstudio.slot.casino&hl=ko
2025-11-19 10:18:45,689 - INFO - 화면 크기 최적화 시작
2025-11-19 10:18:45,729 - INFO - 현재 창 크기: 1920 x 4012
2025-11-19 10:18:47,860 - INFO - 화면 크기 최적화 완료
2025-11-19 10:18:47,861 - INFO - 기본 리뷰 섹션 캡처 시작: NewVegas (버튼 클릭 없음)
2025-11-19 10:18:47,866 - INFO - 시작 요소 찾기 성공: '평점 및 리뷰' (선택자 1: //h2[text()='평점 및 리뷰'])
2025-11-19 10:18:47,880 - INFO - 끝 요소 찾기 성공: (선택자 2: //span[text()='리뷰 모두 보기'])
2025-11-19 10:18:47,887 - INFO - 시작 요소로 스크롤: NewVegas
2025-11-19 10:18:50,894 - INFO - 전체 페이지 높이 설정
2025-11-19 10:18:50,898 - INFO - 전체 페이지 높이: 4032px
2025-11-19 10:18:56,918 - INFO - 전체 페이지 스크린샷 촬영: NewVegas
2025-11-19 10:18:57,384 - INFO - 전체 스크린샷 크기: 1920 x 3942
2025-11-19 10:18:57,397 - INFO - 시작 요소 위치: x=312, y=1852
2025-11-19 10:18:57,398 - INFO - 시작 요소 크기: width=120.26666259765624, height=28.0
2025-11-19 10:18:57,398 - INFO - 끝 요소 위치: x=320, y=3423
2025-11-19 10:18:57,398 - INFO - 끝 요소 크기: width=91.73333740234376, height=20.0
2025-11-19 10:18:57,398 - INFO - 최종 크롭 영역: left=212, top=1752, right=1212, bottom=3552
2025-11-19 10:18:59,293 - INFO - 캡처 완료: NewVegas_20251119.png (크기: 1000 x 1800)
2025-11-19 10:18:59,295 - INFO - NewVegas 캡처 성공!
2025-11-19 10:18:59,295 - INFO - ==================================================
2025-11-19 10:18:59,326 - INFO - HTML 파일 업데이트 시작
2025-11-19 10:19:03,214 - INFO - HTML 파일을 읽었습니다: aos_review.html
2025-11-19 10:19:04,264 - INFO - 날짜 선택 드롭다운에 새 날짜 추가: 20251119 (2025-11-19)
2025-11-19 10:19:04,265 - INFO - 기본 선택 날짜를 20251119로 설정
2025-11-19 10:19:04,347 - INFO - availableDates 배열 업데이트: 20251119 추가됨 (총 20개 날짜)
2025-11-19 10:19:04,348 - INFO - 기본 날짜 업데이트: 20251112 -> 20251119
2025-11-19 10:19:04,479 - INFO - 총 4개의 변경사항이 HTML 파일에 반영되었습니다.
2025-11-19 10:19:04,480 - INFO - 파일이 저장되었습니다: aos_review.html
2025-11-19 10:19:04,480 - INFO - HTML 파일 업데이트 성공!
2025-11-19 10:19:04,480 - INFO - ==================================================
2025-11-19 10:19:04,480 - INFO - ==================================================
2025-11-19 10:19:04,480 - INFO - Git 작업 시작
2025-11-19 10:19:04,481 - INFO - Git 작업 디렉토리: D:\aos_review
2025-11-19 10:19:18,291 - INFO - 변경된 파일:
2025-11-19 10:19:18,291 - INFO -  M aos_review.html
?? 20251119/
?? logs/auto_capture_20251119.log

2025-11-19 10:19:18,291 - INFO - git add . 실행 중...
