2025-09-17 10:06:04,353 - INFO - ==================================================
2025-09-17 10:06:04,354 - INFO - 자동 Google Play 리뷰 캡처 및 HTML 업데이트 시작
2025-09-17 10:06:04,355 - INFO - 실행 날짜: 20250917
2025-09-17 10:06:04,355 - INFO - 저장 폴더: D:\aos_review\20250917
2025-09-17 10:06:04,355 - INFO - 캡처할 게임 수: 9개
2025-09-17 10:06:04,355 - INFO - ==================================================
2025-09-17 10:06:04,373 - INFO - 저장 폴더 생성: D:\aos_review\20250917
2025-09-17 10:06:32,570 - INFO - Firefox WebDriver 초기화 성공
2025-09-17 10:06:32,750 - INFO - 게임 캡처 시작: NewMatgo (com.neowiz.games.newmatgo)
2025-09-17 10:06:32,754 - INFO - 캡처 시작: NewMatgo (https://play.google.com/store/apps/details?id=com.neowiz.games.newmatgo)
2025-09-17 10:06:48,117 - INFO - 한국어 설정 적용
2025-09-17 10:06:50,471 - INFO - 한국어 URL로 리다이렉트: https://play.google.com/store/apps/details?id=com.neowiz.games.newmatgo&hl=ko
2025-09-17 10:07:00,934 - INFO - 화면 크기 최적화 시작
2025-09-17 10:07:00,946 - INFO - 현재 창 크기: 1920 x 1200
2025-09-17 10:07:03,047 - INFO - 화면 크기 최적화 완료
2025-09-17 10:07:03,048 - INFO - 기본 리뷰 섹션 캡처 시작: NewMatgo (버튼 클릭 없음)
2025-09-17 10:07:03,060 - INFO - 시작 요소 찾기 성공: '평점 및 리뷰' (선택자 1: //h2[text()='평점 및 리뷰'])
2025-09-17 10:07:03,073 - INFO - 끝 요소 찾기 성공: (선택자 2: //span[text()='리뷰 모두 보기'])
2025-09-17 10:07:03,083 - INFO - 시작 요소로 스크롤: NewMatgo
2025-09-17 10:07:06,395 - INFO - 전체 페이지 높이 설정
2025-09-17 10:07:06,407 - INFO - 전체 페이지 높이: 4335px
2025-09-17 10:07:12,502 - INFO - 전체 페이지 스크린샷 촬영: NewMatgo
2025-09-17 10:07:13,445 - INFO - 전체 스크린샷 크기: 1920 x 4245
2025-09-17 10:07:13,461 - INFO - 시작 요소 위치: x=304, y=2188
2025-09-17 10:07:13,461 - INFO - 시작 요소 크기: width=120.26666259765624, height=28.0
2025-09-17 10:07:13,461 - INFO - 끝 요소 위치: x=312, y=3686
2025-09-17 10:07:13,462 - INFO - 끝 요소 크기: width=91.73333740234376, height=20.0
2025-09-17 10:07:13,462 - INFO - 최종 크롭 영역: left=204, top=2088, right=1204, bottom=3888
2025-09-17 10:07:13,948 - INFO - 캡처 완료: NewMatgo_20250917.png (크기: 1000 x 1800)
2025-09-17 10:07:13,957 - INFO - NewMatgo 캡처 성공!
2025-09-17 10:07:13,957 - INFO - ==================================================
2025-09-17 10:07:13,958 - INFO - 게임 캡처 시작: NewMatgoKakao (com.neowiz.games.newmatgoKakao)
2025-09-17 10:07:13,958 - INFO - 캡처 시작: NewMatgoKakao (https://play.google.com/store/apps/details?id=com.neowiz.games.newmatgoKakao)
2025-09-17 10:07:29,645 - INFO - 한국어 설정 적용
2025-09-17 10:07:29,836 - INFO - 한국어 URL로 리다이렉트: https://play.google.com/store/apps/details?id=com.neowiz.games.newmatgoKakao&hl=ko
2025-09-17 10:07:36,381 - INFO - 화면 크기 최적화 시작
2025-09-17 10:07:36,383 - INFO - 현재 창 크기: 1920 x 4335
2025-09-17 10:07:38,421 - INFO - 화면 크기 최적화 완료
2025-09-17 10:07:38,421 - INFO - 기본 리뷰 섹션 캡처 시작: NewMatgoKakao (버튼 클릭 없음)
2025-09-17 10:07:38,425 - INFO - 시작 요소 찾기 성공: '평점 및 리뷰' (선택자 1: //h2[text()='평점 및 리뷰'])
2025-09-17 10:07:38,437 - INFO - 끝 요소 찾기 성공: (선택자 2: //span[text()='리뷰 모두 보기'])
2025-09-17 10:07:38,446 - INFO - 시작 요소로 스크롤: NewMatgoKakao
2025-09-17 10:07:41,461 - INFO - 전체 페이지 높이 설정
2025-09-17 10:07:41,464 - INFO - 전체 페이지 높이: 4166px
2025-09-17 10:07:47,589 - INFO - 전체 페이지 스크린샷 촬영: NewMatgoKakao
2025-09-17 10:07:48,137 - INFO - 전체 스크린샷 크기: 1920 x 4076
2025-09-17 10:07:48,151 - INFO - 시작 요소 위치: x=304, y=1900
2025-09-17 10:07:48,151 - INFO - 시작 요소 크기: width=120.26666259765624, height=28.0
2025-09-17 10:07:48,152 - INFO - 끝 요소 위치: x=312, y=3516
2025-09-17 10:07:48,152 - INFO - 끝 요소 크기: width=91.73333740234376, height=20.0
2025-09-17 10:07:48,152 - INFO - 최종 크롭 영역: left=204, top=1800, right=1204, bottom=3600
2025-09-17 10:07:48,298 - INFO - 캡처 완료: NewMatgoKakao_20250917.png (크기: 1000 x 1800)
2025-09-17 10:07:48,302 - INFO - NewMatgoKakao 캡처 성공!
2025-09-17 10:07:48,304 - INFO - ==================================================
2025-09-17 10:07:48,305 - INFO - 게임 캡처 시작: Original (com.neowiz.games.gostop2018)
2025-09-17 10:07:48,305 - INFO - 캡처 시작: Original (https://play.google.com/store/apps/details?id=com.neowiz.games.gostop2018)
2025-09-17 10:07:59,109 - INFO - 한국어 설정 적용
2025-09-17 10:07:59,115 - INFO - 한국어 URL로 리다이렉트: https://play.google.com/store/apps/details?id=com.neowiz.games.gostop2018&hl=ko
2025-09-17 10:08:04,114 - INFO - 화면 크기 최적화 시작
2025-09-17 10:08:04,120 - INFO - 현재 창 크기: 1920 x 4166
2025-09-17 10:08:06,156 - INFO - 화면 크기 최적화 완료
2025-09-17 10:08:06,156 - INFO - 기본 리뷰 섹션 캡처 시작: Original (버튼 클릭 없음)
2025-09-17 10:08:06,159 - INFO - 시작 요소 찾기 성공: '평점 및 리뷰' (선택자 1: //h2[text()='평점 및 리뷰'])
2025-09-17 10:08:06,165 - INFO - 끝 요소 찾기 성공: (선택자 2: //span[text()='리뷰 모두 보기'])
2025-09-17 10:08:06,170 - INFO - 시작 요소로 스크롤: Original
2025-09-17 10:08:09,175 - INFO - 전체 페이지 높이 설정
2025-09-17 10:08:09,178 - INFO - 전체 페이지 높이: 4038px
2025-09-17 10:08:15,210 - INFO - 전체 페이지 스크린샷 촬영: Original
2025-09-17 10:08:15,470 - INFO - 전체 스크린샷 크기: 1920 x 3948
2025-09-17 10:08:15,478 - INFO - 시작 요소 위치: x=304, y=1852
2025-09-17 10:08:15,478 - INFO - 시작 요소 크기: width=120.26666259765624, height=28.0
2025-09-17 10:08:15,478 - INFO - 끝 요소 위치: x=312, y=3448
2025-09-17 10:08:15,479 - INFO - 끝 요소 크기: width=91.73333740234376, height=20.0
2025-09-17 10:08:15,479 - INFO - 최종 크롭 영역: left=204, top=1752, right=1204, bottom=3552
2025-09-17 10:08:15,587 - INFO - 캡처 완료: Original_20250917.png (크기: 1000 x 1800)
2025-09-17 10:08:15,593 - INFO - Original 캡처 성공!
2025-09-17 10:08:15,593 - INFO - ==================================================
2025-09-17 10:08:15,593 - INFO - 게임 캡처 시작: Poker (com.neowiz.games.poker)
2025-09-17 10:08:15,593 - INFO - 캡처 시작: Poker (https://play.google.com/store/apps/details?id=com.neowiz.games.poker)
2025-09-17 10:08:25,343 - INFO - 한국어 설정 적용
2025-09-17 10:08:25,348 - INFO - 한국어 URL로 리다이렉트: https://play.google.com/store/apps/details?id=com.neowiz.games.poker&hl=ko
2025-09-17 10:08:30,002 - INFO - 화면 크기 최적화 시작
2025-09-17 10:08:30,010 - INFO - 현재 창 크기: 1920 x 4038
2025-09-17 10:08:32,060 - INFO - 화면 크기 최적화 완료
2025-09-17 10:08:32,060 - INFO - 기본 리뷰 섹션 캡처 시작: Poker (버튼 클릭 없음)
2025-09-17 10:08:32,063 - INFO - 시작 요소 찾기 성공: '평점 및 리뷰' (선택자 1: //h2[text()='평점 및 리뷰'])
2025-09-17 10:08:32,072 - INFO - 끝 요소 찾기 성공: (선택자 2: //span[text()='리뷰 모두 보기'])
2025-09-17 10:08:32,079 - INFO - 시작 요소로 스크롤: Poker
2025-09-17 10:08:35,088 - INFO - 전체 페이지 높이 설정
2025-09-17 10:08:35,094 - INFO - 전체 페이지 높이: 4146px
2025-09-17 10:08:42,769 - INFO - 전체 페이지 스크린샷 촬영: Poker
2025-09-17 10:08:43,115 - INFO - 전체 스크린샷 크기: 1920 x 4056
2025-09-17 10:08:43,126 - INFO - 시작 요소 위치: x=304, y=1900
2025-09-17 10:08:43,126 - INFO - 시작 요소 크기: width=120.26666259765624, height=28.0
2025-09-17 10:08:43,126 - INFO - 끝 요소 위치: x=312, y=3536
2025-09-17 10:08:43,126 - INFO - 끝 요소 크기: width=91.73333740234376, height=20.0
2025-09-17 10:08:43,126 - INFO - 최종 크롭 영역: left=204, top=1800, right=1204, bottom=3600
2025-09-17 10:08:43,740 - INFO - 캡처 완료: Poker_20250917.png (크기: 1000 x 1800)
2025-09-17 10:08:43,748 - INFO - Poker 캡처 성공!
2025-09-17 10:08:43,748 - INFO - ==================================================
2025-09-17 10:08:43,749 - INFO - 게임 캡처 시작: PokerKakao (com.neowiz.games.pokerKakao)
2025-09-17 10:08:43,749 - INFO - 캡처 시작: PokerKakao (https://play.google.com/store/apps/details?id=com.neowiz.games.pokerKakao)
2025-09-17 10:08:55,952 - INFO - 한국어 설정 적용
2025-09-17 10:08:55,981 - INFO - 한국어 URL로 리다이렉트: https://play.google.com/store/apps/details?id=com.neowiz.games.pokerKakao&hl=ko
2025-09-17 10:09:04,627 - INFO - 화면 크기 최적화 시작
2025-09-17 10:09:04,798 - INFO - 현재 창 크기: 1920 x 4146
2025-09-17 10:09:06,852 - INFO - 화면 크기 최적화 완료
2025-09-17 10:09:06,865 - INFO - 기본 리뷰 섹션 캡처 시작: PokerKakao (버튼 클릭 없음)
2025-09-17 10:09:06,876 - INFO - 시작 요소 찾기 성공: '평점 및 리뷰' (선택자 1: //h2[text()='평점 및 리뷰'])
2025-09-17 10:09:06,911 - INFO - 끝 요소 찾기 성공: (선택자 2: //span[text()='리뷰 모두 보기'])
2025-09-17 10:09:06,916 - INFO - 시작 요소로 스크롤: PokerKakao
2025-09-17 10:09:09,923 - INFO - 전체 페이지 높이 설정
2025-09-17 10:09:09,928 - INFO - 전체 페이지 높이: 4198px
2025-09-17 10:09:19,215 - INFO - 전체 페이지 스크린샷 촬영: PokerKakao
2025-09-17 10:09:21,008 - INFO - 전체 스크린샷 크기: 1920 x 4108
2025-09-17 10:09:21,046 - INFO - 시작 요소 위치: x=304, y=1852
2025-09-17 10:09:21,049 - INFO - 시작 요소 크기: width=120.26666259765624, height=28.0
2025-09-17 10:09:21,054 - INFO - 끝 요소 위치: x=312, y=3588
2025-09-17 10:09:21,054 - INFO - 끝 요소 크기: width=91.73333740234376, height=20.0
2025-09-17 10:09:21,055 - INFO - 최종 크롭 영역: left=204, top=1752, right=1204, bottom=3552
2025-09-17 10:09:23,242 - INFO - 캡처 완료: PokerKakao_20250917.png (크기: 1000 x 1800)
2025-09-17 10:09:23,248 - INFO - PokerKakao 캡처 성공!
2025-09-17 10:09:23,249 - INFO - ==================================================
2025-09-17 10:09:23,249 - INFO - 게임 캡처 시작: Sudda (com.neowiz.games.sudda)
2025-09-17 10:09:23,249 - INFO - 캡처 시작: Sudda (https://play.google.com/store/apps/details?id=com.neowiz.games.sudda)
2025-09-17 10:09:36,845 - INFO - 한국어 설정 적용
2025-09-17 10:09:36,868 - INFO - 한국어 URL로 리다이렉트: https://play.google.com/store/apps/details?id=com.neowiz.games.sudda&hl=ko
2025-09-17 10:09:41,859 - INFO - 화면 크기 최적화 시작
2025-09-17 10:09:42,315 - INFO - 현재 창 크기: 1920 x 4198
2025-09-17 10:09:44,390 - INFO - 화면 크기 최적화 완료
2025-09-17 10:09:44,391 - INFO - 기본 리뷰 섹션 캡처 시작: Sudda (버튼 클릭 없음)
2025-09-17 10:09:44,395 - INFO - 시작 요소 찾기 성공: '평점 및 리뷰' (선택자 1: //h2[text()='평점 및 리뷰'])
2025-09-17 10:09:44,401 - INFO - 끝 요소 찾기 성공: (선택자 2: //span[text()='리뷰 모두 보기'])
2025-09-17 10:09:44,411 - INFO - 시작 요소로 스크롤: Sudda
2025-09-17 10:09:47,421 - INFO - 전체 페이지 높이 설정
2025-09-17 10:09:47,468 - INFO - 전체 페이지 높이: 3978px
2025-09-17 10:09:54,066 - INFO - 전체 페이지 스크린샷 촬영: Sudda
2025-09-17 10:09:54,385 - INFO - 전체 스크린샷 크기: 1920 x 3888
2025-09-17 10:09:54,420 - INFO - 시작 요소 위치: x=304, y=1852
2025-09-17 10:09:54,428 - INFO - 시작 요소 크기: width=120.26666259765624, height=28.0
2025-09-17 10:09:54,428 - INFO - 끝 요소 위치: x=312, y=3368
2025-09-17 10:09:54,429 - INFO - 끝 요소 크기: width=91.73333740234376, height=20.0
2025-09-17 10:09:54,430 - INFO - 최종 크롭 영역: left=204, top=1752, right=1204, bottom=3552
2025-09-17 10:09:54,785 - INFO - 캡처 완료: Sudda_20250917.png (크기: 1000 x 1800)
2025-09-17 10:09:54,805 - INFO - Sudda 캡처 성공!
2025-09-17 10:09:54,805 - INFO - ==================================================
2025-09-17 10:09:54,805 - INFO - 게임 캡처 시작: SuddaKakao (com.neowiz.games.suddaKakao)
2025-09-17 10:09:54,805 - INFO - 캡처 시작: SuddaKakao (https://play.google.com/store/apps/details?id=com.neowiz.games.suddaKakao)
2025-09-17 10:10:06,201 - INFO - 한국어 설정 적용
2025-09-17 10:10:06,217 - INFO - 한국어 URL로 리다이렉트: https://play.google.com/store/apps/details?id=com.neowiz.games.suddaKakao&hl=ko
2025-09-17 10:10:11,433 - INFO - 화면 크기 최적화 시작
2025-09-17 10:10:11,435 - INFO - 현재 창 크기: 1920 x 3978
2025-09-17 10:10:13,544 - INFO - 화면 크기 최적화 완료
2025-09-17 10:10:13,544 - INFO - 기본 리뷰 섹션 캡처 시작: SuddaKakao (버튼 클릭 없음)
2025-09-17 10:10:13,550 - INFO - 시작 요소 찾기 성공: '평점 및 리뷰' (선택자 1: //h2[text()='평점 및 리뷰'])
2025-09-17 10:10:13,557 - INFO - 끝 요소 찾기 성공: (선택자 2: //span[text()='리뷰 모두 보기'])
2025-09-17 10:10:13,561 - INFO - 시작 요소로 스크롤: SuddaKakao
2025-09-17 10:10:16,597 - INFO - 전체 페이지 높이 설정
2025-09-17 10:10:16,638 - INFO - 전체 페이지 높이: 4138px
2025-09-17 10:10:23,567 - INFO - 전체 페이지 스크린샷 촬영: SuddaKakao
2025-09-17 10:10:23,987 - INFO - 전체 스크린샷 크기: 1920 x 4048
2025-09-17 10:10:23,997 - INFO - 시작 요소 위치: x=304, y=1852
2025-09-17 10:10:23,997 - INFO - 시작 요소 크기: width=120.26666259765624, height=28.0
2025-09-17 10:10:23,997 - INFO - 끝 요소 위치: x=312, y=3528
2025-09-17 10:10:23,998 - INFO - 끝 요소 크기: width=91.73333740234376, height=20.0
2025-09-17 10:10:23,998 - INFO - 최종 크롭 영역: left=204, top=1752, right=1204, bottom=3552
2025-09-17 10:10:24,100 - INFO - 캡처 완료: SuddaKakao_20250917.png (크기: 1000 x 1800)
2025-09-17 10:10:24,103 - INFO - SuddaKakao 캡처 성공!
2025-09-17 10:10:24,103 - INFO - ==================================================
2025-09-17 10:10:24,103 - INFO - 게임 캡처 시작: ShowdownHoldem (com.neowiz.games.pmang.holdem.poker)
2025-09-17 10:10:24,103 - INFO - 캡처 시작: ShowdownHoldem (https://play.google.com/store/apps/details?id=com.neowiz.games.pmang.holdem.poker)
2025-09-17 10:10:34,606 - INFO - 한국어 설정 적용
2025-09-17 10:10:34,613 - INFO - 한국어 URL로 리다이렉트: https://play.google.com/store/apps/details?id=com.neowiz.games.pmang.holdem.poker&hl=ko
2025-09-17 10:10:39,764 - INFO - 화면 크기 최적화 시작
2025-09-17 10:10:39,770 - INFO - 현재 창 크기: 1920 x 4138
2025-09-17 10:10:41,825 - INFO - 화면 크기 최적화 완료
2025-09-17 10:10:41,840 - INFO - 기본 리뷰 섹션 캡처 시작: ShowdownHoldem (버튼 클릭 없음)
2025-09-17 10:10:41,949 - INFO - 시작 요소 찾기 성공: '평점 및 리뷰' (선택자 1: //h2[text()='평점 및 리뷰'])
2025-09-17 10:10:41,958 - INFO - 끝 요소 찾기 성공: (선택자 2: //span[text()='리뷰 모두 보기'])
2025-09-17 10:10:41,993 - INFO - 시작 요소로 스크롤: ShowdownHoldem
2025-09-17 10:10:45,013 - INFO - 전체 페이지 높이 설정
2025-09-17 10:10:45,027 - INFO - 전체 페이지 높이: 3986px
2025-09-17 10:10:51,098 - INFO - 전체 페이지 스크린샷 촬영: ShowdownHoldem
2025-09-17 10:10:51,570 - INFO - 전체 스크린샷 크기: 1920 x 3896
2025-09-17 10:10:51,593 - INFO - 시작 요소 위치: x=304, y=1852
2025-09-17 10:10:51,594 - INFO - 시작 요소 크기: width=120.26666259765624, height=28.0
2025-09-17 10:10:51,594 - INFO - 끝 요소 위치: x=312, y=3376
2025-09-17 10:10:51,595 - INFO - 끝 요소 크기: width=91.73333740234376, height=20.0
2025-09-17 10:10:51,595 - INFO - 최종 크롭 영역: left=204, top=1752, right=1204, bottom=3552
2025-09-17 10:10:52,656 - INFO - 캡처 완료: ShowdownHoldem_20250917.png (크기: 1000 x 1800)
2025-09-17 10:10:52,663 - INFO - ShowdownHoldem 캡처 성공!
2025-09-17 10:10:52,664 - INFO - ==================================================
2025-09-17 10:10:52,664 - INFO - 게임 캡처 시작: NewVegas (com.neowiz.playstudio.slot.casino)
2025-09-17 10:10:52,665 - INFO - 캡처 시작: NewVegas (https://play.google.com/store/apps/details?id=com.neowiz.playstudio.slot.casino)
2025-09-17 10:11:03,481 - INFO - 한국어 설정 적용
2025-09-17 10:11:03,495 - INFO - 한국어 URL로 리다이렉트: https://play.google.com/store/apps/details?id=com.neowiz.playstudio.slot.casino&hl=ko
2025-09-17 10:11:09,147 - INFO - 화면 크기 최적화 시작
2025-09-17 10:11:09,155 - INFO - 현재 창 크기: 1920 x 3986
2025-09-17 10:11:11,185 - INFO - 화면 크기 최적화 완료
2025-09-17 10:11:11,186 - INFO - 기본 리뷰 섹션 캡처 시작: NewVegas (버튼 클릭 없음)
2025-09-17 10:11:11,191 - INFO - 시작 요소 찾기 성공: '평점 및 리뷰' (선택자 1: //h2[text()='평점 및 리뷰'])
2025-09-17 10:11:11,212 - INFO - 끝 요소 찾기 성공: (선택자 2: //span[text()='리뷰 모두 보기'])
2025-09-17 10:11:11,244 - INFO - 시작 요소로 스크롤: NewVegas
2025-09-17 10:11:15,664 - INFO - 전체 페이지 높이 설정
2025-09-17 10:11:16,408 - INFO - 전체 페이지 높이: 4098px
2025-09-17 10:11:23,948 - INFO - 전체 페이지 스크린샷 촬영: NewVegas
2025-09-17 10:11:26,119 - INFO - 전체 스크린샷 크기: 1920 x 4008
2025-09-17 10:11:26,134 - INFO - 시작 요소 위치: x=304, y=1852
2025-09-17 10:11:26,134 - INFO - 시작 요소 크기: width=120.26666259765624, height=28.0
2025-09-17 10:11:26,135 - INFO - 끝 요소 위치: x=312, y=3488
2025-09-17 10:11:26,139 - INFO - 끝 요소 크기: width=91.73333740234376, height=20.0
2025-09-17 10:11:26,139 - INFO - 최종 크롭 영역: left=204, top=1752, right=1204, bottom=3552
2025-09-17 10:11:26,295 - INFO - 캡처 완료: NewVegas_20250917.png (크기: 1000 x 1800)
2025-09-17 10:11:26,300 - INFO - NewVegas 캡처 성공!
2025-09-17 10:11:26,301 - INFO - ==================================================
2025-09-17 10:11:26,301 - INFO - HTML 파일 업데이트 시작
2025-09-17 10:11:26,304 - INFO - HTML 파일을 읽었습니다: aos_review.html
2025-09-17 10:11:26,328 - INFO - 기본 날짜 업데이트: 20250910 -> 20250917
2025-09-17 10:11:26,329 - INFO - availableDates 배열 업데이트: 20250917 추가됨
2025-09-17 10:11:26,329 - INFO - 날짜 선택 드롭다운 업데이트: 20250917 옵션 추가됨
2025-09-17 10:11:26,336 - INFO - 총 3개의 이미지 경로가 업데이트되었습니다.
2025-09-17 10:11:26,336 - INFO - 파일이 저장되었습니다: aos_review.html
2025-09-17 10:11:26,337 - INFO - HTML 파일 업데이트 성공!
2025-09-17 10:11:26,337 - INFO - ==================================================
2025-09-17 10:11:26,337 - INFO - 모든 게임 캡처 및 HTML 업데이트 성공!
2025-09-17 10:11:26,338 - INFO - ==================================================
2025-09-17 10:11:39,377 - INFO - Firefox WebDriver 종료
