2025-12-10 10:06:00,976 - INFO - ==================================================
2025-12-10 10:06:00,976 - INFO - 자동 Google Play 리뷰 캡처 및 HTML 업데이트 시작
2025-12-10 10:06:00,976 - INFO - 실행 날짜: 20251210
2025-12-10 10:06:00,976 - INFO - 저장 폴더: D:\aos_review\20251210
2025-12-10 10:06:00,977 - INFO - 캡처할 게임 수: 9개
2025-12-10 10:06:00,977 - INFO - ==================================================
2025-12-10 10:06:00,977 - INFO - 저장 폴더 생성: D:\aos_review\20251210
2025-12-10 10:06:10,792 - INFO - Firefox WebDriver 초기화 성공
2025-12-10 10:06:10,797 - INFO - 게임 캡처 시작: NewMatgo (com.neowiz.games.newmatgo)
2025-12-10 10:06:10,797 - INFO - 캡처 시작: NewMatgo (https://play.google.com/store/apps/details?id=com.neowiz.games.newmatgo)
2025-12-10 10:06:21,643 - INFO - 한국어 설정 적용
2025-12-10 10:06:21,661 - INFO - 한국어 URL로 리다이렉트: https://play.google.com/store/apps/details?id=com.neowiz.games.newmatgo&hl=ko
2025-12-10 10:06:26,085 - INFO - 화면 크기 최적화 시작
2025-12-10 10:06:26,088 - INFO - 현재 창 크기: 1920 x 1200
2025-12-10 10:06:28,097 - INFO - 화면 크기 최적화 완료
2025-12-10 10:06:28,097 - INFO - 기본 리뷰 섹션 캡처 시작: NewMatgo (버튼 클릭 없음)
2025-12-10 10:06:28,106 - INFO - 시작 요소 찾기 성공: '평점 및 리뷰' (선택자 1: //h2[text()='평점 및 리뷰'])
2025-12-10 10:06:28,113 - INFO - 끝 요소 찾기 성공: (선택자 2: //span[text()='리뷰 모두 보기'])
2025-12-10 10:06:28,119 - INFO - 시작 요소로 스크롤: NewMatgo
2025-12-10 10:06:31,128 - INFO - 전체 페이지 높이 설정
2025-12-10 10:06:31,132 - INFO - 전체 페이지 높이: 4381px
2025-12-10 10:06:37,156 - INFO - 전체 페이지 스크린샷 촬영: NewMatgo
2025-12-10 10:06:38,639 - INFO - 전체 스크린샷 크기: 1920 x 4291
2025-12-10 10:06:38,652 - INFO - 시작 요소 위치: x=312, y=2205
2025-12-10 10:06:38,655 - INFO - 시작 요소 크기: width=120.26666259765624, height=28.0
2025-12-10 10:06:38,658 - INFO - 끝 요소 위치: x=320, y=3752
2025-12-10 10:06:38,660 - INFO - 끝 요소 크기: width=91.73333740234376, height=20.0
2025-12-10 10:06:38,660 - INFO - 최종 크롭 영역: left=212, top=2105, right=1212, bottom=3905
2025-12-10 10:06:39,445 - INFO - 캡처 완료: NewMatgo_20251210.png (크기: 1000 x 1800)
2025-12-10 10:06:39,465 - INFO - NewMatgo 캡처 성공!
2025-12-10 10:06:39,466 - INFO - ==================================================
2025-12-10 10:06:39,487 - INFO - 게임 캡처 시작: NewMatgoKakao (com.neowiz.games.newmatgoKakao)
2025-12-10 10:06:39,490 - INFO - 캡처 시작: NewMatgoKakao (https://play.google.com/store/apps/details?id=com.neowiz.games.newmatgoKakao)
2025-12-10 10:06:49,240 - INFO - 한국어 설정 적용
2025-12-10 10:06:49,254 - INFO - 한국어 URL로 리다이렉트: https://play.google.com/store/apps/details?id=com.neowiz.games.newmatgoKakao&hl=ko
2025-12-10 10:06:53,830 - INFO - 화면 크기 최적화 시작
2025-12-10 10:06:53,835 - INFO - 현재 창 크기: 1920 x 4381
2025-12-10 10:06:55,856 - INFO - 화면 크기 최적화 완료
2025-12-10 10:06:55,856 - INFO - 기본 리뷰 섹션 캡처 시작: NewMatgoKakao (버튼 클릭 없음)
2025-12-10 10:06:55,859 - INFO - 시작 요소 찾기 성공: '평점 및 리뷰' (선택자 1: //h2[text()='평점 및 리뷰'])
2025-12-10 10:06:55,866 - INFO - 끝 요소 찾기 성공: (선택자 2: //span[text()='리뷰 모두 보기'])
2025-12-10 10:06:55,872 - INFO - 시작 요소로 스크롤: NewMatgoKakao
2025-12-10 10:06:58,881 - INFO - 전체 페이지 높이 설정
2025-12-10 10:06:58,893 - INFO - 전체 페이지 높이: 4240px
2025-12-10 10:07:04,989 - INFO - 전체 페이지 스크린샷 촬영: NewMatgoKakao
2025-12-10 10:07:05,244 - INFO - 전체 스크린샷 크기: 1920 x 4150
2025-12-10 10:07:05,258 - INFO - 시작 요소 위치: x=312, y=1900
2025-12-10 10:07:05,258 - INFO - 시작 요소 크기: width=120.26666259765624, height=28.0
2025-12-10 10:07:05,258 - INFO - 끝 요소 위치: x=320, y=3611
2025-12-10 10:07:05,259 - INFO - 끝 요소 크기: width=91.73333740234376, height=20.0
2025-12-10 10:07:05,259 - INFO - 최종 크롭 영역: left=212, top=1800, right=1212, bottom=3600
2025-12-10 10:07:05,350 - INFO - 캡처 완료: NewMatgoKakao_20251210.png (크기: 1000 x 1800)
2025-12-10 10:07:05,352 - INFO - NewMatgoKakao 캡처 성공!
2025-12-10 10:07:05,352 - INFO - ==================================================
2025-12-10 10:07:05,353 - INFO - 게임 캡처 시작: Original (com.neowiz.games.gostop2018)
2025-12-10 10:07:05,353 - INFO - 캡처 시작: Original (https://play.google.com/store/apps/details?id=com.neowiz.games.gostop2018)
2025-12-10 10:07:14,922 - INFO - 한국어 설정 적용
2025-12-10 10:07:14,930 - INFO - 한국어 URL로 리다이렉트: https://play.google.com/store/apps/details?id=com.neowiz.games.gostop2018&hl=ko
2025-12-10 10:07:19,481 - INFO - 화면 크기 최적화 시작
2025-12-10 10:07:19,484 - INFO - 현재 창 크기: 1920 x 4240
2025-12-10 10:07:21,493 - INFO - 화면 크기 최적화 완료
2025-12-10 10:07:21,494 - INFO - 기본 리뷰 섹션 캡처 시작: Original (버튼 클릭 없음)
2025-12-10 10:07:21,497 - INFO - 시작 요소 찾기 성공: '평점 및 리뷰' (선택자 1: //h2[text()='평점 및 리뷰'])
2025-12-10 10:07:21,503 - INFO - 끝 요소 찾기 성공: (선택자 2: //span[text()='리뷰 모두 보기'])
2025-12-10 10:07:21,508 - INFO - 시작 요소로 스크롤: Original
2025-12-10 10:07:24,514 - INFO - 전체 페이지 높이 설정
2025-12-10 10:07:24,517 - INFO - 전체 페이지 높이: 4032px
2025-12-10 10:07:30,569 - INFO - 전체 페이지 스크린샷 촬영: Original
2025-12-10 10:07:30,887 - INFO - 전체 스크린샷 크기: 1920 x 3942
2025-12-10 10:07:30,899 - INFO - 시작 요소 위치: x=312, y=1852
2025-12-10 10:07:30,899 - INFO - 시작 요소 크기: width=120.26666259765624, height=28.0
2025-12-10 10:07:30,899 - INFO - 끝 요소 위치: x=320, y=3443
2025-12-10 10:07:30,899 - INFO - 끝 요소 크기: width=91.73333740234376, height=20.0
2025-12-10 10:07:30,899 - INFO - 최종 크롭 영역: left=212, top=1752, right=1212, bottom=3552
2025-12-10 10:07:30,989 - INFO - 캡처 완료: Original_20251210.png (크기: 1000 x 1800)
2025-12-10 10:07:30,992 - INFO - Original 캡처 성공!
2025-12-10 10:07:30,992 - INFO - ==================================================
2025-12-10 10:07:30,992 - INFO - 게임 캡처 시작: Poker (com.neowiz.games.poker)
2025-12-10 10:07:30,992 - INFO - 캡처 시작: Poker (https://play.google.com/store/apps/details?id=com.neowiz.games.poker)
2025-12-10 10:07:40,586 - INFO - 한국어 설정 적용
2025-12-10 10:07:40,595 - INFO - 한국어 URL로 리다이렉트: https://play.google.com/store/apps/details?id=com.neowiz.games.poker&hl=ko
2025-12-10 10:07:45,283 - INFO - 화면 크기 최적화 시작
2025-12-10 10:07:45,286 - INFO - 현재 창 크기: 1920 x 4032
2025-12-10 10:07:47,299 - INFO - 화면 크기 최적화 완료
2025-12-10 10:07:47,299 - INFO - 기본 리뷰 섹션 캡처 시작: Poker (버튼 클릭 없음)
2025-12-10 10:07:47,305 - INFO - 시작 요소 찾기 성공: '평점 및 리뷰' (선택자 1: //h2[text()='평점 및 리뷰'])
2025-12-10 10:07:47,314 - INFO - 끝 요소 찾기 성공: (선택자 2: //span[text()='리뷰 모두 보기'])
2025-12-10 10:07:47,320 - INFO - 시작 요소로 스크롤: Poker
2025-12-10 10:07:50,327 - INFO - 전체 페이지 높이 설정
2025-12-10 10:07:50,331 - INFO - 전체 페이지 높이: 4040px
2025-12-10 10:07:56,362 - INFO - 전체 페이지 스크린샷 촬영: Poker
2025-12-10 10:07:56,627 - INFO - 전체 스크린샷 크기: 1920 x 3950
2025-12-10 10:07:56,638 - INFO - 시작 요소 위치: x=312, y=1900
2025-12-10 10:07:56,639 - INFO - 시작 요소 크기: width=120.26666259765624, height=28.0
2025-12-10 10:07:56,639 - INFO - 끝 요소 위치: x=320, y=3451
2025-12-10 10:07:56,639 - INFO - 끝 요소 크기: width=91.73333740234376, height=20.0
2025-12-10 10:07:56,639 - INFO - 최종 크롭 영역: left=212, top=1800, right=1212, bottom=3600
2025-12-10 10:07:56,726 - INFO - 캡처 완료: Poker_20251210.png (크기: 1000 x 1800)
2025-12-10 10:07:56,729 - INFO - Poker 캡처 성공!
2025-12-10 10:07:56,729 - INFO - ==================================================
2025-12-10 10:07:56,729 - INFO - 게임 캡처 시작: PokerKakao (com.neowiz.games.pokerKakao)
2025-12-10 10:07:56,729 - INFO - 캡처 시작: PokerKakao (https://play.google.com/store/apps/details?id=com.neowiz.games.pokerKakao)
2025-12-10 10:08:06,371 - INFO - 한국어 설정 적용
2025-12-10 10:08:06,385 - INFO - 한국어 URL로 리다이렉트: https://play.google.com/store/apps/details?id=com.neowiz.games.pokerKakao&hl=ko
2025-12-10 10:08:10,853 - INFO - 화면 크기 최적화 시작
2025-12-10 10:08:10,855 - INFO - 현재 창 크기: 1920 x 4040
2025-12-10 10:08:12,864 - INFO - 화면 크기 최적화 완료
2025-12-10 10:08:12,864 - INFO - 기본 리뷰 섹션 캡처 시작: PokerKakao (버튼 클릭 없음)
2025-12-10 10:08:12,867 - INFO - 시작 요소 찾기 성공: '평점 및 리뷰' (선택자 1: //h2[text()='평점 및 리뷰'])
2025-12-10 10:08:12,872 - INFO - 끝 요소 찾기 성공: (선택자 2: //span[text()='리뷰 모두 보기'])
2025-12-10 10:08:12,877 - INFO - 시작 요소로 스크롤: PokerKakao
2025-12-10 10:08:15,885 - INFO - 전체 페이지 높이 설정
2025-12-10 10:08:15,888 - INFO - 전체 페이지 높이: 4172px
2025-12-10 10:08:21,910 - INFO - 전체 페이지 스크린샷 촬영: PokerKakao
2025-12-10 10:08:22,170 - INFO - 전체 스크린샷 크기: 1920 x 4082
2025-12-10 10:08:22,183 - INFO - 시작 요소 위치: x=312, y=1852
2025-12-10 10:08:22,183 - INFO - 시작 요소 크기: width=120.26666259765624, height=28.0
2025-12-10 10:08:22,183 - INFO - 끝 요소 위치: x=320, y=3583
2025-12-10 10:08:22,183 - INFO - 끝 요소 크기: width=91.73333740234376, height=20.0
2025-12-10 10:08:22,184 - INFO - 최종 크롭 영역: left=212, top=1752, right=1212, bottom=3552
2025-12-10 10:08:22,292 - INFO - 캡처 완료: PokerKakao_20251210.png (크기: 1000 x 1800)
2025-12-10 10:08:22,294 - INFO - PokerKakao 캡처 성공!
2025-12-10 10:08:22,294 - INFO - ==================================================
2025-12-10 10:08:22,295 - INFO - 게임 캡처 시작: Sudda (com.neowiz.games.sudda)
2025-12-10 10:08:22,295 - INFO - 캡처 시작: Sudda (https://play.google.com/store/apps/details?id=com.neowiz.games.sudda)
2025-12-10 10:08:31,554 - INFO - 한국어 설정 적용
2025-12-10 10:08:31,561 - INFO - 한국어 URL로 리다이렉트: https://play.google.com/store/apps/details?id=com.neowiz.games.sudda&hl=ko
2025-12-10 10:08:35,790 - INFO - 화면 크기 최적화 시작
2025-12-10 10:08:35,795 - INFO - 현재 창 크기: 1920 x 4172
2025-12-10 10:08:37,805 - INFO - 화면 크기 최적화 완료
2025-12-10 10:08:37,806 - INFO - 기본 리뷰 섹션 캡처 시작: Sudda (버튼 클릭 없음)
2025-12-10 10:08:37,809 - INFO - 시작 요소 찾기 성공: '평점 및 리뷰' (선택자 1: //h2[text()='평점 및 리뷰'])
2025-12-10 10:08:37,815 - INFO - 끝 요소 찾기 성공: (선택자 2: //span[text()='리뷰 모두 보기'])
2025-12-10 10:08:37,821 - INFO - 시작 요소로 스크롤: Sudda
2025-12-10 10:08:40,827 - INFO - 전체 페이지 높이 설정
2025-12-10 10:08:40,831 - INFO - 전체 페이지 높이: 4077px
2025-12-10 10:08:46,876 - INFO - 전체 페이지 스크린샷 촬영: Sudda
2025-12-10 10:08:47,152 - INFO - 전체 스크린샷 크기: 1920 x 3987
2025-12-10 10:08:47,162 - INFO - 시작 요소 위치: x=312, y=2140
2025-12-10 10:08:47,162 - INFO - 시작 요소 크기: width=120.26666259765624, height=28.0
2025-12-10 10:08:47,162 - INFO - 끝 요소 위치: x=320, y=3488
2025-12-10 10:08:47,163 - INFO - 끝 요소 크기: width=91.73333740234376, height=20.0
2025-12-10 10:08:47,163 - INFO - 최종 크롭 영역: left=212, top=2040, right=1212, bottom=3840
2025-12-10 10:08:47,249 - INFO - 캡처 완료: Sudda_20251210.png (크기: 1000 x 1800)
2025-12-10 10:08:47,251 - INFO - Sudda 캡처 성공!
2025-12-10 10:08:47,251 - INFO - ==================================================
2025-12-10 10:08:47,251 - INFO - 게임 캡처 시작: SuddaKakao (com.neowiz.games.suddaKakao)
2025-12-10 10:08:47,252 - INFO - 캡처 시작: SuddaKakao (https://play.google.com/store/apps/details?id=com.neowiz.games.suddaKakao)
2025-12-10 10:08:56,715 - INFO - 한국어 설정 적용
2025-12-10 10:08:56,730 - INFO - 한국어 URL로 리다이렉트: https://play.google.com/store/apps/details?id=com.neowiz.games.suddaKakao&hl=ko
2025-12-10 10:09:01,152 - INFO - 화면 크기 최적화 시작
2025-12-10 10:09:01,154 - INFO - 현재 창 크기: 1920 x 4077
2025-12-10 10:09:03,162 - INFO - 화면 크기 최적화 완료
2025-12-10 10:09:03,162 - INFO - 기본 리뷰 섹션 캡처 시작: SuddaKakao (버튼 클릭 없음)
2025-12-10 10:09:03,165 - INFO - 시작 요소 찾기 성공: '평점 및 리뷰' (선택자 1: //h2[text()='평점 및 리뷰'])
2025-12-10 10:09:03,171 - INFO - 끝 요소 찾기 성공: (선택자 2: //span[text()='리뷰 모두 보기'])
2025-12-10 10:09:03,176 - INFO - 시작 요소로 스크롤: SuddaKakao
2025-12-10 10:09:06,186 - INFO - 전체 페이지 높이 설정
2025-12-10 10:09:06,189 - INFO - 전체 페이지 높이: 4072px
2025-12-10 10:09:12,301 - INFO - 전체 페이지 스크린샷 촬영: SuddaKakao
2025-12-10 10:09:12,590 - INFO - 전체 스크린샷 크기: 1920 x 3982
2025-12-10 10:09:12,599 - INFO - 시작 요소 위치: x=312, y=1852
2025-12-10 10:09:12,599 - INFO - 시작 요소 크기: width=120.26666259765624, height=28.0
2025-12-10 10:09:12,599 - INFO - 끝 요소 위치: x=320, y=3483
2025-12-10 10:09:12,599 - INFO - 끝 요소 크기: width=91.73333740234376, height=20.0
2025-12-10 10:09:12,599 - INFO - 최종 크롭 영역: left=212, top=1752, right=1212, bottom=3552
2025-12-10 10:09:12,691 - INFO - 캡처 완료: SuddaKakao_20251210.png (크기: 1000 x 1800)
2025-12-10 10:09:12,693 - INFO - SuddaKakao 캡처 성공!
2025-12-10 10:09:12,693 - INFO - ==================================================
2025-12-10 10:09:12,694 - INFO - 게임 캡처 시작: ShowdownHoldem (com.neowiz.games.pmang.holdem.poker)
2025-12-10 10:09:12,694 - INFO - 캡처 시작: ShowdownHoldem (https://play.google.com/store/apps/details?id=com.neowiz.games.pmang.holdem.poker)
2025-12-10 10:09:22,252 - INFO - 한국어 설정 적용
2025-12-10 10:09:22,257 - INFO - 한국어 URL로 리다이렉트: https://play.google.com/store/apps/details?id=com.neowiz.games.pmang.holdem.poker&hl=ko
2025-12-10 10:09:26,924 - INFO - 화면 크기 최적화 시작
2025-12-10 10:09:26,926 - INFO - 현재 창 크기: 1920 x 4072
2025-12-10 10:09:28,942 - INFO - 화면 크기 최적화 완료
2025-12-10 10:09:28,943 - INFO - 기본 리뷰 섹션 캡처 시작: ShowdownHoldem (버튼 클릭 없음)
2025-12-10 10:09:28,952 - INFO - 시작 요소 찾기 성공: '평점 및 리뷰' (선택자 1: //h2[text()='평점 및 리뷰'])
2025-12-10 10:09:28,970 - INFO - 끝 요소 찾기 성공: (선택자 2: //span[text()='리뷰 모두 보기'])
2025-12-10 10:09:28,987 - INFO - 시작 요소로 스크롤: ShowdownHoldem
2025-12-10 10:09:31,997 - INFO - 전체 페이지 높이 설정
2025-12-10 10:09:32,000 - INFO - 전체 페이지 높이: 4112px
2025-12-10 10:09:38,026 - INFO - 전체 페이지 스크린샷 촬영: ShowdownHoldem
2025-12-10 10:09:38,282 - INFO - 전체 스크린샷 크기: 1920 x 4022
2025-12-10 10:09:38,291 - INFO - 시작 요소 위치: x=312, y=1852
2025-12-10 10:09:38,291 - INFO - 시작 요소 크기: width=120.26666259765624, height=28.0
2025-12-10 10:09:38,292 - INFO - 끝 요소 위치: x=320, y=3483
2025-12-10 10:09:38,292 - INFO - 끝 요소 크기: width=91.73333740234376, height=20.0
2025-12-10 10:09:38,292 - INFO - 최종 크롭 영역: left=212, top=1752, right=1212, bottom=3552
2025-12-10 10:09:38,381 - INFO - 캡처 완료: ShowdownHoldem_20251210.png (크기: 1000 x 1800)
2025-12-10 10:09:38,383 - INFO - ShowdownHoldem 캡처 성공!
2025-12-10 10:09:38,383 - INFO - ==================================================
2025-12-10 10:09:38,383 - INFO - 게임 캡처 시작: NewVegas (com.neowiz.playstudio.slot.casino)
2025-12-10 10:09:38,384 - INFO - 캡처 시작: NewVegas (https://play.google.com/store/apps/details?id=com.neowiz.playstudio.slot.casino)
2025-12-10 10:09:48,250 - INFO - 한국어 설정 적용
2025-12-10 10:09:48,258 - INFO - 한국어 URL로 리다이렉트: https://play.google.com/store/apps/details?id=com.neowiz.playstudio.slot.casino&hl=ko
2025-12-10 10:09:52,690 - INFO - 화면 크기 최적화 시작
2025-12-10 10:09:52,691 - INFO - 현재 창 크기: 1920 x 4112
2025-12-10 10:09:54,701 - INFO - 화면 크기 최적화 완료
2025-12-10 10:09:54,702 - INFO - 기본 리뷰 섹션 캡처 시작: NewVegas (버튼 클릭 없음)
2025-12-10 10:09:54,705 - INFO - 시작 요소 찾기 성공: '평점 및 리뷰' (선택자 1: //h2[text()='평점 및 리뷰'])
2025-12-10 10:09:54,711 - INFO - 끝 요소 찾기 성공: (선택자 2: //span[text()='리뷰 모두 보기'])
2025-12-10 10:09:54,718 - INFO - 시작 요소로 스크롤: NewVegas
2025-12-10 10:09:57,725 - INFO - 전체 페이지 높이 설정
2025-12-10 10:09:57,729 - INFO - 전체 페이지 높이: 3972px
2025-12-10 10:10:03,858 - INFO - 전체 페이지 스크린샷 촬영: NewVegas
2025-12-10 10:10:04,125 - INFO - 전체 스크린샷 크기: 1920 x 3882
2025-12-10 10:10:04,137 - INFO - 시작 요소 위치: x=312, y=1852
2025-12-10 10:10:04,137 - INFO - 시작 요소 크기: width=120.26666259765624, height=28.0
2025-12-10 10:10:04,137 - INFO - 끝 요소 위치: x=320, y=3363
2025-12-10 10:10:04,137 - INFO - 끝 요소 크기: width=91.73333740234376, height=20.0
2025-12-10 10:10:04,137 - INFO - 최종 크롭 영역: left=212, top=1752, right=1212, bottom=3552
2025-12-10 10:10:04,227 - INFO - 캡처 완료: NewVegas_20251210.png (크기: 1000 x 1800)
2025-12-10 10:10:04,229 - INFO - NewVegas 캡처 성공!
2025-12-10 10:10:04,229 - INFO - ==================================================
2025-12-10 10:10:04,229 - INFO - HTML 파일 업데이트 시작
2025-12-10 10:10:04,257 - INFO - HTML 파일을 읽었습니다: aos_review.html
2025-12-10 10:10:04,262 - INFO - 날짜 선택 드롭다운에 새 날짜 추가: 20251210 (2025-12-10)
2025-12-10 10:10:04,263 - INFO - 기본 선택 날짜를 20251210로 설정
2025-12-10 10:10:04,264 - INFO - availableDates 배열 업데이트: 20251210 추가됨 (총 23개 날짜)
2025-12-10 10:10:04,264 - INFO - 기본 날짜 업데이트: 20251203 -> 20251210
2025-12-10 10:10:04,267 - INFO - 총 4개의 변경사항이 HTML 파일에 반영되었습니다.
2025-12-10 10:10:04,267 - INFO - 파일이 저장되었습니다: aos_review.html
2025-12-10 10:10:04,267 - INFO - HTML 파일 업데이트 성공!
2025-12-10 10:10:04,267 - INFO - ==================================================
2025-12-10 10:10:04,267 - INFO - ==================================================
2025-12-10 10:10:04,268 - INFO - Git 작업 시작
2025-12-10 10:10:04,268 - INFO - Git 작업 디렉토리: D:\aos_review
2025-12-10 10:10:05,625 - INFO - 변경된 파일:
2025-12-10 10:10:05,625 - INFO -  M aos_review.html
?? 20251210/
?? logs/auto_capture_20251210.log

2025-12-10 10:10:05,625 - INFO - git add . 실행 중...
2025-12-10 10:10:06,777 - INFO - git add 완료
2025-12-10 10:10:06,777 - INFO - git commit 실행 중... (메시지: Update and add new log files and scripts)
2025-12-10 10:10:07,980 - INFO - git commit 완료
2025-12-10 10:10:07,980 - INFO - [master b72e8ea] Update and add new log files and scripts
 11 files changed, 78 insertions(+), 82 deletions(-)
 create mode 100644 20251210/NewMatgoKakao_20251210.png
 create mode 100644 20251210/NewMatgo_20251210.png
 create mode 100644 20251210/NewVegas_20251210.png
 create mode 100644 20251210/Original_20251210.png
 create mode 100644 20251210/PokerKakao_20251210.png
 create mode 100644 20251210/Poker_20251210.png
 create mode 100644 20251210/ShowdownHoldem_20251210.png
 create mode 100644 20251210/SuddaKakao_20251210.png
 create mode 100644 20251210/Sudda_20251210.png
 create mode 100644 logs/auto_capture_20251210.log

2025-12-10 10:10:07,980 - INFO - git push origin master 실행 중...
2025-12-10 10:10:12,792 - INFO - git push 완료
2025-12-10 10:10:12,792 - INFO - Git 작업 성공!
2025-12-10 10:10:12,792 - INFO - ==================================================
2025-12-10 10:10:12,793 - INFO - 모든 게임 캡처 및 HTML 업데이트 성공!
2025-12-10 10:10:12,793 - INFO - Git 작업도 성공적으로 완료되었습니다!
2025-12-10 10:10:12,793 - INFO - ==================================================
2025-12-10 10:10:15,732 - INFO - Firefox WebDriver 종료
