2025-10-01 10:06:01,435 - INFO - ==================================================
2025-10-01 10:06:01,436 - INFO - 자동 Google Play 리뷰 캡처 및 HTML 업데이트 시작
2025-10-01 10:06:01,436 - INFO - 실행 날짜: 20251001
2025-10-01 10:06:01,436 - INFO - 저장 폴더: D:\aos_review\20251001
2025-10-01 10:06:01,436 - INFO - 캡처할 게임 수: 9개
2025-10-01 10:06:01,436 - INFO - ==================================================
2025-10-01 10:06:01,437 - INFO - 저장 폴더 생성: D:\aos_review\20251001
2025-10-01 10:06:36,204 - INFO - Firefox WebDriver 초기화 성공
2025-10-01 10:06:37,405 - INFO - 게임 캡처 시작: NewMatgo (com.neowiz.games.newmatgo)
2025-10-01 10:06:37,405 - INFO - 캡처 시작: NewMatgo (https://play.google.com/store/apps/details?id=com.neowiz.games.newmatgo)
2025-10-01 10:06:51,953 - INFO - 한국어 설정 적용
2025-10-01 10:06:51,976 - INFO - 한국어 URL로 리다이렉트: https://play.google.com/store/apps/details?id=com.neowiz.games.newmatgo&hl=ko
2025-10-01 10:06:58,753 - INFO - 화면 크기 최적화 시작
2025-10-01 10:06:58,760 - INFO - 현재 창 크기: 1920 x 1200
2025-10-01 10:07:00,767 - INFO - 화면 크기 최적화 완료
2025-10-01 10:07:00,768 - INFO - 기본 리뷰 섹션 캡처 시작: NewMatgo (버튼 클릭 없음)
2025-10-01 10:07:00,779 - INFO - 시작 요소 찾기 성공: '평점 및 리뷰' (선택자 1: //h2[text()='평점 및 리뷰'])
2025-10-01 10:07:00,791 - INFO - 끝 요소 찾기 성공: (선택자 2: //span[text()='리뷰 모두 보기'])
2025-10-01 10:07:00,807 - INFO - 시작 요소로 스크롤: NewMatgo
2025-10-01 10:07:03,824 - INFO - 전체 페이지 높이 설정
2025-10-01 10:07:08,028 - INFO - 전체 페이지 높이: 4475px
2025-10-01 10:07:14,141 - INFO - 전체 페이지 스크린샷 촬영: NewMatgo
2025-10-01 10:07:14,843 - INFO - 전체 스크린샷 크기: 1920 x 4385
2025-10-01 10:07:14,861 - INFO - 시작 요소 위치: x=312, y=2188
2025-10-01 10:07:14,862 - INFO - 시작 요소 크기: width=120.26666259765624, height=28.0
2025-10-01 10:07:14,862 - INFO - 끝 요소 위치: x=320, y=3826
2025-10-01 10:07:14,862 - INFO - 끝 요소 크기: width=91.73333740234376, height=20.0
2025-10-01 10:07:14,863 - INFO - 최종 크롭 영역: left=212, top=2088, right=1212, bottom=3888
2025-10-01 10:07:15,121 - INFO - 캡처 완료: NewMatgo_20251001.png (크기: 1000 x 1800)
2025-10-01 10:07:15,125 - INFO - NewMatgo 캡처 성공!
2025-10-01 10:07:15,125 - INFO - ==================================================
2025-10-01 10:07:15,126 - INFO - 게임 캡처 시작: NewMatgoKakao (com.neowiz.games.newmatgoKakao)
2025-10-01 10:07:15,137 - INFO - 캡처 시작: NewMatgoKakao (https://play.google.com/store/apps/details?id=com.neowiz.games.newmatgoKakao)
2025-10-01 10:07:30,818 - INFO - 한국어 설정 적용
2025-10-01 10:07:34,760 - INFO - 한국어 URL로 리다이렉트: https://play.google.com/store/apps/details?id=com.neowiz.games.newmatgoKakao&hl=ko
2025-10-01 10:07:43,836 - INFO - 화면 크기 최적화 시작
2025-10-01 10:07:43,841 - INFO - 현재 창 크기: 1920 x 4475
2025-10-01 10:07:45,861 - INFO - 화면 크기 최적화 완료
2025-10-01 10:07:45,867 - INFO - 기본 리뷰 섹션 캡처 시작: NewMatgoKakao (버튼 클릭 없음)
2025-10-01 10:07:45,872 - INFO - 시작 요소 찾기 성공: '평점 및 리뷰' (선택자 1: //h2[text()='평점 및 리뷰'])
2025-10-01 10:07:45,880 - INFO - 끝 요소 찾기 성공: (선택자 2: //span[text()='리뷰 모두 보기'])
2025-10-01 10:07:45,897 - INFO - 시작 요소로 스크롤: NewMatgoKakao
2025-10-01 10:07:48,916 - INFO - 전체 페이지 높이 설정
2025-10-01 10:07:48,920 - INFO - 전체 페이지 높이: 4166px
2025-10-01 10:07:55,360 - INFO - 전체 페이지 스크린샷 촬영: NewMatgoKakao
2025-10-01 10:07:55,808 - INFO - 전체 스크린샷 크기: 1920 x 4076
2025-10-01 10:07:55,820 - INFO - 시작 요소 위치: x=312, y=1900
2025-10-01 10:07:55,821 - INFO - 시작 요소 크기: width=120.26666259765624, height=28.0
2025-10-01 10:07:55,821 - INFO - 끝 요소 위치: x=320, y=3516
2025-10-01 10:07:55,821 - INFO - 끝 요소 크기: width=91.73333740234376, height=20.0
2025-10-01 10:07:55,821 - INFO - 최종 크롭 영역: left=212, top=1800, right=1212, bottom=3600
2025-10-01 10:07:55,946 - INFO - 캡처 완료: NewMatgoKakao_20251001.png (크기: 1000 x 1800)
2025-10-01 10:07:55,949 - INFO - NewMatgoKakao 캡처 성공!
2025-10-01 10:07:55,949 - INFO - ==================================================
2025-10-01 10:07:55,949 - INFO - 게임 캡처 시작: Original (com.neowiz.games.gostop2018)
2025-10-01 10:07:55,949 - INFO - 캡처 시작: Original (https://play.google.com/store/apps/details?id=com.neowiz.games.gostop2018)
2025-10-01 10:08:09,063 - INFO - 한국어 설정 적용
2025-10-01 10:08:09,158 - INFO - 한국어 URL로 리다이렉트: https://play.google.com/store/apps/details?id=com.neowiz.games.gostop2018&hl=ko
2025-10-01 10:08:16,531 - INFO - 화면 크기 최적화 시작
2025-10-01 10:08:16,533 - INFO - 현재 창 크기: 1920 x 4166
2025-10-01 10:08:18,547 - INFO - 화면 크기 최적화 완료
2025-10-01 10:08:18,555 - INFO - 기본 리뷰 섹션 캡처 시작: Original (버튼 클릭 없음)
2025-10-01 10:08:18,559 - INFO - 시작 요소 찾기 성공: '평점 및 리뷰' (선택자 1: //h2[text()='평점 및 리뷰'])
2025-10-01 10:08:18,567 - INFO - 끝 요소 찾기 성공: (선택자 2: //span[text()='리뷰 모두 보기'])
2025-10-01 10:08:18,574 - INFO - 시작 요소로 스크롤: Original
2025-10-01 10:08:21,583 - INFO - 전체 페이지 높이 설정
2025-10-01 10:08:21,587 - INFO - 전체 페이지 높이: 4038px
2025-10-01 10:08:27,667 - INFO - 전체 페이지 스크린샷 촬영: Original
2025-10-01 10:08:28,379 - INFO - 전체 스크린샷 크기: 1920 x 3948
2025-10-01 10:08:28,649 - INFO - 시작 요소 위치: x=312, y=1852
2025-10-01 10:08:28,671 - INFO - 시작 요소 크기: width=120.26666259765624, height=28.0
2025-10-01 10:08:28,672 - INFO - 끝 요소 위치: x=320, y=3448
2025-10-01 10:08:28,674 - INFO - 끝 요소 크기: width=91.73333740234376, height=20.0
2025-10-01 10:08:28,676 - INFO - 최종 크롭 영역: left=212, top=1752, right=1212, bottom=3552
2025-10-01 10:08:29,689 - INFO - 캡처 완료: Original_20251001.png (크기: 1000 x 1800)
2025-10-01 10:08:29,691 - INFO - Original 캡처 성공!
2025-10-01 10:08:29,692 - INFO - ==================================================
2025-10-01 10:08:29,692 - INFO - 게임 캡처 시작: Poker (com.neowiz.games.poker)
2025-10-01 10:08:29,692 - INFO - 캡처 시작: Poker (https://play.google.com/store/apps/details?id=com.neowiz.games.poker)
2025-10-01 10:08:41,819 - INFO - 한국어 설정 적용
2025-10-01 10:08:41,839 - INFO - 한국어 URL로 리다이렉트: https://play.google.com/store/apps/details?id=com.neowiz.games.poker&hl=ko
2025-10-01 10:08:52,056 - INFO - 화면 크기 최적화 시작
2025-10-01 10:08:52,061 - INFO - 현재 창 크기: 1920 x 4038
2025-10-01 10:08:54,466 - INFO - 화면 크기 최적화 완료
2025-10-01 10:08:54,468 - INFO - 기본 리뷰 섹션 캡처 시작: Poker (버튼 클릭 없음)
2025-10-01 10:08:54,473 - INFO - 시작 요소 찾기 성공: '평점 및 리뷰' (선택자 1: //h2[text()='평점 및 리뷰'])
2025-10-01 10:08:54,481 - INFO - 끝 요소 찾기 성공: (선택자 2: //span[text()='리뷰 모두 보기'])
2025-10-01 10:08:54,496 - INFO - 시작 요소로 스크롤: Poker
2025-10-01 10:08:57,513 - INFO - 전체 페이지 높이 설정
2025-10-01 10:08:57,517 - INFO - 전체 페이지 높이: 4066px
2025-10-01 10:09:03,799 - INFO - 전체 페이지 스크린샷 촬영: Poker
2025-10-01 10:09:04,778 - INFO - 전체 스크린샷 크기: 1920 x 3976
2025-10-01 10:09:04,798 - INFO - 시작 요소 위치: x=312, y=1900
2025-10-01 10:09:04,798 - INFO - 시작 요소 크기: width=120.26666259765624, height=28.0
2025-10-01 10:09:04,798 - INFO - 끝 요소 위치: x=320, y=3436
2025-10-01 10:09:04,799 - INFO - 끝 요소 크기: width=91.73333740234376, height=20.0
2025-10-01 10:09:04,799 - INFO - 최종 크롭 영역: left=212, top=1800, right=1212, bottom=3600
2025-10-01 10:09:06,456 - INFO - 캡처 완료: Poker_20251001.png (크기: 1000 x 1800)
2025-10-01 10:09:06,459 - INFO - Poker 캡처 성공!
2025-10-01 10:09:06,461 - INFO - ==================================================
2025-10-01 10:09:06,462 - INFO - 게임 캡처 시작: PokerKakao (com.neowiz.games.pokerKakao)
2025-10-01 10:09:06,463 - INFO - 캡처 시작: PokerKakao (https://play.google.com/store/apps/details?id=com.neowiz.games.pokerKakao)
2025-10-01 10:09:17,587 - INFO - 한국어 설정 적용
2025-10-01 10:09:17,596 - INFO - 한국어 URL로 리다이렉트: https://play.google.com/store/apps/details?id=com.neowiz.games.pokerKakao&hl=ko
2025-10-01 10:09:24,835 - INFO - 화면 크기 최적화 시작
2025-10-01 10:09:24,837 - INFO - 현재 창 크기: 1920 x 4066
2025-10-01 10:09:26,871 - INFO - 화면 크기 최적화 완료
2025-10-01 10:09:26,872 - INFO - 기본 리뷰 섹션 캡처 시작: PokerKakao (버튼 클릭 없음)
2025-10-01 10:09:26,878 - INFO - 시작 요소 찾기 성공: '평점 및 리뷰' (선택자 1: //h2[text()='평점 및 리뷰'])
2025-10-01 10:09:26,888 - INFO - 끝 요소 찾기 성공: (선택자 2: //span[text()='리뷰 모두 보기'])
2025-10-01 10:09:26,895 - INFO - 시작 요소로 스크롤: PokerKakao
2025-10-01 10:09:29,902 - INFO - 전체 페이지 높이 설정
2025-10-01 10:09:30,025 - INFO - 전체 페이지 높이: 4218px
2025-10-01 10:09:42,845 - INFO - 전체 페이지 스크린샷 촬영: PokerKakao
2025-10-01 10:09:43,436 - INFO - 전체 스크린샷 크기: 1920 x 4128
2025-10-01 10:09:43,501 - INFO - 시작 요소 위치: x=312, y=1852
2025-10-01 10:09:43,502 - INFO - 시작 요소 크기: width=120.26666259765624, height=28.0
2025-10-01 10:09:43,503 - INFO - 끝 요소 위치: x=320, y=3588
2025-10-01 10:09:43,504 - INFO - 끝 요소 크기: width=91.73333740234376, height=20.0
2025-10-01 10:09:43,508 - INFO - 최종 크롭 영역: left=212, top=1752, right=1212, bottom=3552
2025-10-01 10:09:44,895 - INFO - 캡처 완료: PokerKakao_20251001.png (크기: 1000 x 1800)
2025-10-01 10:09:44,934 - INFO - PokerKakao 캡처 성공!
2025-10-01 10:09:44,940 - INFO - ==================================================
2025-10-01 10:09:44,980 - INFO - 게임 캡처 시작: Sudda (com.neowiz.games.sudda)
2025-10-01 10:09:44,982 - INFO - 캡처 시작: Sudda (https://play.google.com/store/apps/details?id=com.neowiz.games.sudda)
2025-10-01 10:09:55,404 - INFO - 한국어 설정 적용
2025-10-01 10:09:55,695 - INFO - 한국어 URL로 리다이렉트: https://play.google.com/store/apps/details?id=com.neowiz.games.sudda&hl=ko
2025-10-01 10:10:01,334 - INFO - 화면 크기 최적화 시작
2025-10-01 10:10:01,355 - INFO - 현재 창 크기: 1920 x 4218
2025-10-01 10:10:03,989 - INFO - 화면 크기 최적화 완료
2025-10-01 10:10:03,991 - INFO - 기본 리뷰 섹션 캡처 시작: Sudda (버튼 클릭 없음)
2025-10-01 10:10:04,036 - INFO - 시작 요소 찾기 성공: '평점 및 리뷰' (선택자 1: //h2[text()='평점 및 리뷰'])
2025-10-01 10:10:04,063 - INFO - 끝 요소 찾기 성공: (선택자 2: //span[text()='리뷰 모두 보기'])
2025-10-01 10:10:04,081 - INFO - 시작 요소로 스크롤: Sudda
2025-10-01 10:10:07,098 - INFO - 전체 페이지 높이 설정
2025-10-01 10:10:07,107 - INFO - 전체 페이지 높이: 3958px
2025-10-01 10:10:13,166 - INFO - 전체 페이지 스크린샷 촬영: Sudda
2025-10-01 10:10:14,305 - INFO - 전체 스크린샷 크기: 1920 x 3868
2025-10-01 10:10:14,323 - INFO - 시작 요소 위치: x=312, y=1852
2025-10-01 10:10:14,324 - INFO - 시작 요소 크기: width=120.26666259765624, height=28.0
2025-10-01 10:10:14,324 - INFO - 끝 요소 위치: x=320, y=3368
2025-10-01 10:10:14,324 - INFO - 끝 요소 크기: width=91.73333740234376, height=20.0
2025-10-01 10:10:14,324 - INFO - 최종 크롭 영역: left=212, top=1752, right=1212, bottom=3552
2025-10-01 10:10:14,478 - INFO - 캡처 완료: Sudda_20251001.png (크기: 1000 x 1800)
2025-10-01 10:10:14,479 - INFO - Sudda 캡처 성공!
2025-10-01 10:10:14,479 - INFO - ==================================================
2025-10-01 10:10:14,480 - INFO - 게임 캡처 시작: SuddaKakao (com.neowiz.games.suddaKakao)
2025-10-01 10:10:14,480 - INFO - 캡처 시작: SuddaKakao (https://play.google.com/store/apps/details?id=com.neowiz.games.suddaKakao)
2025-10-01 10:10:26,355 - INFO - 한국어 설정 적용
2025-10-01 10:10:26,423 - INFO - 한국어 URL로 리다이렉트: https://play.google.com/store/apps/details?id=com.neowiz.games.suddaKakao&hl=ko
2025-10-01 10:10:37,912 - INFO - 화면 크기 최적화 시작
2025-10-01 10:10:38,258 - INFO - 현재 창 크기: 1920 x 3958
2025-10-01 10:10:40,303 - INFO - 화면 크기 최적화 완료
2025-10-01 10:10:40,303 - INFO - 기본 리뷰 섹션 캡처 시작: SuddaKakao (버튼 클릭 없음)
2025-10-01 10:10:40,310 - INFO - 시작 요소 찾기 성공: '평점 및 리뷰' (선택자 1: //h2[text()='평점 및 리뷰'])
2025-10-01 10:10:40,320 - INFO - 끝 요소 찾기 성공: (선택자 2: //span[text()='리뷰 모두 보기'])
2025-10-01 10:10:40,326 - INFO - 시작 요소로 스크롤: SuddaKakao
2025-10-01 10:10:45,240 - INFO - 전체 페이지 높이 설정
2025-10-01 10:10:45,353 - INFO - 전체 페이지 높이: 4118px
2025-10-01 10:10:52,936 - INFO - 전체 페이지 스크린샷 촬영: SuddaKakao
2025-10-01 10:10:53,510 - INFO - 전체 스크린샷 크기: 1920 x 4028
2025-10-01 10:10:53,525 - INFO - 시작 요소 위치: x=312, y=1852
2025-10-01 10:10:53,525 - INFO - 시작 요소 크기: width=120.26666259765624, height=28.0
2025-10-01 10:10:53,525 - INFO - 끝 요소 위치: x=320, y=3528
2025-10-01 10:10:53,526 - INFO - 끝 요소 크기: width=91.73333740234376, height=20.0
2025-10-01 10:10:53,534 - INFO - 최종 크롭 영역: left=212, top=1752, right=1212, bottom=3552
2025-10-01 10:10:54,305 - INFO - 캡처 완료: SuddaKakao_20251001.png (크기: 1000 x 1800)
2025-10-01 10:10:54,313 - INFO - SuddaKakao 캡처 성공!
2025-10-01 10:10:54,313 - INFO - ==================================================
2025-10-01 10:10:54,314 - INFO - 게임 캡처 시작: ShowdownHoldem (com.neowiz.games.pmang.holdem.poker)
2025-10-01 10:10:54,314 - INFO - 캡처 시작: ShowdownHoldem (https://play.google.com/store/apps/details?id=com.neowiz.games.pmang.holdem.poker)
2025-10-01 10:11:07,635 - INFO - 한국어 설정 적용
2025-10-01 10:11:07,708 - INFO - 한국어 URL로 리다이렉트: https://play.google.com/store/apps/details?id=com.neowiz.games.pmang.holdem.poker&hl=ko
2025-10-01 10:11:13,632 - INFO - 화면 크기 최적화 시작
2025-10-01 10:11:13,636 - INFO - 현재 창 크기: 1920 x 4118
2025-10-01 10:11:15,658 - INFO - 화면 크기 최적화 완료
2025-10-01 10:11:15,659 - INFO - 기본 리뷰 섹션 캡처 시작: ShowdownHoldem (버튼 클릭 없음)
2025-10-01 10:11:15,662 - INFO - 시작 요소 찾기 성공: '평점 및 리뷰' (선택자 1: //h2[text()='평점 및 리뷰'])
2025-10-01 10:11:15,668 - INFO - 끝 요소 찾기 성공: (선택자 2: //span[text()='리뷰 모두 보기'])
2025-10-01 10:11:15,672 - INFO - 시작 요소로 스크롤: ShowdownHoldem
2025-10-01 10:11:18,678 - INFO - 전체 페이지 높이 설정
2025-10-01 10:11:18,696 - INFO - 전체 페이지 높이: 4018px
2025-10-01 10:11:27,417 - INFO - 전체 페이지 스크린샷 촬영: ShowdownHoldem
2025-10-01 10:11:27,978 - INFO - 전체 스크린샷 크기: 1920 x 3928
2025-10-01 10:11:27,999 - INFO - 시작 요소 위치: x=312, y=1852
2025-10-01 10:11:28,000 - INFO - 시작 요소 크기: width=120.26666259765624, height=28.0
2025-10-01 10:11:28,000 - INFO - 끝 요소 위치: x=320, y=3408
2025-10-01 10:11:28,001 - INFO - 끝 요소 크기: width=91.73333740234376, height=20.0
2025-10-01 10:11:28,001 - INFO - 최종 크롭 영역: left=212, top=1752, right=1212, bottom=3552
2025-10-01 10:11:28,162 - INFO - 캡처 완료: ShowdownHoldem_20251001.png (크기: 1000 x 1800)
2025-10-01 10:11:28,196 - INFO - ShowdownHoldem 캡처 성공!
2025-10-01 10:11:28,196 - INFO - ==================================================
2025-10-01 10:11:28,197 - INFO - 게임 캡처 시작: NewVegas (com.neowiz.playstudio.slot.casino)
2025-10-01 10:11:28,197 - INFO - 캡처 시작: NewVegas (https://play.google.com/store/apps/details?id=com.neowiz.playstudio.slot.casino)
2025-10-01 10:11:42,911 - INFO - 한국어 설정 적용
2025-10-01 10:11:42,919 - INFO - 한국어 URL로 리다이렉트: https://play.google.com/store/apps/details?id=com.neowiz.playstudio.slot.casino&hl=ko
2025-10-01 10:11:49,461 - INFO - 화면 크기 최적화 시작
2025-10-01 10:11:49,479 - INFO - 현재 창 크기: 1920 x 4018
2025-10-01 10:11:53,154 - INFO - 화면 크기 최적화 완료
2025-10-01 10:11:53,166 - INFO - 기본 리뷰 섹션 캡처 시작: NewVegas (버튼 클릭 없음)
2025-10-01 10:11:53,172 - INFO - 시작 요소 찾기 성공: '평점 및 리뷰' (선택자 1: //h2[text()='평점 및 리뷰'])
2025-10-01 10:11:53,184 - INFO - 끝 요소 찾기 성공: (선택자 2: //span[text()='리뷰 모두 보기'])
2025-10-01 10:11:53,197 - INFO - 시작 요소로 스크롤: NewVegas
2025-10-01 10:11:56,211 - INFO - 전체 페이지 높이 설정
2025-10-01 10:11:56,255 - INFO - 전체 페이지 높이: 4038px
2025-10-01 10:12:02,829 - INFO - 전체 페이지 스크린샷 촬영: NewVegas
2025-10-01 10:12:03,152 - INFO - 전체 스크린샷 크기: 1920 x 3948
2025-10-01 10:12:03,166 - INFO - 시작 요소 위치: x=312, y=1852
2025-10-01 10:12:03,166 - INFO - 시작 요소 크기: width=120.26666259765624, height=28.0
2025-10-01 10:12:03,166 - INFO - 끝 요소 위치: x=320, y=3428
2025-10-01 10:12:03,166 - INFO - 끝 요소 크기: width=91.73333740234376, height=20.0
2025-10-01 10:12:03,167 - INFO - 최종 크롭 영역: left=212, top=1752, right=1212, bottom=3552
2025-10-01 10:12:03,276 - INFO - 캡처 완료: NewVegas_20251001.png (크기: 1000 x 1800)
2025-10-01 10:12:03,279 - INFO - NewVegas 캡처 성공!
2025-10-01 10:12:03,279 - INFO - ==================================================
2025-10-01 10:12:03,279 - INFO - HTML 파일 업데이트 시작
2025-10-01 10:12:03,280 - INFO - HTML 파일을 읽었습니다: aos_review.html
2025-10-01 10:12:03,308 - INFO - 기본 날짜 업데이트: 20250924 -> 20251001
2025-10-01 10:12:03,308 - INFO - availableDates 배열 업데이트: 20251001 추가됨
2025-10-01 10:12:03,309 - INFO - 날짜 선택 드롭다운 업데이트: 20251001 옵션 추가됨
2025-10-01 10:12:03,310 - INFO - 총 3개의 이미지 경로가 업데이트되었습니다.
2025-10-01 10:12:03,311 - INFO - 파일이 저장되었습니다: aos_review.html
2025-10-01 10:12:03,311 - INFO - HTML 파일 업데이트 성공!
2025-10-01 10:12:03,311 - INFO - ==================================================
2025-10-01 10:12:03,311 - INFO - 모든 게임 캡처 및 HTML 업데이트 성공!
2025-10-01 10:12:03,311 - INFO - ==================================================
2025-10-01 10:12:20,876 - INFO - Firefox WebDriver 종료
