2025-08-26 11:52:47,584 - INFO - ==================================================
2025-08-26 11:52:47,584 - INFO - 자동 Google Play 리뷰 캡처 및 HTML 업데이트 시작
2025-08-26 11:52:47,585 - INFO - 실행 날짜: 20250826
2025-08-26 11:52:47,585 - INFO - 저장 폴더: D:\aos_review\20250826
2025-08-26 11:52:47,585 - INFO - 캡처할 게임 수: 9개
2025-08-26 11:52:47,585 - INFO - ==================================================
2025-08-26 11:52:47,592 - INFO - 저장 폴더 생성: D:\aos_review\20250826
2025-08-26 11:52:59,597 - INFO - ==================================================
2025-08-26 11:52:59,626 - INFO - 자동 Google Play 리뷰 캡처 및 HTML 업데이트 시작
2025-08-26 11:52:59,629 - INFO - 실행 날짜: 20250826
2025-08-26 11:52:59,634 - INFO - 저장 폴더: D:\aos_review\20250826
2025-08-26 11:52:59,636 - INFO - 캡처할 게임 수: 9개
2025-08-26 11:52:59,809 - INFO - ==================================================
2025-08-26 11:52:59,863 - INFO - 저장 폴더 생성: D:\aos_review\20250826
2025-08-26 11:53:10,355 - INFO - Firefox WebDriver 초기화 성공
2025-08-26 11:53:10,414 - INFO - 게임 캡처 시작: NewMatgo (com.neowiz.games.newmatgo)
2025-08-26 11:53:10,591 - INFO - 캡처 시작: NewMatgo (https://play.google.com/store/apps/details?id=com.neowiz.games.newmatgo)
2025-08-26 11:53:26,786 - INFO - 한국어 설정 적용
2025-08-26 11:53:26,830 - INFO - 한국어 URL로 리다이렉트: https://play.google.com/store/apps/details?id=com.neowiz.games.newmatgo&hl=ko
2025-08-26 11:53:34,395 - INFO - 화면 크기 최적화 시작
2025-08-26 11:53:34,475 - INFO - 현재 창 크기: 1920 x 1200
2025-08-26 11:53:36,498 - INFO - 화면 크기 최적화 완료
2025-08-26 11:53:36,514 - INFO - 기본 리뷰 섹션 캡처 시작: NewMatgo (버튼 클릭 없음)
2025-08-26 11:53:36,527 - INFO - 시작 요소 찾기 성공: '평점 및 리뷰' (선택자 1: //h2[text()='평점 및 리뷰'])
2025-08-26 11:53:36,545 - INFO - 끝 요소 찾기 성공: (선택자 2: //span[text()='리뷰 모두 보기'])
2025-08-26 11:53:36,573 - INFO - 시작 요소로 스크롤: NewMatgo
2025-08-26 11:53:39,632 - INFO - 전체 페이지 높이 설정
2025-08-26 11:53:39,643 - INFO - 전체 페이지 높이: 4042px
2025-08-26 11:53:45,671 - INFO - 전체 페이지 스크린샷 촬영: NewMatgo
2025-08-26 11:53:47,232 - INFO - 전체 스크린샷 크기: 1920 x 3957
2025-08-26 11:53:47,263 - INFO - 시작 요소 위치: x=304, y=1900
2025-08-26 11:53:47,340 - INFO - 시작 요소 크기: width=120.26666259765624, height=28.0
2025-08-26 11:53:47,341 - INFO - 끝 요소 위치: x=312, y=3392
2025-08-26 11:53:47,408 - INFO - 끝 요소 크기: width=91.73333740234376, height=20.0
2025-08-26 11:53:47,575 - INFO - 최종 크롭 영역: left=204, top=1800, right=1204, bottom=3600
2025-08-26 11:53:47,940 - INFO - 캡처 완료: NewMatgo_20250826.png (크기: 1000 x 1800)
2025-08-26 11:53:47,968 - INFO - NewMatgo 캡처 성공!
2025-08-26 11:53:47,986 - INFO - ==================================================
2025-08-26 11:53:48,034 - INFO - 게임 캡처 시작: NewMatgoKakao (com.neowiz.games.newmatgoKakao)
2025-08-26 11:53:48,056 - INFO - 캡처 시작: NewMatgoKakao (https://play.google.com/store/apps/details?id=com.neowiz.games.newmatgoKakao)
2025-08-26 11:54:02,136 - INFO - 한국어 설정 적용
2025-08-26 11:54:02,144 - INFO - 한국어 URL로 리다이렉트: https://play.google.com/store/apps/details?id=com.neowiz.games.newmatgoKakao&hl=ko
2025-08-26 11:54:12,041 - INFO - 화면 크기 최적화 시작
2025-08-26 11:54:12,415 - INFO - 현재 창 크기: 1920 x 4042
2025-08-26 11:54:14,582 - INFO - 화면 크기 최적화 완료
2025-08-26 11:54:14,637 - INFO - 기본 리뷰 섹션 캡처 시작: NewMatgoKakao (버튼 클릭 없음)
2025-08-26 11:54:14,644 - INFO - 시작 요소 찾기 성공: '평점 및 리뷰' (선택자 1: //h2[text()='평점 및 리뷰'])
2025-08-26 11:54:14,821 - INFO - 끝 요소 찾기 성공: (선택자 2: //span[text()='리뷰 모두 보기'])
2025-08-26 11:54:14,900 - INFO - 시작 요소로 스크롤: NewMatgoKakao
2025-08-26 11:54:18,085 - INFO - 전체 페이지 높이 설정
2025-08-26 11:54:18,267 - INFO - 전체 페이지 높이: 4166px
2025-08-26 11:54:24,486 - INFO - 전체 페이지 스크린샷 촬영: NewMatgoKakao
2025-08-26 11:54:25,279 - INFO - 전체 스크린샷 크기: 1920 x 4081
2025-08-26 11:54:25,493 - INFO - 시작 요소 위치: x=304, y=1900
2025-08-26 11:54:25,527 - INFO - 시작 요소 크기: width=120.26666259765624, height=28.0
2025-08-26 11:54:25,745 - INFO - 끝 요소 위치: x=312, y=3516
2025-08-26 11:54:25,855 - INFO - 끝 요소 크기: width=91.73333740234376, height=20.0
2025-08-26 11:54:25,932 - INFO - 최종 크롭 영역: left=204, top=1800, right=1204, bottom=3600
2025-08-26 11:54:26,149 - INFO - 캡처 완료: NewMatgoKakao_20250826.png (크기: 1000 x 1800)
2025-08-26 11:54:26,158 - INFO - NewMatgoKakao 캡처 성공!
2025-08-26 11:54:26,191 - INFO - ==================================================
2025-08-26 11:54:26,209 - INFO - 게임 캡처 시작: Original (com.neowiz.games.gostop2018)
2025-08-26 11:54:26,240 - INFO - 캡처 시작: Original (https://play.google.com/store/apps/details?id=com.neowiz.games.gostop2018)
2025-08-26 11:54:38,770 - INFO - 한국어 설정 적용
2025-08-26 11:54:38,777 - INFO - 한국어 URL로 리다이렉트: https://play.google.com/store/apps/details?id=com.neowiz.games.gostop2018&hl=ko
2025-08-26 11:54:45,633 - INFO - 화면 크기 최적화 시작
2025-08-26 11:54:45,659 - INFO - 현재 창 크기: 1920 x 4166
2025-08-26 11:54:47,675 - INFO - 화면 크기 최적화 완료
2025-08-26 11:54:47,675 - INFO - 기본 리뷰 섹션 캡처 시작: Original (버튼 클릭 없음)
2025-08-26 11:54:47,679 - INFO - 시작 요소 찾기 성공: '평점 및 리뷰' (선택자 1: //h2[text()='평점 및 리뷰'])
2025-08-26 11:54:47,687 - INFO - 끝 요소 찾기 성공: (선택자 2: //span[text()='리뷰 모두 보기'])
2025-08-26 11:54:47,695 - INFO - 시작 요소로 스크롤: Original
2025-08-26 11:54:50,713 - INFO - 전체 페이지 높이 설정
2025-08-26 11:54:50,749 - INFO - 전체 페이지 높이: 4018px
2025-08-26 11:54:56,780 - INFO - 전체 페이지 스크린샷 촬영: Original
2025-08-26 11:54:57,237 - INFO - 전체 스크린샷 크기: 1920 x 3933
2025-08-26 11:54:57,248 - INFO - 시작 요소 위치: x=304, y=1852
2025-08-26 11:54:57,251 - INFO - 시작 요소 크기: width=120.26666259765624, height=28.0
2025-08-26 11:54:57,252 - INFO - 끝 요소 위치: x=312, y=3428
2025-08-26 11:54:57,254 - INFO - 끝 요소 크기: width=91.73333740234376, height=20.0
2025-08-26 11:54:57,254 - INFO - 최종 크롭 영역: left=204, top=1752, right=1204, bottom=3552
2025-08-26 11:54:57,390 - INFO - 캡처 완료: Original_20250826.png (크기: 1000 x 1800)
2025-08-26 11:54:57,406 - INFO - Original 캡처 성공!
2025-08-26 11:54:57,418 - INFO - ==================================================
2025-08-26 11:54:57,420 - INFO - 게임 캡처 시작: Poker (com.neowiz.games.poker)
2025-08-26 11:54:57,422 - INFO - 캡처 시작: Poker (https://play.google.com/store/apps/details?id=com.neowiz.games.poker)
2025-08-26 11:55:08,508 - INFO - 한국어 설정 적용
2025-08-26 11:55:08,514 - INFO - 한국어 URL로 리다이렉트: https://play.google.com/store/apps/details?id=com.neowiz.games.poker&hl=ko
2025-08-26 11:55:15,298 - INFO - 화면 크기 최적화 시작
2025-08-26 11:55:15,303 - INFO - 현재 창 크기: 1920 x 4018
2025-08-26 11:55:17,312 - INFO - 화면 크기 최적화 완료
2025-08-26 11:55:17,312 - INFO - 기본 리뷰 섹션 캡처 시작: Poker (버튼 클릭 없음)
2025-08-26 11:55:17,315 - INFO - 시작 요소 찾기 성공: '평점 및 리뷰' (선택자 1: //h2[text()='평점 및 리뷰'])
2025-08-26 11:55:17,321 - INFO - 끝 요소 찾기 성공: (선택자 2: //span[text()='리뷰 모두 보기'])
2025-08-26 11:55:17,326 - INFO - 시작 요소로 스크롤: Poker
2025-08-26 11:55:20,334 - INFO - 전체 페이지 높이 설정
2025-08-26 11:55:20,338 - INFO - 전체 페이지 높이: 4146px
2025-08-26 11:55:26,353 - INFO - 전체 페이지 스크린샷 촬영: Poker
2025-08-26 11:55:26,646 - INFO - 전체 스크린샷 크기: 1920 x 4061
2025-08-26 11:55:26,660 - INFO - 시작 요소 위치: x=304, y=1900
2025-08-26 11:55:26,662 - INFO - 시작 요소 크기: width=120.26666259765624, height=28.0
2025-08-26 11:55:26,662 - INFO - 끝 요소 위치: x=312, y=3536
2025-08-26 11:55:26,662 - INFO - 끝 요소 크기: width=91.73333740234376, height=20.0
2025-08-26 11:55:26,663 - INFO - 최종 크롭 영역: left=204, top=1800, right=1204, bottom=3600
2025-08-26 11:55:26,779 - INFO - 캡처 완료: Poker_20250826.png (크기: 1000 x 1800)
2025-08-26 11:55:26,792 - INFO - Poker 캡처 성공!
2025-08-26 11:55:26,793 - INFO - ==================================================
2025-08-26 11:55:26,794 - INFO - 게임 캡처 시작: PokerKakao (com.neowiz.games.pokerKakao)
2025-08-26 11:55:26,795 - INFO - 캡처 시작: PokerKakao (https://play.google.com/store/apps/details?id=com.neowiz.games.pokerKakao)
2025-08-26 11:55:37,679 - INFO - 한국어 설정 적용
2025-08-26 11:55:37,688 - INFO - 한국어 URL로 리다이렉트: https://play.google.com/store/apps/details?id=com.neowiz.games.pokerKakao&hl=ko
2025-08-26 11:55:44,431 - INFO - 화면 크기 최적화 시작
2025-08-26 11:55:44,439 - INFO - 현재 창 크기: 1920 x 4146
2025-08-26 11:55:46,504 - INFO - 화면 크기 최적화 완료
2025-08-26 11:55:46,546 - INFO - 기본 리뷰 섹션 캡처 시작: PokerKakao (버튼 클릭 없음)
2025-08-26 11:55:46,558 - INFO - 시작 요소 찾기 성공: '평점 및 리뷰' (선택자 1: //h2[text()='평점 및 리뷰'])
2025-08-26 11:55:46,605 - INFO - 끝 요소 찾기 성공: (선택자 2: //span[text()='리뷰 모두 보기'])
2025-08-26 11:55:46,620 - INFO - 시작 요소로 스크롤: PokerKakao
2025-08-26 11:55:49,642 - INFO - 전체 페이지 높이 설정
2025-08-26 11:55:49,646 - INFO - 전체 페이지 높이: 4198px
2025-08-26 11:55:55,691 - INFO - 전체 페이지 스크린샷 촬영: PokerKakao
2025-08-26 11:55:56,122 - INFO - 전체 스크린샷 크기: 1920 x 4113
2025-08-26 11:55:56,141 - INFO - 시작 요소 위치: x=304, y=1852
2025-08-26 11:55:56,142 - INFO - 시작 요소 크기: width=120.26666259765624, height=28.0
2025-08-26 11:55:56,144 - INFO - 끝 요소 위치: x=312, y=3588
2025-08-26 11:55:56,144 - INFO - 끝 요소 크기: width=91.73333740234376, height=20.0
2025-08-26 11:55:56,145 - INFO - 최종 크롭 영역: left=204, top=1752, right=1204, bottom=3552
2025-08-26 11:55:56,287 - INFO - 캡처 완료: PokerKakao_20250826.png (크기: 1000 x 1800)
2025-08-26 11:55:56,292 - INFO - PokerKakao 캡처 성공!
2025-08-26 11:55:56,292 - INFO - ==================================================
2025-08-26 11:55:56,292 - INFO - 게임 캡처 시작: Sudda (com.neowiz.games.sudda)
2025-08-26 11:55:56,292 - INFO - 캡처 시작: Sudda (https://play.google.com/store/apps/details?id=com.neowiz.games.sudda)
2025-08-26 11:56:07,167 - INFO - 한국어 설정 적용
2025-08-26 11:56:07,177 - INFO - 한국어 URL로 리다이렉트: https://play.google.com/store/apps/details?id=com.neowiz.games.sudda&hl=ko
2025-08-26 11:56:12,543 - INFO - 화면 크기 최적화 시작
2025-08-26 11:56:12,627 - INFO - 현재 창 크기: 1920 x 4198
2025-08-26 11:56:14,854 - INFO - 화면 크기 최적화 완료
2025-08-26 11:56:14,858 - INFO - 기본 리뷰 섹션 캡처 시작: Sudda (버튼 클릭 없음)
2025-08-26 11:56:14,862 - INFO - 시작 요소 찾기 성공: '평점 및 리뷰' (선택자 1: //h2[text()='평점 및 리뷰'])
2025-08-26 11:56:14,875 - INFO - 끝 요소 찾기 성공: (선택자 2: //span[text()='리뷰 모두 보기'])
2025-08-26 11:56:14,889 - INFO - 시작 요소로 스크롤: Sudda
2025-08-26 11:56:17,908 - INFO - 전체 페이지 높이 설정
2025-08-26 11:56:17,917 - INFO - 전체 페이지 높이: 3978px
2025-08-26 11:56:23,951 - INFO - 전체 페이지 스크린샷 촬영: Sudda
2025-08-26 11:56:24,494 - INFO - 전체 스크린샷 크기: 1920 x 3893
2025-08-26 11:56:24,582 - INFO - 시작 요소 위치: x=304, y=1852
2025-08-26 11:56:24,599 - INFO - 시작 요소 크기: width=120.26666259765624, height=28.0
2025-08-26 11:56:24,600 - INFO - 끝 요소 위치: x=312, y=3368
2025-08-26 11:56:24,600 - INFO - 끝 요소 크기: width=91.73333740234376, height=20.0
2025-08-26 11:56:24,607 - INFO - 최종 크롭 영역: left=204, top=1752, right=1204, bottom=3552
2025-08-26 11:56:24,762 - INFO - 캡처 완료: Sudda_20250826.png (크기: 1000 x 1800)
2025-08-26 11:56:24,769 - INFO - Sudda 캡처 성공!
2025-08-26 11:56:24,771 - INFO - ==================================================
2025-08-26 11:56:24,774 - INFO - 게임 캡처 시작: SuddaKakao (com.neowiz.games.suddaKakao)
2025-08-26 11:56:24,782 - INFO - 캡처 시작: SuddaKakao (https://play.google.com/store/apps/details?id=com.neowiz.games.suddaKakao)
2025-08-26 11:56:36,284 - INFO - 한국어 설정 적용
2025-08-26 11:56:36,298 - INFO - 한국어 URL로 리다이렉트: https://play.google.com/store/apps/details?id=com.neowiz.games.suddaKakao&hl=ko
2025-08-26 11:56:43,490 - INFO - 화면 크기 최적화 시작
2025-08-26 11:56:43,496 - INFO - 현재 창 크기: 1920 x 3978
2025-08-26 11:56:45,526 - INFO - 화면 크기 최적화 완료
2025-08-26 11:56:45,527 - INFO - 기본 리뷰 섹션 캡처 시작: SuddaKakao (버튼 클릭 없음)
2025-08-26 11:56:45,576 - INFO - 시작 요소 찾기 성공: '평점 및 리뷰' (선택자 1: //h2[text()='평점 및 리뷰'])
2025-08-26 11:56:45,601 - INFO - 끝 요소 찾기 성공: (선택자 2: //span[text()='리뷰 모두 보기'])
2025-08-26 11:56:45,637 - INFO - 시작 요소로 스크롤: SuddaKakao
2025-08-26 11:56:48,678 - INFO - 전체 페이지 높이 설정
2025-08-26 11:56:48,709 - INFO - 전체 페이지 높이: 4138px
2025-08-26 11:56:54,777 - INFO - 전체 페이지 스크린샷 촬영: SuddaKakao
2025-08-26 11:56:55,242 - INFO - 전체 스크린샷 크기: 1920 x 4053
2025-08-26 11:56:55,253 - INFO - 시작 요소 위치: x=304, y=1852
2025-08-26 11:56:55,258 - INFO - 시작 요소 크기: width=120.26666259765624, height=28.0
2025-08-26 11:56:55,258 - INFO - 끝 요소 위치: x=312, y=3528
2025-08-26 11:56:55,259 - INFO - 끝 요소 크기: width=91.73333740234376, height=20.0
2025-08-26 11:56:55,260 - INFO - 최종 크롭 영역: left=204, top=1752, right=1204, bottom=3552
2025-08-26 11:56:55,407 - INFO - 캡처 완료: SuddaKakao_20250826.png (크기: 1000 x 1800)
2025-08-26 11:56:55,413 - INFO - SuddaKakao 캡처 성공!
2025-08-26 11:56:55,420 - INFO - ==================================================
2025-08-26 11:56:55,420 - INFO - 게임 캡처 시작: ShowdownHoldem (com.neowiz.games.pmang.holdem.poker)
2025-08-26 11:56:55,424 - INFO - 캡처 시작: ShowdownHoldem (https://play.google.com/store/apps/details?id=com.neowiz.games.pmang.holdem.poker)
2025-08-26 11:57:08,654 - INFO - 한국어 설정 적용
2025-08-26 11:57:08,661 - INFO - 한국어 URL로 리다이렉트: https://play.google.com/store/apps/details?id=com.neowiz.games.pmang.holdem.poker&hl=ko
2025-08-26 11:57:14,962 - INFO - 화면 크기 최적화 시작
2025-08-26 11:57:14,964 - INFO - 현재 창 크기: 1920 x 4138
2025-08-26 11:57:16,972 - INFO - 화면 크기 최적화 완료
2025-08-26 11:57:16,972 - INFO - 기본 리뷰 섹션 캡처 시작: ShowdownHoldem (버튼 클릭 없음)
2025-08-26 11:57:16,978 - INFO - 시작 요소 찾기 성공: '평점 및 리뷰' (선택자 1: //h2[text()='평점 및 리뷰'])
2025-08-26 11:57:17,006 - INFO - 끝 요소 찾기 성공: (선택자 2: //span[text()='리뷰 모두 보기'])
2025-08-26 11:57:17,019 - INFO - 시작 요소로 스크롤: ShowdownHoldem
2025-08-26 11:57:20,051 - INFO - 전체 페이지 높이 설정
2025-08-26 11:57:20,058 - INFO - 전체 페이지 높이: 3834px
2025-08-26 11:57:26,082 - INFO - 전체 페이지 스크린샷 촬영: ShowdownHoldem
2025-08-26 11:57:26,520 - INFO - 전체 스크린샷 크기: 1920 x 3749
2025-08-26 11:57:26,541 - INFO - 시작 요소 위치: x=304, y=1852
2025-08-26 11:57:26,541 - INFO - 시작 요소 크기: width=120.26666259765624, height=28.0
2025-08-26 11:57:26,542 - INFO - 끝 요소 위치: x=312, y=3224
2025-08-26 11:57:26,542 - INFO - 끝 요소 크기: width=91.73333740234376, height=20.0
2025-08-26 11:57:26,542 - INFO - 최종 크롭 영역: left=204, top=1752, right=1204, bottom=3552
2025-08-26 11:57:26,638 - INFO - 캡처 완료: ShowdownHoldem_20250826.png (크기: 1000 x 1800)
2025-08-26 11:57:26,642 - INFO - ShowdownHoldem 캡처 성공!
2025-08-26 11:57:26,642 - INFO - ==================================================
2025-08-26 11:57:26,642 - INFO - 게임 캡처 시작: NewVegas (com.neowiz.playstudio.slot.casino)
2025-08-26 11:57:26,642 - INFO - 캡처 시작: NewVegas (https://play.google.com/store/apps/details?id=com.neowiz.playstudio.slot.casino)
2025-08-26 11:57:37,491 - INFO - 한국어 설정 적용
2025-08-26 11:57:37,500 - INFO - 한국어 URL로 리다이렉트: https://play.google.com/store/apps/details?id=com.neowiz.playstudio.slot.casino&hl=ko
2025-08-26 11:57:43,587 - INFO - 화면 크기 최적화 시작
2025-08-26 11:57:43,592 - INFO - 현재 창 크기: 1920 x 3834
2025-08-26 11:57:45,610 - INFO - 화면 크기 최적화 완료
2025-08-26 11:57:45,625 - INFO - 기본 리뷰 섹션 캡처 시작: NewVegas (버튼 클릭 없음)
2025-08-26 11:57:45,657 - INFO - 시작 요소 찾기 성공: '평점 및 리뷰' (선택자 1: //h2[text()='평점 및 리뷰'])
2025-08-26 11:57:45,667 - INFO - 끝 요소 찾기 성공: (선택자 2: //span[text()='리뷰 모두 보기'])
2025-08-26 11:57:45,725 - INFO - 시작 요소로 스크롤: NewVegas
2025-08-26 11:57:48,749 - INFO - 전체 페이지 높이 설정
2025-08-26 11:57:48,752 - INFO - 전체 페이지 높이: 3862px
2025-08-26 11:57:54,772 - INFO - 전체 페이지 스크린샷 촬영: NewVegas
2025-08-26 11:57:55,477 - INFO - 전체 스크린샷 크기: 1920 x 3777
2025-08-26 11:57:55,523 - INFO - 시작 요소 위치: x=304, y=1852
2025-08-26 11:57:55,543 - INFO - 시작 요소 크기: width=120.26666259765624, height=28.0
2025-08-26 11:57:55,551 - INFO - 끝 요소 위치: x=312, y=3252
2025-08-26 11:57:55,552 - INFO - 끝 요소 크기: width=91.73333740234376, height=20.0
2025-08-26 11:57:55,552 - INFO - 최종 크롭 영역: left=204, top=1752, right=1204, bottom=3552
2025-08-26 11:57:55,704 - INFO - 캡처 완료: NewVegas_20250826.png (크기: 1000 x 1800)
2025-08-26 11:57:55,805 - INFO - NewVegas 캡처 성공!
2025-08-26 11:57:55,893 - INFO - ==================================================
2025-08-26 11:57:56,025 - INFO - HTML 파일 업데이트 시작
2025-08-26 11:57:56,105 - INFO - HTML 파일을 읽었습니다: aos_review.html
2025-08-26 11:57:56,188 - INFO - JavaScript 변수 업데이트: ${currentDate} -> 20250826 (2회)
2025-08-26 11:57:56,348 - INFO - JavaScript 변수 업데이트: ${prevDate} -> 20250819 (2회)
2025-08-26 11:57:56,439 - INFO - availableDates 배열 업데이트: 20250826 추가됨
2025-08-26 11:57:56,485 - INFO - 날짜 선택 드롭다운 업데이트: 20250826 옵션 추가됨
2025-08-26 11:57:56,609 - INFO - 총 6개의 이미지 경로가 업데이트되었습니다.
2025-08-26 11:57:56,701 - INFO - 파일이 저장되었습니다: aos_review.html
2025-08-26 11:57:56,767 - INFO - HTML 파일 업데이트 성공!
2025-08-26 11:57:56,827 - INFO - ==================================================
2025-08-26 11:57:56,862 - INFO - 모든 게임 캡처 및 HTML 업데이트 성공!
2025-08-26 11:57:56,894 - INFO - ==================================================
2025-08-26 11:58:01,129 - INFO - Firefox WebDriver 종료
