2025-11-26 10:06:05,018 - INFO - ==================================================
2025-11-26 10:06:05,018 - INFO - 자동 Google Play 리뷰 캡처 및 HTML 업데이트 시작
2025-11-26 10:06:05,018 - INFO - 실행 날짜: 20251126
2025-11-26 10:06:05,019 - INFO - 저장 폴더: D:\aos_review\20251126
2025-11-26 10:06:05,019 - INFO - 캡처할 게임 수: 9개
2025-11-26 10:06:05,019 - INFO - ==================================================
2025-11-26 10:06:05,040 - INFO - 저장 폴더 생성: D:\aos_review\20251126
2025-11-26 10:06:13,314 - INFO - Firefox WebDriver 초기화 성공
2025-11-26 10:06:13,567 - INFO - 게임 캡처 시작: NewMatgo (com.neowiz.games.newmatgo)
2025-11-26 10:06:13,578 - INFO - 캡처 시작: NewMatgo (https://play.google.com/store/apps/details?id=com.neowiz.games.newmatgo)
2025-11-26 10:06:25,223 - INFO - 한국어 설정 적용
2025-11-26 10:06:25,243 - INFO - 한국어 URL로 리다이렉트: https://play.google.com/store/apps/details?id=com.neowiz.games.newmatgo&hl=ko
2025-11-26 10:06:29,730 - INFO - 화면 크기 최적화 시작
2025-11-26 10:06:29,733 - INFO - 현재 창 크기: 1920 x 1200
2025-11-26 10:06:31,742 - INFO - 화면 크기 최적화 완료
2025-11-26 10:06:31,742 - INFO - 기본 리뷰 섹션 캡처 시작: NewMatgo (버튼 클릭 없음)
2025-11-26 10:06:31,753 - INFO - 시작 요소 찾기 성공: '평점 및 리뷰' (선택자 1: //h2[text()='평점 및 리뷰'])
2025-11-26 10:06:31,760 - INFO - 끝 요소 찾기 성공: (선택자 2: //span[text()='리뷰 모두 보기'])
2025-11-26 10:06:31,767 - INFO - 시작 요소로 스크롤: NewMatgo
2025-11-26 10:06:34,775 - INFO - 전체 페이지 높이 설정
2025-11-26 10:06:34,786 - INFO - 전체 페이지 높이: 4140px
2025-11-26 10:06:40,835 - INFO - 전체 페이지 스크린샷 촬영: NewMatgo
2025-11-26 10:06:41,248 - INFO - 전체 스크린샷 크기: 1920 x 4050
2025-11-26 10:06:41,262 - INFO - 시작 요소 위치: x=312, y=1900
2025-11-26 10:06:41,263 - INFO - 시작 요소 크기: width=120.26666259765624, height=28.0
2025-11-26 10:06:41,263 - INFO - 끝 요소 위치: x=320, y=3511
2025-11-26 10:06:41,263 - INFO - 끝 요소 크기: width=91.73333740234376, height=20.0
2025-11-26 10:06:41,263 - INFO - 최종 크롭 영역: left=212, top=1800, right=1212, bottom=3600
2025-11-26 10:06:41,380 - INFO - 캡처 완료: NewMatgo_20251126.png (크기: 1000 x 1800)
2025-11-26 10:06:41,382 - INFO - NewMatgo 캡처 성공!
2025-11-26 10:06:41,383 - INFO - ==================================================
2025-11-26 10:06:41,383 - INFO - 게임 캡처 시작: NewMatgoKakao (com.neowiz.games.newmatgoKakao)
2025-11-26 10:06:41,383 - INFO - 캡처 시작: NewMatgoKakao (https://play.google.com/store/apps/details?id=com.neowiz.games.newmatgoKakao)
2025-11-26 10:06:51,342 - INFO - 한국어 설정 적용
2025-11-26 10:06:51,350 - INFO - 한국어 URL로 리다이렉트: https://play.google.com/store/apps/details?id=com.neowiz.games.newmatgoKakao&hl=ko
2025-11-26 10:06:55,757 - INFO - 화면 크기 최적화 시작
2025-11-26 10:06:55,760 - INFO - 현재 창 크기: 1920 x 4140
2025-11-26 10:06:57,772 - INFO - 화면 크기 최적화 완료
2025-11-26 10:06:57,773 - INFO - 기본 리뷰 섹션 캡처 시작: NewMatgoKakao (버튼 클릭 없음)
2025-11-26 10:06:57,776 - INFO - 시작 요소 찾기 성공: '평점 및 리뷰' (선택자 1: //h2[text()='평점 및 리뷰'])
2025-11-26 10:06:57,783 - INFO - 끝 요소 찾기 성공: (선택자 2: //span[text()='리뷰 모두 보기'])
2025-11-26 10:06:57,789 - INFO - 시작 요소로 스크롤: NewMatgoKakao
2025-11-26 10:07:00,796 - INFO - 전체 페이지 높이 설정
2025-11-26 10:07:00,808 - INFO - 전체 페이지 높이: 4160px
2025-11-26 10:07:06,867 - INFO - 전체 페이지 스크린샷 촬영: NewMatgoKakao
2025-11-26 10:07:07,144 - INFO - 전체 스크린샷 크기: 1920 x 4070
2025-11-26 10:07:07,155 - INFO - 시작 요소 위치: x=312, y=1900
2025-11-26 10:07:07,155 - INFO - 시작 요소 크기: width=120.26666259765624, height=28.0
2025-11-26 10:07:07,155 - INFO - 끝 요소 위치: x=320, y=3531
2025-11-26 10:07:07,155 - INFO - 끝 요소 크기: width=91.73333740234376, height=20.0
2025-11-26 10:07:07,155 - INFO - 최종 크롭 영역: left=212, top=1800, right=1212, bottom=3600
2025-11-26 10:07:07,245 - INFO - 캡처 완료: NewMatgoKakao_20251126.png (크기: 1000 x 1800)
2025-11-26 10:07:07,247 - INFO - NewMatgoKakao 캡처 성공!
2025-11-26 10:07:07,247 - INFO - ==================================================
2025-11-26 10:07:07,247 - INFO - 게임 캡처 시작: Original (com.neowiz.games.gostop2018)
2025-11-26 10:07:07,248 - INFO - 캡처 시작: Original (https://play.google.com/store/apps/details?id=com.neowiz.games.gostop2018)
2025-11-26 10:07:16,654 - INFO - 한국어 설정 적용
2025-11-26 10:07:16,660 - INFO - 한국어 URL로 리다이렉트: https://play.google.com/store/apps/details?id=com.neowiz.games.gostop2018&hl=ko
2025-11-26 10:07:21,239 - INFO - 화면 크기 최적화 시작
2025-11-26 10:07:21,242 - INFO - 현재 창 크기: 1920 x 4160
2025-11-26 10:07:23,265 - INFO - 화면 크기 최적화 완료
2025-11-26 10:07:23,266 - INFO - 기본 리뷰 섹션 캡처 시작: Original (버튼 클릭 없음)
2025-11-26 10:07:23,271 - INFO - 시작 요소 찾기 성공: '평점 및 리뷰' (선택자 1: //h2[text()='평점 및 리뷰'])
2025-11-26 10:07:23,279 - INFO - 끝 요소 찾기 성공: (선택자 2: //span[text()='리뷰 모두 보기'])
2025-11-26 10:07:23,287 - INFO - 시작 요소로 스크롤: Original
2025-11-26 10:07:26,296 - INFO - 전체 페이지 높이 설정
2025-11-26 10:07:26,300 - INFO - 전체 페이지 높이: 4032px
2025-11-26 10:07:32,322 - INFO - 전체 페이지 스크린샷 촬영: Original
2025-11-26 10:07:32,621 - INFO - 전체 스크린샷 크기: 1920 x 3942
2025-11-26 10:07:32,630 - INFO - 시작 요소 위치: x=312, y=1852
2025-11-26 10:07:32,630 - INFO - 시작 요소 크기: width=120.26666259765624, height=28.0
2025-11-26 10:07:32,630 - INFO - 끝 요소 위치: x=320, y=3443
2025-11-26 10:07:32,631 - INFO - 끝 요소 크기: width=91.73333740234376, height=20.0
2025-11-26 10:07:32,631 - INFO - 최종 크롭 영역: left=212, top=1752, right=1212, bottom=3552
2025-11-26 10:07:32,723 - INFO - 캡처 완료: Original_20251126.png (크기: 1000 x 1800)
2025-11-26 10:07:32,726 - INFO - Original 캡처 성공!
2025-11-26 10:07:32,726 - INFO - ==================================================
2025-11-26 10:07:32,726 - INFO - 게임 캡처 시작: Poker (com.neowiz.games.poker)
2025-11-26 10:07:32,726 - INFO - 캡처 시작: Poker (https://play.google.com/store/apps/details?id=com.neowiz.games.poker)
2025-11-26 10:07:42,822 - INFO - 한국어 설정 적용
2025-11-26 10:07:42,830 - INFO - 한국어 URL로 리다이렉트: https://play.google.com/store/apps/details?id=com.neowiz.games.poker&hl=ko
2025-11-26 10:07:47,306 - INFO - 화면 크기 최적화 시작
2025-11-26 10:07:47,311 - INFO - 현재 창 크기: 1920 x 4032
2025-11-26 10:07:49,323 - INFO - 화면 크기 최적화 완료
2025-11-26 10:07:49,323 - INFO - 기본 리뷰 섹션 캡처 시작: Poker (버튼 클릭 없음)
2025-11-26 10:07:49,326 - INFO - 시작 요소 찾기 성공: '평점 및 리뷰' (선택자 1: //h2[text()='평점 및 리뷰'])
2025-11-26 10:07:49,333 - INFO - 끝 요소 찾기 성공: (선택자 2: //span[text()='리뷰 모두 보기'])
2025-11-26 10:07:49,338 - INFO - 시작 요소로 스크롤: Poker
2025-11-26 10:07:52,346 - INFO - 전체 페이지 높이 설정
2025-11-26 10:07:52,350 - INFO - 전체 페이지 높이: 4020px
2025-11-26 10:07:58,373 - INFO - 전체 페이지 스크린샷 촬영: Poker
2025-11-26 10:07:58,663 - INFO - 전체 스크린샷 크기: 1920 x 3930
2025-11-26 10:07:58,674 - INFO - 시작 요소 위치: x=312, y=1900
2025-11-26 10:07:58,674 - INFO - 시작 요소 크기: width=120.26666259765624, height=28.0
2025-11-26 10:07:58,674 - INFO - 끝 요소 위치: x=320, y=3431
2025-11-26 10:07:58,674 - INFO - 끝 요소 크기: width=91.73333740234376, height=20.0
2025-11-26 10:07:58,675 - INFO - 최종 크롭 영역: left=212, top=1800, right=1212, bottom=3600
2025-11-26 10:07:58,767 - INFO - 캡처 완료: Poker_20251126.png (크기: 1000 x 1800)
2025-11-26 10:07:58,769 - INFO - Poker 캡처 성공!
2025-11-26 10:07:58,769 - INFO - ==================================================
2025-11-26 10:07:58,769 - INFO - 게임 캡처 시작: PokerKakao (com.neowiz.games.pokerKakao)
2025-11-26 10:07:58,769 - INFO - 캡처 시작: PokerKakao (https://play.google.com/store/apps/details?id=com.neowiz.games.pokerKakao)
2025-11-26 10:08:08,201 - INFO - 한국어 설정 적용
2025-11-26 10:08:08,213 - INFO - 한국어 URL로 리다이렉트: https://play.google.com/store/apps/details?id=com.neowiz.games.pokerKakao&hl=ko
2025-11-26 10:08:12,701 - INFO - 화면 크기 최적화 시작
2025-11-26 10:08:12,703 - INFO - 현재 창 크기: 1920 x 4020
2025-11-26 10:08:14,714 - INFO - 화면 크기 최적화 완료
2025-11-26 10:08:14,714 - INFO - 기본 리뷰 섹션 캡처 시작: PokerKakao (버튼 클릭 없음)
2025-11-26 10:08:14,717 - INFO - 시작 요소 찾기 성공: '평점 및 리뷰' (선택자 1: //h2[text()='평점 및 리뷰'])
2025-11-26 10:08:14,723 - INFO - 끝 요소 찾기 성공: (선택자 2: //span[text()='리뷰 모두 보기'])
2025-11-26 10:08:14,729 - INFO - 시작 요소로 스크롤: PokerKakao
2025-11-26 10:08:17,736 - INFO - 전체 페이지 높이 설정
2025-11-26 10:08:17,746 - INFO - 전체 페이지 높이: 4172px
2025-11-26 10:08:23,775 - INFO - 전체 페이지 스크린샷 촬영: PokerKakao
2025-11-26 10:08:24,056 - INFO - 전체 스크린샷 크기: 1920 x 4082
2025-11-26 10:08:24,067 - INFO - 시작 요소 위치: x=312, y=1852
2025-11-26 10:08:24,068 - INFO - 시작 요소 크기: width=120.26666259765624, height=28.0
2025-11-26 10:08:24,068 - INFO - 끝 요소 위치: x=320, y=3583
2025-11-26 10:08:24,068 - INFO - 끝 요소 크기: width=91.73333740234376, height=20.0
2025-11-26 10:08:24,070 - INFO - 최종 크롭 영역: left=212, top=1752, right=1212, bottom=3552
2025-11-26 10:08:24,164 - INFO - 캡처 완료: PokerKakao_20251126.png (크기: 1000 x 1800)
2025-11-26 10:08:24,169 - INFO - PokerKakao 캡처 성공!
2025-11-26 10:08:24,170 - INFO - ==================================================
2025-11-26 10:08:24,170 - INFO - 게임 캡처 시작: Sudda (com.neowiz.games.sudda)
2025-11-26 10:08:24,170 - INFO - 캡처 시작: Sudda (https://play.google.com/store/apps/details?id=com.neowiz.games.sudda)
2025-11-26 10:08:33,628 - INFO - 한국어 설정 적용
2025-11-26 10:08:33,638 - INFO - 한국어 URL로 리다이렉트: https://play.google.com/store/apps/details?id=com.neowiz.games.sudda&hl=ko
2025-11-26 10:08:37,931 - INFO - 화면 크기 최적화 시작
2025-11-26 10:08:37,934 - INFO - 현재 창 크기: 1920 x 4172
2025-11-26 10:08:39,956 - INFO - 화면 크기 최적화 완료
2025-11-26 10:08:39,957 - INFO - 기본 리뷰 섹션 캡처 시작: Sudda (버튼 클릭 없음)
2025-11-26 10:08:39,960 - INFO - 시작 요소 찾기 성공: '평점 및 리뷰' (선택자 1: //h2[text()='평점 및 리뷰'])
2025-11-26 10:08:39,966 - INFO - 끝 요소 찾기 성공: (선택자 2: //span[text()='리뷰 모두 보기'])
2025-11-26 10:08:39,972 - INFO - 시작 요소로 스크롤: Sudda
2025-11-26 10:08:42,978 - INFO - 전체 페이지 높이 설정
2025-11-26 10:08:42,982 - INFO - 전체 페이지 높이: 3952px
2025-11-26 10:08:49,030 - INFO - 전체 페이지 스크린샷 촬영: Sudda
2025-11-26 10:08:49,296 - INFO - 전체 스크린샷 크기: 1920 x 3862
2025-11-26 10:08:49,306 - INFO - 시작 요소 위치: x=312, y=1852
2025-11-26 10:08:49,306 - INFO - 시작 요소 크기: width=120.26666259765624, height=28.0
2025-11-26 10:08:49,307 - INFO - 끝 요소 위치: x=320, y=3363
2025-11-26 10:08:49,307 - INFO - 끝 요소 크기: width=91.73333740234376, height=20.0
2025-11-26 10:08:49,307 - INFO - 최종 크롭 영역: left=212, top=1752, right=1212, bottom=3552
2025-11-26 10:08:49,410 - INFO - 캡처 완료: Sudda_20251126.png (크기: 1000 x 1800)
2025-11-26 10:08:49,412 - INFO - Sudda 캡처 성공!
2025-11-26 10:08:49,413 - INFO - ==================================================
2025-11-26 10:08:49,413 - INFO - 게임 캡처 시작: SuddaKakao (com.neowiz.games.suddaKakao)
2025-11-26 10:08:49,413 - INFO - 캡처 시작: SuddaKakao (https://play.google.com/store/apps/details?id=com.neowiz.games.suddaKakao)
2025-11-26 10:08:58,996 - INFO - 한국어 설정 적용
2025-11-26 10:08:59,004 - INFO - 한국어 URL로 리다이렉트: https://play.google.com/store/apps/details?id=com.neowiz.games.suddaKakao&hl=ko
2025-11-26 10:09:03,343 - INFO - 화면 크기 최적화 시작
2025-11-26 10:09:03,353 - INFO - 현재 창 크기: 1920 x 3952
2025-11-26 10:09:05,372 - INFO - 화면 크기 최적화 완료
2025-11-26 10:09:05,373 - INFO - 기본 리뷰 섹션 캡처 시작: SuddaKakao (버튼 클릭 없음)
2025-11-26 10:09:05,376 - INFO - 시작 요소 찾기 성공: '평점 및 리뷰' (선택자 1: //h2[text()='평점 및 리뷰'])
2025-11-26 10:09:05,382 - INFO - 끝 요소 찾기 성공: (선택자 2: //span[text()='리뷰 모두 보기'])
2025-11-26 10:09:05,387 - INFO - 시작 요소로 스크롤: SuddaKakao
2025-11-26 10:09:08,393 - INFO - 전체 페이지 높이 설정
2025-11-26 10:09:08,397 - INFO - 전체 페이지 높이: 4072px
2025-11-26 10:09:14,461 - INFO - 전체 페이지 스크린샷 촬영: SuddaKakao
2025-11-26 10:09:14,736 - INFO - 전체 스크린샷 크기: 1920 x 3982
2025-11-26 10:09:14,746 - INFO - 시작 요소 위치: x=312, y=1852
2025-11-26 10:09:14,746 - INFO - 시작 요소 크기: width=120.26666259765624, height=28.0
2025-11-26 10:09:14,746 - INFO - 끝 요소 위치: x=320, y=3483
2025-11-26 10:09:14,746 - INFO - 끝 요소 크기: width=91.73333740234376, height=20.0
2025-11-26 10:09:14,746 - INFO - 최종 크롭 영역: left=212, top=1752, right=1212, bottom=3552
2025-11-26 10:09:14,839 - INFO - 캡처 완료: SuddaKakao_20251126.png (크기: 1000 x 1800)
2025-11-26 10:09:14,841 - INFO - SuddaKakao 캡처 성공!
2025-11-26 10:09:14,841 - INFO - ==================================================
2025-11-26 10:09:14,841 - INFO - 게임 캡처 시작: ShowdownHoldem (com.neowiz.games.pmang.holdem.poker)
2025-11-26 10:09:14,842 - INFO - 캡처 시작: ShowdownHoldem (https://play.google.com/store/apps/details?id=com.neowiz.games.pmang.holdem.poker)
2025-11-26 10:09:24,218 - INFO - 한국어 설정 적용
2025-11-26 10:09:24,229 - INFO - 한국어 URL로 리다이렉트: https://play.google.com/store/apps/details?id=com.neowiz.games.pmang.holdem.poker&hl=ko
2025-11-26 10:09:28,560 - INFO - 화면 크기 최적화 시작
2025-11-26 10:09:28,562 - INFO - 현재 창 크기: 1920 x 4072
2025-11-26 10:09:30,575 - INFO - 화면 크기 최적화 완료
2025-11-26 10:09:30,576 - INFO - 기본 리뷰 섹션 캡처 시작: ShowdownHoldem (버튼 클릭 없음)
2025-11-26 10:09:30,579 - INFO - 시작 요소 찾기 성공: '평점 및 리뷰' (선택자 1: //h2[text()='평점 및 리뷰'])
2025-11-26 10:09:30,586 - INFO - 끝 요소 찾기 성공: (선택자 2: //span[text()='리뷰 모두 보기'])
2025-11-26 10:09:30,591 - INFO - 시작 요소로 스크롤: ShowdownHoldem
2025-11-26 10:09:33,598 - INFO - 전체 페이지 높이 설정
2025-11-26 10:09:33,612 - INFO - 전체 페이지 높이: 4032px
2025-11-26 10:09:39,711 - INFO - 전체 페이지 스크린샷 촬영: ShowdownHoldem
2025-11-26 10:09:39,983 - INFO - 전체 스크린샷 크기: 1920 x 3942
2025-11-26 10:09:39,993 - INFO - 시작 요소 위치: x=312, y=1852
2025-11-26 10:09:39,993 - INFO - 시작 요소 크기: width=120.26666259765624, height=28.0
2025-11-26 10:09:39,993 - INFO - 끝 요소 위치: x=320, y=3403
2025-11-26 10:09:39,994 - INFO - 끝 요소 크기: width=91.73333740234376, height=20.0
2025-11-26 10:09:39,994 - INFO - 최종 크롭 영역: left=212, top=1752, right=1212, bottom=3552
2025-11-26 10:09:40,104 - INFO - 캡처 완료: ShowdownHoldem_20251126.png (크기: 1000 x 1800)
2025-11-26 10:09:40,107 - INFO - ShowdownHoldem 캡처 성공!
2025-11-26 10:09:40,107 - INFO - ==================================================
2025-11-26 10:09:40,107 - INFO - 게임 캡처 시작: NewVegas (com.neowiz.playstudio.slot.casino)
2025-11-26 10:09:40,108 - INFO - 캡처 시작: NewVegas (https://play.google.com/store/apps/details?id=com.neowiz.playstudio.slot.casino)
2025-11-26 10:09:49,633 - INFO - 한국어 설정 적용
2025-11-26 10:09:49,639 - INFO - 한국어 URL로 리다이렉트: https://play.google.com/store/apps/details?id=com.neowiz.playstudio.slot.casino&hl=ko
2025-11-26 10:09:53,918 - INFO - 화면 크기 최적화 시작
2025-11-26 10:09:53,921 - INFO - 현재 창 크기: 1920 x 4032
2025-11-26 10:09:55,934 - INFO - 화면 크기 최적화 완료
2025-11-26 10:09:55,934 - INFO - 기본 리뷰 섹션 캡처 시작: NewVegas (버튼 클릭 없음)
2025-11-26 10:09:55,937 - INFO - 시작 요소 찾기 성공: '평점 및 리뷰' (선택자 1: //h2[text()='평점 및 리뷰'])
2025-11-26 10:09:55,943 - INFO - 끝 요소 찾기 성공: (선택자 2: //span[text()='리뷰 모두 보기'])
2025-11-26 10:09:55,948 - INFO - 시작 요소로 스크롤: NewVegas
2025-11-26 10:09:58,954 - INFO - 전체 페이지 높이 설정
2025-11-26 10:09:58,958 - INFO - 전체 페이지 높이: 3972px
2025-11-26 10:10:04,979 - INFO - 전체 페이지 스크린샷 촬영: NewVegas
2025-11-26 10:10:05,234 - INFO - 전체 스크린샷 크기: 1920 x 3882
2025-11-26 10:10:05,248 - INFO - 시작 요소 위치: x=312, y=1852
2025-11-26 10:10:05,248 - INFO - 시작 요소 크기: width=120.26666259765624, height=28.0
2025-11-26 10:10:05,248 - INFO - 끝 요소 위치: x=320, y=3363
2025-11-26 10:10:05,249 - INFO - 끝 요소 크기: width=91.73333740234376, height=20.0
2025-11-26 10:10:05,249 - INFO - 최종 크롭 영역: left=212, top=1752, right=1212, bottom=3552
2025-11-26 10:10:05,336 - INFO - 캡처 완료: NewVegas_20251126.png (크기: 1000 x 1800)
2025-11-26 10:10:05,339 - INFO - NewVegas 캡처 성공!
2025-11-26 10:10:05,339 - INFO - ==================================================
2025-11-26 10:10:05,339 - INFO - HTML 파일 업데이트 시작
2025-11-26 10:10:05,393 - INFO - HTML 파일을 읽었습니다: aos_review.html
2025-11-26 10:10:05,398 - INFO - 날짜 선택 드롭다운에 새 날짜 추가: 20251126 (2025-11-26)
2025-11-26 10:10:05,399 - INFO - 기본 선택 날짜를 20251126로 설정
2025-11-26 10:10:05,400 - INFO - availableDates 배열 업데이트: 20251126 추가됨 (총 21개 날짜)
2025-11-26 10:10:05,400 - INFO - 기본 날짜 업데이트: 20251119 -> 20251126
2025-11-26 10:10:05,403 - INFO - 총 4개의 변경사항이 HTML 파일에 반영되었습니다.
2025-11-26 10:10:05,403 - INFO - 파일이 저장되었습니다: aos_review.html
2025-11-26 10:10:05,403 - INFO - HTML 파일 업데이트 성공!
2025-11-26 10:10:05,403 - INFO - ==================================================
2025-11-26 10:10:05,404 - INFO - ==================================================
2025-11-26 10:10:05,404 - INFO - Git 작업 시작
2025-11-26 10:10:05,404 - INFO - Git 작업 디렉토리: D:\aos_review
2025-11-26 10:10:06,453 - INFO - 변경된 파일:
2025-11-26 10:10:06,453 - INFO -  M aos_review.html
?? 20251126/
?? logs/auto_capture_20251126.log

2025-11-26 10:10:06,453 - INFO - git add . 실행 중...
2025-11-26 10:10:07,237 - INFO - git add 완료
2025-11-26 10:10:07,237 - INFO - git commit 실행 중... (메시지: Update and add new log files and scripts)
2025-11-26 10:10:08,224 - INFO - git commit 완료
2025-11-26 10:10:08,225 - INFO - [master c914629] Update and add new log files and scripts
 11 files changed, 76 insertions(+), 80 deletions(-)
 create mode 100644 20251126/NewMatgoKakao_20251126.png
 create mode 100644 20251126/NewMatgo_20251126.png
 create mode 100644 20251126/NewVegas_20251126.png
 create mode 100644 20251126/Original_20251126.png
 create mode 100644 20251126/PokerKakao_20251126.png
 create mode 100644 20251126/Poker_20251126.png
 create mode 100644 20251126/ShowdownHoldem_20251126.png
 create mode 100644 20251126/SuddaKakao_20251126.png
 create mode 100644 20251126/Sudda_20251126.png
 create mode 100644 logs/auto_capture_20251126.log

2025-11-26 10:10:08,225 - INFO - git push origin master 실행 중...
2025-11-26 10:10:13,180 - INFO - git push 완료
2025-11-26 10:10:13,181 - INFO - Git 작업 성공!
2025-11-26 10:10:13,181 - INFO - ==================================================
2025-11-26 10:10:13,181 - INFO - 모든 게임 캡처 및 HTML 업데이트 성공!
2025-11-26 10:10:13,181 - INFO - Git 작업도 성공적으로 완료되었습니다!
2025-11-26 10:10:13,182 - INFO - ==================================================
2025-11-26 10:10:16,074 - INFO - Firefox WebDriver 종료
