2025-10-15 10:06:17,425 - INFO - ==================================================
2025-10-15 10:06:17,427 - INFO - 자동 Google Play 리뷰 캡처 및 HTML 업데이트 시작
2025-10-15 10:06:17,427 - INFO - 실행 날짜: 20251015
2025-10-15 10:06:17,427 - INFO - 저장 폴더: D:\aos_review\20251015
2025-10-15 10:06:17,427 - INFO - 캡처할 게임 수: 9개
2025-10-15 10:06:17,427 - INFO - ==================================================
2025-10-15 10:06:17,430 - INFO - 저장 폴더 생성: D:\aos_review\20251015
2025-10-15 10:06:56,438 - INFO - Firefox WebDriver 초기화 성공
2025-10-15 10:06:56,461 - INFO - 게임 캡처 시작: NewMatgo (com.neowiz.games.newmatgo)
2025-10-15 10:06:56,461 - INFO - 캡처 시작: NewMatgo (https://play.google.com/store/apps/details?id=com.neowiz.games.newmatgo)
2025-10-15 10:07:10,898 - INFO - 한국어 설정 적용
2025-10-15 10:07:10,934 - INFO - 한국어 URL로 리다이렉트: https://play.google.com/store/apps/details?id=com.neowiz.games.newmatgo&hl=ko
2025-10-15 10:07:16,761 - INFO - 화면 크기 최적화 시작
2025-10-15 10:07:16,765 - INFO - 현재 창 크기: 1920 x 1200
2025-10-15 10:07:22,737 - INFO - 화면 크기 최적화 완료
2025-10-15 10:07:22,738 - INFO - 기본 리뷰 섹션 캡처 시작: NewMatgo (버튼 클릭 없음)
2025-10-15 10:07:22,776 - INFO - 시작 요소 찾기 성공: '평점 및 리뷰' (선택자 1: //h2[text()='평점 및 리뷰'])
2025-10-15 10:07:24,215 - INFO - 끝 요소 찾기 성공: (선택자 2: //span[text()='리뷰 모두 보기'])
2025-10-15 10:07:24,232 - INFO - 시작 요소로 스크롤: NewMatgo
2025-10-15 10:07:27,481 - INFO - 전체 페이지 높이 설정
2025-10-15 10:07:27,508 - INFO - 전체 페이지 높이: 4251px
2025-10-15 10:07:34,000 - INFO - 전체 페이지 스크린샷 촬영: NewMatgo
2025-10-15 10:07:36,769 - INFO - 전체 스크린샷 크기: 1920 x 4161
2025-10-15 10:07:36,801 - INFO - 시작 요소 위치: x=312, y=2188
2025-10-15 10:07:36,806 - INFO - 시작 요소 크기: width=120.26666259765624, height=28.0
2025-10-15 10:07:36,806 - INFO - 끝 요소 위치: x=320, y=3662
2025-10-15 10:07:36,806 - INFO - 끝 요소 크기: width=91.73333740234376, height=20.0
2025-10-15 10:07:36,807 - INFO - 최종 크롭 영역: left=212, top=2088, right=1212, bottom=3888
2025-10-15 10:07:38,638 - INFO - 캡처 완료: NewMatgo_20251015.png (크기: 1000 x 1800)
2025-10-15 10:07:38,641 - INFO - NewMatgo 캡처 성공!
2025-10-15 10:07:38,641 - INFO - ==================================================
2025-10-15 10:07:38,642 - INFO - 게임 캡처 시작: NewMatgoKakao (com.neowiz.games.newmatgoKakao)
2025-10-15 10:07:38,642 - INFO - 캡처 시작: NewMatgoKakao (https://play.google.com/store/apps/details?id=com.neowiz.games.newmatgoKakao)
2025-10-15 10:07:58,226 - INFO - 한국어 설정 적용
2025-10-15 10:07:59,208 - INFO - 한국어 URL로 리다이렉트: https://play.google.com/store/apps/details?id=com.neowiz.games.newmatgoKakao&hl=ko
2025-10-15 10:08:09,118 - INFO - 화면 크기 최적화 시작
2025-10-15 10:08:09,127 - INFO - 현재 창 크기: 1920 x 4251
2025-10-15 10:08:13,809 - INFO - 화면 크기 최적화 완료
2025-10-15 10:08:13,812 - INFO - 기본 리뷰 섹션 캡처 시작: NewMatgoKakao (버튼 클릭 없음)
2025-10-15 10:08:13,817 - INFO - 시작 요소 찾기 성공: '평점 및 리뷰' (선택자 1: //h2[text()='평점 및 리뷰'])
2025-10-15 10:08:13,865 - INFO - 끝 요소 찾기 성공: (선택자 2: //span[text()='리뷰 모두 보기'])
2025-10-15 10:08:14,081 - INFO - 시작 요소로 스크롤: NewMatgoKakao
2025-10-15 10:08:17,381 - INFO - 전체 페이지 높이 설정
2025-10-15 10:08:17,389 - INFO - 전체 페이지 높이: 4106px
2025-10-15 10:08:31,444 - INFO - 전체 페이지 스크린샷 촬영: NewMatgoKakao
2025-10-15 10:08:33,229 - INFO - 전체 스크린샷 크기: 1920 x 4016
2025-10-15 10:08:38,976 - INFO - 시작 요소 위치: x=312, y=1900
2025-10-15 10:08:39,440 - INFO - 시작 요소 크기: width=120.26666259765624, height=28.0
2025-10-15 10:08:39,504 - INFO - 끝 요소 위치: x=320, y=3516
2025-10-15 10:08:39,592 - INFO - 끝 요소 크기: width=91.73333740234376, height=20.0
2025-10-15 10:08:39,629 - INFO - 최종 크롭 영역: left=212, top=1800, right=1212, bottom=3600
2025-10-15 10:08:50,807 - INFO - 캡처 완료: NewMatgoKakao_20251015.png (크기: 1000 x 1800)
2025-10-15 10:08:50,820 - INFO - NewMatgoKakao 캡처 성공!
2025-10-15 10:08:50,829 - INFO - ==================================================
2025-10-15 10:08:50,836 - INFO - 게임 캡처 시작: Original (com.neowiz.games.gostop2018)
2025-10-15 10:08:50,842 - INFO - 캡처 시작: Original (https://play.google.com/store/apps/details?id=com.neowiz.games.gostop2018)
2025-10-15 10:09:07,189 - INFO - 한국어 설정 적용
2025-10-15 10:09:07,596 - INFO - 한국어 URL로 리다이렉트: https://play.google.com/store/apps/details?id=com.neowiz.games.gostop2018&hl=ko
2025-10-15 10:09:14,383 - INFO - 화면 크기 최적화 시작
2025-10-15 10:09:14,523 - INFO - 현재 창 크기: 1920 x 4106
2025-10-15 10:09:17,731 - INFO - 화면 크기 최적화 완료
2025-10-15 10:09:17,732 - INFO - 기본 리뷰 섹션 캡처 시작: Original (버튼 클릭 없음)
2025-10-15 10:09:17,736 - INFO - 시작 요소 찾기 성공: '평점 및 리뷰' (선택자 1: //h2[text()='평점 및 리뷰'])
2025-10-15 10:09:17,742 - INFO - 끝 요소 찾기 성공: (선택자 2: //span[text()='리뷰 모두 보기'])
2025-10-15 10:09:17,748 - INFO - 시작 요소로 스크롤: Original
2025-10-15 10:09:30,635 - INFO - 전체 페이지 높이 설정
2025-10-15 10:09:38,761 - INFO - 전체 페이지 높이: 4038px
2025-10-15 10:09:49,137 - INFO - 전체 페이지 스크린샷 촬영: Original
2025-10-15 10:09:59,573 - INFO - 전체 스크린샷 크기: 1920 x 3948
2025-10-15 10:09:59,593 - INFO - 시작 요소 위치: x=312, y=1852
2025-10-15 10:09:59,596 - INFO - 시작 요소 크기: width=120.26666259765624, height=28.0
2025-10-15 10:09:59,596 - INFO - 끝 요소 위치: x=320, y=3448
2025-10-15 10:09:59,597 - INFO - 끝 요소 크기: width=91.73333740234376, height=20.0
2025-10-15 10:09:59,597 - INFO - 최종 크롭 영역: left=212, top=1752, right=1212, bottom=3552
2025-10-15 10:10:06,546 - INFO - 캡처 완료: Original_20251015.png (크기: 1000 x 1800)
2025-10-15 10:10:09,960 - INFO - Original 캡처 성공!
2025-10-15 10:10:10,706 - INFO - ==================================================
2025-10-15 10:10:10,707 - INFO - 게임 캡처 시작: Poker (com.neowiz.games.poker)
2025-10-15 10:10:10,707 - INFO - 캡처 시작: Poker (https://play.google.com/store/apps/details?id=com.neowiz.games.poker)
2025-10-15 10:10:25,019 - INFO - 한국어 설정 적용
2025-10-15 10:10:25,305 - INFO - 한국어 URL로 리다이렉트: https://play.google.com/store/apps/details?id=com.neowiz.games.poker&hl=ko
2025-10-15 10:10:34,069 - INFO - 화면 크기 최적화 시작
2025-10-15 10:10:34,569 - INFO - 현재 창 크기: 1920 x 4038
2025-10-15 10:10:36,591 - INFO - 화면 크기 최적화 완료
2025-10-15 10:10:37,855 - INFO - 기본 리뷰 섹션 캡처 시작: Poker (버튼 클릭 없음)
2025-10-15 10:10:37,863 - INFO - 시작 요소 찾기 성공: '평점 및 리뷰' (선택자 1: //h2[text()='평점 및 리뷰'])
2025-10-15 10:10:37,874 - INFO - 끝 요소 찾기 성공: (선택자 2: //span[text()='리뷰 모두 보기'])
2025-10-15 10:10:37,890 - INFO - 시작 요소로 스크롤: Poker
2025-10-15 10:10:40,911 - INFO - 전체 페이지 높이 설정
2025-10-15 10:10:40,924 - INFO - 전체 페이지 높이: 4006px
2025-10-15 10:10:47,657 - INFO - 전체 페이지 스크린샷 촬영: Poker
2025-10-15 10:10:48,001 - INFO - 전체 스크린샷 크기: 1920 x 3916
2025-10-15 10:10:48,016 - INFO - 시작 요소 위치: x=312, y=1900
2025-10-15 10:10:48,018 - INFO - 시작 요소 크기: width=120.26666259765624, height=28.0
2025-10-15 10:10:48,019 - INFO - 끝 요소 위치: x=320, y=3416
2025-10-15 10:10:48,019 - INFO - 끝 요소 크기: width=91.73333740234376, height=20.0
2025-10-15 10:10:48,019 - INFO - 최종 크롭 영역: left=212, top=1800, right=1212, bottom=3600
2025-10-15 10:10:48,205 - INFO - 캡처 완료: Poker_20251015.png (크기: 1000 x 1800)
2025-10-15 10:10:48,207 - INFO - Poker 캡처 성공!
2025-10-15 10:10:48,207 - INFO - ==================================================
2025-10-15 10:10:48,208 - INFO - 게임 캡처 시작: PokerKakao (com.neowiz.games.pokerKakao)
2025-10-15 10:10:48,208 - INFO - 캡처 시작: PokerKakao (https://play.google.com/store/apps/details?id=com.neowiz.games.pokerKakao)
2025-10-15 10:10:58,958 - INFO - 한국어 설정 적용
2025-10-15 10:10:58,969 - INFO - 한국어 URL로 리다이렉트: https://play.google.com/store/apps/details?id=com.neowiz.games.pokerKakao&hl=ko
2025-10-15 10:11:06,115 - INFO - 화면 크기 최적화 시작
2025-10-15 10:11:06,209 - INFO - 현재 창 크기: 1920 x 4006
2025-10-15 10:11:09,003 - INFO - 화면 크기 최적화 완료
2025-10-15 10:11:11,538 - INFO - 기본 리뷰 섹션 캡처 시작: PokerKakao (버튼 클릭 없음)
2025-10-15 10:11:11,543 - INFO - 시작 요소 찾기 성공: '평점 및 리뷰' (선택자 1: //h2[text()='평점 및 리뷰'])
2025-10-15 10:11:11,569 - INFO - 끝 요소 찾기 성공: (선택자 2: //span[text()='리뷰 모두 보기'])
2025-10-15 10:11:11,581 - INFO - 시작 요소로 스크롤: PokerKakao
2025-10-15 10:11:14,601 - INFO - 전체 페이지 높이 설정
2025-10-15 10:11:14,641 - INFO - 전체 페이지 높이: 4178px
2025-10-15 10:11:24,722 - INFO - 전체 페이지 스크린샷 촬영: PokerKakao
2025-10-15 10:11:25,116 - INFO - 전체 스크린샷 크기: 1920 x 4088
2025-10-15 10:11:28,082 - INFO - 시작 요소 위치: x=312, y=1852
2025-10-15 10:11:28,083 - INFO - 시작 요소 크기: width=120.26666259765624, height=28.0
2025-10-15 10:11:28,087 - INFO - 끝 요소 위치: x=320, y=3588
2025-10-15 10:11:28,089 - INFO - 끝 요소 크기: width=91.73333740234376, height=20.0
2025-10-15 10:11:28,092 - INFO - 최종 크롭 영역: left=212, top=1752, right=1212, bottom=3552
2025-10-15 10:11:29,539 - INFO - 캡처 완료: PokerKakao_20251015.png (크기: 1000 x 1800)
2025-10-15 10:11:29,542 - INFO - PokerKakao 캡처 성공!
2025-10-15 10:11:29,542 - INFO - ==================================================
2025-10-15 10:11:29,542 - INFO - 게임 캡처 시작: Sudda (com.neowiz.games.sudda)
2025-10-15 10:11:29,542 - INFO - 캡처 시작: Sudda (https://play.google.com/store/apps/details?id=com.neowiz.games.sudda)
2025-10-15 10:11:44,661 - INFO - 한국어 설정 적용
2025-10-15 10:11:45,006 - INFO - 한국어 URL로 리다이렉트: https://play.google.com/store/apps/details?id=com.neowiz.games.sudda&hl=ko
2025-10-15 10:12:11,730 - INFO - 화면 크기 최적화 시작
2025-10-15 10:12:14,856 - INFO - 현재 창 크기: 1920 x 4178
2025-10-15 10:12:16,944 - INFO - 화면 크기 최적화 완료
2025-10-15 10:12:16,952 - INFO - 기본 리뷰 섹션 캡처 시작: Sudda (버튼 클릭 없음)
2025-10-15 10:12:16,960 - INFO - 시작 요소 찾기 성공: '평점 및 리뷰' (선택자 1: //h2[text()='평점 및 리뷰'])
2025-10-15 10:12:16,983 - INFO - 끝 요소 찾기 성공: (선택자 2: //span[text()='리뷰 모두 보기'])
2025-10-15 10:12:17,005 - INFO - 시작 요소로 스크롤: Sudda
2025-10-15 10:12:21,690 - INFO - 전체 페이지 높이 설정
2025-10-15 10:12:21,704 - INFO - 전체 페이지 높이: 3978px
2025-10-15 10:12:31,385 - INFO - 전체 페이지 스크린샷 촬영: Sudda
2025-10-15 10:12:32,223 - INFO - 전체 스크린샷 크기: 1920 x 3888
2025-10-15 10:12:32,647 - INFO - 시작 요소 위치: x=312, y=1852
2025-10-15 10:12:32,648 - INFO - 시작 요소 크기: width=120.26666259765624, height=28.0
2025-10-15 10:12:32,648 - INFO - 끝 요소 위치: x=320, y=3388
2025-10-15 10:12:32,649 - INFO - 끝 요소 크기: width=91.73333740234376, height=20.0
2025-10-15 10:12:32,649 - INFO - 최종 크롭 영역: left=212, top=1752, right=1212, bottom=3552
2025-10-15 10:12:36,258 - INFO - 캡처 완료: Sudda_20251015.png (크기: 1000 x 1800)
2025-10-15 10:12:36,260 - INFO - Sudda 캡처 성공!
2025-10-15 10:12:36,261 - INFO - ==================================================
2025-10-15 10:12:36,261 - INFO - 게임 캡처 시작: SuddaKakao (com.neowiz.games.suddaKakao)
2025-10-15 10:12:36,261 - INFO - 캡처 시작: SuddaKakao (https://play.google.com/store/apps/details?id=com.neowiz.games.suddaKakao)
2025-10-15 10:12:52,399 - INFO - 한국어 설정 적용
2025-10-15 10:12:52,838 - INFO - 한국어 URL로 리다이렉트: https://play.google.com/store/apps/details?id=com.neowiz.games.suddaKakao&hl=ko
2025-10-15 10:13:00,055 - INFO - 화면 크기 최적화 시작
2025-10-15 10:13:00,173 - INFO - 현재 창 크기: 1920 x 3978
2025-10-15 10:13:02,203 - INFO - 화면 크기 최적화 완료
2025-10-15 10:13:02,204 - INFO - 기본 리뷰 섹션 캡처 시작: SuddaKakao (버튼 클릭 없음)
2025-10-15 10:13:02,209 - INFO - 시작 요소 찾기 성공: '평점 및 리뷰' (선택자 1: //h2[text()='평점 및 리뷰'])
2025-10-15 10:13:02,217 - INFO - 끝 요소 찾기 성공: (선택자 2: //span[text()='리뷰 모두 보기'])
2025-10-15 10:13:02,223 - INFO - 시작 요소로 스크롤: SuddaKakao
2025-10-15 10:13:05,347 - INFO - 전체 페이지 높이 설정
2025-10-15 10:13:06,220 - INFO - 전체 페이지 높이: 4046px
2025-10-15 10:13:15,330 - INFO - 전체 페이지 스크린샷 촬영: SuddaKakao
2025-10-15 10:13:17,095 - INFO - 전체 스크린샷 크기: 1920 x 3956
2025-10-15 10:13:17,115 - INFO - 시작 요소 위치: x=312, y=1852
2025-10-15 10:13:17,119 - INFO - 시작 요소 크기: width=120.26666259765624, height=28.0
2025-10-15 10:13:17,125 - INFO - 끝 요소 위치: x=320, y=3456
2025-10-15 10:13:17,130 - INFO - 끝 요소 크기: width=91.73333740234376, height=20.0
2025-10-15 10:13:17,131 - INFO - 최종 크롭 영역: left=212, top=1752, right=1212, bottom=3552
2025-10-15 10:13:18,117 - INFO - 캡처 완료: SuddaKakao_20251015.png (크기: 1000 x 1800)
2025-10-15 10:13:18,134 - INFO - SuddaKakao 캡처 성공!
2025-10-15 10:13:18,137 - INFO - ==================================================
2025-10-15 10:13:18,137 - INFO - 게임 캡처 시작: ShowdownHoldem (com.neowiz.games.pmang.holdem.poker)
2025-10-15 10:13:18,137 - INFO - 캡처 시작: ShowdownHoldem (https://play.google.com/store/apps/details?id=com.neowiz.games.pmang.holdem.poker)
2025-10-15 10:13:31,856 - INFO - 한국어 설정 적용
2025-10-15 10:13:31,897 - INFO - 한국어 URL로 리다이렉트: https://play.google.com/store/apps/details?id=com.neowiz.games.pmang.holdem.poker&hl=ko
2025-10-15 10:13:42,195 - INFO - 화면 크기 최적화 시작
2025-10-15 10:13:42,197 - INFO - 현재 창 크기: 1920 x 4046
2025-10-15 10:13:44,209 - INFO - 화면 크기 최적화 완료
2025-10-15 10:13:44,209 - INFO - 기본 리뷰 섹션 캡처 시작: ShowdownHoldem (버튼 클릭 없음)
2025-10-15 10:13:44,213 - INFO - 시작 요소 찾기 성공: '평점 및 리뷰' (선택자 1: //h2[text()='평점 및 리뷰'])
2025-10-15 10:13:44,221 - INFO - 끝 요소 찾기 성공: (선택자 2: //span[text()='리뷰 모두 보기'])
2025-10-15 10:13:44,227 - INFO - 시작 요소로 스크롤: ShowdownHoldem
2025-10-15 10:13:47,639 - INFO - 전체 페이지 높이 설정
2025-10-15 10:13:47,664 - INFO - 전체 페이지 높이: 3926px
2025-10-15 10:13:54,200 - INFO - 전체 페이지 스크린샷 촬영: ShowdownHoldem
2025-10-15 10:13:54,583 - INFO - 전체 스크린샷 크기: 1920 x 3836
2025-10-15 10:13:54,599 - INFO - 시작 요소 위치: x=312, y=1852
2025-10-15 10:13:54,599 - INFO - 시작 요소 크기: width=120.26666259765624, height=28.0
2025-10-15 10:13:54,600 - INFO - 끝 요소 위치: x=320, y=3336
2025-10-15 10:13:54,600 - INFO - 끝 요소 크기: width=91.73333740234376, height=20.0
2025-10-15 10:13:54,601 - INFO - 최종 크롭 영역: left=212, top=1752, right=1212, bottom=3552
2025-10-15 10:13:54,898 - INFO - 캡처 완료: ShowdownHoldem_20251015.png (크기: 1000 x 1800)
2025-10-15 10:13:54,901 - INFO - ShowdownHoldem 캡처 성공!
2025-10-15 10:13:54,901 - INFO - ==================================================
2025-10-15 10:13:54,901 - INFO - 게임 캡처 시작: NewVegas (com.neowiz.playstudio.slot.casino)
2025-10-15 10:13:54,902 - INFO - 캡처 시작: NewVegas (https://play.google.com/store/apps/details?id=com.neowiz.playstudio.slot.casino)
2025-10-15 10:14:11,103 - INFO - 한국어 설정 적용
2025-10-15 10:14:11,874 - INFO - 한국어 URL로 리다이렉트: https://play.google.com/store/apps/details?id=com.neowiz.playstudio.slot.casino&hl=ko
2025-10-15 10:14:19,178 - INFO - 화면 크기 최적화 시작
2025-10-15 10:14:19,196 - INFO - 현재 창 크기: 1920 x 3926
2025-10-15 10:14:22,951 - INFO - 화면 크기 최적화 완료
2025-10-15 10:14:23,395 - INFO - 기본 리뷰 섹션 캡처 시작: NewVegas (버튼 클릭 없음)
2025-10-15 10:14:23,404 - INFO - 시작 요소 찾기 성공: '평점 및 리뷰' (선택자 1: //h2[text()='평점 및 리뷰'])
2025-10-15 10:14:23,425 - INFO - 끝 요소 찾기 성공: (선택자 2: //span[text()='리뷰 모두 보기'])
2025-10-15 10:14:23,433 - INFO - 시작 요소로 스크롤: NewVegas
2025-10-15 10:14:26,441 - INFO - 전체 페이지 높이 설정
2025-10-15 10:14:26,460 - INFO - 전체 페이지 높이: 4038px
2025-10-15 10:14:33,705 - INFO - 전체 페이지 스크린샷 촬영: NewVegas
2025-10-15 10:14:34,204 - INFO - 전체 스크린샷 크기: 1920 x 3948
2025-10-15 10:14:34,218 - INFO - 시작 요소 위치: x=312, y=1852
2025-10-15 10:14:34,218 - INFO - 시작 요소 크기: width=120.26666259765624, height=28.0
2025-10-15 10:14:34,219 - INFO - 끝 요소 위치: x=320, y=3428
2025-10-15 10:14:34,219 - INFO - 끝 요소 크기: width=91.73333740234376, height=20.0
2025-10-15 10:14:34,219 - INFO - 최종 크롭 영역: left=212, top=1752, right=1212, bottom=3552
2025-10-15 10:14:34,397 - INFO - 캡처 완료: NewVegas_20251015.png (크기: 1000 x 1800)
2025-10-15 10:14:34,403 - INFO - NewVegas 캡처 성공!
2025-10-15 10:14:34,404 - INFO - ==================================================
2025-10-15 10:14:34,404 - INFO - HTML 파일 업데이트 시작
2025-10-15 10:14:34,431 - INFO - HTML 파일을 읽었습니다: aos_review.html
2025-10-15 10:14:34,481 - INFO - 기본 날짜 업데이트: 20251008 -> 20251015
2025-10-15 10:14:34,482 - INFO - availableDates 배열 업데이트: 20251015 추가됨
2025-10-15 10:14:34,485 - INFO - 날짜 선택 드롭다운 업데이트: 20251015 옵션 추가됨
2025-10-15 10:14:34,494 - INFO - 총 3개의 이미지 경로가 업데이트되었습니다.
2025-10-15 10:14:34,494 - INFO - 파일이 저장되었습니다: aos_review.html
2025-10-15 10:14:34,495 - INFO - HTML 파일 업데이트 성공!
2025-10-15 10:14:34,498 - INFO - ==================================================
2025-10-15 10:14:34,499 - INFO - 모든 게임 캡처 및 HTML 업데이트 성공!
2025-10-15 10:14:34,499 - INFO - ==================================================
2025-10-15 10:14:54,353 - INFO - Firefox WebDriver 종료
