2025-08-26 09:44:51,882 - INFO - ================================================================================
2025-08-26 09:44:51,884 - INFO - 새벽 1시 자동 캡처 스케줄러 시작
2025-08-26 09:44:51,884 - INFO - ================================================================================
2025-08-26 09:44:51,885 - INFO - 스케줄 등록 완료: 매일 새벽 1시 자동 캡처
2025-08-26 09:44:51,885 - INFO - 스케줄러가 백그라운드에서 실행 중입니다...
2025-08-26 09:45:02,004 - INFO - ================================================================================
2025-08-26 09:45:02,006 - INFO - 새벽 1시 자동 캡처 스케줄러 시작
2025-08-26 09:45:02,006 - INFO - ================================================================================
2025-08-26 09:45:02,008 - INFO - 스케줄 등록 완료: 매일 새벽 1시 자동 캡처
2025-08-26 09:45:02,009 - INFO - 스케줄러가 백그라운드에서 실행 중입니다...
2025-08-26 09:56:19,921 - INFO - ================================================================================
2025-08-26 09:56:19,921 - INFO - 새벽 1시 자동 캡처 스케줄러 시작
2025-08-26 09:56:19,921 - INFO - 현재 시간: 2025-08-26 09:56:19
2025-08-26 09:56:19,922 - INFO - ================================================================================
2025-08-26 09:56:19,922 - INFO - 스케줄 등록 완료: 매일 새벽 1시 자동 캡처
2025-08-26 09:56:19,922 - INFO - 다음 실행까지 남은 시간: 15시간 3분
2025-08-26 09:56:19,922 - INFO - 스케줄러가 백그라운드에서 실행 중입니다...
2025-08-26 09:56:19,922 - INFO - 종료하려면 Ctrl+C를 누르세요
2025-08-26 09:56:47,418 - INFO - ================================================================================
2025-08-26 09:56:47,432 - INFO - 새벽 1시 자동 캡처 스케줄러 시작
2025-08-26 09:56:47,434 - INFO - 현재 시간: 2025-08-26 09:56:47
2025-08-26 09:56:47,435 - INFO - ================================================================================
2025-08-26 09:56:47,444 - INFO - 스케줄 등록 완료: 매일 새벽 1시 자동 캡처
2025-08-26 09:56:47,450 - INFO - 다음 실행까지 남은 시간: 15시간 3분
2025-08-26 09:56:47,450 - INFO - 스케줄러가 백그라운드에서 실행 중입니다...
2025-08-26 09:56:47,451 - INFO - 종료하려면 Ctrl+C를 누르세요
2025-08-26 09:56:48,333 - INFO - 스케줄러 종료 신호 수신. 안전하게 종료합니다...
2025-08-26 09:56:48,334 - INFO - 스케줄러 정리 작업 완료
2025-08-26 09:57:00,133 - INFO - ================================================================================
2025-08-26 09:57:00,133 - INFO - 새벽 1시 자동 캡처 스케줄러 시작
2025-08-26 09:57:00,136 - INFO - 현재 시간: 2025-08-26 09:57:00
2025-08-26 09:57:00,136 - INFO - ================================================================================
2025-08-26 09:57:00,136 - INFO - 스케줄 등록 완료: 매일 새벽 1시 자동 캡처
2025-08-26 09:57:00,137 - INFO - 다음 실행까지 남은 시간: 15시간 2분
2025-08-26 09:57:00,137 - INFO - 스케줄러가 백그라운드에서 실행 중입니다...
2025-08-26 09:57:00,137 - INFO - 종료하려면 Ctrl+C를 누르세요
2025-08-26 09:57:01,650 - INFO - 스케줄러 종료 신호 수신. 안전하게 종료합니다...
2025-08-26 09:57:01,655 - INFO - 스케줄러 정리 작업 완료
