2025-08-24 11:00:45,861 - INFO - 로컬 캡처 시작
2025-08-24 11:00:45,867 - INFO - ====== WebDriver manager ======
2025-08-24 11:03:09,616 - INFO - 로컬 캡처 시작
2025-08-24 11:03:09,617 - INFO - ====== WebDriver manager ======
2025-08-24 11:03:16,007 - INFO - There is no [win64] geckodriver "v0.33.0" for browser firefox "142.0" in cache
2025-08-24 11:03:16,007 - INFO - Getting latest mozilla release info for v0.33.0
2025-08-24 11:03:16,302 - INFO - About to download new driver from https://github.com/mozilla/geckodriver/releases/download/v0.33.0/geckodriver-v0.33.0-win64.zip
2025-08-24 11:03:16,793 - INFO - Driver downloading response is 200
2025-08-24 11:03:16,906 - INFO - Driver has been saved in cache [C:\Users\shevano7\.wdm\drivers\geckodriver\win64\v0.33.0]
2025-08-24 11:03:26,858 - INFO - WebDriver 초기화 완료
2025-08-24 11:03:26,859 - INFO - 캡처 시작: NewMatgo
2025-08-24 11:03:40,203 - INFO - 페이지 로딩 완료, 전체 페이지 캡처 시작: NewMatgo
2025-08-24 11:03:45,733 - INFO - 전체 페이지 캡처 완료: 20250824\NewMatgo_20250824.png
2025-08-24 11:03:50,762 - INFO - 캡처 시작: NewMatgoKakao
2025-08-24 11:04:03,623 - INFO - 페이지 로딩 완료, 전체 페이지 캡처 시작: NewMatgoKakao
2025-08-24 11:04:08,968 - INFO - 전체 페이지 캡처 완료: 20250824\NewMatgoKakao_20250824.png
2025-08-24 11:04:13,971 - INFO - 캡처 시작: Original
2025-08-24 11:04:26,836 - WARNING - Retrying (Retry(total=2, connect=None, read=None, redirect=None, status=None)) after connection broken by 'ConnectionResetError(10054, '현재 연결은 원격 호스트에 의해 강제로 끊겼습니다', None, 10054, None)': /session/fecbd610-4ae8-4221-af3d-5a237492e9e7
2025-08-24 11:04:31,362 - WARNING - Retrying (Retry(total=1, connect=None, read=None, redirect=None, status=None)) after connection broken by 'NewConnectionError('<urllib3.connection.HTTPConnection object at 0x000001BB718351D0>: Failed to establish a new connection: [WinError 10061] 대상 컴퓨터에서 연결을 거부했으므로 연결하지 못했습니다')': /session/fecbd610-4ae8-4221-af3d-5a237492e9e7
2025-08-24 11:04:35,636 - WARNING - Retrying (Retry(total=0, connect=None, read=None, redirect=None, status=None)) after connection broken by 'NewConnectionError('<urllib3.connection.HTTPConnection object at 0x000001BB71835810>: Failed to establish a new connection: [WinError 10061] 대상 컴퓨터에서 연결을 거부했으므로 연결하지 못했습니다')': /session/fecbd610-4ae8-4221-af3d-5a237492e9e7
2025-08-24 11:04:44,175 - INFO - WebDriver 종료
2025-08-24 11:05:57,731 - INFO - 로컬 캡처 시작
2025-08-24 11:05:57,732 - INFO - ====== WebDriver manager ======
2025-08-24 11:06:04,788 - INFO - Driver [C:\Users\shevano7\.wdm\drivers\geckodriver\win64\v0.33.0\geckodriver.exe] found in cache
2025-08-24 11:06:15,847 - INFO - WebDriver 초기화 완료
2025-08-24 11:06:15,847 - INFO - 캡처 시작: NewMatgo
2025-08-24 11:06:27,806 - INFO - 한국어 설정 적용
2025-08-24 11:06:27,825 - INFO - 기본 리뷰 섹션 캡처 시작: NewMatgo (버튼 클릭 없음)
2025-08-24 11:06:27,834 - INFO - 시작 요소 찾기 성공: '평점 및 리뷰' (선택자 1: //h2[text()='평점 및 리뷰'])
2025-08-24 11:06:37,853 - INFO - 끝 요소 찾기 성공: '리뷰 모두 보기' (선택자 2: //span[text()='리뷰 모두 보기'])
2025-08-24 11:06:37,858 - INFO - 시작 요소로 스크롤: NewMatgo
2025-08-24 11:06:41,013 - INFO - 전체 페이지 높이 설정
2025-08-24 11:06:43,024 - INFO - 전체 페이지 스크린샷 촬영: NewMatgo
2025-08-24 11:06:43,669 - INFO - 전체 스크린샷 크기: 1920 x 3977
2025-08-24 11:06:43,726 - INFO - 시작 요소 위치: x=304, y=1900
2025-08-24 11:06:43,768 - INFO - 시작 요소 크기: width=120.26666259765624, height=28.0
2025-08-24 11:06:43,769 - INFO - 끝 요소 위치: x=312, y=3392
2025-08-24 11:06:43,769 - INFO - 끝 요소 크기: width=91.73333740234376, height=20.0
2025-08-24 11:06:43,842 - INFO - 최종 크롭 영역: left=304, top=1880, right=1504, bottom=3442.0
2025-08-24 11:06:44,054 - INFO - 캡처 완료: NewMatgo_20250824.png (크기: 1200 x 1562)
2025-08-24 11:06:49,064 - INFO - 캡처 시작: NewMatgoKakao
2025-08-24 11:06:59,683 - INFO - 한국어 설정 적용
2025-08-24 11:06:59,694 - INFO - 기본 리뷰 섹션 캡처 시작: NewMatgoKakao (버튼 클릭 없음)
2025-08-24 11:06:59,697 - INFO - 시작 요소 찾기 성공: '평점 및 리뷰' (선택자 1: //h2[text()='평점 및 리뷰'])
2025-08-24 11:07:09,719 - INFO - 끝 요소 찾기 성공: '리뷰 모두 보기' (선택자 2: //span[text()='리뷰 모두 보기'])
2025-08-24 11:07:09,719 - INFO - 시작 요소로 스크롤: NewMatgoKakao
2025-08-24 11:07:12,755 - INFO - 전체 페이지 높이 설정
2025-08-24 11:07:14,764 - INFO - 전체 페이지 스크린샷 촬영: NewMatgoKakao
2025-08-24 11:07:15,049 - INFO - 전체 스크린샷 크기: 1920 x 4309
2025-08-24 11:07:15,072 - INFO - 시작 요소 위치: x=304, y=1900
2025-08-24 11:07:15,073 - INFO - 시작 요소 크기: width=120.26666259765624, height=28.0
2025-08-24 11:07:15,073 - INFO - 끝 요소 위치: x=312, y=3516
2025-08-24 11:07:15,074 - INFO - 끝 요소 크기: width=91.73333740234376, height=20.0
2025-08-24 11:07:15,075 - INFO - 최종 크롭 영역: left=304, top=1880, right=1504, bottom=3566.0
2025-08-24 11:07:15,199 - INFO - 캡처 완료: NewMatgoKakao_20250824.png (크기: 1200 x 1686)
2025-08-24 11:07:20,239 - INFO - 캡처 시작: Original
2025-08-24 11:07:30,482 - INFO - 한국어 설정 적용
2025-08-24 11:07:30,488 - INFO - 기본 리뷰 섹션 캡처 시작: Original (버튼 클릭 없음)
2025-08-24 11:07:30,493 - INFO - 시작 요소 찾기 성공: '평점 및 리뷰' (선택자 1: //h2[text()='평점 및 리뷰'])
2025-08-24 11:07:40,509 - INFO - 끝 요소 찾기 성공: '리뷰 모두 보기' (선택자 2: //span[text()='리뷰 모두 보기'])
2025-08-24 11:07:40,509 - INFO - 시작 요소로 스크롤: Original
2025-08-24 11:07:43,582 - INFO - 전체 페이지 높이 설정
2025-08-24 11:07:45,590 - INFO - 전체 페이지 스크린샷 촬영: Original
2025-08-24 11:07:45,809 - INFO - 전체 스크린샷 크기: 1920 x 4641
2025-08-24 11:07:45,825 - INFO - 시작 요소 위치: x=304, y=1852
2025-08-24 11:07:45,825 - INFO - 시작 요소 크기: width=120.26666259765624, height=28.0
2025-08-24 11:07:45,825 - INFO - 끝 요소 위치: x=312, y=3428
2025-08-24 11:07:45,826 - INFO - 끝 요소 크기: width=91.73333740234376, height=20.0
2025-08-24 11:07:45,827 - INFO - 최종 크롭 영역: left=304, top=1832, right=1504, bottom=3478.0
2025-08-24 11:07:45,923 - INFO - 캡처 완료: Original_20250824.png (크기: 1200 x 1646)
2025-08-24 11:07:50,947 - INFO - 캡처 시작: Poker
2025-08-24 11:08:02,316 - INFO - 한국어 설정 적용
2025-08-24 11:08:02,322 - INFO - 기본 리뷰 섹션 캡처 시작: Poker (버튼 클릭 없음)
2025-08-24 11:08:02,326 - INFO - 시작 요소 찾기 성공: '평점 및 리뷰' (선택자 1: //h2[text()='평점 및 리뷰'])
2025-08-24 11:08:12,337 - INFO - 끝 요소 찾기 성공: '리뷰 모두 보기' (선택자 2: //span[text()='리뷰 모두 보기'])
2025-08-24 11:08:12,345 - INFO - 시작 요소로 스크롤: Poker
2025-08-24 11:08:15,471 - INFO - 전체 페이지 높이 설정
2025-08-24 11:08:17,480 - INFO - 전체 페이지 스크린샷 촬영: Poker
2025-08-24 11:08:17,822 - INFO - 전체 스크린샷 크기: 1920 x 4973
2025-08-24 11:08:17,854 - INFO - 시작 요소 위치: x=304, y=1900
2025-08-24 11:08:17,858 - INFO - 시작 요소 크기: width=120.26666259765624, height=28.0
2025-08-24 11:08:17,859 - INFO - 끝 요소 위치: x=312, y=3536
2025-08-24 11:08:17,860 - INFO - 끝 요소 크기: width=91.73333740234376, height=20.0
2025-08-24 11:08:17,861 - INFO - 최종 크롭 영역: left=304, top=1880, right=1504, bottom=3586.0
2025-08-24 11:08:17,965 - INFO - 캡처 완료: Poker_20250824.png (크기: 1200 x 1706)
2025-08-24 11:08:22,975 - INFO - 캡처 시작: PokerKakao
2025-08-24 11:08:33,099 - INFO - 한국어 설정 적용
2025-08-24 11:08:33,105 - INFO - 기본 리뷰 섹션 캡처 시작: PokerKakao (버튼 클릭 없음)
2025-08-24 11:08:33,108 - INFO - 시작 요소 찾기 성공: '평점 및 리뷰' (선택자 1: //h2[text()='평점 및 리뷰'])
2025-08-24 11:08:43,115 - INFO - 끝 요소 찾기 성공: '리뷰 모두 보기' (선택자 2: //span[text()='리뷰 모두 보기'])
2025-08-24 11:08:43,117 - INFO - 시작 요소로 스크롤: PokerKakao
2025-08-24 11:08:46,199 - INFO - 전체 페이지 높이 설정
2025-08-24 11:08:48,210 - INFO - 전체 페이지 스크린샷 촬영: PokerKakao
2025-08-24 11:08:48,465 - INFO - 전체 스크린샷 크기: 1920 x 5305
2025-08-24 11:08:48,478 - INFO - 시작 요소 위치: x=304, y=1852
2025-08-24 11:08:48,479 - INFO - 시작 요소 크기: width=120.26666259765624, height=28.0
2025-08-24 11:08:48,479 - INFO - 끝 요소 위치: x=312, y=3588
2025-08-24 11:08:48,480 - INFO - 끝 요소 크기: width=91.73333740234376, height=20.0
2025-08-24 11:08:48,480 - INFO - 최종 크롭 영역: left=304, top=1832, right=1504, bottom=3638.0
2025-08-24 11:08:48,600 - INFO - 캡처 완료: PokerKakao_20250824.png (크기: 1200 x 1806)
2025-08-24 11:08:53,609 - INFO - 캡처 시작: Sudda
2025-08-24 11:09:04,173 - INFO - 한국어 설정 적용
2025-08-24 11:09:04,181 - INFO - 기본 리뷰 섹션 캡처 시작: Sudda (버튼 클릭 없음)
2025-08-24 11:09:04,189 - INFO - 시작 요소 찾기 성공: '평점 및 리뷰' (선택자 1: //h2[text()='평점 및 리뷰'])
2025-08-24 11:09:14,202 - INFO - 끝 요소 찾기 성공: '리뷰 모두 보기' (선택자 2: //span[text()='리뷰 모두 보기'])
2025-08-24 11:09:14,203 - INFO - 시작 요소로 스크롤: Sudda
2025-08-24 11:09:17,293 - INFO - 전체 페이지 높이 설정
2025-08-24 11:09:19,302 - INFO - 전체 페이지 스크린샷 촬영: Sudda
2025-08-24 11:09:19,586 - INFO - 전체 스크린샷 크기: 1920 x 5637
2025-08-24 11:09:19,608 - INFO - 시작 요소 위치: x=304, y=1852
2025-08-24 11:09:19,612 - INFO - 시작 요소 크기: width=120.26666259765624, height=28.0
2025-08-24 11:09:19,613 - INFO - 끝 요소 위치: x=312, y=3368
2025-08-24 11:09:19,614 - INFO - 끝 요소 크기: width=91.73333740234376, height=20.0
2025-08-24 11:09:19,614 - INFO - 최종 크롭 영역: left=304, top=1832, right=1504, bottom=3418.0
2025-08-24 11:09:19,720 - INFO - 캡처 완료: Sudda_20250824.png (크기: 1200 x 1586)
2025-08-24 11:09:20,451 - WARNING - Retrying (Retry(total=2, connect=None, read=None, redirect=None, status=None)) after connection broken by 'ConnectionResetError(10054, '현재 연결은 원격 호스트에 의해 강제로 끊겼습니다', None, 10054, None)': /session/f223162d-8e1d-423a-9b8d-69668725dd9c
2025-08-24 11:09:25,125 - WARNING - Retrying (Retry(total=1, connect=None, read=None, redirect=None, status=None)) after connection broken by 'NewConnectionError('<urllib3.connection.HTTPConnection object at 0x000002B426DDDF90>: Failed to establish a new connection: [WinError 10061] 대상 컴퓨터에서 연결을 거부했으므로 연결하지 못했습니다')': /session/f223162d-8e1d-423a-9b8d-69668725dd9c
2025-08-24 11:09:29,357 - WARNING - Retrying (Retry(total=0, connect=None, read=None, redirect=None, status=None)) after connection broken by 'NewConnectionError('<urllib3.connection.HTTPConnection object at 0x000002B426DDE0D0>: Failed to establish a new connection: [WinError 10061] 대상 컴퓨터에서 연결을 거부했으므로 연결하지 못했습니다')': /session/f223162d-8e1d-423a-9b8d-69668725dd9c
2025-08-24 11:09:38,899 - INFO - WebDriver 종료
2025-08-24 11:11:13,575 - INFO - 로컬 캡처 시작
2025-08-24 11:11:13,576 - INFO - ====== WebDriver manager ======
2025-08-24 11:11:18,979 - INFO - Driver [C:\Users\shevano7\.wdm\drivers\geckodriver\win64\v0.33.0\geckodriver.exe] found in cache
2025-08-24 11:11:28,500 - INFO - WebDriver 초기화 완료
2025-08-24 11:11:28,500 - INFO - 캡처 시작: NewMatgo
2025-08-24 11:11:39,618 - INFO - 한국어 설정 적용
2025-08-24 11:11:39,635 - INFO - 기본 리뷰 섹션 캡처 시작: NewMatgo (버튼 클릭 없음)
2025-08-24 11:11:39,647 - INFO - 시작 요소 찾기 성공: '평점 및 리뷰' (선택자 1: //h2[text()='평점 및 리뷰'])
2025-08-24 11:11:49,661 - INFO - 끝 요소 찾기 성공: '리뷰 모두 보기' (선택자 2: //span[text()='리뷰 모두 보기'])
2025-08-24 11:11:49,663 - INFO - 시작 요소로 스크롤: NewMatgo
2025-08-24 11:11:52,735 - INFO - 전체 페이지 높이 설정
2025-08-24 11:11:54,744 - INFO - 전체 페이지 스크린샷 촬영: NewMatgo
2025-08-24 11:11:55,009 - INFO - 전체 스크린샷 크기: 1920 x 3977
2025-08-24 11:11:55,034 - INFO - 시작 요소 위치: x=304, y=1900
2025-08-24 11:11:55,039 - INFO - 시작 요소 크기: width=120.26666259765624, height=28.0
2025-08-24 11:11:55,040 - INFO - 끝 요소 위치: x=312, y=3392
2025-08-24 11:11:55,041 - INFO - 끝 요소 크기: width=91.73333740234376, height=20.0
2025-08-24 11:11:55,042 - INFO - 최종 크롭 영역: left=304, top=1880, right=1504, bottom=3442.0
2025-08-24 11:11:55,170 - INFO - 캡처 완료: NewMatgo_20250824.png (크기: 1200 x 1562)
2025-08-24 11:12:00,175 - INFO - 캡처 시작: NewMatgoKakao
2025-08-24 11:12:10,345 - INFO - 한국어 설정 적용
2025-08-24 11:12:10,375 - INFO - 기본 리뷰 섹션 캡처 시작: NewMatgoKakao (버튼 클릭 없음)
2025-08-24 11:12:10,385 - INFO - 시작 요소 찾기 성공: '평점 및 리뷰' (선택자 1: //h2[text()='평점 및 리뷰'])
2025-08-24 11:12:20,438 - INFO - 끝 요소 찾기 성공: '리뷰 모두 보기' (선택자 2: //span[text()='리뷰 모두 보기'])
2025-08-24 11:12:20,444 - INFO - 시작 요소로 스크롤: NewMatgoKakao
2025-08-24 11:12:23,617 - INFO - 전체 페이지 높이 설정
2025-08-24 11:12:25,629 - INFO - 전체 페이지 스크린샷 촬영: NewMatgoKakao
2025-08-24 11:12:26,104 - INFO - 전체 스크린샷 크기: 1920 x 4309
2025-08-24 11:12:26,129 - INFO - 시작 요소 위치: x=304, y=1900
2025-08-24 11:12:26,140 - INFO - 시작 요소 크기: width=120.26666259765624, height=28.0
2025-08-24 11:12:26,143 - INFO - 끝 요소 위치: x=312, y=3516
2025-08-24 11:12:26,145 - INFO - 끝 요소 크기: width=91.73333740234376, height=20.0
2025-08-24 11:12:26,146 - INFO - 최종 크롭 영역: left=304, top=1880, right=1504, bottom=3566.0
2025-08-24 11:12:26,259 - INFO - 캡처 완료: NewMatgoKakao_20250824.png (크기: 1200 x 1686)
2025-08-24 11:12:31,269 - INFO - 캡처 시작: Original
2025-08-24 11:12:41,964 - INFO - 한국어 설정 적용
2025-08-24 11:12:41,993 - INFO - 기본 리뷰 섹션 캡처 시작: Original (버튼 클릭 없음)
2025-08-24 11:12:42,025 - INFO - 시작 요소 찾기 성공: '평점 및 리뷰' (선택자 1: //h2[text()='평점 및 리뷰'])
2025-08-24 11:12:52,049 - INFO - 끝 요소 찾기 성공: '리뷰 모두 보기' (선택자 2: //span[text()='리뷰 모두 보기'])
2025-08-24 11:12:52,054 - INFO - 시작 요소로 스크롤: Original
2025-08-24 11:12:55,140 - INFO - 전체 페이지 높이 설정
2025-08-24 11:12:57,161 - INFO - 전체 페이지 스크린샷 촬영: Original
2025-08-24 11:12:57,449 - INFO - 전체 스크린샷 크기: 1920 x 4641
2025-08-24 11:12:57,486 - INFO - 시작 요소 위치: x=304, y=1852
2025-08-24 11:12:57,502 - INFO - 시작 요소 크기: width=120.26666259765624, height=28.0
2025-08-24 11:12:57,510 - INFO - 끝 요소 위치: x=312, y=3428
2025-08-24 11:12:57,511 - INFO - 끝 요소 크기: width=91.73333740234376, height=20.0
2025-08-24 11:12:57,522 - INFO - 최종 크롭 영역: left=304, top=1832, right=1504, bottom=3478.0
2025-08-24 11:12:57,649 - INFO - 캡처 완료: Original_20250824.png (크기: 1200 x 1646)
2025-08-24 11:13:02,666 - INFO - 캡처 시작: Poker
2025-08-24 11:13:13,370 - INFO - 한국어 설정 적용
2025-08-24 11:13:13,393 - INFO - 기본 리뷰 섹션 캡처 시작: Poker (버튼 클릭 없음)
2025-08-24 11:13:13,396 - INFO - 시작 요소 찾기 성공: '평점 및 리뷰' (선택자 1: //h2[text()='평점 및 리뷰'])
2025-08-24 11:13:23,416 - INFO - 끝 요소 찾기 성공: '리뷰 모두 보기' (선택자 2: //span[text()='리뷰 모두 보기'])
2025-08-24 11:13:23,419 - INFO - 시작 요소로 스크롤: Poker
2025-08-24 11:13:26,547 - INFO - 전체 페이지 높이 설정
2025-08-24 11:13:28,554 - INFO - 전체 페이지 스크린샷 촬영: Poker
2025-08-24 11:13:28,894 - INFO - 전체 스크린샷 크기: 1920 x 4973
2025-08-24 11:13:28,915 - INFO - 시작 요소 위치: x=304, y=1900
2025-08-24 11:13:28,917 - INFO - 시작 요소 크기: width=120.26666259765624, height=28.0
2025-08-24 11:13:28,918 - INFO - 끝 요소 위치: x=312, y=3536
2025-08-24 11:13:28,918 - INFO - 끝 요소 크기: width=91.73333740234376, height=20.0
2025-08-24 11:13:28,918 - INFO - 최종 크롭 영역: left=304, top=1880, right=1504, bottom=3586.0
2025-08-24 11:13:29,022 - INFO - 캡처 완료: Poker_20250824.png (크기: 1200 x 1706)
2025-08-24 11:13:34,031 - INFO - 캡처 시작: PokerKakao
2025-08-24 11:13:43,983 - INFO - 한국어 설정 적용
2025-08-24 11:13:43,989 - INFO - 기본 리뷰 섹션 캡처 시작: PokerKakao (버튼 클릭 없음)
2025-08-24 11:13:43,997 - INFO - 시작 요소 찾기 성공: '평점 및 리뷰' (선택자 1: //h2[text()='평점 및 리뷰'])
2025-08-24 11:13:54,012 - INFO - 끝 요소 찾기 성공: '리뷰 모두 보기' (선택자 2: //span[text()='리뷰 모두 보기'])
2025-08-24 11:13:54,015 - INFO - 시작 요소로 스크롤: PokerKakao
2025-08-24 11:13:57,091 - INFO - 전체 페이지 높이 설정
2025-08-24 11:13:59,105 - INFO - 전체 페이지 스크린샷 촬영: PokerKakao
2025-08-24 11:13:59,339 - INFO - 전체 스크린샷 크기: 1920 x 5305
2025-08-24 11:13:59,350 - INFO - 시작 요소 위치: x=304, y=1852
2025-08-24 11:13:59,350 - INFO - 시작 요소 크기: width=120.26666259765624, height=28.0
2025-08-24 11:13:59,351 - INFO - 끝 요소 위치: x=312, y=3588
2025-08-24 11:13:59,351 - INFO - 끝 요소 크기: width=91.73333740234376, height=20.0
2025-08-24 11:13:59,352 - INFO - 최종 크롭 영역: left=304, top=1832, right=1504, bottom=3638.0
2025-08-24 11:13:59,457 - INFO - 캡처 완료: PokerKakao_20250824.png (크기: 1200 x 1806)
2025-08-24 11:14:04,462 - INFO - 캡처 시작: Sudda
2025-08-24 11:14:14,532 - INFO - 한국어 설정 적용
2025-08-24 11:14:14,539 - INFO - 기본 리뷰 섹션 캡처 시작: Sudda (버튼 클릭 없음)
2025-08-24 11:14:14,543 - INFO - 시작 요소 찾기 성공: '평점 및 리뷰' (선택자 1: //h2[text()='평점 및 리뷰'])
2025-08-24 11:14:24,560 - INFO - 끝 요소 찾기 성공: '리뷰 모두 보기' (선택자 2: //span[text()='리뷰 모두 보기'])
2025-08-24 11:14:24,571 - INFO - 시작 요소로 스크롤: Sudda
2025-08-24 11:14:27,693 - INFO - 전체 페이지 높이 설정
2025-08-24 11:14:29,710 - INFO - 전체 페이지 스크린샷 촬영: Sudda
2025-08-24 11:14:29,965 - INFO - 전체 스크린샷 크기: 1920 x 5637
2025-08-24 11:14:29,991 - INFO - 시작 요소 위치: x=304, y=1852
2025-08-24 11:14:30,006 - INFO - 시작 요소 크기: width=120.26666259765624, height=28.0
2025-08-24 11:14:30,006 - INFO - 끝 요소 위치: x=312, y=3368
2025-08-24 11:14:30,021 - INFO - 끝 요소 크기: width=91.73333740234376, height=20.0
2025-08-24 11:14:30,021 - INFO - 최종 크롭 영역: left=304, top=1832, right=1504, bottom=3418.0
2025-08-24 11:14:30,142 - INFO - 캡처 완료: Sudda_20250824.png (크기: 1200 x 1586)
2025-08-24 11:14:35,155 - INFO - 캡처 시작: SuddaKakao
2025-08-24 11:14:45,948 - INFO - 한국어 설정 적용
2025-08-24 11:14:45,959 - INFO - 기본 리뷰 섹션 캡처 시작: SuddaKakao (버튼 클릭 없음)
2025-08-24 11:14:45,973 - INFO - 시작 요소 찾기 성공: '평점 및 리뷰' (선택자 1: //h2[text()='평점 및 리뷰'])
2025-08-24 11:14:55,991 - INFO - 끝 요소 찾기 성공: '리뷰 모두 보기' (선택자 2: //span[text()='리뷰 모두 보기'])
2025-08-24 11:14:56,000 - INFO - 시작 요소로 스크롤: SuddaKakao
2025-08-24 11:14:59,305 - INFO - 전체 페이지 높이 설정
2025-08-24 11:15:01,316 - INFO - 전체 페이지 스크린샷 촬영: SuddaKakao
2025-08-24 11:15:01,765 - INFO - 전체 스크린샷 크기: 1920 x 5969
2025-08-24 11:15:01,800 - INFO - 시작 요소 위치: x=304, y=1852
2025-08-24 11:15:01,802 - INFO - 시작 요소 크기: width=120.26666259765624, height=28.0
2025-08-24 11:15:01,811 - INFO - 끝 요소 위치: x=312, y=3528
2025-08-24 11:15:01,812 - INFO - 끝 요소 크기: width=91.73333740234376, height=20.0
2025-08-24 11:15:01,812 - INFO - 최종 크롭 영역: left=304, top=1832, right=1504, bottom=3578.0
2025-08-24 11:15:02,005 - INFO - 캡처 완료: SuddaKakao_20250824.png (크기: 1200 x 1746)
2025-08-24 11:15:07,025 - INFO - 캡처 시작: ShowdownHoldem
2025-08-24 11:15:18,428 - INFO - 한국어 설정 적용
2025-08-24 11:15:18,469 - INFO - 기본 리뷰 섹션 캡처 시작: ShowdownHoldem (버튼 클릭 없음)
2025-08-24 11:15:18,476 - INFO - 시작 요소 찾기 성공: '평점 및 리뷰' (선택자 1: //h2[text()='평점 및 리뷰'])
2025-08-24 11:15:32,394 - WARNING - Retrying (Retry(total=2, connect=None, read=None, redirect=None, status=None)) after connection broken by 'NewConnectionError('<urllib3.connection.HTTPConnection object at 0x000002082183DD10>: Failed to establish a new connection: [WinError 10061] 대상 컴퓨터에서 연결을 거부했으므로 연결하지 못했습니다')': /session/0c30e2d0-53d9-4050-a258-f56a56b389d5
2025-08-24 11:15:37,330 - WARNING - Retrying (Retry(total=1, connect=None, read=None, redirect=None, status=None)) after connection broken by 'NewConnectionError('<urllib3.connection.HTTPConnection object at 0x000002082183CB90>: Failed to establish a new connection: [WinError 10061] 대상 컴퓨터에서 연결을 거부했으므로 연결하지 못했습니다')': /session/0c30e2d0-53d9-4050-a258-f56a56b389d5
2025-08-24 11:15:42,214 - WARNING - Retrying (Retry(total=0, connect=None, read=None, redirect=None, status=None)) after connection broken by 'NewConnectionError('<urllib3.connection.HTTPConnection object at 0x00000208218362C0>: Failed to establish a new connection: [WinError 10061] 대상 컴퓨터에서 연결을 거부했으므로 연결하지 못했습니다')': /session/0c30e2d0-53d9-4050-a258-f56a56b389d5
2025-08-24 11:15:51,457 - INFO - WebDriver 종료
