2025-08-25 17:51:58,079 - INFO - ================================================================================
2025-08-25 17:51:58,080 - INFO - 5분 후 자동 캡처 및 업데이트 스케줄러 시작
2025-08-25 17:51:58,080 - INFO - ================================================================================
2025-08-25 17:51:58,080 - INFO - 5분(300초) 대기 시작...
2025-08-25 17:51:58,081 - INFO - 남은 시간: 5분
2025-08-25 17:54:45,424 - INFO - ================================================================================
2025-08-25 17:54:45,424 - INFO - 자동 캡처 및 업데이트 스케줄러 시작
2025-08-25 17:54:45,425 - INFO - 설정: {
  "wait_minutes": 5,
  "max_retries": 3,
  "retry_delay": 30,
  "create_backup": true,
  "backup_dir": "backups",
  "detailed_logging": true,
  "show_progress": true,
  "git_branch": "main",
  "commit_prefix": "Auto update"
}
2025-08-25 17:54:45,426 - INFO - ================================================================================
2025-08-25 17:54:45,426 - INFO - 5분(300초) 대기 시작...
2025-08-25 17:54:45,426 - INFO - 남은 시간: 5분
2025-08-25 18:03:26,367 - INFO - ================================================================================
2025-08-25 18:03:26,367 - INFO - 자동 캡처 및 업데이트 스케줄러 시작
2025-08-25 18:03:26,368 - INFO - 설정: {
  "wait_minutes": 5,
  "max_retries": 3,
  "retry_delay": 30,
  "create_backup": true,
  "backup_dir": "backups",
  "detailed_logging": true,
  "show_progress": true,
  "git_branch": "main",
  "commit_prefix": "Auto update"
}
2025-08-25 18:03:26,369 - INFO - ================================================================================
2025-08-25 18:03:26,369 - INFO - 5분(300초) 대기 시작...
2025-08-25 18:03:26,369 - INFO - 남은 시간: 5분
